Type of data:	 regular
11361 10384
Type:  sig
Number of blocks 114
block number:  0 Start-End 0 100   time taken in seconds:  2.712796449661255
block number:  1 Start-End 100 200   time taken in seconds:  2.7554538249969482
block number:  2 Start-End 200 300   time taken in seconds:  2.451611280441284
block number:  3 Start-End 300 400   time taken in seconds:  2.5900111198425293
block number:  4 Start-End 400 500   time taken in seconds:  2.4480037689208984
block number:  5 Start-End 500 600   time taken in seconds:  2.4276680946350098
block number:  6 Start-End 600 700   time taken in seconds:  2.5590755939483643
block number:  7 Start-End 700 800   time taken in seconds:  2.8447911739349365
block number:  8 Start-End 800 900   time taken in seconds:  2.457700490951538
block number:  9 Start-End 900 1000   time taken in seconds:  2.2327404022216797
block number:  10 Start-End 1000 1100   time taken in seconds:  2.7064216136932373
block number:  11 Start-End 1100 1200   time taken in seconds:  2.8667795658111572
block number:  12 Start-End 1200 1300   time taken in seconds:  2.7470877170562744
block number:  13 Start-End 1300 1400   time taken in seconds:  2.681272029876709
block number:  14 Start-End 1400 1500   time taken in seconds:  2.404564619064331
block number:  15 Start-End 1500 1600   time taken in seconds:  2.579137086868286
block number:  16 Start-End 1600 1700   time taken in seconds:  2.442464590072632
block number:  17 Start-End 1700 1800   time taken in seconds:  2.456204891204834
block number:  18 Start-End 1800 1900   time taken in seconds:  2.6144320964813232
block number:  19 Start-End 1900 2000   time taken in seconds:  2.576356887817383
block number:  20 Start-End 2000 2100   time taken in seconds:  2.5754446983337402
block number:  21 Start-End 2100 2200   time taken in seconds:  2.399125814437866
block number:  22 Start-End 2200 2300   time taken in seconds:  2.540440559387207
block number:  23 Start-End 2300 2400   time taken in seconds:  2.6054563522338867
block number:  24 Start-End 2400 2500   time taken in seconds:  2.5881118774414062
block number:  25 Start-End 2500 2600   time taken in seconds:  2.4950332641601562
block number:  26 Start-End 2600 2700   time taken in seconds:  2.595773935317993
block number:  27 Start-End 2700 2800   time taken in seconds:  2.650743007659912
block number:  28 Start-End 2800 2900   time taken in seconds:  2.5695080757141113
block number:  29 Start-End 2900 3000   time taken in seconds:  2.6574997901916504
block number:  30 Start-End 3000 3100   time taken in seconds:  2.413142681121826
block number:  31 Start-End 3100 3200   time taken in seconds:  2.399531841278076
block number:  32 Start-End 3200 3300   time taken in seconds:  2.5122933387756348
block number:  33 Start-End 3300 3400   time taken in seconds:  2.5624327659606934
block number:  34 Start-End 3400 3500   time taken in seconds:  2.5074923038482666
block number:  35 Start-End 3500 3600   time taken in seconds:  2.4619569778442383
block number:  36 Start-End 3600 3700   time taken in seconds:  2.4480931758880615
block number:  37 Start-End 3700 3800   time taken in seconds:  2.58903431892395
block number:  38 Start-End 3800 3900   time taken in seconds:  2.574324131011963
block number:  39 Start-End 3900 4000   time taken in seconds:  2.3638856410980225
block number:  40 Start-End 4000 4100   time taken in seconds:  2.927833318710327
block number:  41 Start-End 4100 4200   time taken in seconds:  2.4958643913269043
block number:  42 Start-End 4200 4300   time taken in seconds:  2.578125476837158
block number:  43 Start-End 4300 4400   time taken in seconds:  2.753091335296631
block number:  44 Start-End 4400 4500   time taken in seconds:  2.4093985557556152
block number:  45 Start-End 4500 4600   time taken in seconds:  2.476261854171753
block number:  46 Start-End 4600 4700   time taken in seconds:  2.623944044113159
block number:  47 Start-End 4700 4800   time taken in seconds:  2.7662951946258545
block number:  48 Start-End 4800 4900   time taken in seconds:  2.6277246475219727
block number:  49 Start-End 4900 5000   time taken in seconds:  2.2957568168640137
block number:  50 Start-End 5000 5100   time taken in seconds:  2.535499095916748
block number:  51 Start-End 5100 5200   time taken in seconds:  2.2180168628692627
block number:  52 Start-End 5200 5300   time taken in seconds:  2.5444841384887695
block number:  53 Start-End 5300 5400   time taken in seconds:  2.515948534011841
block number:  54 Start-End 5400 5500   time taken in seconds:  2.5521957874298096
block number:  55 Start-End 5500 5600   time taken in seconds:  2.6388564109802246
block number:  56 Start-End 5600 5700   time taken in seconds:  2.4738245010375977
block number:  57 Start-End 5700 5800   time taken in seconds:  2.5541763305664062
block number:  58 Start-End 5800 5900   time taken in seconds:  2.477064847946167
block number:  59 Start-End 5900 6000   time taken in seconds:  2.6128053665161133
block number:  60 Start-End 6000 6100   time taken in seconds:  2.5314431190490723
block number:  61 Start-End 6100 6200   time taken in seconds:  2.601494312286377
block number:  62 Start-End 6200 6300   time taken in seconds:  2.5001885890960693
block number:  63 Start-End 6300 6400   time taken in seconds:  2.601641893386841
block number:  64 Start-End 6400 6500   time taken in seconds:  2.511430025100708
block number:  65 Start-End 6500 6600   time taken in seconds:  2.8008852005004883
block number:  66 Start-End 6600 6700   time taken in seconds:  2.4803216457366943
block number:  67 Start-End 6700 6800   time taken in seconds:  2.6237564086914062
block number:  68 Start-End 6800 6900   time taken in seconds:  2.6261985301971436
block number:  69 Start-End 6900 7000   time taken in seconds:  2.6226236820220947
block number:  70 Start-End 7000 7100   time taken in seconds:  2.515061140060425
block number:  71 Start-End 7100 7200   time taken in seconds:  2.5148513317108154
block number:  72 Start-End 7200 7300   time taken in seconds:  2.5412399768829346
block number:  73 Start-End 7300 7400   time taken in seconds:  2.9676191806793213
block number:  74 Start-End 7400 7500   time taken in seconds:  2.49153733253479
block number:  75 Start-End 7500 7600   time taken in seconds:  2.3419620990753174
block number:  76 Start-End 7600 7700   time taken in seconds:  2.503216505050659
block number:  77 Start-End 7700 7800   time taken in seconds:  2.4632647037506104
block number:  78 Start-End 7800 7900   time taken in seconds:  2.694044589996338
block number:  79 Start-End 7900 8000   time taken in seconds:  2.5030758380889893
block number:  80 Start-End 8000 8100   time taken in seconds:  2.3936362266540527
block number:  81 Start-End 8100 8200   time taken in seconds:  2.573916435241699
block number:  82 Start-End 8200 8300   time taken in seconds:  2.406320571899414
block number:  83 Start-End 8300 8400   time taken in seconds:  2.6614367961883545
block number:  84 Start-End 8400 8500   time taken in seconds:  2.585940361022949
block number:  85 Start-End 8500 8600   time taken in seconds:  2.515125274658203
block number:  86 Start-End 8600 8700   time taken in seconds:  2.6918623447418213
block number:  87 Start-End 8700 8800   time taken in seconds:  2.527508497238159
block number:  88 Start-End 8800 8900   time taken in seconds:  2.7324678897857666
block number:  89 Start-End 8900 9000   time taken in seconds:  2.2048821449279785
block number:  90 Start-End 9000 9100   time taken in seconds:  2.6070849895477295
block number:  91 Start-End 9100 9200   time taken in seconds:  2.4210562705993652
block number:  92 Start-End 9200 9300   time taken in seconds:  2.8213367462158203
block number:  93 Start-End 9300 9400   time taken in seconds:  2.527141571044922
block number:  94 Start-End 9400 9500   time taken in seconds:  2.706077814102173
block number:  95 Start-End 9500 9600   time taken in seconds:  2.6216013431549072
block number:  96 Start-End 9600 9700   time taken in seconds:  2.507420301437378
block number:  97 Start-End 9700 9800   time taken in seconds:  2.6064159870147705
block number:  98 Start-End 9800 9900   time taken in seconds:  2.4950501918792725
block number:  99 Start-End 9900 10000   time taken in seconds:  2.6928701400756836
block number:  100 Start-End 10000 10100   time taken in seconds:  2.2817537784576416
block number:  101 Start-End 10100 10200   time taken in seconds:  2.3973119258880615
block number:  102 Start-End 10200 10300   time taken in seconds:  2.3625383377075195
block number:  103 Start-End 10300 10400   time taken in seconds:  2.308948516845703
block number:  104 Start-End 10400 10500   time taken in seconds:  2.423032760620117
block number:  105 Start-End 10500 10600   time taken in seconds:  2.6732430458068848
block number:  106 Start-End 10600 10700   time taken in seconds:  2.4661080837249756
block number:  107 Start-End 10700 10800   time taken in seconds:  2.5136916637420654
block number:  108 Start-End 10800 10900   time taken in seconds:  2.5904104709625244
block number:  109 Start-End 10900 11000   time taken in seconds:  2.490281105041504
block number:  110 Start-End 11000 11100   time taken in seconds:  2.349705696105957
block number:  111 Start-End 11100 11200   time taken in seconds:  2.41278076171875
block number:  112 Start-End 11200 11300   time taken in seconds:  2.400043249130249
block number:  113 Start-End 11300 None   time taken in seconds:  1.5461328029632568
Number of samples after sig: 3 
Type:  bg
Number of blocks 104
block number:  0 Start-End 0 100   time taken in seconds:  85.62302422523499
block number:  1 Start-End 100 200   time taken in seconds:  77.87405037879944
block number:  2 Start-End 200 300   time taken in seconds:  73.19279646873474
block number:  3 Start-End 300 400   time taken in seconds:  68.3847758769989
block number:  4 Start-End 400 500   time taken in seconds:  81.07935738563538
block number:  5 Start-End 500 600   time taken in seconds:  77.28419995307922
block number:  6 Start-End 600 700   time taken in seconds:  80.33215045928955
block number:  7 Start-End 700 800   time taken in seconds:  84.6355676651001
block number:  8 Start-End 800 900   time taken in seconds:  70.99243021011353
block number:  9 Start-End 900 1000   time taken in seconds:  72.45559358596802
block number:  10 Start-End 1000 1100   time taken in seconds:  78.33458280563354
block number:  11 Start-End 1100 1200   time taken in seconds:  74.59885549545288
block number:  12 Start-End 1200 1300   time taken in seconds:  72.64151644706726
block number:  13 Start-End 1300 1400   time taken in seconds:  82.12772870063782
block number:  14 Start-End 1400 1500   time taken in seconds:  80.66180920600891
block number:  15 Start-End 1500 1600   time taken in seconds:  84.38950061798096
block number:  16 Start-End 1600 1700   time taken in seconds:  77.07525134086609
block number:  17 Start-End 1700 1800   time taken in seconds:  80.3390805721283
block number:  18 Start-End 1800 1900   time taken in seconds:  85.07778191566467
block number:  19 Start-End 1900 2000   time taken in seconds:  79.34981393814087
block number:  20 Start-End 2000 2100   time taken in seconds:  79.70836162567139
block number:  21 Start-End 2100 2200   time taken in seconds:  77.08729100227356
block number:  22 Start-End 2200 2300   time taken in seconds:  79.24078011512756
block number:  23 Start-End 2300 2400   time taken in seconds:  73.6161687374115
block number:  24 Start-End 2400 2500   time taken in seconds:  70.34818696975708
block number:  25 Start-End 2500 2600   time taken in seconds:  82.50388813018799
block number:  26 Start-End 2600 2700   time taken in seconds:  75.77284812927246
block number:  27 Start-End 2700 2800   time taken in seconds:  81.3270308971405
block number:  28 Start-End 2800 2900   time taken in seconds:  76.82452058792114
block number:  29 Start-End 2900 3000   time taken in seconds:  73.42124605178833
block number:  30 Start-End 3000 3100   time taken in seconds:  78.25296354293823
block number:  31 Start-End 3100 3200   time taken in seconds:  77.16707825660706
block number:  32 Start-End 3200 3300   time taken in seconds:  77.9494960308075
block number:  33 Start-End 3300 3400   time taken in seconds:  74.29670548439026
block number:  34 Start-End 3400 3500   time taken in seconds:  70.83512425422668
block number:  35 Start-End 3500 3600   time taken in seconds:  86.51956462860107
block number:  36 Start-End 3600 3700   time taken in seconds:  73.75359749794006
block number:  37 Start-End 3700 3800   time taken in seconds:  83.9848051071167
block number:  38 Start-End 3800 3900   time taken in seconds:  81.66937589645386
block number:  39 Start-End 3900 4000   time taken in seconds:  77.51310181617737
block number:  40 Start-End 4000 4100   time taken in seconds:  79.49758982658386
block number:  41 Start-End 4100 4200   time taken in seconds:  78.46456599235535
block number:  42 Start-End 4200 4300   time taken in seconds:  75.71570038795471
block number:  43 Start-End 4300 4400   time taken in seconds:  80.74256944656372
block number:  44 Start-End 4400 4500   time taken in seconds:  81.52856492996216
block number:  45 Start-End 4500 4600   time taken in seconds:  78.55439805984497
block number:  46 Start-End 4600 4700   time taken in seconds:  74.09421753883362
block number:  47 Start-End 4700 4800   time taken in seconds:  85.10051560401917
block number:  48 Start-End 4800 4900   time taken in seconds:  65.78719973564148
block number:  49 Start-End 4900 5000   time taken in seconds:  72.3088014125824
block number:  50 Start-End 5000 5100   time taken in seconds:  77.06244945526123
block number:  51 Start-End 5100 5200   time taken in seconds:  81.96776843070984
block number:  52 Start-End 5200 5300   time taken in seconds:  77.18194031715393
block number:  53 Start-End 5300 5400   time taken in seconds:  83.17775702476501
block number:  54 Start-End 5400 5500   time taken in seconds:  75.88845372200012
block number:  55 Start-End 5500 5600   time taken in seconds:  79.13489532470703
block number:  56 Start-End 5600 5700   time taken in seconds:  83.67630314826965
block number:  57 Start-End 5700 5800   time taken in seconds:  75.7549786567688
block number:  58 Start-End 5800 5900   time taken in seconds:  85.97503066062927
block number:  59 Start-End 5900 6000   time taken in seconds:  78.98246836662292
block number:  60 Start-End 6000 6100   time taken in seconds:  81.85960459709167
block number:  61 Start-End 6100 6200   time taken in seconds:  83.49205732345581
block number:  62 Start-End 6200 6300   time taken in seconds:  80.21980261802673
block number:  63 Start-End 6300 6400   time taken in seconds:  79.9974057674408
block number:  64 Start-End 6400 6500   time taken in seconds:  81.73478770256042
block number:  65 Start-End 6500 6600   time taken in seconds:  76.85456085205078
block number:  66 Start-End 6600 6700   time taken in seconds:  69.83257937431335
block number:  67 Start-End 6700 6800   time taken in seconds:  79.72967052459717
block number:  68 Start-End 6800 6900   time taken in seconds:  78.89199709892273
block number:  69 Start-End 6900 7000   time taken in seconds:  80.78527402877808
block number:  70 Start-End 7000 7100   time taken in seconds:  81.88548636436462
block number:  71 Start-End 7100 7200   time taken in seconds:  87.14120697975159
block number:  72 Start-End 7200 7300   time taken in seconds:  86.79213404655457
block number:  73 Start-End 7300 7400   time taken in seconds:  81.87872529029846
block number:  74 Start-End 7400 7500   time taken in seconds:  81.41857933998108
block number:  75 Start-End 7500 7600   time taken in seconds:  77.51897525787354
block number:  76 Start-End 7600 7700   time taken in seconds:  81.84050607681274
block number:  77 Start-End 7700 7800   time taken in seconds:  78.03365302085876
block number:  78 Start-End 7800 7900   time taken in seconds:  82.109858751297
block number:  79 Start-End 7900 8000   time taken in seconds:  80.32044386863708
block number:  80 Start-End 8000 8100   time taken in seconds:  83.16604661941528
block number:  81 Start-End 8100 8200   time taken in seconds:  82.97728204727173
block number:  82 Start-End 8200 8300   time taken in seconds:  75.26672196388245
block number:  83 Start-End 8300 8400   time taken in seconds:  80.02188491821289
block number:  84 Start-End 8400 8500   time taken in seconds:  82.90811586380005
block number:  85 Start-End 8500 8600   time taken in seconds:  76.10334014892578
block number:  86 Start-End 8600 8700   time taken in seconds:  86.40845561027527
block number:  87 Start-End 8700 8800   time taken in seconds:  80.10840034484863
block number:  88 Start-End 8800 8900   time taken in seconds:  71.9137966632843
block number:  89 Start-End 8900 9000   time taken in seconds:  77.18561053276062
block number:  90 Start-End 9000 9100   time taken in seconds:  78.14921617507935
block number:  91 Start-End 9100 9200   time taken in seconds:  80.62812638282776
block number:  92 Start-End 9200 9300   time taken in seconds:  75.41894912719727
block number:  93 Start-End 9300 9400   time taken in seconds:  68.5929651260376
block number:  94 Start-End 9400 9500   time taken in seconds:  81.50846648216248
block number:  95 Start-End 9500 9600   time taken in seconds:  79.56604814529419
block number:  96 Start-End 9600 9700   time taken in seconds:  89.12331914901733
block number:  97 Start-End 9700 9800   time taken in seconds:  80.67950773239136
block number:  98 Start-End 9800 9900   time taken in seconds:  76.34455823898315
block number:  99 Start-End 9900 10000   time taken in seconds:  79.7436420917511
block number:  100 Start-End 10000 10100   time taken in seconds:  75.72349882125854
block number:  101 Start-End 10100 10200   time taken in seconds:  79.66973876953125
block number:  102 Start-End 10200 10300   time taken in seconds:  80.5293619632721
block number:  103 Start-End 10300 None   time taken in seconds:  64.4573266506195
Number of samples after bg: 872 
Number of temp files written 218
Time taken for concatenating temp files 371.7195658683777
Data shape after read:	x:(110081, 60, 10, 20)	y:(110081,)	wts:(110081,)
Data shape after format:	x:(110081, 10, 20, 60, 1)	y:(110081,)
Time taken in minutes  147.66093719800313
Type of data:	 reserved
7593 57635
Type:  sig
Number of blocks 76
block number:  0 Start-End 0 100   time taken in seconds:  2.2202365398406982
block number:  1 Start-End 100 200   time taken in seconds:  2.315608024597168
block number:  2 Start-End 200 300   time taken in seconds:  2.084301233291626
block number:  3 Start-End 300 400   time taken in seconds:  2.1765120029449463
block number:  4 Start-End 400 500   time taken in seconds:  2.3718960285186768
block number:  5 Start-End 500 600   time taken in seconds:  2.6248154640197754
block number:  6 Start-End 600 700   time taken in seconds:  2.2636849880218506
block number:  7 Start-End 700 800   time taken in seconds:  2.550784111022949
block number:  8 Start-End 800 900   time taken in seconds:  2.1933393478393555
block number:  9 Start-End 900 1000   time taken in seconds:  2.4316227436065674
block number:  10 Start-End 1000 1100   time taken in seconds:  2.2597062587738037
block number:  11 Start-End 1100 1200   time taken in seconds:  2.348194122314453
block number:  12 Start-End 1200 1300   time taken in seconds:  2.125993013381958
block number:  13 Start-End 1300 1400   time taken in seconds:  2.1367127895355225
block number:  14 Start-End 1400 1500   time taken in seconds:  2.2890660762786865
block number:  15 Start-End 1500 1600   time taken in seconds:  2.3667187690734863
block number:  16 Start-End 1600 1700   time taken in seconds:  2.5655980110168457
block number:  17 Start-End 1700 1800   time taken in seconds:  2.2110345363616943
block number:  18 Start-End 1800 1900   time taken in seconds:  2.15891695022583
block number:  19 Start-End 1900 2000   time taken in seconds:  2.274224042892456
block number:  20 Start-End 2000 2100   time taken in seconds:  2.1630859375
block number:  21 Start-End 2100 2200   time taken in seconds:  2.166192054748535
block number:  22 Start-End 2200 2300   time taken in seconds:  2.3576080799102783
block number:  23 Start-End 2300 2400   time taken in seconds:  2.2125935554504395
block number:  24 Start-End 2400 2500   time taken in seconds:  2.244588613510132
block number:  25 Start-End 2500 2600   time taken in seconds:  2.24240779876709
block number:  26 Start-End 2600 2700   time taken in seconds:  2.1963117122650146
block number:  27 Start-End 2700 2800   time taken in seconds:  2.7373087406158447
block number:  28 Start-End 2800 2900   time taken in seconds:  2.1400208473205566
block number:  29 Start-End 2900 3000   time taken in seconds:  2.2451698780059814
block number:  30 Start-End 3000 3100   time taken in seconds:  2.3681299686431885
block number:  31 Start-End 3100 3200   time taken in seconds:  2.0886991024017334
block number:  32 Start-End 3200 3300   time taken in seconds:  2.158158302307129
block number:  33 Start-End 3300 3400   time taken in seconds:  2.2094643115997314
block number:  34 Start-End 3400 3500   time taken in seconds:  2.2355711460113525
block number:  35 Start-End 3500 3600   time taken in seconds:  2.3841402530670166
block number:  36 Start-End 3600 3700   time taken in seconds:  2.422177791595459
block number:  37 Start-End 3700 3800   time taken in seconds:  2.0371992588043213
block number:  38 Start-End 3800 3900   time taken in seconds:  2.4329302310943604
block number:  39 Start-End 3900 4000   time taken in seconds:  2.222167730331421
block number:  40 Start-End 4000 4100   time taken in seconds:  2.2075510025024414
block number:  41 Start-End 4100 4200   time taken in seconds:  2.2848904132843018
block number:  42 Start-End 4200 4300   time taken in seconds:  2.2297446727752686
block number:  43 Start-End 4300 4400   time taken in seconds:  2.2697203159332275
block number:  44 Start-End 4400 4500   time taken in seconds:  2.228513240814209
block number:  45 Start-End 4500 4600   time taken in seconds:  2.213059425354004
block number:  46 Start-End 4600 4700   time taken in seconds:  2.2135274410247803
block number:  47 Start-End 4700 4800   time taken in seconds:  2.223438262939453
block number:  48 Start-End 4800 4900   time taken in seconds:  2.374145269393921
block number:  49 Start-End 4900 5000   time taken in seconds:  2.1178817749023438
block number:  50 Start-End 5000 5100   time taken in seconds:  2.239936113357544
block number:  51 Start-End 5100 5200   time taken in seconds:  2.32932710647583
block number:  52 Start-End 5200 5300   time taken in seconds:  2.236654758453369
block number:  53 Start-End 5300 5400   time taken in seconds:  2.553250551223755
block number:  54 Start-End 5400 5500   time taken in seconds:  2.2789549827575684
block number:  55 Start-End 5500 5600   time taken in seconds:  2.374465227127075
block number:  56 Start-End 5600 5700   time taken in seconds:  2.198915481567383
block number:  57 Start-End 5700 5800   time taken in seconds:  2.355445146560669
block number:  58 Start-End 5800 5900   time taken in seconds:  2.342129707336426
block number:  59 Start-End 5900 6000   time taken in seconds:  2.482128858566284
block number:  60 Start-End 6000 6100   time taken in seconds:  2.0082390308380127
block number:  61 Start-End 6100 6200   time taken in seconds:  2.2287254333496094
block number:  62 Start-End 6200 6300   time taken in seconds:  2.212057590484619
block number:  63 Start-End 6300 6400   time taken in seconds:  2.1037158966064453
block number:  64 Start-End 6400 6500   time taken in seconds:  2.102881908416748
block number:  65 Start-End 6500 6600   time taken in seconds:  2.1995062828063965
block number:  66 Start-End 6600 6700   time taken in seconds:  2.335768699645996
block number:  67 Start-End 6700 6800   time taken in seconds:  2.316671133041382
block number:  68 Start-End 6800 6900   time taken in seconds:  2.270681381225586
block number:  69 Start-End 6900 7000   time taken in seconds:  2.1935150623321533
block number:  70 Start-End 7000 7100   time taken in seconds:  2.34820556640625
block number:  71 Start-End 7100 7200   time taken in seconds:  2.3822760581970215
block number:  72 Start-End 7200 7300   time taken in seconds:  2.121450662612915
block number:  73 Start-End 7300 7400   time taken in seconds:  2.3188910484313965
block number:  74 Start-End 7400 7500   time taken in seconds:  2.271000862121582
block number:  75 Start-End 7500 None   time taken in seconds:  2.0659990310668945
Number of samples after sig: 2 
Type:  bg
Number of blocks 577
block number:  0 Start-End 0 100   time taken in seconds:  92.09027099609375
block number:  1 Start-End 100 200   time taken in seconds:  96.380784034729
block number:  2 Start-End 200 300   time taken in seconds:  96.24071860313416
block number:  3 Start-End 300 400   time taken in seconds:  95.84547066688538
block number:  4 Start-End 400 500   time taken in seconds:  91.42317938804626
block number:  5 Start-End 500 600   time taken in seconds:  93.39304757118225
block number:  6 Start-End 600 700   time taken in seconds:  93.9949734210968
block number:  7 Start-End 700 800   time taken in seconds:  94.46043586730957
block number:  8 Start-End 800 900   time taken in seconds:  90.84441661834717
block number:  9 Start-End 900 1000   time taken in seconds:  96.79690885543823
block number:  10 Start-End 1000 1100   time taken in seconds:  100.62416172027588
block number:  11 Start-End 1100 1200   time taken in seconds:  95.95887804031372
block number:  12 Start-End 1200 1300   time taken in seconds:  102.15783619880676
block number:  13 Start-End 1300 1400   time taken in seconds:  97.68234157562256
block number:  14 Start-End 1400 1500   time taken in seconds:  99.74461722373962
block number:  15 Start-End 1500 1600   time taken in seconds:  92.3439269065857
block number:  16 Start-End 1600 1700   time taken in seconds:  89.36412167549133
block number:  17 Start-End 1700 1800   time taken in seconds:  93.28296518325806
block number:  18 Start-End 1800 1900   time taken in seconds:  89.88206887245178
block number:  19 Start-End 1900 2000   time taken in seconds:  96.49565887451172
block number:  20 Start-End 2000 2100   time taken in seconds:  96.94113731384277
block number:  21 Start-End 2100 2200   time taken in seconds:  95.16172671318054
block number:  22 Start-End 2200 2300   time taken in seconds:  89.33067059516907
block number:  23 Start-End 2300 2400   time taken in seconds:  92.20980954170227
block number:  24 Start-End 2400 2500   time taken in seconds:  94.54870247840881
block number:  25 Start-End 2500 2600   time taken in seconds:  96.13052177429199
block number:  26 Start-End 2600 2700   time taken in seconds:  98.98486590385437
block number:  27 Start-End 2700 2800   time taken in seconds:  91.1316921710968
block number:  28 Start-End 2800 2900   time taken in seconds:  96.46630215644836
block number:  29 Start-End 2900 3000   time taken in seconds:  87.16277265548706
block number:  30 Start-End 3000 3100   time taken in seconds:  89.23351287841797
block number:  31 Start-End 3100 3200   time taken in seconds:  97.98354172706604
block number:  32 Start-End 3200 3300   time taken in seconds:  89.03420376777649
block number:  33 Start-End 3300 3400   time taken in seconds:  93.26875686645508
block number:  34 Start-End 3400 3500   time taken in seconds:  92.28035473823547
block number:  35 Start-End 3500 3600   time taken in seconds:  91.51745772361755
block number:  36 Start-End 3600 3700   time taken in seconds:  95.28307580947876
block number:  37 Start-End 3700 3800   time taken in seconds:  92.50479793548584
block number:  38 Start-End 3800 3900   time taken in seconds:  101.68386578559875
block number:  39 Start-End 3900 4000   time taken in seconds:  96.61246919631958
block number:  40 Start-End 4000 4100   time taken in seconds:  101.78061366081238
block number:  41 Start-End 4100 4200   time taken in seconds:  103.73322463035583
block number:  42 Start-End 4200 4300   time taken in seconds:  102.55184721946716
block number:  43 Start-End 4300 4400   time taken in seconds:  103.44101142883301
block number:  44 Start-End 4400 4500   time taken in seconds:  108.12539863586426
block number:  45 Start-End 4500 4600   time taken in seconds:  99.85752558708191
block number:  46 Start-End 4600 4700   time taken in seconds:  103.43367671966553
block number:  47 Start-End 4700 4800   time taken in seconds:  91.58903360366821
block number:  48 Start-End 4800 4900   time taken in seconds:  93.97993087768555
block number:  49 Start-End 4900 5000   time taken in seconds:  87.89196753501892
block number:  50 Start-End 5000 5100   time taken in seconds:  91.48627305030823
block number:  51 Start-End 5100 5200   time taken in seconds:  93.01283621788025
block number:  52 Start-End 5200 5300   time taken in seconds:  92.64982604980469
block number:  53 Start-End 5300 5400   time taken in seconds:  95.12219619750977
block number:  54 Start-End 5400 5500   time taken in seconds:  102.0089819431305
block number:  55 Start-End 5500 5600   time taken in seconds:  93.20703434944153
block number:  56 Start-End 5600 5700   time taken in seconds:  85.90002942085266
block number:  57 Start-End 5700 5800   time taken in seconds:  86.74463820457458
block number:  58 Start-End 5800 5900   time taken in seconds:  91.51120400428772
block number:  59 Start-End 5900 6000   time taken in seconds:  94.79361343383789
block number:  60 Start-End 6000 6100   time taken in seconds:  91.51565265655518
block number:  61 Start-End 6100 6200   time taken in seconds:  89.20908236503601
block number:  62 Start-End 6200 6300   time taken in seconds:  97.53982281684875
block number:  63 Start-End 6300 6400   time taken in seconds:  91.37703728675842
block number:  64 Start-End 6400 6500   time taken in seconds:  91.31434440612793
block number:  65 Start-End 6500 6600   time taken in seconds:  96.52563214302063
block number:  66 Start-End 6600 6700   time taken in seconds:  92.10082411766052
block number:  67 Start-End 6700 6800   time taken in seconds:  94.75010132789612
block number:  68 Start-End 6800 6900   time taken in seconds:  93.75173282623291
block number:  69 Start-End 6900 7000   time taken in seconds:  90.31497883796692
block number:  70 Start-End 7000 7100   time taken in seconds:  88.83669114112854
block number:  71 Start-End 7100 7200   time taken in seconds:  97.12864470481873
block number:  72 Start-End 7200 7300   time taken in seconds:  95.65004110336304
block number:  73 Start-End 7300 7400   time taken in seconds:  89.0994565486908
block number:  74 Start-End 7400 7500   time taken in seconds:  90.49506521224976
block number:  75 Start-End 7500 7600   time taken in seconds:  96.98822546005249
block number:  76 Start-End 7600 7700   time taken in seconds:  89.93506479263306
block number:  77 Start-End 7700 7800   time taken in seconds:  94.88504600524902
block number:  78 Start-End 7800 7900   time taken in seconds:  91.91011023521423
block number:  79 Start-End 7900 8000   time taken in seconds:  91.56725406646729
block number:  80 Start-End 8000 8100   time taken in seconds:  94.9509859085083
block number:  81 Start-End 8100 8200   time taken in seconds:  94.41495108604431
block number:  82 Start-End 8200 8300   time taken in seconds:  93.39982986450195
block number:  83 Start-End 8300 8400   time taken in seconds:  88.23970437049866
block number:  84 Start-End 8400 8500   time taken in seconds:  92.73555016517639
block number:  85 Start-End 8500 8600   time taken in seconds:  94.05603122711182
block number:  86 Start-End 8600 8700   time taken in seconds:  94.19724726676941
block number:  87 Start-End 8700 8800   time taken in seconds:  92.12387895584106
block number:  88 Start-End 8800 8900   time taken in seconds:  96.05129933357239
block number:  89 Start-End 8900 9000   time taken in seconds:  90.64483714103699
block number:  90 Start-End 9000 9100   time taken in seconds:  92.5839536190033
block number:  91 Start-End 9100 9200   time taken in seconds:  95.53825116157532
block number:  92 Start-End 9200 9300   time taken in seconds:  96.72531604766846
block number:  93 Start-End 9300 9400   time taken in seconds:  93.09935426712036
block number:  94 Start-End 9400 9500   time taken in seconds:  96.04958915710449
block number:  95 Start-End 9500 9600   time taken in seconds:  92.31577730178833
block number:  96 Start-End 9600 9700   time taken in seconds:  93.54385304450989
block number:  97 Start-End 9700 9800   time taken in seconds:  91.26410603523254
block number:  98 Start-End 9800 9900   time taken in seconds:  91.72805762290955
block number:  99 Start-End 9900 10000   time taken in seconds:  94.10780429840088
block number:  100 Start-End 10000 10100   time taken in seconds:  96.28823447227478
block number:  101 Start-End 10100 10200   time taken in seconds:  94.43799304962158
block number:  102 Start-End 10200 10300   time taken in seconds:  93.6204206943512
block number:  103 Start-End 10300 10400   time taken in seconds:  95.44188570976257
block number:  104 Start-End 10400 10500   time taken in seconds:  93.11796832084656
block number:  105 Start-End 10500 10600   time taken in seconds:  87.83970165252686
block number:  106 Start-End 10600 10700   time taken in seconds:  95.34695267677307
block number:  107 Start-End 10700 10800   time taken in seconds:  90.99057388305664
block number:  108 Start-End 10800 10900   time taken in seconds:  91.98997092247009
block number:  109 Start-End 10900 11000   time taken in seconds:  99.43715572357178
block number:  110 Start-End 11000 11100   time taken in seconds:  97.77323317527771
block number:  111 Start-End 11100 11200   time taken in seconds:  99.92545318603516
block number:  112 Start-End 11200 11300   time taken in seconds:  88.67854428291321
block number:  113 Start-End 11300 11400   time taken in seconds:  92.72486114501953
block number:  114 Start-End 11400 11500   time taken in seconds:  91.23224639892578
block number:  115 Start-End 11500 11600   time taken in seconds:  92.3037497997284
block number:  116 Start-End 11600 11700   time taken in seconds:  95.79895663261414
block number:  117 Start-End 11700 11800   time taken in seconds:  97.87277579307556
block number:  118 Start-End 11800 11900   time taken in seconds:  93.3644745349884
block number:  119 Start-End 11900 12000   time taken in seconds:  91.77741265296936
block number:  120 Start-End 12000 12100   time taken in seconds:  89.13526558876038
block number:  121 Start-End 12100 12200   time taken in seconds:  96.48225474357605
block number:  122 Start-End 12200 12300   time taken in seconds:  89.31565737724304
block number:  123 Start-End 12300 12400   time taken in seconds:  98.72118067741394
block number:  124 Start-End 12400 12500   time taken in seconds:  91.30462002754211
block number:  125 Start-End 12500 12600   time taken in seconds:  95.84447240829468
block number:  126 Start-End 12600 12700   time taken in seconds:  94.82079839706421
block number:  127 Start-End 12700 12800   time taken in seconds:  94.03425860404968
block number:  128 Start-End 12800 12900   time taken in seconds:  92.63815236091614
block number:  129 Start-End 12900 13000   time taken in seconds:  89.53419089317322
block number:  130 Start-End 13000 13100   time taken in seconds:  90.22592735290527
block number:  131 Start-End 13100 13200   time taken in seconds:  88.51309418678284
block number:  132 Start-End 13200 13300   time taken in seconds:  88.88449144363403
block number:  133 Start-End 13300 13400   time taken in seconds:  90.30903887748718
block number:  134 Start-End 13400 13500   time taken in seconds:  90.32101082801819
block number:  135 Start-End 13500 13600   time taken in seconds:  95.3862738609314
block number:  136 Start-End 13600 13700   time taken in seconds:  91.45952272415161
block number:  137 Start-End 13700 13800   time taken in seconds:  88.40666675567627
block number:  138 Start-End 13800 13900   time taken in seconds:  89.54004788398743
block number:  139 Start-End 13900 14000   time taken in seconds:  91.36245656013489
block number:  140 Start-End 14000 14100   time taken in seconds:  91.43878197669983
block number:  141 Start-End 14100 14200   time taken in seconds:  92.81023716926575
block number:  142 Start-End 14200 14300   time taken in seconds:  92.91836285591125
block number:  143 Start-End 14300 14400   time taken in seconds:  87.21765089035034
block number:  144 Start-End 14400 14500   time taken in seconds:  89.2349283695221
block number:  145 Start-End 14500 14600   time taken in seconds:  92.92726492881775
block number:  146 Start-End 14600 14700   time taken in seconds:  92.46639776229858
block number:  147 Start-End 14700 14800   time taken in seconds:  91.90711212158203
block number:  148 Start-End 14800 14900   time taken in seconds:  93.35514998435974
block number:  149 Start-End 14900 15000   time taken in seconds:  92.1464512348175
block number:  150 Start-End 15000 15100   time taken in seconds:  97.21183490753174
block number:  151 Start-End 15100 15200   time taken in seconds:  96.35748887062073
block number:  152 Start-End 15200 15300   time taken in seconds:  90.75992894172668
block number:  153 Start-End 15300 15400   time taken in seconds:  95.82753801345825
block number:  154 Start-End 15400 15500   time taken in seconds:  90.98369598388672
block number:  155 Start-End 15500 15600   time taken in seconds:  99.2119688987732
block number:  156 Start-End 15600 15700   time taken in seconds:  96.56320858001709
block number:  157 Start-End 15700 15800   time taken in seconds:  94.99761867523193
block number:  158 Start-End 15800 15900   time taken in seconds:  94.27108144760132
block number:  159 Start-End 15900 16000   time taken in seconds:  98.41052079200745
block number:  160 Start-End 16000 16100   time taken in seconds:  92.09360766410828
block number:  161 Start-End 16100 16200   time taken in seconds:  95.68357443809509
block number:  162 Start-End 16200 16300   time taken in seconds:  94.52126693725586
block number:  163 Start-End 16300 16400   time taken in seconds:  94.86738777160645
block number:  164 Start-End 16400 16500   time taken in seconds:  95.26409816741943
block number:  165 Start-End 16500 16600   time taken in seconds:  91.91823720932007
block number:  166 Start-End 16600 16700   time taken in seconds:  92.29466199874878
block number:  167 Start-End 16700 16800   time taken in seconds:  92.8765480518341
block number:  168 Start-End 16800 16900   time taken in seconds:  89.56964564323425
