Type of data:	 regular
11361 10384
Type:  sig
Number of blocks 114
block number:  0 Start-End 0 100   time taken in seconds:  8.954121828079224
block number:  1 Start-End 100 200   time taken in seconds:  2.714263916015625
block number:  2 Start-End 200 300   time taken in seconds:  2.4296090602874756
block number:  3 Start-End 300 400   time taken in seconds:  3.4953105449676514
block number:  4 Start-End 400 500   time taken in seconds:  2.355834484100342
block number:  5 Start-End 500 600   time taken in seconds:  2.4067223072052
block number:  6 Start-End 600 700   time taken in seconds:  2.768507242202759
block number:  7 Start-End 700 800   time taken in seconds:  2.729315996170044
block number:  8 Start-End 800 900   time taken in seconds:  2.4393112659454346
block number:  9 Start-End 900 1000   time taken in seconds:  2.1727712154388428
block number:  10 Start-End 1000 1100   time taken in seconds:  2.621692419052124
block number:  11 Start-End 1100 1200   time taken in seconds:  2.6369099617004395
block number:  12 Start-End 1200 1300   time taken in seconds:  2.5912063121795654
block number:  13 Start-End 1300 1400   time taken in seconds:  2.4227521419525146
block number:  14 Start-End 1400 1500   time taken in seconds:  2.52494740486145
block number:  15 Start-End 1500 1600   time taken in seconds:  2.5447380542755127
block number:  16 Start-End 1600 1700   time taken in seconds:  2.3672375679016113
block number:  17 Start-End 1700 1800   time taken in seconds:  22.41591715812683
block number:  18 Start-End 1800 1900   time taken in seconds:  2.51924991607666
block number:  19 Start-End 1900 2000   time taken in seconds:  2.5655126571655273
block number:  20 Start-End 2000 2100   time taken in seconds:  2.595780849456787
block number:  21 Start-End 2100 2200   time taken in seconds:  2.3454253673553467
block number:  22 Start-End 2200 2300   time taken in seconds:  2.3775196075439453
block number:  23 Start-End 2300 2400   time taken in seconds:  2.458700656890869
block number:  24 Start-End 2400 2500   time taken in seconds:  2.5359973907470703
block number:  25 Start-End 2500 2600   time taken in seconds:  2.4529645442962646
block number:  26 Start-End 2600 2700   time taken in seconds:  2.4561309814453125
block number:  27 Start-End 2700 2800   time taken in seconds:  2.528029680252075
block number:  28 Start-End 2800 2900   time taken in seconds:  2.419816732406616
block number:  29 Start-End 2900 3000   time taken in seconds:  3.548130989074707
block number:  30 Start-End 3000 3100   time taken in seconds:  2.273118257522583
block number:  31 Start-End 3100 3200   time taken in seconds:  2.383568525314331
block number:  32 Start-End 3200 3300   time taken in seconds:  2.2908546924591064
block number:  33 Start-End 3300 3400   time taken in seconds:  2.373908519744873
block number:  34 Start-End 3400 3500   time taken in seconds:  2.466251850128174
block number:  35 Start-End 3500 3600   time taken in seconds:  2.3121204376220703
block number:  36 Start-End 3600 3700   time taken in seconds:  2.501819610595703
block number:  37 Start-End 3700 3800   time taken in seconds:  2.9841060638427734
block number:  38 Start-End 3800 3900   time taken in seconds:  4.547685861587524
block number:  39 Start-End 3900 4000   time taken in seconds:  13.71194338798523
block number:  40 Start-End 4000 4100   time taken in seconds:  2.7559375762939453
block number:  41 Start-End 4100 4200   time taken in seconds:  2.3571860790252686
block number:  42 Start-End 4200 4300   time taken in seconds:  2.575131893157959
block number:  43 Start-End 4300 4400   time taken in seconds:  2.982576608657837
block number:  44 Start-End 4400 4500   time taken in seconds:  2.2524807453155518
block number:  45 Start-End 4500 4600   time taken in seconds:  2.3053765296936035
block number:  46 Start-End 4600 4700   time taken in seconds:  2.3288309574127197
block number:  47 Start-End 4700 4800   time taken in seconds:  2.5491044521331787
block number:  48 Start-End 4800 4900   time taken in seconds:  2.7120845317840576
block number:  49 Start-End 4900 5000   time taken in seconds:  2.313162088394165
block number:  50 Start-End 5000 5100   time taken in seconds:  2.4677443504333496
block number:  51 Start-End 5100 5200   time taken in seconds:  2.2829718589782715
block number:  52 Start-End 5200 5300   time taken in seconds:  2.683497905731201
block number:  53 Start-End 5300 5400   time taken in seconds:  2.7549400329589844
block number:  54 Start-End 5400 5500   time taken in seconds:  2.5275609493255615
block number:  55 Start-End 5500 5600   time taken in seconds:  2.476274251937866
block number:  56 Start-End 5600 5700   time taken in seconds:  2.5521340370178223
block number:  57 Start-End 5700 5800   time taken in seconds:  2.536222219467163
block number:  58 Start-End 5800 5900   time taken in seconds:  2.282616138458252
block number:  59 Start-End 5900 6000   time taken in seconds:  16.657129287719727
block number:  60 Start-End 6000 6100   time taken in seconds:  2.5442922115325928
block number:  61 Start-End 6100 6200   time taken in seconds:  2.821108818054199
block number:  62 Start-End 6200 6300   time taken in seconds:  2.3990285396575928
block number:  63 Start-End 6300 6400   time taken in seconds:  2.40936279296875
block number:  64 Start-End 6400 6500   time taken in seconds:  2.5265657901763916
block number:  65 Start-End 6500 6600   time taken in seconds:  2.347243070602417
block number:  66 Start-End 6600 6700   time taken in seconds:  2.264864444732666
block number:  67 Start-End 6700 6800   time taken in seconds:  2.415738344192505
block number:  68 Start-End 6800 6900   time taken in seconds:  2.9222347736358643
block number:  69 Start-End 6900 7000   time taken in seconds:  2.372645378112793
block number:  70 Start-End 7000 7100   time taken in seconds:  2.3922717571258545
block number:  71 Start-End 7100 7200   time taken in seconds:  2.471554756164551
block number:  72 Start-End 7200 7300   time taken in seconds:  2.3694002628326416
block number:  73 Start-End 7300 7400   time taken in seconds:  2.489926815032959
block number:  74 Start-End 7400 7500   time taken in seconds:  2.2898082733154297
block number:  75 Start-End 7500 7600   time taken in seconds:  2.1952097415924072
block number:  76 Start-End 7600 7700   time taken in seconds:  2.3992063999176025
block number:  77 Start-End 7700 7800   time taken in seconds:  2.3637051582336426
block number:  78 Start-End 7800 7900   time taken in seconds:  2.4468536376953125
block number:  79 Start-End 7900 8000   time taken in seconds:  7.193993806838989
block number:  80 Start-End 8000 8100   time taken in seconds:  2.5260069370269775
block number:  81 Start-End 8100 8200   time taken in seconds:  2.4687001705169678
block number:  82 Start-End 8200 8300   time taken in seconds:  6.652175426483154
block number:  83 Start-End 8300 8400   time taken in seconds:  2.6830880641937256
block number:  84 Start-End 8400 8500   time taken in seconds:  2.5068130493164062
block number:  85 Start-End 8500 8600   time taken in seconds:  2.62300705909729
block number:  86 Start-End 8600 8700   time taken in seconds:  2.6602091789245605
block number:  87 Start-End 8700 8800   time taken in seconds:  2.314479351043701
block number:  88 Start-End 8800 8900   time taken in seconds:  2.358527898788452
block number:  89 Start-End 8900 9000   time taken in seconds:  2.552777051925659
block number:  90 Start-End 9000 9100   time taken in seconds:  2.7242627143859863
block number:  91 Start-End 9100 9200   time taken in seconds:  2.466466188430786
block number:  92 Start-End 9200 9300   time taken in seconds:  2.8258872032165527
block number:  93 Start-End 9300 9400   time taken in seconds:  2.4494118690490723
block number:  94 Start-End 9400 9500   time taken in seconds:  2.737638235092163
block number:  95 Start-End 9500 9600   time taken in seconds:  2.5939576625823975
block number:  96 Start-End 9600 9700   time taken in seconds:  6.582188367843628
block number:  97 Start-End 9700 9800   time taken in seconds:  14.408890724182129
block number:  98 Start-End 9800 9900   time taken in seconds:  2.3777453899383545
block number:  99 Start-End 9900 10000   time taken in seconds:  2.9830825328826904
block number:  100 Start-End 10000 10100   time taken in seconds:  2.9859819412231445
block number:  101 Start-End 10100 10200   time taken in seconds:  2.883723258972168
block number:  102 Start-End 10200 10300   time taken in seconds:  2.4701077938079834
block number:  103 Start-End 10300 10400   time taken in seconds:  3.017204761505127
block number:  104 Start-End 10400 10500   time taken in seconds:  2.3190715312957764
block number:  105 Start-End 10500 10600   time taken in seconds:  2.6719956398010254
block number:  106 Start-End 10600 10700   time taken in seconds:  2.6419878005981445
block number:  107 Start-End 10700 10800   time taken in seconds:  2.422558307647705
block number:  108 Start-End 10800 10900   time taken in seconds:  2.255979537963867
block number:  109 Start-End 10900 11000   time taken in seconds:  2.950521230697632
block number:  110 Start-End 11000 11100   time taken in seconds:  2.5627174377441406
block number:  111 Start-End 11100 11200   time taken in seconds:  2.511343240737915
block number:  112 Start-End 11200 11300   time taken in seconds:  2.5841219425201416
block number:  113 Start-End 11300 None   time taken in seconds:  1.622025966644287
Number of samples after sig: 3 
Type:  bg
Number of blocks 104
block number:  0 Start-End 0 100   time taken in seconds:  89.00923109054565
block number:  1 Start-End 100 200   time taken in seconds:  82.3826355934143
block number:  2 Start-End 200 300   time taken in seconds:  77.78728699684143
block number:  3 Start-End 300 400   time taken in seconds:  74.48836207389832
block number:  4 Start-End 400 500   time taken in seconds:  79.33955836296082
block number:  5 Start-End 500 600   time taken in seconds:  78.3814640045166
block number:  6 Start-End 600 700   time taken in seconds:  79.98926496505737
block number:  7 Start-End 700 800   time taken in seconds:  84.6759889125824
block number:  8 Start-End 800 900   time taken in seconds:  70.08539295196533
block number:  9 Start-End 900 1000   time taken in seconds:  75.30217409133911
block number:  10 Start-End 1000 1100   time taken in seconds:  79.12417483329773
block number:  11 Start-End 1100 1200   time taken in seconds:  74.23285031318665
block number:  12 Start-End 1200 1300   time taken in seconds:  72.22716093063354
block number:  13 Start-End 1300 1400   time taken in seconds:  80.16002559661865
block number:  14 Start-End 1400 1500   time taken in seconds:  77.8690972328186
block number:  15 Start-End 1500 1600   time taken in seconds:  80.97196125984192
block number:  16 Start-End 1600 1700   time taken in seconds:  74.78325963020325
block number:  17 Start-End 1700 1800   time taken in seconds:  98.50032496452332
block number:  18 Start-End 1800 1900   time taken in seconds:  82.2043399810791
block number:  19 Start-End 1900 2000   time taken in seconds:  76.98076605796814
block number:  20 Start-End 2000 2100   time taken in seconds:  76.87124466896057
block number:  21 Start-End 2100 2200   time taken in seconds:  88.94122648239136
block number:  22 Start-End 2200 2300   time taken in seconds:  77.14383602142334
block number:  23 Start-End 2300 2400   time taken in seconds:  70.79608845710754
block number:  24 Start-End 2400 2500   time taken in seconds:  68.29041075706482
block number:  25 Start-End 2500 2600   time taken in seconds:  84.62727093696594
block number:  26 Start-End 2600 2700   time taken in seconds:  74.13662052154541
block number:  27 Start-End 2700 2800   time taken in seconds:  78.68834376335144
block number:  28 Start-End 2800 2900   time taken in seconds:  74.92087650299072
block number:  29 Start-End 2900 3000   time taken in seconds:  95.57700705528259
block number:  30 Start-End 3000 3100   time taken in seconds:  77.09136652946472
block number:  31 Start-End 3100 3200   time taken in seconds:  82.4576632976532
block number:  32 Start-End 3200 3300   time taken in seconds:  80.73381447792053
block number:  33 Start-End 3300 3400   time taken in seconds:  76.59898447990417
block number:  34 Start-End 3400 3500   time taken in seconds:  72.91743850708008
block number:  35 Start-End 3500 3600   time taken in seconds:  91.26064777374268
block number:  36 Start-End 3600 3700   time taken in seconds:  75.85328722000122
block number:  37 Start-End 3700 3800   time taken in seconds:  86.05080270767212
block number:  38 Start-End 3800 3900   time taken in seconds:  99.5308678150177
block number:  39 Start-End 3900 4000   time taken in seconds:  78.96905159950256
block number:  40 Start-End 4000 4100   time taken in seconds:  81.20448565483093
block number:  41 Start-End 4100 4200   time taken in seconds:  85.20967984199524
block number:  42 Start-End 4200 4300   time taken in seconds:  76.50198006629944
block number:  43 Start-End 4300 4400   time taken in seconds:  82.21989321708679
block number:  44 Start-End 4400 4500   time taken in seconds:  92.77727103233337
block number:  45 Start-End 4500 4600   time taken in seconds:  77.76985216140747
block number:  46 Start-End 4600 4700   time taken in seconds:  75.74783515930176
block number:  47 Start-End 4700 4800   time taken in seconds:  86.32112860679626
block number:  48 Start-End 4800 4900   time taken in seconds:  69.43663120269775
block number:  49 Start-End 4900 5000   time taken in seconds:  74.98373055458069
block number:  50 Start-End 5000 5100   time taken in seconds:  89.63452863693237
block number:  51 Start-End 5100 5200   time taken in seconds:  83.17444396018982
block number:  52 Start-End 5200 5300   time taken in seconds:  78.26725816726685
block number:  53 Start-End 5300 5400   time taken in seconds:  79.82887077331543
block number:  54 Start-End 5400 5500   time taken in seconds:  73.95066857337952
block number:  55 Start-End 5500 5600   time taken in seconds:  77.21199536323547
block number:  56 Start-End 5600 5700   time taken in seconds:  92.47579741477966
block number:  57 Start-End 5700 5800   time taken in seconds:  83.03035473823547
block number:  58 Start-End 5800 5900   time taken in seconds:  83.66147780418396
block number:  59 Start-End 5900 6000   time taken in seconds:  78.63322591781616
block number:  60 Start-End 6000 6100   time taken in seconds:  78.81264162063599
block number:  61 Start-End 6100 6200   time taken in seconds:  81.80335664749146
block number:  62 Start-End 6200 6300   time taken in seconds:  79.98848557472229
block number:  63 Start-End 6300 6400   time taken in seconds:  79.29371452331543
block number:  64 Start-End 6400 6500   time taken in seconds:  81.79207515716553
block number:  65 Start-End 6500 6600   time taken in seconds:  75.89851570129395
block number:  66 Start-End 6600 6700   time taken in seconds:  68.09046339988708
block number:  67 Start-End 6700 6800   time taken in seconds:  79.48234868049622
block number:  68 Start-End 6800 6900   time taken in seconds:  77.71344947814941
block number:  69 Start-End 6900 7000   time taken in seconds:  77.97758603096008
block number:  70 Start-End 7000 7100   time taken in seconds:  92.93558359146118
block number:  71 Start-End 7100 7200   time taken in seconds:  86.55394172668457
block number:  72 Start-End 7200 7300   time taken in seconds:  87.59819674491882
block number:  73 Start-End 7300 7400   time taken in seconds:  91.78310513496399
block number:  74 Start-End 7400 7500   time taken in seconds:  81.29509496688843
block number:  75 Start-End 7500 7600   time taken in seconds:  77.76214790344238
block number:  76 Start-End 7600 7700   time taken in seconds:  81.32649850845337
block number:  77 Start-End 7700 7800   time taken in seconds:  76.42767429351807
block number:  78 Start-End 7800 7900   time taken in seconds:  78.60616898536682
block number:  79 Start-End 7900 8000   time taken in seconds:  78.51528191566467
block number:  80 Start-End 8000 8100   time taken in seconds:  80.82924723625183
block number:  81 Start-End 8100 8200   time taken in seconds:  82.00933694839478
block number:  82 Start-End 8200 8300   time taken in seconds:  73.82834148406982
block number:  83 Start-End 8300 8400   time taken in seconds:  80.16381454467773
block number:  84 Start-End 8400 8500   time taken in seconds:  83.35976696014404
block number:  85 Start-End 8500 8600   time taken in seconds:  83.22662663459778
block number:  86 Start-End 8600 8700   time taken in seconds:  87.52878832817078
block number:  87 Start-End 8700 8800   time taken in seconds:  80.3262722492218
block number:  88 Start-End 8800 8900   time taken in seconds:  73.24093723297119
block number:  89 Start-End 8900 9000   time taken in seconds:  89.71468710899353
block number:  90 Start-End 9000 9100   time taken in seconds:  76.60125041007996
block number:  91 Start-End 9100 9200   time taken in seconds:  81.85827970504761
block number:  92 Start-End 9200 9300   time taken in seconds:  75.89759874343872
block number:  93 Start-End 9300 9400   time taken in seconds:  74.82765555381775
block number:  94 Start-End 9400 9500   time taken in seconds:  79.87189316749573
block number:  95 Start-End 9500 9600   time taken in seconds:  82.23176336288452
block number:  96 Start-End 9600 9700   time taken in seconds:  88.42515587806702
block number:  97 Start-End 9700 9800   time taken in seconds:  84.58501362800598
block number:  98 Start-End 9800 9900   time taken in seconds:  76.51132154464722
block number:  99 Start-End 9900 10000   time taken in seconds:  79.59468364715576
block number:  100 Start-End 10000 10100   time taken in seconds:  75.64964365959167
block number:  101 Start-End 10100 10200   time taken in seconds:  82.7530210018158
block number:  102 Start-End 10200 10300   time taken in seconds:  80.18820643424988
block number:  103 Start-End 10300 None   time taken in seconds:  65.02409362792969
Number of samples after bg: 872 
Number of temp files written 218
Time taken for concatenating temp files 416.00858449935913
Data shape after read:	x:(110081, 60, 10, 20)	y:(110081,)	wts:(110081,)
Data shape after format:	x:(110081, 10, 20, 60, 1)	y:(110081,)
Time taken in minutes  152.72465334733326
Type of data:	 reserved
7593 57635
Type:  sig
Number of blocks 76
block number:  0 Start-End 0 100   time taken in seconds:  5.056214809417725
block number:  1 Start-End 100 200   time taken in seconds:  2.2408392429351807
block number:  2 Start-End 200 300   time taken in seconds:  2.1011714935302734
block number:  3 Start-End 300 400   time taken in seconds:  3.862783432006836
block number:  4 Start-End 400 500   time taken in seconds:  2.390054941177368
block number:  5 Start-End 500 600   time taken in seconds:  4.554851055145264
block number:  6 Start-End 600 700   time taken in seconds:  2.360671043395996
block number:  7 Start-End 700 800   time taken in seconds:  7.350137710571289
block number:  8 Start-End 800 900   time taken in seconds:  2.2493913173675537
block number:  9 Start-End 900 1000   time taken in seconds:  2.3656468391418457
block number:  10 Start-End 1000 1100   time taken in seconds:  3.1598258018493652
block number:  11 Start-End 1100 1200   time taken in seconds:  2.3193938732147217
block number:  12 Start-End 1200 1300   time taken in seconds:  2.3898792266845703
block number:  13 Start-End 1300 1400   time taken in seconds:  2.275545120239258
block number:  14 Start-End 1400 1500   time taken in seconds:  2.2501282691955566
block number:  15 Start-End 1500 1600   time taken in seconds:  2.448714256286621
block number:  16 Start-End 1600 1700   time taken in seconds:  2.5037617683410645
block number:  17 Start-End 1700 1800   time taken in seconds:  2.2959048748016357
block number:  18 Start-End 1800 1900   time taken in seconds:  2.2996814250946045
block number:  19 Start-End 1900 2000   time taken in seconds:  2.2619335651397705
block number:  20 Start-End 2000 2100   time taken in seconds:  2.2205235958099365
block number:  21 Start-End 2100 2200   time taken in seconds:  2.2523605823516846
block number:  22 Start-End 2200 2300   time taken in seconds:  2.410668134689331
block number:  23 Start-End 2300 2400   time taken in seconds:  2.211254119873047
block number:  24 Start-End 2400 2500   time taken in seconds:  2.426236867904663
block number:  25 Start-End 2500 2600   time taken in seconds:  2.2460482120513916
block number:  26 Start-End 2600 2700   time taken in seconds:  2.2504923343658447
block number:  27 Start-End 2700 2800   time taken in seconds:  2.7206029891967773
block number:  28 Start-End 2800 2900   time taken in seconds:  2.1397666931152344
block number:  29 Start-End 2900 3000   time taken in seconds:  2.263145923614502
block number:  30 Start-End 3000 3100   time taken in seconds:  2.742579460144043
block number:  31 Start-End 3100 3200   time taken in seconds:  2.1547062397003174
block number:  32 Start-End 3200 3300   time taken in seconds:  2.2524189949035645
block number:  33 Start-End 3300 3400   time taken in seconds:  2.418926239013672
block number:  34 Start-End 3400 3500   time taken in seconds:  2.3683111667633057
block number:  35 Start-End 3500 3600   time taken in seconds:  2.302278518676758
block number:  36 Start-End 3600 3700   time taken in seconds:  2.3112854957580566
block number:  37 Start-End 3700 3800   time taken in seconds:  2.110214948654175
block number:  38 Start-End 3800 3900   time taken in seconds:  2.483348846435547
block number:  39 Start-End 3900 4000   time taken in seconds:  2.3561336994171143
block number:  40 Start-End 4000 4100   time taken in seconds:  2.2339389324188232
block number:  41 Start-End 4100 4200   time taken in seconds:  2.1827616691589355
block number:  42 Start-End 4200 4300   time taken in seconds:  2.210376024246216
block number:  43 Start-End 4300 4400   time taken in seconds:  2.338240146636963
block number:  44 Start-End 4400 4500   time taken in seconds:  2.194206476211548
block number:  45 Start-End 4500 4600   time taken in seconds:  2.216679573059082
block number:  46 Start-End 4600 4700   time taken in seconds:  2.295374631881714
block number:  47 Start-End 4700 4800   time taken in seconds:  2.214078187942505
block number:  48 Start-End 4800 4900   time taken in seconds:  2.5215470790863037
block number:  49 Start-End 4900 5000   time taken in seconds:  6.623697757720947
block number:  50 Start-End 5000 5100   time taken in seconds:  2.3253471851348877
block number:  51 Start-End 5100 5200   time taken in seconds:  2.3903932571411133
block number:  52 Start-End 5200 5300   time taken in seconds:  2.2840845584869385
block number:  53 Start-End 5300 5400   time taken in seconds:  2.533247709274292
block number:  54 Start-End 5400 5500   time taken in seconds:  2.1826348304748535
block number:  55 Start-End 5500 5600   time taken in seconds:  2.34269642829895
block number:  56 Start-End 5600 5700   time taken in seconds:  2.286874532699585
block number:  57 Start-End 5700 5800   time taken in seconds:  2.512144088745117
block number:  58 Start-End 5800 5900   time taken in seconds:  2.379307270050049
block number:  59 Start-End 5900 6000   time taken in seconds:  2.44673490524292
block number:  60 Start-End 6000 6100   time taken in seconds:  2.071620225906372
block number:  61 Start-End 6100 6200   time taken in seconds:  2.089845657348633
block number:  62 Start-End 6200 6300   time taken in seconds:  2.257223606109619
block number:  63 Start-End 6300 6400   time taken in seconds:  2.228767156600952
block number:  64 Start-End 6400 6500   time taken in seconds:  2.6591548919677734
block number:  65 Start-End 6500 6600   time taken in seconds:  2.2558419704437256
block number:  66 Start-End 6600 6700   time taken in seconds:  11.27607798576355
block number:  67 Start-End 6700 6800   time taken in seconds:  2.4273881912231445
block number:  68 Start-End 6800 6900   time taken in seconds:  2.320858955383301
block number:  69 Start-End 6900 7000   time taken in seconds:  2.1556944847106934
block number:  70 Start-End 7000 7100   time taken in seconds:  2.4911980628967285
block number:  71 Start-End 7100 7200   time taken in seconds:  2.5041537284851074
block number:  72 Start-End 7200 7300   time taken in seconds:  2.3911471366882324
block number:  73 Start-End 7300 7400   time taken in seconds:  2.3618040084838867
block number:  74 Start-End 7400 7500   time taken in seconds:  2.2735564708709717
block number:  75 Start-End 7500 None   time taken in seconds:  2.1870195865631104
Number of samples after sig: 2 
Type:  bg
Number of blocks 577
block number:  0 Start-End 0 100   time taken in seconds:  100.87381362915039
block number:  1 Start-End 100 200   time taken in seconds:  100.64838767051697
block number:  2 Start-End 200 300   time taken in seconds:  102.19665741920471
block number:  3 Start-End 300 400   time taken in seconds:  104.59542107582092
block number:  4 Start-End 400 500   time taken in seconds:  101.7375922203064
block number:  5 Start-End 500 600   time taken in seconds:  100.35913228988647
block number:  6 Start-End 600 700   time taken in seconds:  97.20172333717346
block number:  7 Start-End 700 800   time taken in seconds:  97.64438366889954
block number:  8 Start-End 800 900   time taken in seconds:  92.32342648506165
block number:  9 Start-End 900 1000   time taken in seconds:  97.30904269218445
block number:  10 Start-End 1000 1100   time taken in seconds:  101.20667958259583
block number:  11 Start-End 1100 1200   time taken in seconds:  97.16551923751831
block number:  12 Start-End 1200 1300   time taken in seconds:  103.62418031692505
block number:  13 Start-End 1300 1400   time taken in seconds:  96.25418853759766
block number:  14 Start-End 1400 1500   time taken in seconds:  99.4658374786377
block number:  15 Start-End 1500 1600   time taken in seconds:  95.13762617111206
block number:  16 Start-End 1600 1700   time taken in seconds:  93.47958850860596
block number:  17 Start-End 1700 1800   time taken in seconds:  95.96040344238281
block number:  18 Start-End 1800 1900   time taken in seconds:  91.70548343658447
block number:  19 Start-End 1900 2000   time taken in seconds:  97.51931810379028
block number:  20 Start-End 2000 2100   time taken in seconds:  98.58803582191467
block number:  21 Start-End 2100 2200   time taken in seconds:  95.841064453125
block number:  22 Start-End 2200 2300   time taken in seconds:  95.82137608528137
block number:  23 Start-End 2300 2400   time taken in seconds:  96.94504523277283
block number:  24 Start-End 2400 2500   time taken in seconds:  112.81105136871338
block number:  25 Start-End 2500 2600   time taken in seconds:  105.76021122932434
block number:  26 Start-End 2600 2700   time taken in seconds:  106.06319832801819
block number:  27 Start-End 2700 2800   time taken in seconds:  101.48414206504822
block number:  28 Start-End 2800 2900   time taken in seconds:  103.86405825614929
block number:  29 Start-End 2900 3000   time taken in seconds:  99.68135619163513
block number:  30 Start-End 3000 3100   time taken in seconds:  95.40971374511719
block number:  31 Start-End 3100 3200   time taken in seconds:  102.65672016143799
block number:  32 Start-End 3200 3300   time taken in seconds:  95.09546065330505
block number:  33 Start-End 3300 3400   time taken in seconds:  99.7883996963501
block number:  34 Start-End 3400 3500   time taken in seconds:  96.72204661369324
block number:  35 Start-End 3500 3600   time taken in seconds:  98.25255918502808
block number:  36 Start-End 3600 3700   time taken in seconds:  100.9244453907013
block number:  37 Start-End 3700 3800   time taken in seconds:  102.25234293937683
block number:  38 Start-End 3800 3900   time taken in seconds:  100.86430668830872
block number:  39 Start-End 3900 4000   time taken in seconds:  93.73936629295349
block number:  40 Start-End 4000 4100   time taken in seconds:  100.22034478187561
block number:  41 Start-End 4100 4200   time taken in seconds:  97.16933107376099
block number:  42 Start-End 4200 4300   time taken in seconds:  96.76423478126526
block number:  43 Start-End 4300 4400   time taken in seconds:  98.35127210617065
block number:  44 Start-End 4400 4500   time taken in seconds:  101.91420984268188
block number:  45 Start-End 4500 4600   time taken in seconds:  96.37606048583984
block number:  46 Start-End 4600 4700   time taken in seconds:  101.13514161109924
block number:  47 Start-End 4700 4800   time taken in seconds:  96.77318906784058
block number:  48 Start-End 4800 4900   time taken in seconds:  101.68407869338989
block number:  49 Start-End 4900 5000   time taken in seconds:  93.58877110481262
block number:  50 Start-End 5000 5100   time taken in seconds:  96.90815854072571
block number:  51 Start-End 5100 5200   time taken in seconds:  97.95990252494812
block number:  52 Start-End 5200 5300   time taken in seconds:  98.35537958145142
block number:  53 Start-End 5300 5400   time taken in seconds:  99.15526747703552
block number:  54 Start-End 5400 5500   time taken in seconds:  100.47184085845947
block number:  55 Start-End 5500 5600   time taken in seconds:  97.05501437187195
block number:  56 Start-End 5600 5700   time taken in seconds:  100.01316237449646
block number:  57 Start-End 5700 5800   time taken in seconds:  94.54946804046631
block number:  58 Start-End 5800 5900   time taken in seconds:  100.35236692428589
block number:  59 Start-End 5900 6000   time taken in seconds:  101.0721344947815
block number:  60 Start-End 6000 6100   time taken in seconds:  106.75848627090454
block number:  61 Start-End 6100 6200   time taken in seconds:  95.37412548065186
block number:  62 Start-End 6200 6300   time taken in seconds:  103.74037599563599
block number:  63 Start-End 6300 6400   time taken in seconds:  103.60922145843506
block number:  64 Start-End 6400 6500   time taken in seconds:  97.6099009513855
block number:  65 Start-End 6500 6600   time taken in seconds:  103.56882190704346
block number:  66 Start-End 6600 6700   time taken in seconds:  97.74524927139282
block number:  67 Start-End 6700 6800   time taken in seconds:  98.70988750457764
block number:  68 Start-End 6800 6900   time taken in seconds:  98.3528983592987
block number:  69 Start-End 6900 7000   time taken in seconds:  91.8041124343872
block number:  70 Start-End 7000 7100   time taken in seconds:  92.87105369567871
block number:  71 Start-End 7100 7200   time taken in seconds:  106.38472604751587
block number:  72 Start-End 7200 7300   time taken in seconds:  111.52856183052063
block number:  73 Start-End 7300 7400   time taken in seconds:  94.00573396682739
block number:  74 Start-End 7400 7500   time taken in seconds:  94.08310437202454
block number:  75 Start-End 7500 7600   time taken in seconds:  105.1661286354065
block number:  76 Start-End 7600 7700   time taken in seconds:  94.13892364501953
block number:  77 Start-End 7700 7800   time taken in seconds:  100.9900712966919
block number:  78 Start-End 7800 7900   time taken in seconds:  97.56861305236816
block number:  79 Start-End 7900 8000   time taken in seconds:  99.67603087425232
block number:  80 Start-End 8000 8100   time taken in seconds:  100.20969605445862
block number:  81 Start-End 8100 8200   time taken in seconds:  100.3290753364563
block number:  82 Start-End 8200 8300   time taken in seconds:  97.15133929252625
block number:  83 Start-End 8300 8400   time taken in seconds:  93.19024324417114
block number:  84 Start-End 8400 8500   time taken in seconds:  97.53945422172546
block number:  85 Start-End 8500 8600   time taken in seconds:  104.71509599685669
block number:  86 Start-End 8600 8700   time taken in seconds:  99.64618635177612
block number:  87 Start-End 8700 8800   time taken in seconds:  99.6289894580841
block number:  88 Start-End 8800 8900   time taken in seconds:  106.16064596176147
block number:  89 Start-End 8900 9000   time taken in seconds:  98.84409856796265
block number:  90 Start-End 9000 9100   time taken in seconds:  102.10674118995667
block number:  91 Start-End 9100 9200   time taken in seconds:  104.96385025978088
block number:  92 Start-End 9200 9300   time taken in seconds:  107.42937207221985
block number:  93 Start-End 9300 9400   time taken in seconds:  102.51692366600037
block number:  94 Start-End 9400 9500   time taken in seconds:  104.0861005783081
block number:  95 Start-End 9500 9600   time taken in seconds:  100.68363523483276
block number:  96 Start-End 9600 9700   time taken in seconds:  103.07280921936035
block number:  97 Start-End 9700 9800   time taken in seconds:  100.08989262580872
block number:  98 Start-End 9800 9900   time taken in seconds:  96.37794756889343
block number:  99 Start-End 9900 10000   time taken in seconds:  98.94129014015198
block number:  100 Start-End 10000 10100   time taken in seconds:  101.35722231864929
block number:  101 Start-End 10100 10200   time taken in seconds:  101.613107919693
block number:  102 Start-End 10200 10300   time taken in seconds:  99.9439606666565
block number:  103 Start-End 10300 10400   time taken in seconds:  104.19062733650208
block number:  104 Start-End 10400 10500   time taken in seconds:  107.104336977005
block number:  105 Start-End 10500 10600   time taken in seconds:  94.9008276462555
block number:  106 Start-End 10600 10700   time taken in seconds:  103.16097259521484
block number:  107 Start-End 10700 10800   time taken in seconds:  98.13022589683533
block number:  108 Start-End 10800 10900   time taken in seconds:  99.73492193222046
block number:  109 Start-End 10900 11000   time taken in seconds:  109.32730674743652
block number:  110 Start-End 11000 11100   time taken in seconds:  108.95246720314026
block number:  111 Start-End 11100 11200   time taken in seconds:  105.59878206253052
block number:  112 Start-End 11200 11300   time taken in seconds:  111.82399988174438
block number:  113 Start-End 11300 11400   time taken in seconds:  97.61563444137573
block number:  114 Start-End 11400 11500   time taken in seconds:  100.29517459869385
block number:  115 Start-End 11500 11600   time taken in seconds:  103.1632661819458
block number:  116 Start-End 11600 11700   time taken in seconds:  101.8770227432251
block number:  117 Start-End 11700 11800   time taken in seconds:  102.8473596572876
block number:  118 Start-End 11800 11900   time taken in seconds:  99.23756074905396
block number:  119 Start-End 11900 12000   time taken in seconds:  103.91078877449036
block number:  120 Start-End 12000 12100   time taken in seconds:  96.29127526283264
block number:  121 Start-End 12100 12200   time taken in seconds:  118.3942928314209
block number:  122 Start-End 12200 12300   time taken in seconds:  96.57082200050354
block number:  123 Start-End 12300 12400   time taken in seconds:  106.16623854637146
block number:  124 Start-End 12400 12500   time taken in seconds:  98.21004033088684
block number:  125 Start-End 12500 12600   time taken in seconds:  101.8876256942749
block number:  126 Start-End 12600 12700   time taken in seconds:  102.42704153060913
block number:  127 Start-End 12700 12800   time taken in seconds:  104.02832818031311
block number:  128 Start-End 12800 12900   time taken in seconds:  100.52875256538391
block number:  129 Start-End 12900 13000   time taken in seconds:  97.43688488006592
block number:  130 Start-End 13000 13100   time taken in seconds:  97.73369908332825
block number:  131 Start-End 13100 13200   time taken in seconds:  96.43239665031433
block number:  132 Start-End 13200 13300   time taken in seconds:  104.08450984954834
block number:  133 Start-End 13300 13400   time taken in seconds:  96.68024802207947
block number:  134 Start-End 13400 13500   time taken in seconds:  97.38168144226074
block number:  135 Start-End 13500 13600   time taken in seconds:  101.25463652610779
block number:  136 Start-End 13600 13700   time taken in seconds:  99.16328859329224
block number:  137 Start-End 13700 13800   time taken in seconds:  93.63510298728943
block number:  138 Start-End 13800 13900   time taken in seconds:  95.74503564834595
block number:  139 Start-End 13900 14000   time taken in seconds:  97.5421085357666
block number:  140 Start-End 14000 14100   time taken in seconds:  97.30105900764465
block number:  141 Start-End 14100 14200   time taken in seconds:  102.35874223709106
block number:  142 Start-End 14200 14300   time taken in seconds:  99.64301919937134
block number:  143 Start-End 14300 14400   time taken in seconds:  93.21171283721924
block number:  144 Start-End 14400 14500   time taken in seconds:  94.42898631095886
block number:  145 Start-End 14500 14600   time taken in seconds:  99.8375678062439
block number:  146 Start-End 14600 14700   time taken in seconds:  98.97520518302917
block number:  147 Start-End 14700 14800   time taken in seconds:  96.00141286849976
block number:  148 Start-End 14800 14900   time taken in seconds:  99.19299793243408
block number:  149 Start-End 14900 15000   time taken in seconds:  97.14604496955872
block number:  150 Start-End 15000 15100   time taken in seconds:  101.80156636238098
block number:  151 Start-End 15100 15200   time taken in seconds:  102.161212682724
block number:  152 Start-End 15200 15300   time taken in seconds:  95.00402355194092
block number:  153 Start-End 15300 15400   time taken in seconds:  101.09009718894958
block number:  154 Start-End 15400 15500   time taken in seconds:  95.59898257255554
block number:  155 Start-End 15500 15600   time taken in seconds:  103.15050530433655
block number:  156 Start-End 15600 15700   time taken in seconds:  101.42375111579895
block number:  157 Start-End 15700 15800   time taken in seconds:  99.41972780227661
block number:  158 Start-End 15800 15900   time taken in seconds:  99.42806458473206
block number:  159 Start-End 15900 16000   time taken in seconds:  100.604811668396
block number:  160 Start-End 16000 16100   time taken in seconds:  97.16146349906921
block number:  161 Start-End 16100 16200   time taken in seconds:  100.19178557395935
block number:  162 Start-End 16200 16300   time taken in seconds:  97.75252294540405
block number:  163 Start-End 16300 16400   time taken in seconds:  98.29740238189697
block number:  164 Start-End 16400 16500   time taken in seconds:  101.60994172096252
block number:  165 Start-End 16500 16600   time taken in seconds:  96.80068063735962
block number:  166 Start-End 16600 16700   time taken in seconds:  99.18512010574341
block number:  167 Start-End 16700 16800   time taken in seconds:  97.6663966178894
block number:  168 Start-End 16800 16900   time taken in seconds:  95.0521776676178
block number:  169 Start-End 16900 17000   time taken in seconds:  99.62350702285767
block number:  170 Start-End 17000 17100   time taken in seconds:  98.56528210639954
block number:  171 Start-End 17100 17200   time taken in seconds:  99.31971979141235
block number:  172 Start-End 17200 17300   time taken in seconds:  99.96759605407715
block number:  173 Start-End 17300 17400   time taken in seconds:  100.84940075874329
block number:  174 Start-End 17400 17500   time taken in seconds:  95.21069622039795
block number:  175 Start-End 17500 17600   time taken in seconds:  95.13539552688599
block number:  176 Start-End 17600 17700   time taken in seconds:  95.6439299583435
block number:  177 Start-End 17700 17800   time taken in seconds:  92.23653626441956
block number:  178 Start-End 17800 17900   time taken in seconds:  98.15557956695557
block number:  179 Start-End 17900 18000   time taken in seconds:  95.40345644950867
block number:  180 Start-End 18000 18100   time taken in seconds:  97.95063161849976
block number:  181 Start-End 18100 18200   time taken in seconds:  90.88671779632568
block number:  182 Start-End 18200 18300   time taken in seconds:  102.11429738998413
block number:  183 Start-End 18300 18400   time taken in seconds:  100.0918025970459
block number:  184 Start-End 18400 18500   time taken in seconds:  102.79428911209106
block number:  185 Start-End 18500 18600   time taken in seconds:  99.32875227928162
block number:  186 Start-End 18600 18700   time taken in seconds:  95.27367043495178
block number:  187 Start-End 18700 18800   time taken in seconds:  96.62092447280884
block number:  188 Start-End 18800 18900   time taken in seconds:  101.8113648891449
block number:  189 Start-End 18900 19000   time taken in seconds:  100.85959649085999
block number:  190 Start-End 19000 19100   time taken in seconds:  99.2650556564331
block number:  191 Start-End 19100 19200   time taken in seconds:  99.5375497341156
block number:  192 Start-End 19200 19300   time taken in seconds:  105.71646046638489
block number:  193 Start-End 19300 19400   time taken in seconds:  93.41283965110779
block number:  194 Start-End 19400 19500   time taken in seconds:  100.924973487854
block number:  195 Start-End 19500 19600   time taken in seconds:  99.13891768455505
block number:  196 Start-End 19600 19700   time taken in seconds:  97.59692120552063
block number:  197 Start-End 19700 19800   time taken in seconds:  98.32905650138855
block number:  198 Start-End 19800 19900   time taken in seconds:  98.76065230369568
block number:  199 Start-End 19900 20000   time taken in seconds:  95.25781035423279
block number:  200 Start-End 20000 20100   time taken in seconds:  101.59558510780334
block number:  201 Start-End 20100 20200   time taken in seconds:  101.0206892490387
block number:  202 Start-End 20200 20300   time taken in seconds:  93.20924615859985
block number:  203 Start-End 20300 20400   time taken in seconds:  95.81966543197632
block number:  204 Start-End 20400 20500   time taken in seconds:  102.35230612754822
block number:  205 Start-End 20500 20600   time taken in seconds:  102.93508768081665
block number:  206 Start-End 20600 20700   time taken in seconds:  99.62152934074402
block number:  207 Start-End 20700 20800   time taken in seconds:  99.9281816482544
block number:  208 Start-End 20800 20900   time taken in seconds:  105.07987642288208
block number:  209 Start-End 20900 21000   time taken in seconds:  106.68367624282837
block number:  210 Start-End 21000 21100   time taken in seconds:  97.53703927993774
block number:  211 Start-End 21100 21200   time taken in seconds:  92.84462976455688
block number:  212 Start-End 21200 21300   time taken in seconds:  93.26058340072632
block number:  213 Start-End 21300 21400   time taken in seconds:  92.59143543243408
block number:  214 Start-End 21400 21500   time taken in seconds:  96.00554990768433
block number:  215 Start-End 21500 21600   time taken in seconds:  100.13621377944946
block number:  216 Start-End 21600 21700   time taken in seconds:  96.78845572471619
block number:  217 Start-End 21700 21800   time taken in seconds:  100.22722101211548
block number:  218 Start-End 21800 21900   time taken in seconds:  93.90241742134094
block number:  219 Start-End 21900 22000   time taken in seconds:  97.04570508003235
block number:  220 Start-End 22000 22100   time taken in seconds:  86.30345964431763
block number:  221 Start-End 22100 22200   time taken in seconds:  93.19099187850952
block number:  222 Start-End 22200 22300   time taken in seconds:  94.77713942527771
block number:  223 Start-End 22300 22400   time taken in seconds:  89.6562750339508
block number:  224 Start-End 22400 22500   time taken in seconds:  98.69283962249756
block number:  225 Start-End 22500 22600   time taken in seconds:  106.08929681777954
block number:  226 Start-End 22600 22700   time taken in seconds:  94.45222592353821
block number:  227 Start-End 22700 22800   time taken in seconds:  92.39473986625671
block number:  228 Start-End 22800 22900   time taken in seconds:  91.6005277633667
block number:  229 Start-End 22900 23000   time taken in seconds:  91.67941117286682
block number:  230 Start-End 23000 23100   time taken in seconds:  97.0230803489685
block number:  231 Start-End 23100 23200   time taken in seconds:  93.5495994091034
block number:  232 Start-End 23200 23300   time taken in seconds:  93.68192958831787
block number:  233 Start-End 23300 23400   time taken in seconds:  99.01567697525024
block number:  234 Start-End 23400 23500   time taken in seconds:  98.01433968544006
block number:  235 Start-End 23500 23600   time taken in seconds:  96.78855538368225
block number:  236 Start-End 23600 23700   time taken in seconds:  118.29589915275574
block number:  237 Start-End 23700 23800   time taken in seconds:  105.91843771934509
block number:  238 Start-End 23800 23900   time taken in seconds:  99.51014924049377
block number:  239 Start-End 23900 24000   time taken in seconds:  94.52531623840332
block number:  240 Start-End 24000 24100   time taken in seconds:  92.54782724380493
block number:  241 Start-End 24100 24200   time taken in seconds:  94.66535878181458
block number:  242 Start-End 24200 24300   time taken in seconds:  92.06602120399475
block number:  243 Start-End 24300 24400   time taken in seconds:  94.87691712379456
block number:  244 Start-End 24400 24500   time taken in seconds:  94.86243391036987
block number:  245 Start-End 24500 24600   time taken in seconds:  93.32336044311523
block number:  246 Start-End 24600 24700   time taken in seconds:  93.74514770507812
block number:  247 Start-End 24700 24800   time taken in seconds:  95.3205177783966
block number:  248 Start-End 24800 24900   time taken in seconds:  94.00809216499329
block number:  249 Start-End 24900 25000   time taken in seconds:  95.00946640968323
block number:  250 Start-End 25000 25100   time taken in seconds:  98.19102001190186
block number:  251 Start-End 25100 25200   time taken in seconds:  99.8335485458374
block number:  252 Start-End 25200 25300   time taken in seconds:  94.98328232765198
block number:  253 Start-End 25300 25400   time taken in seconds:  96.35115718841553
block number:  254 Start-End 25400 25500   time taken in seconds:  96.33512234687805
block number:  255 Start-End 25500 25600   time taken in seconds:  88.51243805885315
block number:  256 Start-End 25600 25700   time taken in seconds:  95.98784613609314
block number:  257 Start-End 25700 25800   time taken in seconds:  100.69690179824829
block number:  258 Start-End 25800 25900   time taken in seconds:  98.62490439414978
block number:  259 Start-End 25900 26000   time taken in seconds:  87.7650089263916
block number:  260 Start-End 26000 26100   time taken in seconds:  90.11047768592834
block number:  261 Start-End 26100 26200   time taken in seconds:  92.32700085639954
block number:  262 Start-End 26200 26300   time taken in seconds:  92.10856938362122
block number:  263 Start-End 26300 26400   time taken in seconds:  98.40724086761475
block number:  264 Start-End 26400 26500   time taken in seconds:  94.24994230270386
block number:  265 Start-End 26500 26600   time taken in seconds:  105.34748315811157
block number:  266 Start-End 26600 26700   time taken in seconds:  96.16348075866699
block number:  267 Start-End 26700 26800   time taken in seconds:  87.97806525230408
block number:  268 Start-End 26800 26900   time taken in seconds:  92.78591585159302
block number:  269 Start-End 26900 27000   time taken in seconds:  100.21675753593445
block number:  270 Start-End 27000 27100   time taken in seconds:  96.65743136405945
block number:  271 Start-End 27100 27200   time taken in seconds:  90.30092740058899
block number:  272 Start-End 27200 27300   time taken in seconds:  101.2860221862793
block number:  273 Start-End 27300 27400   time taken in seconds:  89.38576626777649
block number:  274 Start-End 27400 27500   time taken in seconds:  97.24768543243408
block number:  275 Start-End 27500 27600   time taken in seconds:  96.21260857582092
block number:  276 Start-End 27600 27700   time taken in seconds:  94.11326313018799
block number:  277 Start-End 27700 27800   time taken in seconds:  91.89453363418579
block number:  278 Start-End 27800 27900   time taken in seconds:  91.383455991745
block number:  279 Start-End 27900 28000   time taken in seconds:  95.68562817573547
block number:  280 Start-End 28000 28100   time taken in seconds:  92.53472638130188
block number:  281 Start-End 28100 28200   time taken in seconds:  95.0810284614563
block number:  282 Start-End 28200 28300   time taken in seconds:  95.04525518417358
block number:  283 Start-End 28300 28400   time taken in seconds:  93.75821352005005
block number:  284 Start-End 28400 28500   time taken in seconds:  95.80833148956299
block number:  285 Start-End 28500 28600   time taken in seconds:  92.07067060470581
block number:  286 Start-End 28600 28700   time taken in seconds:  90.80559062957764
block number:  287 Start-End 28700 28800   time taken in seconds:  87.42205905914307
block number:  288 Start-End 28800 28900   time taken in seconds:  96.55080723762512
block number:  289 Start-End 28900 29000   time taken in seconds:  92.57604789733887
block number:  290 Start-End 29000 29100   time taken in seconds:  92.6606297492981
block number:  291 Start-End 29100 29200   time taken in seconds:  95.48908948898315
block number:  292 Start-End 29200 29300   time taken in seconds:  95.67772245407104
block number:  293 Start-End 29300 29400   time taken in seconds:  93.69835567474365
block number:  294 Start-End 29400 29500   time taken in seconds:  96.13628649711609
block number:  295 Start-End 29500 29600   time taken in seconds:  87.12765669822693
block number:  296 Start-End 29600 29700   time taken in seconds:  93.1116373538971
block number:  297 Start-End 29700 29800   time taken in seconds:  95.3275306224823
block number:  298 Start-End 29800 29900   time taken in seconds:  93.9726095199585
block number:  299 Start-End 29900 30000   time taken in seconds:  97.8044068813324
block number:  300 Start-End 30000 30100   time taken in seconds:  92.54949998855591
block number:  301 Start-End 30100 30200   time taken in seconds:  95.04663252830505
block number:  302 Start-End 30200 30300   time taken in seconds:  93.45795440673828
block number:  303 Start-End 30300 30400   time taken in seconds:  95.41859865188599
block number:  304 Start-End 30400 30500   time taken in seconds:  91.17884016036987
block number:  305 Start-End 30500 30600   time taken in seconds:  89.98705887794495
block number:  306 Start-End 30600 30700   time taken in seconds:  94.20207452774048
block number:  307 Start-End 30700 30800   time taken in seconds:  95.12507748603821
block number:  308 Start-End 30800 30900   time taken in seconds:  86.36718654632568
block number:  309 Start-End 30900 31000   time taken in seconds:  93.61048007011414
block number:  310 Start-End 31000 31100   time taken in seconds:  93.96620345115662
block number:  311 Start-End 31100 31200   time taken in seconds:  88.95873689651489
block number:  312 Start-End 31200 31300   time taken in seconds:  96.57608008384705
block number:  313 Start-End 31300 31400   time taken in seconds:  93.39843988418579
block number:  314 Start-End 31400 31500   time taken in seconds:  89.97024345397949
block number:  315 Start-End 31500 31600   time taken in seconds:  91.27895641326904
block number:  316 Start-End 31600 31700   time taken in seconds:  92.90039134025574
block number:  317 Start-End 31700 31800   time taken in seconds:  93.95822095870972
block number:  318 Start-End 31800 31900   time taken in seconds:  93.61292552947998
block number:  319 Start-End 31900 32000   time taken in seconds:  94.86064410209656
block number:  320 Start-End 32000 32100   time taken in seconds:  99.4484190940857
block number:  321 Start-End 32100 32200   time taken in seconds:  94.25749135017395
block number:  322 Start-End 32200 32300   time taken in seconds:  92.44886016845703
block number:  323 Start-End 32300 32400   time taken in seconds:  91.71313118934631
block number:  324 Start-End 32400 32500   time taken in seconds:  95.26225161552429
block number:  325 Start-End 32500 32600   time taken in seconds:  94.73079705238342
block number:  326 Start-End 32600 32700   time taken in seconds:  102.71080946922302
block number:  327 Start-End 32700 32800   time taken in seconds:  102.47279024124146
block number:  328 Start-End 32800 32900   time taken in seconds:  105.61942911148071
block number:  329 Start-End 32900 33000   time taken in seconds:  111.59351706504822
block number:  330 Start-End 33000 33100   time taken in seconds:  96.15630602836609
block number:  331 Start-End 33100 33200   time taken in seconds:  88.24109673500061
block number:  332 Start-End 33200 33300   time taken in seconds:  95.08703064918518
block number:  333 Start-End 33300 33400   time taken in seconds:  95.89563584327698
block number:  334 Start-End 33400 33500   time taken in seconds:  97.02346754074097
block number:  335 Start-End 33500 33600   time taken in seconds:  87.59736657142639
block number:  336 Start-End 33600 33700   time taken in seconds:  99.80665183067322
block number:  337 Start-End 33700 33800   time taken in seconds:  98.50561690330505
block number:  338 Start-End 33800 33900   time taken in seconds:  94.15745878219604
block number:  339 Start-End 33900 34000   time taken in seconds:  90.45826649665833
block number:  340 Start-End 34000 34100   time taken in seconds:  92.99760460853577
block number:  341 Start-End 34100 34200   time taken in seconds:  92.12052369117737
block number:  342 Start-End 34200 34300   time taken in seconds:  91.62551808357239
block number:  343 Start-End 34300 34400   time taken in seconds:  89.17860531806946
block number:  344 Start-End 34400 34500   time taken in seconds:  107.76590371131897
block number:  345 Start-End 34500 34600   time taken in seconds:  91.54692792892456
block number:  346 Start-End 34600 34700   time taken in seconds:  92.66030979156494
block number:  347 Start-End 34700 34800   time taken in seconds:  94.64414191246033
block number:  348 Start-End 34800 34900   time taken in seconds:  96.81584930419922
block number:  349 Start-End 34900 35000   time taken in seconds:  93.81403422355652
block number:  350 Start-End 35000 35100   time taken in seconds:  98.91472363471985
block number:  351 Start-End 35100 35200   time taken in seconds:  98.26605939865112
block number:  352 Start-End 35200 35300   time taken in seconds:  89.19079995155334
block number:  353 Start-End 35300 35400   time taken in seconds:  93.9660325050354
block number:  354 Start-End 35400 35500   time taken in seconds:  90.62484955787659
block number:  355 Start-End 35500 35600   time taken in seconds:  94.21648049354553
block number:  356 Start-End 35600 35700   time taken in seconds:  86.56733298301697
block number:  357 Start-End 35700 35800   time taken in seconds:  91.99146509170532
block number:  358 Start-End 35800 35900   time taken in seconds:  90.67652726173401
block number:  359 Start-End 35900 36000   time taken in seconds:  104.45863723754883
block number:  360 Start-End 36000 36100   time taken in seconds:  92.04509949684143
block number:  361 Start-End 36100 36200   time taken in seconds:  98.31555724143982
block number:  362 Start-End 36200 36300   time taken in seconds:  95.21004843711853
block number:  363 Start-End 36300 36400   time taken in seconds:  93.82667303085327
block number:  364 Start-End 36400 36500   time taken in seconds:  94.46714282035828
block number:  365 Start-End 36500 36600   time taken in seconds:  94.94764113426208
block number:  366 Start-End 36600 36700   time taken in seconds:  96.59079623222351
block number:  367 Start-End 36700 36800   time taken in seconds:  98.26545739173889
block number:  368 Start-End 36800 36900   time taken in seconds:  92.61646175384521
block number:  369 Start-End 36900 37000   time taken in seconds:  89.80213618278503
block number:  370 Start-End 37000 37100   time taken in seconds:  95.67346501350403
block number:  371 Start-End 37100 37200   time taken in seconds:  94.25452923774719
block number:  372 Start-End 37200 37300   time taken in seconds:  95.01362156867981
block number:  373 Start-End 37300 37400   time taken in seconds:  93.03793001174927
block number:  374 Start-End 37400 37500   time taken in seconds:  92.87113094329834
block number:  375 Start-End 37500 37600   time taken in seconds:  93.17022657394409
block number:  376 Start-End 37600 37700   time taken in seconds:  99.36486887931824
block number:  377 Start-End 37700 37800   time taken in seconds:  95.8456244468689
block number:  378 Start-End 37800 37900   time taken in seconds:  96.2407500743866
block number:  379 Start-End 37900 38000   time taken in seconds:  96.59768843650818
block number:  380 Start-End 38000 38100   time taken in seconds:  98.74947810173035
block number:  381 Start-End 38100 38200   time taken in seconds:  98.76932430267334
block number:  382 Start-End 38200 38300   time taken in seconds:  91.04319620132446
block number:  383 Start-End 38300 38400   time taken in seconds:  92.93311381340027
block number:  384 Start-End 38400 38500   time taken in seconds:  87.19537591934204
block number:  385 Start-End 38500 38600   time taken in seconds:  98.91798281669617
block number:  386 Start-End 38600 38700   time taken in seconds:  97.35809421539307
block number:  387 Start-End 38700 38800   time taken in seconds:  99.7276759147644
block number:  388 Start-End 38800 38900   time taken in seconds:  97.99056553840637
block number:  389 Start-End 38900 39000   time taken in seconds:  101.3326005935669
block number:  390 Start-End 39000 39100   time taken in seconds:  93.41740798950195
block number:  391 Start-End 39100 39200   time taken in seconds:  101.28089189529419
block number:  392 Start-End 39200 39300   time taken in seconds:  96.20586681365967
block number:  393 Start-End 39300 39400   time taken in seconds:  100.8137423992157
block number:  394 Start-End 39400 39500   time taken in seconds:  98.38912677764893
block number:  395 Start-End 39500 39600   time taken in seconds:  95.58916234970093
block number:  396 Start-End 39600 39700   time taken in seconds:  100.33893871307373
block number:  397 Start-End 39700 39800   time taken in seconds:  93.97822451591492
block number:  398 Start-End 39800 39900   time taken in seconds:  97.23835039138794
block number:  399 Start-End 39900 40000   time taken in seconds:  93.27444744110107
block number:  400 Start-End 40000 40100   time taken in seconds:  97.81151008605957
block number:  401 Start-End 40100 40200   time taken in seconds:  90.9262969493866
block number:  402 Start-End 40200 40300   time taken in seconds:  97.15978860855103
block number:  403 Start-End 40300 40400   time taken in seconds:  95.93018960952759
block number:  404 Start-End 40400 40500   time taken in seconds:  96.11118674278259
block number:  405 Start-End 40500 40600   time taken in seconds:  98.00526142120361
block number:  406 Start-End 40600 40700   time taken in seconds:  97.13033986091614
block number:  407 Start-End 40700 40800   time taken in seconds:  93.85521197319031
block number:  408 Start-End 40800 40900   time taken in seconds:  104.55175256729126
block number:  409 Start-End 40900 41000   time taken in seconds:  97.72307467460632
block number:  410 Start-End 41000 41100   time taken in seconds:  95.20857238769531
block number:  411 Start-End 41100 41200   time taken in seconds:  90.91628289222717
block number:  412 Start-End 41200 41300   time taken in seconds:  91.58175468444824
block number:  413 Start-End 41300 41400   time taken in seconds:  90.6669671535492
block number:  414 Start-End 41400 41500   time taken in seconds:  93.15156388282776
block number:  415 Start-End 41500 41600   time taken in seconds:  94.38789296150208
block number:  416 Start-End 41600 41700   time taken in seconds:  91.13668274879456
block number:  417 Start-End 41700 41800   time taken in seconds:  93.71920418739319
block number:  418 Start-End 41800 41900   time taken in seconds:  95.068434715271
block number:  419 Start-End 41900 42000   time taken in seconds:  95.56374549865723
block number:  420 Start-End 42000 42100   time taken in seconds:  92.34994792938232
block number:  421 Start-End 42100 42200   time taken in seconds:  88.65200781822205
block number:  422 Start-End 42200 42300   time taken in seconds:  97.44482612609863
block number:  423 Start-End 42300 42400   time taken in seconds:  92.69840002059937
block number:  424 Start-End 42400 42500   time taken in seconds:  99.60387301445007
block number:  425 Start-End 42500 42600   time taken in seconds:  101.27269768714905
block number:  426 Start-End 42600 42700   time taken in seconds:  96.1081018447876
block number:  427 Start-End 42700 42800   time taken in seconds:  94.76000618934631
block number:  428 Start-End 42800 42900   time taken in seconds:  101.62920999526978
block number:  429 Start-End 42900 43000   time taken in seconds:  89.0361921787262
block number:  430 Start-End 43000 43100   time taken in seconds:  99.21236777305603
block number:  431 Start-End 43100 43200   time taken in seconds:  96.73339128494263
block number:  432 Start-End 43200 43300   time taken in seconds:  98.03504920005798
block number:  433 Start-End 43300 43400   time taken in seconds:  95.10835981369019
block number:  434 Start-End 43400 43500   time taken in seconds:  94.65916180610657
block number:  435 Start-End 43500 43600   time taken in seconds:  101.02886128425598
block number:  436 Start-End 43600 43700   time taken in seconds:  104.75251531600952
block number:  437 Start-End 43700 43800   time taken in seconds:  105.51050162315369
block number:  438 Start-End 43800 43900   time taken in seconds:  103.20642161369324
block number:  439 Start-End 43900 44000   time taken in seconds:  101.26026582717896
block number:  440 Start-End 44000 44100   time taken in seconds:  101.69481134414673
block number:  441 Start-End 44100 44200   time taken in seconds:  101.33811807632446
block number:  442 Start-End 44200 44300   time taken in seconds:  92.66802597045898
block number:  443 Start-End 44300 44400   time taken in seconds:  94.62191724777222
block number:  444 Start-End 44400 44500   time taken in seconds:  91.13740015029907
block number:  445 Start-End 44500 44600   time taken in seconds:  90.07197737693787
block number:  446 Start-End 44600 44700   time taken in seconds:  97.17377281188965
block number:  447 Start-End 44700 44800   time taken in seconds:  94.22990679740906
block number:  448 Start-End 44800 44900   time taken in seconds:  89.86264228820801
block number:  449 Start-End 44900 45000   time taken in seconds:  92.7589282989502
block number:  450 Start-End 45000 45100   time taken in seconds:  94.00174856185913
block number:  451 Start-End 45100 45200   time taken in seconds:  97.08673572540283
block number:  452 Start-End 45200 45300   time taken in seconds:  93.45188164710999
block number:  453 Start-End 45300 45400   time taken in seconds:  97.3814868927002
block number:  454 Start-End 45400 45500   time taken in seconds:  96.38176608085632
block number:  455 Start-End 45500 45600   time taken in seconds:  90.10261583328247
block number:  456 Start-End 45600 45700   time taken in seconds:  96.30619716644287
block number:  457 Start-End 45700 45800   time taken in seconds:  103.09126734733582
block number:  458 Start-End 45800 45900   time taken in seconds:  97.03435969352722
block number:  459 Start-End 45900 46000   time taken in seconds:  92.14759802818298
block number:  460 Start-End 46000 46100   time taken in seconds:  97.667653799057
block number:  461 Start-End 46100 46200   time taken in seconds:  94.62157464027405
block number:  462 Start-End 46200 46300   time taken in seconds:  94.9366397857666
block number:  463 Start-End 46300 46400   time taken in seconds:  91.33252477645874
block number:  464 Start-End 46400 46500   time taken in seconds:  97.0903754234314
block number:  465 Start-End 46500 46600   time taken in seconds:  104.41734385490417
block number:  466 Start-End 46600 46700   time taken in seconds:  105.55579328536987
block number:  467 Start-End 46700 46800   time taken in seconds:  97.59554696083069
block number:  468 Start-End 46800 46900   time taken in seconds:  88.56951451301575
block number:  469 Start-End 46900 47000   time taken in seconds:  94.78405261039734
block number:  470 Start-End 47000 47100   time taken in seconds:  104.37379670143127
block number:  471 Start-End 47100 47200   time taken in seconds:  116.80582332611084
block number:  472 Start-End 47200 47300   time taken in seconds:  108.18888735771179
block number:  473 Start-End 47300 47400   time taken in seconds:  108.43146824836731
block number:  474 Start-End 47400 47500   time taken in seconds:  114.1635229587555
block number:  475 Start-End 47500 47600   time taken in seconds:  110.85905599594116
block number:  476 Start-End 47600 47700   time taken in seconds:  108.47814607620239
block number:  477 Start-End 47700 47800   time taken in seconds:  104.30005836486816
block number:  478 Start-End 47800 47900   time taken in seconds:  105.10108661651611
block number:  479 Start-End 47900 48000   time taken in seconds:  104.57059741020203
block number:  480 Start-End 48000 48100   time taken in seconds:  97.0579149723053
block number:  481 Start-End 48100 48200   time taken in seconds:  101.40039730072021
block number:  482 Start-End 48200 48300   time taken in seconds:  96.15479183197021
block number:  483 Start-End 48300 48400   time taken in seconds:  95.38164377212524
block number:  484 Start-End 48400 48500   time taken in seconds:  99.65803861618042
block number:  485 Start-End 48500 48600   time taken in seconds:  102.01136374473572
block number:  486 Start-End 48600 48700   time taken in seconds:  108.05325078964233
block number:  487 Start-End 48700 48800   time taken in seconds:  103.83235454559326
block number:  488 Start-End 48800 48900   time taken in seconds:  100.32169818878174
block number:  489 Start-End 48900 49000   time taken in seconds:  107.26260042190552
block number:  490 Start-End 49000 49100   time taken in seconds:  104.81002044677734
block number:  491 Start-End 49100 49200   time taken in seconds:  92.84373021125793
block number:  492 Start-End 49200 49300   time taken in seconds:  97.04849290847778
block number:  493 Start-End 49300 49400   time taken in seconds:  94.08483910560608
block number:  494 Start-End 49400 49500   time taken in seconds:  99.20279145240784
block number:  495 Start-End 49500 49600   time taken in seconds:  94.80448055267334
block number:  496 Start-End 49600 49700   time taken in seconds:  103.07070446014404
block number:  497 Start-End 49700 49800   time taken in seconds:  102.3553078174591
block number:  498 Start-End 49800 49900   time taken in seconds:  91.87293243408203
block number:  499 Start-End 49900 50000   time taken in seconds:  94.86971783638
block number:  500 Start-End 50000 50100   time taken in seconds:  90.41776037216187
block number:  501 Start-End 50100 50200   time taken in seconds:  96.49239325523376
block number:  502 Start-End 50200 50300   time taken in seconds:  94.77640199661255
block number:  503 Start-End 50300 50400   time taken in seconds:  102.28423690795898
block number:  504 Start-End 50400 50500   time taken in seconds:  102.32992625236511
block number:  505 Start-End 50500 50600   time taken in seconds:  102.86914801597595
block number:  506 Start-End 50600 50700   time taken in seconds:  96.26014018058777
block number:  507 Start-End 50700 50800   time taken in seconds:  93.36784553527832
block number:  508 Start-End 50800 50900   time taken in seconds:  96.26941967010498
block number:  509 Start-End 50900 51000   time taken in seconds:  97.7338593006134
block number:  510 Start-End 51000 51100   time taken in seconds:  91.34011650085449
block number:  511 Start-End 51100 51200   time taken in seconds:  91.35787224769592
block number:  512 Start-End 51200 51300   time taken in seconds:  95.83236885070801
block number:  513 Start-End 51300 51400   time taken in seconds:  96.25183939933777
block number:  514 Start-End 51400 51500   time taken in seconds:  101.07528305053711
block number:  515 Start-End 51500 51600   time taken in seconds:  102.3388135433197
block number:  516 Start-End 51600 51700   time taken in seconds:  106.23197865486145
block number:  517 Start-End 51700 51800   time taken in seconds:  109.9774055480957
block number:  518 Start-End 51800 51900   time taken in seconds:  94.40351271629333
block number:  519 Start-End 51900 52000   time taken in seconds:  112.41615080833435
block number:  520 Start-End 52000 52100   time taken in seconds:  99.52159976959229
block number:  521 Start-End 52100 52200   time taken in seconds:  96.55724334716797
block number:  522 Start-End 52200 52300   time taken in seconds:  113.55276536941528
block number:  523 Start-End 52300 52400   time taken in seconds:  99.04809474945068
block number:  524 Start-End 52400 52500   time taken in seconds:  96.35123038291931
block number:  525 Start-End 52500 52600   time taken in seconds:  91.70520544052124
block number:  526 Start-End 52600 52700   time taken in seconds:  89.59338665008545
block number:  527 Start-End 52700 52800   time taken in seconds:  93.87967085838318
block number:  528 Start-End 52800 52900   time taken in seconds:  100.65095591545105
block number:  529 Start-End 52900 53000   time taken in seconds:  96.79325914382935
block number:  530 Start-End 53000 53100   time taken in seconds:  97.94306898117065
block number:  531 Start-End 53100 53200   time taken in seconds:  94.52793264389038
block number:  532 Start-End 53200 53300   time taken in seconds:  95.2522783279419
block number:  533 Start-End 53300 53400   time taken in seconds:  93.79661893844604
block number:  534 Start-End 53400 53500   time taken in seconds:  96.32884860038757
block number:  535 Start-End 53500 53600   time taken in seconds:  88.54981231689453
block number:  536 Start-End 53600 53700   time taken in seconds:  91.18748593330383
block number:  537 Start-End 53700 53800   time taken in seconds:  92.67408037185669
block number:  538 Start-End 53800 53900   time taken in seconds:  95.17151379585266
block number:  539 Start-End 53900 54000   time taken in seconds:  95.22992706298828
block number:  540 Start-End 54000 54100   time taken in seconds:  101.23396444320679
block number:  541 Start-End 54100 54200   time taken in seconds:  95.37613821029663
block number:  542 Start-End 54200 54300   time taken in seconds:  109.71315121650696
block number:  543 Start-End 54300 54400   time taken in seconds:  97.92911529541016
block number:  544 Start-End 54400 54500   time taken in seconds:  102.10732340812683
block number:  545 Start-End 54500 54600   time taken in seconds:  100.0476644039154
block number:  546 Start-End 54600 54700   time taken in seconds:  95.59890794754028
block number:  547 Start-End 54700 54800   time taken in seconds:  84.02057528495789
block number:  548 Start-End 54800 54900   time taken in seconds:  95.95398473739624
block number:  549 Start-End 54900 55000   time taken in seconds:  101.71115827560425
block number:  550 Start-End 55000 55100   time taken in seconds:  91.7193431854248
block number:  551 Start-End 55100 55200   time taken in seconds:  98.10754323005676
block number:  552 Start-End 55200 55300   time taken in seconds:  100.22064876556396
block number:  553 Start-End 55300 55400   time taken in seconds:  105.90535759925842
block number:  554 Start-End 55400 55500   time taken in seconds:  92.15807604789734
block number:  555 Start-End 55500 55600   time taken in seconds:  112.33879089355469
block number:  556 Start-End 55600 55700   time taken in seconds:  101.65937042236328
block number:  557 Start-End 55700 55800   time taken in seconds:  101.2203049659729
block number:  558 Start-End 55800 55900   time taken in seconds:  97.43270611763
block number:  559 Start-End 55900 56000   time taken in seconds:  92.69702768325806
block number:  560 Start-End 56000 56100   time taken in seconds:  99.90227270126343
block number:  561 Start-End 56100 56200   time taken in seconds:  98.98992991447449
block number:  562 Start-End 56200 56300   time taken in seconds:  95.88786840438843
block number:  563 Start-End 56300 56400   time taken in seconds:  99.41826105117798
block number:  564 Start-End 56400 56500   time taken in seconds:  102.1206386089325
block number:  565 Start-End 56500 56600   time taken in seconds:  98.91948103904724
block number:  566 Start-End 56600 56700   time taken in seconds:  97.41598606109619
block number:  567 Start-End 56700 56800   time taken in seconds:  101.8753297328949
block number:  568 Start-End 56800 56900   time taken in seconds:  100.33728098869324
block number:  569 Start-End 56900 57000   time taken in seconds:  99.62990379333496
block number:  570 Start-End 57000 57100   time taken in seconds:  104.74058890342712
block number:  571 Start-End 57100 57200   time taken in seconds:  102.35716915130615
block number:  572 Start-End 57200 57300   time taken in seconds:  103.49097037315369
block number:  573 Start-End 57300 57400   time taken in seconds:  105.13865208625793
block number:  574 Start-End 57400 57500   time taken in seconds:  111.75876760482788
block number:  575 Start-End 57500 57600   time taken in seconds:  104.07627892494202
block number:  576 Start-End 57600 None   time taken in seconds:  44.808860540390015
Number of samples after bg: 466 
Number of temp files written 653
Time taken for concatenating temp files 14798.836762428284
Data shape after read:	x:(735142, 60, 10, 20)	y:(735142,)	wts:(735142,)
Data shape after format:	x:(735142, 10, 20, 60, 1)	y:(735142,)
Time taken in minutes  1191.7658351461093
