Data cut hesse
Type of data:	 regular
11361 10384
Type:  sig
Number of blocks 114
block number:  0 Start-End 0 100   time taken in seconds:  16.20374298095703
block number:  1 Start-End 100 200   time taken in seconds:  16.659791946411133
block number:  2 Start-End 200 300   time taken in seconds:  16.1905779838562
block number:  3 Start-End 300 400   time taken in seconds:  15.110958337783813
block number:  4 Start-End 400 500   time taken in seconds:  15.83229112625122
block number:  5 Start-End 500 600   time taken in seconds:  15.992834568023682
block number:  6 Start-End 600 700   time taken in seconds:  16.418617010116577
block number:  7 Start-End 700 800   time taken in seconds:  16.4204158782959
block number:  8 Start-End 800 900   time taken in seconds:  15.34987187385559
block number:  9 Start-End 900 1000   time taken in seconds:  15.764249563217163
block number:  10 Start-End 1000 1100   time taken in seconds:  18.29120945930481
block number:  11 Start-End 1100 1200   time taken in seconds:  16.998197317123413
block number:  12 Start-End 1200 1300   time taken in seconds:  17.333208560943604
block number:  13 Start-End 1300 1400   time taken in seconds:  14.581382751464844
block number:  14 Start-End 1400 1500   time taken in seconds:  16.964040994644165
block number:  15 Start-End 1500 1600   time taken in seconds:  15.132650375366211
block number:  16 Start-End 1600 1700   time taken in seconds:  15.484503030776978
block number:  17 Start-End 1700 1800   time taken in seconds:  15.926404476165771
block number:  18 Start-End 1800 1900   time taken in seconds:  17.80666756629944
block number:  19 Start-End 1900 2000   time taken in seconds:  15.443244218826294
block number:  20 Start-End 2000 2100   time taken in seconds:  16.74901509284973
block number:  21 Start-End 2100 2200   time taken in seconds:  15.721263647079468
block number:  22 Start-End 2200 2300   time taken in seconds:  15.353905439376831
block number:  23 Start-End 2300 2400   time taken in seconds:  16.756512880325317
block number:  24 Start-End 2400 2500   time taken in seconds:  15.541352033615112
block number:  25 Start-End 2500 2600   time taken in seconds:  13.847152709960938
block number:  26 Start-End 2600 2700   time taken in seconds:  15.230247020721436
block number:  27 Start-End 2700 2800   time taken in seconds:  17.04205083847046
block number:  28 Start-End 2800 2900   time taken in seconds:  16.95040225982666
block number:  29 Start-End 2900 3000   time taken in seconds:  17.23348593711853
block number:  30 Start-End 3000 3100   time taken in seconds:  15.117479085922241
block number:  31 Start-End 3100 3200   time taken in seconds:  15.576412916183472
block number:  32 Start-End 3200 3300   time taken in seconds:  15.089621305465698
block number:  33 Start-End 3300 3400   time taken in seconds:  16.730411767959595
block number:  34 Start-End 3400 3500   time taken in seconds:  16.323477029800415
block number:  35 Start-End 3500 3600   time taken in seconds:  15.781341314315796
block number:  36 Start-End 3600 3700   time taken in seconds:  15.7492196559906
block number:  37 Start-End 3700 3800   time taken in seconds:  17.166828393936157
block number:  38 Start-End 3800 3900   time taken in seconds:  15.371113300323486
block number:  39 Start-End 3900 4000   time taken in seconds:  16.668517351150513
block number:  40 Start-End 4000 4100   time taken in seconds:  17.436473608016968
block number:  41 Start-End 4100 4200   time taken in seconds:  16.49119806289673
block number:  42 Start-End 4200 4300   time taken in seconds:  16.433395862579346
block number:  43 Start-End 4300 4400   time taken in seconds:  15.509034156799316
block number:  44 Start-End 4400 4500   time taken in seconds:  15.000850439071655
block number:  45 Start-End 4500 4600   time taken in seconds:  17.2864351272583
block number:  46 Start-End 4600 4700   time taken in seconds:  16.21798849105835
block number:  47 Start-End 4700 4800   time taken in seconds:  15.150761842727661
block number:  48 Start-End 4800 4900   time taken in seconds:  19.931913137435913
block number:  49 Start-End 4900 5000   time taken in seconds:  19.72903561592102
block number:  50 Start-End 5000 5100   time taken in seconds:  18.125736713409424
block number:  51 Start-End 5100 5200   time taken in seconds:  14.943659543991089
block number:  52 Start-End 5200 5300   time taken in seconds:  17.071559190750122
block number:  53 Start-End 5300 5400   time taken in seconds:  17.664111137390137
block number:  54 Start-End 5400 5500   time taken in seconds:  14.745236158370972
block number:  55 Start-End 5500 5600   time taken in seconds:  17.00875496864319
block number:  56 Start-End 5600 5700   time taken in seconds:  14.244540452957153
block number:  57 Start-End 5700 5800   time taken in seconds:  17.038126707077026
block number:  58 Start-End 5800 5900   time taken in seconds:  14.446154832839966
block number:  59 Start-End 5900 6000   time taken in seconds:  18.21640419960022
block number:  60 Start-End 6000 6100   time taken in seconds:  15.957489728927612
block number:  61 Start-End 6100 6200   time taken in seconds:  18.317918300628662
block number:  62 Start-End 6200 6300   time taken in seconds:  16.19515895843506
block number:  63 Start-End 6300 6400   time taken in seconds:  15.122926235198975
block number:  64 Start-End 6400 6500   time taken in seconds:  15.4993417263031
block number:  65 Start-End 6500 6600   time taken in seconds:  17.381521463394165
block number:  66 Start-End 6600 6700   time taken in seconds:  16.014667749404907
block number:  67 Start-End 6700 6800   time taken in seconds:  14.918642520904541
block number:  68 Start-End 6800 6900   time taken in seconds:  14.153050184249878
block number:  69 Start-End 6900 7000   time taken in seconds:  15.81358528137207
block number:  70 Start-End 7000 7100   time taken in seconds:  17.08780312538147
block number:  71 Start-End 7100 7200   time taken in seconds:  16.966740369796753
block number:  72 Start-End 7200 7300   time taken in seconds:  15.103965997695923
block number:  73 Start-End 7300 7400   time taken in seconds:  17.301217794418335
block number:  74 Start-End 7400 7500   time taken in seconds:  16.78136110305786
block number:  75 Start-End 7500 7600   time taken in seconds:  15.778031826019287
block number:  76 Start-End 7600 7700   time taken in seconds:  17.291394472122192
block number:  77 Start-End 7700 7800   time taken in seconds:  14.722259998321533
block number:  78 Start-End 7800 7900   time taken in seconds:  14.705273389816284
block number:  79 Start-End 7900 8000   time taken in seconds:  14.783154249191284
block number:  80 Start-End 8000 8100   time taken in seconds:  17.16617512702942
block number:  81 Start-End 8100 8200   time taken in seconds:  14.804422855377197
block number:  82 Start-End 8200 8300   time taken in seconds:  13.621411085128784
block number:  83 Start-End 8300 8400   time taken in seconds:  15.765305519104004
block number:  84 Start-End 8400 8500   time taken in seconds:  15.722930431365967
block number:  85 Start-End 8500 8600   time taken in seconds:  14.751830816268921
block number:  86 Start-End 8600 8700   time taken in seconds:  15.220885276794434
block number:  87 Start-End 8700 8800   time taken in seconds:  15.16752004623413
block number:  88 Start-End 8800 8900   time taken in seconds:  15.07077431678772
block number:  89 Start-End 8900 9000   time taken in seconds:  15.664220333099365
block number:  90 Start-End 9000 9100   time taken in seconds:  16.966988563537598
block number:  91 Start-End 9100 9200   time taken in seconds:  19.21217370033264
block number:  92 Start-End 9200 9300   time taken in seconds:  16.818238973617554
block number:  93 Start-End 9300 9400   time taken in seconds:  15.451400518417358
block number:  94 Start-End 9400 9500   time taken in seconds:  16.73533582687378
block number:  95 Start-End 9500 9600   time taken in seconds:  16.274606704711914
block number:  96 Start-End 9600 9700   time taken in seconds:  14.590876340866089
block number:  97 Start-End 9700 9800   time taken in seconds:  16.921644926071167
block number:  98 Start-End 9800 9900   time taken in seconds:  16.158082246780396
block number:  99 Start-End 9900 10000   time taken in seconds:  14.742017269134521
block number:  100 Start-End 10000 10100   time taken in seconds:  14.765921831130981
block number:  101 Start-End 10100 10200   time taken in seconds:  15.616127729415894
block number:  102 Start-End 10200 10300   time taken in seconds:  17.060544967651367
block number:  103 Start-End 10300 10400   time taken in seconds:  15.197664737701416
block number:  104 Start-End 10400 10500   time taken in seconds:  15.690134286880493
block number:  105 Start-End 10500 10600   time taken in seconds:  17.160579442977905
block number:  106 Start-End 10600 10700   time taken in seconds:  15.684487581253052
block number:  107 Start-End 10700 10800   time taken in seconds:  15.600520849227905
block number:  108 Start-End 10800 10900   time taken in seconds:  16.033336877822876
block number:  109 Start-End 10900 11000   time taken in seconds:  19.381590366363525
block number:  110 Start-End 11000 11100   time taken in seconds:  15.582199811935425
block number:  111 Start-End 11100 11200   time taken in seconds:  16.049968957901
block number:  112 Start-End 11200 11300   time taken in seconds:  17.81210494041443
block number:  113 Start-End 11300 None   time taken in seconds:  10.342391967773438
Number of samples after sig: 144 
Type:  bg
Number of blocks 104
block number:  0 Start-End 0 100   time taken in seconds:  82.45078682899475
block number:  1 Start-End 100 200   time taken in seconds:  74.77353024482727
block number:  2 Start-End 200 300   time taken in seconds:  71.85124897956848
block number:  3 Start-End 300 400   time taken in seconds:  62.63676595687866
block number:  4 Start-End 400 500   time taken in seconds:  74.9078016281128
block number:  5 Start-End 500 600   time taken in seconds:  73.75558400154114
block number:  6 Start-End 600 700   time taken in seconds:  76.42025804519653
block number:  7 Start-End 700 800   time taken in seconds:  79.28837013244629
block number:  8 Start-End 800 900   time taken in seconds:  67.2428846359253
block number:  9 Start-End 900 1000   time taken in seconds:  70.72801685333252
block number:  10 Start-End 1000 1100   time taken in seconds:  77.51750302314758
block number:  11 Start-End 1100 1200   time taken in seconds:  69.56653118133545
block number:  12 Start-End 1200 1300   time taken in seconds:  67.54690861701965
block number:  13 Start-End 1300 1400   time taken in seconds:  75.47095012664795
block number:  14 Start-End 1400 1500   time taken in seconds:  72.94565558433533
block number:  15 Start-End 1500 1600   time taken in seconds:  77.45312333106995
block number:  16 Start-End 1600 1700   time taken in seconds:  70.89294505119324
block number:  17 Start-End 1700 1800   time taken in seconds:  76.8644208908081
block number:  18 Start-End 1800 1900   time taken in seconds:  80.88708758354187
block number:  19 Start-End 1900 2000   time taken in seconds:  73.65200424194336
block number:  20 Start-End 2000 2100   time taken in seconds:  73.60665035247803
block number:  21 Start-End 2100 2200   time taken in seconds:  73.44464826583862
block number:  22 Start-End 2200 2300   time taken in seconds:  79.27923965454102
block number:  23 Start-End 2300 2400   time taken in seconds:  69.28145289421082
block number:  24 Start-End 2400 2500   time taken in seconds:  68.73035764694214
block number:  25 Start-End 2500 2600   time taken in seconds:  76.94021821022034
block number:  26 Start-End 2600 2700   time taken in seconds:  70.56088900566101
block number:  27 Start-End 2700 2800   time taken in seconds:  80.66055655479431
block number:  28 Start-End 2800 2900   time taken in seconds:  72.81307983398438
block number:  29 Start-End 2900 3000   time taken in seconds:  68.62836837768555
block number:  30 Start-End 3000 3100   time taken in seconds:  74.18214869499207
block number:  31 Start-End 3100 3200   time taken in seconds:  73.74357485771179
block number:  32 Start-End 3200 3300   time taken in seconds:  76.74093508720398
block number:  33 Start-End 3300 3400   time taken in seconds:  73.84299969673157
block number:  34 Start-End 3400 3500   time taken in seconds:  69.86362218856812
block number:  35 Start-End 3500 3600   time taken in seconds:  81.49956130981445
block number:  36 Start-End 3600 3700   time taken in seconds:  68.97026371955872
block number:  37 Start-End 3700 3800   time taken in seconds:  77.7557361125946
block number:  38 Start-End 3800 3900   time taken in seconds:  77.40237092971802
block number:  39 Start-End 3900 4000   time taken in seconds:  74.86282849311829
block number:  40 Start-End 4000 4100   time taken in seconds:  75.64430022239685
block number:  41 Start-End 4100 4200   time taken in seconds:  72.67967247962952
block number:  42 Start-End 4200 4300   time taken in seconds:  71.77189636230469
block number:  43 Start-End 4300 4400   time taken in seconds:  76.77230882644653
block number:  44 Start-End 4400 4500   time taken in seconds:  76.67810845375061
block number:  45 Start-End 4500 4600   time taken in seconds:  72.24865341186523
block number:  46 Start-End 4600 4700   time taken in seconds:  71.45885801315308
block number:  47 Start-End 4700 4800   time taken in seconds:  81.53413105010986
block number:  48 Start-End 4800 4900   time taken in seconds:  61.46105241775513
block number:  49 Start-End 4900 5000   time taken in seconds:  68.2145791053772
block number:  50 Start-End 5000 5100   time taken in seconds:  73.49299669265747
block number:  51 Start-End 5100 5200   time taken in seconds:  78.53306984901428
block number:  52 Start-End 5200 5300   time taken in seconds:  78.17995572090149
block number:  53 Start-End 5300 5400   time taken in seconds:  77.30384635925293
block number:  54 Start-End 5400 5500   time taken in seconds:  67.14786291122437
block number:  55 Start-End 5500 5600   time taken in seconds:  71.70085000991821
block number:  56 Start-End 5600 5700   time taken in seconds:  75.57697486877441
block number:  57 Start-End 5700 5800   time taken in seconds:  67.15532279014587
block number:  58 Start-End 5800 5900   time taken in seconds:  79.66468214988708
block number:  59 Start-End 5900 6000   time taken in seconds:  70.96133995056152
block number:  60 Start-End 6000 6100   time taken in seconds:  73.47545266151428
block number:  61 Start-End 6100 6200   time taken in seconds:  77.7412543296814
block number:  62 Start-End 6200 6300   time taken in seconds:  74.77555298805237
block number:  63 Start-End 6300 6400   time taken in seconds:  75.17192363739014
block number:  64 Start-End 6400 6500   time taken in seconds:  75.88652729988098
block number:  65 Start-End 6500 6600   time taken in seconds:  72.36704778671265
block number:  66 Start-End 6600 6700   time taken in seconds:  64.58597755432129
block number:  67 Start-End 6700 6800   time taken in seconds:  73.34328842163086
block number:  68 Start-End 6800 6900   time taken in seconds:  73.39433526992798
block number:  69 Start-End 6900 7000   time taken in seconds:  73.34055829048157
block number:  70 Start-End 7000 7100   time taken in seconds:  75.46868991851807
block number:  71 Start-End 7100 7200   time taken in seconds:  80.39876556396484
block number:  72 Start-End 7200 7300   time taken in seconds:  78.08721113204956
block number:  73 Start-End 7300 7400   time taken in seconds:  71.54396629333496
block number:  74 Start-End 7400 7500   time taken in seconds:  76.4246723651886
block number:  75 Start-End 7500 7600   time taken in seconds:  75.30125546455383
block number:  76 Start-End 7600 7700   time taken in seconds:  81.0189380645752
block number:  77 Start-End 7700 7800   time taken in seconds:  70.08264088630676
block number:  78 Start-End 7800 7900   time taken in seconds:  76.1533305644989
block number:  79 Start-End 7900 8000   time taken in seconds:  73.03724598884583
block number:  80 Start-End 8000 8100   time taken in seconds:  76.1243805885315
block number:  81 Start-End 8100 8200   time taken in seconds:  76.08304905891418
block number:  82 Start-End 8200 8300   time taken in seconds:  69.97933673858643
block number:  83 Start-End 8300 8400   time taken in seconds:  75.55487394332886
block number:  84 Start-End 8400 8500   time taken in seconds:  76.97958493232727
block number:  85 Start-End 8500 8600   time taken in seconds:  69.99545001983643
block number:  86 Start-End 8600 8700   time taken in seconds:  81.95987462997437
block number:  87 Start-End 8700 8800   time taken in seconds:  75.34741473197937
block number:  88 Start-End 8800 8900   time taken in seconds:  66.41271638870239
block number:  89 Start-End 8900 9000   time taken in seconds:  71.1837112903595
block number:  90 Start-End 9000 9100   time taken in seconds:  73.18120312690735
block number:  91 Start-End 9100 9200   time taken in seconds:  82.29949402809143
block number:  92 Start-End 9200 9300   time taken in seconds:  75.46536040306091
block number:  93 Start-End 9300 9400   time taken in seconds:  70.87058353424072
block number:  94 Start-End 9400 9500   time taken in seconds:  81.49993920326233
block number:  95 Start-End 9500 9600   time taken in seconds:  74.49852156639099
block number:  96 Start-End 9600 9700   time taken in seconds:  82.82212209701538
block number:  97 Start-End 9700 9800   time taken in seconds:  72.73062181472778
block number:  98 Start-End 9800 9900   time taken in seconds:  72.56818151473999
block number:  99 Start-End 9900 10000   time taken in seconds:  75.13649654388428
block number:  100 Start-End 10000 10100   time taken in seconds:  71.85540986061096
block number:  101 Start-End 10100 10200   time taken in seconds:  73.56717419624329
block number:  102 Start-End 10200 10300   time taken in seconds:  75.35766959190369
block number:  103 Start-End 10300 None   time taken in seconds:  62.74826097488403
Number of samples after bg: 872 
Number of temp files written 218
Time taken for concatenating temp files 366.46309781074524
Data shape after read:	x:(136066, 60, 10, 20)	y:(136066,)	wts:(136066,)
Data shape after format:	x:(136066, 10, 20, 60, 1)	y:(136066,)
Time taken in minutes  165.36949386199316
Type of data:	 reserved
7593 57635
Type:  sig
Number of blocks 76
block number:  0 Start-End 0 100   time taken in seconds:  14.617823362350464
block number:  1 Start-End 100 200   time taken in seconds:  15.883213996887207
block number:  2 Start-End 200 300   time taken in seconds:  14.138668537139893
block number:  3 Start-End 300 400   time taken in seconds:  15.688577890396118
block number:  4 Start-End 400 500   time taken in seconds:  15.346045970916748
block number:  5 Start-End 500 600   time taken in seconds:  15.614901304244995
block number:  6 Start-End 600 700   time taken in seconds:  14.430343866348267
block number:  7 Start-End 700 800   time taken in seconds:  15.634020328521729
block number:  8 Start-End 800 900   time taken in seconds:  15.774943351745605
block number:  9 Start-End 900 1000   time taken in seconds:  18.196727752685547
block number:  10 Start-End 1000 1100   time taken in seconds:  17.644198656082153
block number:  11 Start-End 1100 1200   time taken in seconds:  18.305030584335327
block number:  12 Start-End 1200 1300   time taken in seconds:  16.25981330871582
block number:  13 Start-End 1300 1400   time taken in seconds:  16.987553596496582
block number:  14 Start-End 1400 1500   time taken in seconds:  16.421809196472168
block number:  15 Start-End 1500 1600   time taken in seconds:  15.80025601387024
block number:  16 Start-End 1600 1700   time taken in seconds:  16.405583143234253
block number:  17 Start-End 1700 1800   time taken in seconds:  16.158024549484253
block number:  18 Start-End 1800 1900   time taken in seconds:  14.031994581222534
block number:  19 Start-End 1900 2000   time taken in seconds:  15.76273775100708
block number:  20 Start-End 2000 2100   time taken in seconds:  15.17660403251648
block number:  21 Start-End 2100 2200   time taken in seconds:  15.30614423751831
block number:  22 Start-End 2200 2300   time taken in seconds:  15.098809719085693
block number:  23 Start-End 2300 2400   time taken in seconds:  14.61520266532898
block number:  24 Start-End 2400 2500   time taken in seconds:  15.88962721824646
block number:  25 Start-End 2500 2600   time taken in seconds:  15.691880702972412
block number:  26 Start-End 2600 2700   time taken in seconds:  16.253013134002686
block number:  27 Start-End 2700 2800   time taken in seconds:  15.417897701263428
block number:  28 Start-End 2800 2900   time taken in seconds:  15.132432222366333
block number:  29 Start-End 2900 3000   time taken in seconds:  15.474496841430664
block number:  30 Start-End 3000 3100   time taken in seconds:  17.40302610397339
block number:  31 Start-End 3100 3200   time taken in seconds:  15.572094917297363
block number:  32 Start-End 3200 3300   time taken in seconds:  17.41040301322937
block number:  33 Start-End 3300 3400   time taken in seconds:  16.232045650482178
block number:  34 Start-End 3400 3500   time taken in seconds:  15.918488502502441
block number:  35 Start-End 3500 3600   time taken in seconds:  15.33279824256897
block number:  36 Start-End 3600 3700   time taken in seconds:  16.1447491645813
block number:  37 Start-End 3700 3800   time taken in seconds:  14.729116201400757
block number:  38 Start-End 3800 3900   time taken in seconds:  17.855559587478638
block number:  39 Start-End 3900 4000   time taken in seconds:  18.971124410629272
block number:  40 Start-End 4000 4100   time taken in seconds:  15.079759359359741
block number:  41 Start-End 4100 4200   time taken in seconds:  14.734646320343018
block number:  42 Start-End 4200 4300   time taken in seconds:  16.744389533996582
block number:  43 Start-End 4300 4400   time taken in seconds:  13.847394466400146
block number:  44 Start-End 4400 4500   time taken in seconds:  14.727894067764282
block number:  45 Start-End 4500 4600   time taken in seconds:  15.619641304016113
block number:  46 Start-End 4600 4700   time taken in seconds:  14.583010911941528
block number:  47 Start-End 4700 4800   time taken in seconds:  13.872632026672363
block number:  48 Start-End 4800 4900   time taken in seconds:  16.703274726867676
block number:  49 Start-End 4900 5000   time taken in seconds:  16.21578049659729
block number:  50 Start-End 5000 5100   time taken in seconds:  14.871504545211792
block number:  51 Start-End 5100 5200   time taken in seconds:  15.933913230895996
block number:  52 Start-End 5200 5300   time taken in seconds:  13.82245659828186
block number:  53 Start-End 5300 5400   time taken in seconds:  17.442944049835205
block number:  54 Start-End 5400 5500   time taken in seconds:  17.110584497451782
block number:  55 Start-End 5500 5600   time taken in seconds:  15.984720706939697
block number:  56 Start-End 5600 5700   time taken in seconds:  16.689821243286133
block number:  57 Start-End 5700 5800   time taken in seconds:  16.110128164291382
block number:  58 Start-End 5800 5900   time taken in seconds:  15.207080841064453
block number:  59 Start-End 5900 6000   time taken in seconds:  15.346748113632202
block number:  60 Start-End 6000 6100   time taken in seconds:  13.380203247070312
block number:  61 Start-End 6100 6200   time taken in seconds:  17.419126987457275
block number:  62 Start-End 6200 6300   time taken in seconds:  16.479986667633057
block number:  63 Start-End 6300 6400   time taken in seconds:  13.756063461303711
block number:  64 Start-End 6400 6500   time taken in seconds:  14.268230199813843
block number:  65 Start-End 6500 6600   time taken in seconds:  14.486393213272095
block number:  66 Start-End 6600 6700   time taken in seconds:  16.30245804786682
block number:  67 Start-End 6700 6800   time taken in seconds:  16.338058948516846
block number:  68 Start-End 6800 6900   time taken in seconds:  15.015540361404419
block number:  69 Start-End 6900 7000   time taken in seconds:  16.726978540420532
block number:  70 Start-End 7000 7100   time taken in seconds:  19.301849365234375
block number:  71 Start-End 7100 7200   time taken in seconds:  16.243088006973267
block number:  72 Start-End 7200 7300   time taken in seconds:  14.18434190750122
block number:  73 Start-End 7300 7400   time taken in seconds:  15.981207132339478
block number:  74 Start-End 7400 7500   time taken in seconds:  14.494154930114746
block number:  75 Start-End 7500 None   time taken in seconds:  15.63228464126587
Number of samples after sig: 233 
Type:  bg
Number of blocks 577
block number:  0 Start-End 0 100   time taken in seconds:  85.65468120574951
block number:  1 Start-End 100 200   time taken in seconds:  88.92558741569519
block number:  2 Start-End 200 300   time taken in seconds:  90.15347599983215
block number:  3 Start-End 300 400   time taken in seconds:  90.56640839576721
block number:  4 Start-End 400 500   time taken in seconds:  90.76699757575989
block number:  5 Start-End 500 600   time taken in seconds:  93.56662249565125
block number:  6 Start-End 600 700   time taken in seconds:  89.30925679206848
block number:  7 Start-End 700 800   time taken in seconds:  90.78256916999817
block number:  8 Start-End 800 900   time taken in seconds:  88.99099707603455
block number:  9 Start-End 900 1000   time taken in seconds:  89.16885924339294
block number:  10 Start-End 1000 1100   time taken in seconds:  92.6834487915039
block number:  11 Start-End 1100 1200   time taken in seconds:  90.52348303794861
block number:  12 Start-End 1200 1300   time taken in seconds:  94.00126028060913
block number:  13 Start-End 1300 1400   time taken in seconds:  92.62764406204224
block number:  14 Start-End 1400 1500   time taken in seconds:  89.58183670043945
block number:  15 Start-End 1500 1600   time taken in seconds:  86.60895371437073
block number:  16 Start-End 1600 1700   time taken in seconds:  86.5629096031189
block number:  17 Start-End 1700 1800   time taken in seconds:  89.95607352256775
block number:  18 Start-End 1800 1900   time taken in seconds:  87.24417805671692
block number:  19 Start-End 1900 2000   time taken in seconds:  91.48669838905334
block number:  20 Start-End 2000 2100   time taken in seconds:  90.54274868965149
block number:  21 Start-End 2100 2200   time taken in seconds:  91.44007563591003
block number:  22 Start-End 2200 2300   time taken in seconds:  86.0628297328949
block number:  23 Start-End 2300 2400   time taken in seconds:  86.37363624572754
block number:  24 Start-End 2400 2500   time taken in seconds:  92.49025869369507
block number:  25 Start-End 2500 2600   time taken in seconds:  92.40110087394714
block number:  26 Start-End 2600 2700   time taken in seconds:  94.13100123405457
block number:  27 Start-End 2700 2800   time taken in seconds:  87.38625693321228
block number:  28 Start-End 2800 2900   time taken in seconds:  93.07547521591187
block number:  29 Start-End 2900 3000   time taken in seconds:  83.66401219367981
block number:  30 Start-End 3000 3100   time taken in seconds:  84.77175450325012
block number:  31 Start-End 3100 3200   time taken in seconds:  90.39017391204834
block number:  32 Start-End 3200 3300   time taken in seconds:  83.35133218765259
block number:  33 Start-End 3300 3400   time taken in seconds:  90.58349990844727
block number:  34 Start-End 3400 3500   time taken in seconds:  95.46254682540894
block number:  35 Start-End 3500 3600   time taken in seconds:  92.27554655075073
block number:  36 Start-End 3600 3700   time taken in seconds:  92.31027936935425
block number:  37 Start-End 3700 3800   time taken in seconds:  88.15564036369324
block number:  38 Start-End 3800 3900   time taken in seconds:  88.95733499526978
block number:  39 Start-End 3900 4000   time taken in seconds:  85.93301725387573
block number:  40 Start-End 4000 4100   time taken in seconds:  86.74050784111023
block number:  41 Start-End 4100 4200   time taken in seconds:  88.72395610809326
block number:  42 Start-End 4200 4300   time taken in seconds:  87.43767595291138
block number:  43 Start-End 4300 4400   time taken in seconds:  89.93435001373291
block number:  44 Start-End 4400 4500   time taken in seconds:  91.02087378501892
block number:  45 Start-End 4500 4600   time taken in seconds:  91.31109523773193
block number:  46 Start-End 4600 4700   time taken in seconds:  93.31481432914734
block number:  47 Start-End 4700 4800   time taken in seconds:  87.39545130729675
block number:  48 Start-End 4800 4900   time taken in seconds:  91.78436589241028
block number:  49 Start-End 4900 5000   time taken in seconds:  85.05494785308838
block number:  50 Start-End 5000 5100   time taken in seconds:  89.4254298210144
block number:  51 Start-End 5100 5200   time taken in seconds:  90.288334608078
block number:  52 Start-End 5200 5300   time taken in seconds:  89.70590114593506
block number:  53 Start-End 5300 5400   time taken in seconds:  95.24969840049744
block number:  54 Start-End 5400 5500   time taken in seconds:  91.73647832870483
block number:  55 Start-End 5500 5600   time taken in seconds:  90.61792349815369
block number:  56 Start-End 5600 5700   time taken in seconds:  84.28606128692627
block number:  57 Start-End 5700 5800   time taken in seconds:  84.69125294685364
block number:  58 Start-End 5800 5900   time taken in seconds:  90.9343376159668
block number:  59 Start-End 5900 6000   time taken in seconds:  90.712078332901
block number:  60 Start-End 6000 6100   time taken in seconds:  89.07749629020691
block number:  61 Start-End 6100 6200   time taken in seconds:  87.61542344093323
block number:  62 Start-End 6200 6300   time taken in seconds:  94.92017364501953
block number:  63 Start-End 6300 6400   time taken in seconds:  89.09694910049438
block number:  64 Start-End 6400 6500   time taken in seconds:  89.16018795967102
block number:  65 Start-End 6500 6600   time taken in seconds:  96.2055459022522
block number:  66 Start-End 6600 6700   time taken in seconds:  92.1557559967041
block number:  67 Start-End 6700 6800   time taken in seconds:  93.91522431373596
block number:  68 Start-End 6800 6900   time taken in seconds:  93.23238205909729
block number:  69 Start-End 6900 7000   time taken in seconds:  87.29388070106506
block number:  70 Start-End 7000 7100   time taken in seconds:  86.86190152168274
block number:  71 Start-End 7100 7200   time taken in seconds:  94.71362376213074
block number:  72 Start-End 7200 7300   time taken in seconds:  93.7961778640747
block number:  73 Start-End 7300 7400   time taken in seconds:  86.94699287414551
block number:  74 Start-End 7400 7500   time taken in seconds:  88.45486569404602
block number:  75 Start-End 7500 7600   time taken in seconds:  93.0808675289154
block number:  76 Start-End 7600 7700   time taken in seconds:  87.0272753238678
block number:  77 Start-End 7700 7800   time taken in seconds:  92.43831491470337
block number:  78 Start-End 7800 7900   time taken in seconds:  91.78616285324097
block number:  79 Start-End 7900 8000   time taken in seconds:  87.1017096042633
block number:  80 Start-End 8000 8100   time taken in seconds:  89.77471876144409
block number:  81 Start-End 8100 8200   time taken in seconds:  88.62272334098816
block number:  82 Start-End 8200 8300   time taken in seconds:  87.07297134399414
block number:  83 Start-End 8300 8400   time taken in seconds:  80.97521638870239
block number:  84 Start-End 8400 8500   time taken in seconds:  86.57159805297852
block number:  85 Start-End 8500 8600   time taken in seconds:  89.37217950820923
block number:  86 Start-End 8600 8700   time taken in seconds:  88.0977520942688
block number:  87 Start-End 8700 8800   time taken in seconds:  86.20655965805054
block number:  88 Start-End 8800 8900   time taken in seconds:  90.28604221343994
block number:  89 Start-End 8900 9000   time taken in seconds:  86.39210271835327
block number:  90 Start-End 9000 9100   time taken in seconds:  88.27354502677917
block number:  91 Start-End 9100 9200   time taken in seconds:  89.8361918926239
block number:  92 Start-End 9200 9300   time taken in seconds:  91.69050455093384
block number:  93 Start-End 9300 9400   time taken in seconds:  87.82754302024841
block number:  94 Start-End 9400 9500   time taken in seconds:  87.9265570640564
block number:  95 Start-End 9500 9600   time taken in seconds:  88.25378274917603
block number:  96 Start-End 9600 9700   time taken in seconds:  90.02753758430481
block number:  97 Start-End 9700 9800   time taken in seconds:  85.47930932044983
block number:  98 Start-End 9800 9900   time taken in seconds:  85.68335795402527
block number:  99 Start-End 9900 10000   time taken in seconds:  89.10741138458252
block number:  100 Start-End 10000 10100   time taken in seconds:  89.92035436630249
block number:  101 Start-End 10100 10200   time taken in seconds:  88.50112867355347
block number:  102 Start-End 10200 10300   time taken in seconds:  87.2559244632721
block number:  103 Start-End 10300 10400   time taken in seconds:  88.27523970603943
block number:  104 Start-End 10400 10500   time taken in seconds:  86.75776886940002
block number:  105 Start-End 10500 10600   time taken in seconds:  82.16000771522522
block number:  106 Start-End 10600 10700   time taken in seconds:  90.223317861557
block number:  107 Start-End 10700 10800   time taken in seconds:  85.62051320075989
block number:  108 Start-End 10800 10900   time taken in seconds:  86.9173812866211
block number:  109 Start-End 10900 11000   time taken in seconds:  92.35641932487488
block number:  110 Start-End 11000 11100   time taken in seconds:  91.01012659072876
block number:  111 Start-End 11100 11200   time taken in seconds:  92.69323348999023
block number:  112 Start-End 11200 11300   time taken in seconds:  85.58826112747192
block number:  113 Start-End 11300 11400   time taken in seconds:  84.8913791179657
block number:  114 Start-End 11400 11500   time taken in seconds:  85.08995151519775
block number:  115 Start-End 11500 11600   time taken in seconds:  86.116943359375
block number:  116 Start-End 11600 11700   time taken in seconds:  90.1419894695282
block number:  117 Start-End 11700 11800   time taken in seconds:  90.43948483467102
block number:  118 Start-End 11800 11900   time taken in seconds:  88.07306861877441
block number:  119 Start-End 11900 12000   time taken in seconds:  86.24920797348022
block number:  120 Start-End 12000 12100   time taken in seconds:  83.90259146690369
block number:  121 Start-End 12100 12200   time taken in seconds:  89.22289633750916
block number:  122 Start-End 12200 12300   time taken in seconds:  84.7353150844574
block number:  123 Start-End 12300 12400   time taken in seconds:  93.53194427490234
block number:  124 Start-End 12400 12500   time taken in seconds:  85.97845149040222
block number:  125 Start-End 12500 12600   time taken in seconds:  92.60078477859497
block number:  126 Start-End 12600 12700   time taken in seconds:  90.66437578201294
block number:  127 Start-End 12700 12800   time taken in seconds:  88.78064846992493
block number:  128 Start-End 12800 12900   time taken in seconds:  86.55200362205505
block number:  129 Start-End 12900 13000   time taken in seconds:  86.65116858482361
block number:  130 Start-End 13000 13100   time taken in seconds:  85.24847674369812
block number:  131 Start-End 13100 13200   time taken in seconds:  83.94247031211853
block number:  132 Start-End 13200 13300   time taken in seconds:  85.37277698516846
block number:  133 Start-End 13300 13400   time taken in seconds:  86.93283581733704
block number:  134 Start-End 13400 13500   time taken in seconds:  86.83341217041016
block number:  135 Start-End 13500 13600   time taken in seconds:  90.34630107879639
block number:  136 Start-End 13600 13700   time taken in seconds:  90.05967426300049
block number:  137 Start-End 13700 13800   time taken in seconds:  82.98674726486206
block number:  138 Start-End 13800 13900   time taken in seconds:  85.74854278564453
block number:  139 Start-End 13900 14000   time taken in seconds:  86.982839345932
block number:  140 Start-End 14000 14100   time taken in seconds:  87.88237738609314
block number:  141 Start-End 14100 14200   time taken in seconds:  88.26706147193909
block number:  142 Start-End 14200 14300   time taken in seconds:  87.92853164672852
block number:  143 Start-End 14300 14400   time taken in seconds:  82.77770733833313
block number:  144 Start-End 14400 14500   time taken in seconds:  88.8060851097107
block number:  145 Start-End 14500 14600   time taken in seconds:  91.58040618896484
block number:  146 Start-End 14600 14700   time taken in seconds:  90.57878065109253
block number:  147 Start-End 14700 14800   time taken in seconds:  91.64791679382324
block number:  148 Start-End 14800 14900   time taken in seconds:  93.73935651779175
block number:  149 Start-End 14900 15000   time taken in seconds:  90.5580403804779
block number:  150 Start-End 15000 15100   time taken in seconds:  93.17051458358765
block number:  151 Start-End 15100 15200   time taken in seconds:  96.17449426651001
block number:  152 Start-End 15200 15300   time taken in seconds:  88.20056557655334
block number:  153 Start-End 15300 15400   time taken in seconds:  92.43955755233765
block number:  154 Start-End 15400 15500   time taken in seconds:  89.72163534164429
block number:  155 Start-End 15500 15600   time taken in seconds:  94.77812385559082
block number:  156 Start-End 15600 15700   time taken in seconds:  92.66536283493042
block number:  157 Start-End 15700 15800   time taken in seconds:  91.3036847114563
block number:  158 Start-End 15800 15900   time taken in seconds:  93.65708541870117
block number:  159 Start-End 15900 16000   time taken in seconds:  93.43933343887329
block number:  160 Start-End 16000 16100   time taken in seconds:  90.90046548843384
block number:  161 Start-End 16100 16200   time taken in seconds:  92.09606528282166
block number:  162 Start-End 16200 16300   time taken in seconds:  89.45125699043274
block number:  163 Start-End 16300 16400   time taken in seconds:  89.17761754989624
block number:  164 Start-End 16400 16500   time taken in seconds:  93.81895470619202
block number:  165 Start-End 16500 16600   time taken in seconds:  86.66706418991089
block number:  166 Start-End 16600 16700   time taken in seconds:  88.81915926933289
block number:  167 Start-End 16700 16800   time taken in seconds:  91.86346650123596
block number:  168 Start-End 16800 16900   time taken in seconds:  87.49549078941345
block number:  169 Start-End 16900 17000   time taken in seconds:  91.01244926452637
block number:  170 Start-End 17000 17100   time taken in seconds:  91.95253920555115
block number:  171 Start-End 17100 17200   time taken in seconds:  92.36117506027222
block number:  172 Start-End 17200 17300   time taken in seconds:  91.318528175354
block number:  173 Start-End 17300 17400   time taken in seconds:  96.31119132041931
block number:  174 Start-End 17400 17500   time taken in seconds:  89.9535825252533
block number:  175 Start-End 17500 17600   time taken in seconds:  85.78121304512024
block number:  176 Start-End 17600 17700   time taken in seconds:  89.95268082618713
block number:  177 Start-End 17700 17800   time taken in seconds:  85.73057436943054
block number:  178 Start-End 17800 17900   time taken in seconds:  92.6242265701294
block number:  179 Start-End 17900 18000   time taken in seconds:  87.40950322151184
block number:  180 Start-End 18000 18100   time taken in seconds:  90.6908586025238
block number:  181 Start-End 18100 18200   time taken in seconds:  84.15510892868042
block number:  182 Start-End 18200 18300   time taken in seconds:  95.58960366249084
block number:  183 Start-End 18300 18400   time taken in seconds:  92.82171177864075
block number:  184 Start-End 18400 18500   time taken in seconds:  91.68489742279053
block number:  185 Start-End 18500 18600   time taken in seconds:  90.98390913009644
block number:  186 Start-End 18600 18700   time taken in seconds:  88.09440350532532
block number:  187 Start-End 18700 18800   time taken in seconds:  90.85777235031128
block number:  188 Start-End 18800 18900   time taken in seconds:  92.40246534347534
block number:  189 Start-End 18900 19000   time taken in seconds:  95.76648879051208
block number:  190 Start-End 19000 19100   time taken in seconds:  93.32535338401794
block number:  191 Start-End 19100 19200   time taken in seconds:  92.95760560035706
block number:  192 Start-End 19200 19300   time taken in seconds:  93.5467779636383
block number:  193 Start-End 19300 19400   time taken in seconds:  84.6356909275055
block number:  194 Start-End 19400 19500   time taken in seconds:  92.10319519042969
block number:  195 Start-End 19500 19600   time taken in seconds:  91.00027370452881
block number:  196 Start-End 19600 19700   time taken in seconds:  88.6340765953064
block number:  197 Start-End 19700 19800   time taken in seconds:  89.26473069190979
block number:  198 Start-End 19800 19900   time taken in seconds:  88.21391773223877
block number:  199 Start-End 19900 20000   time taken in seconds:  87.80501461029053
block number:  200 Start-End 20000 20100   time taken in seconds:  95.8280725479126
block number:  201 Start-End 20100 20200   time taken in seconds:  93.06371808052063
block number:  202 Start-End 20200 20300   time taken in seconds:  88.24479413032532
block number:  203 Start-End 20300 20400   time taken in seconds:  86.12768602371216
block number:  204 Start-End 20400 20500   time taken in seconds:  95.84585976600647
block number:  205 Start-End 20500 20600   time taken in seconds:  95.6289222240448
block number:  206 Start-End 20600 20700   time taken in seconds:  93.67519497871399
block number:  207 Start-End 20700 20800   time taken in seconds:  94.84814596176147
block number:  208 Start-End 20800 20900   time taken in seconds:  93.42428183555603
block number:  209 Start-End 20900 21000   time taken in seconds:  95.465585231781
block number:  210 Start-End 21000 21100   time taken in seconds:  92.90563011169434
block number:  211 Start-End 21100 21200   time taken in seconds:  89.87106156349182
block number:  212 Start-End 21200 21300   time taken in seconds:  94.5376365184784
block number:  213 Start-End 21300 21400   time taken in seconds:  88.67527770996094
block number:  214 Start-End 21400 21500   time taken in seconds:  91.30515122413635
block number:  215 Start-End 21500 21600   time taken in seconds:  94.93884682655334
block number:  216 Start-End 21600 21700   time taken in seconds:  90.27679777145386
block number:  217 Start-End 21700 21800   time taken in seconds:  95.52420139312744
block number:  218 Start-End 21800 21900   time taken in seconds:  87.81354999542236
block number:  219 Start-End 21900 22000   time taken in seconds:  89.86609315872192
block number:  220 Start-End 22000 22100   time taken in seconds:  83.16057205200195
block number:  221 Start-End 22100 22200   time taken in seconds:  89.85109186172485
block number:  222 Start-End 22200 22300   time taken in seconds:  90.41786670684814
block number:  223 Start-End 22300 22400   time taken in seconds:  86.09117484092712
block number:  224 Start-End 22400 22500   time taken in seconds:  93.93192958831787
block number:  225 Start-End 22500 22600   time taken in seconds:  95.0448751449585
block number:  226 Start-End 22600 22700   time taken in seconds:  91.24870729446411
block number:  227 Start-End 22700 22800   time taken in seconds:  84.57323884963989
block number:  228 Start-End 22800 22900   time taken in seconds:  84.76376461982727
block number:  229 Start-End 22900 23000   time taken in seconds:  84.75671124458313
block number:  230 Start-End 23000 23100   time taken in seconds:  88.06835794448853
block number:  231 Start-End 23100 23200   time taken in seconds:  85.31993675231934
block number:  232 Start-End 23200 23300   time taken in seconds:  83.6029634475708
block number:  233 Start-End 23300 23400   time taken in seconds:  92.7424156665802
block number:  234 Start-End 23400 23500   time taken in seconds:  96.35873198509216
block number:  235 Start-End 23500 23600   time taken in seconds:  94.11347985267639
block number:  236 Start-End 23600 23700   time taken in seconds:  91.74936842918396
block number:  237 Start-End 23700 23800   time taken in seconds:  90.64941811561584
block number:  238 Start-End 23800 23900   time taken in seconds:  97.27837824821472
block number:  239 Start-End 23900 24000   time taken in seconds:  95.63571286201477
block number:  240 Start-End 24000 24100   time taken in seconds:  94.25306630134583
block number:  241 Start-End 24100 24200   time taken in seconds:  90.47947931289673
block number:  242 Start-End 24200 24300   time taken in seconds:  88.5787456035614
block number:  243 Start-End 24300 24400   time taken in seconds:  93.97027230262756
block number:  244 Start-End 24400 24500   time taken in seconds:  88.43834805488586
block number:  245 Start-End 24500 24600   time taken in seconds:  83.38165879249573
block number:  246 Start-End 24600 24700   time taken in seconds:  93.87729930877686
block number:  247 Start-End 24700 24800   time taken in seconds:  95.31275629997253
block number:  248 Start-End 24800 24900   time taken in seconds:  89.8133237361908
block number:  249 Start-End 24900 25000   time taken in seconds:  92.61001801490784
block number:  250 Start-End 25000 25100   time taken in seconds:  96.97286295890808
block number:  251 Start-End 25100 25200   time taken in seconds:  89.63279747962952
block number:  252 Start-End 25200 25300   time taken in seconds:  96.25852179527283
block number:  253 Start-End 25300 25400   time taken in seconds:  98.0156900882721
block number:  254 Start-End 25400 25500   time taken in seconds:  96.21426582336426
block number:  255 Start-End 25500 25600   time taken in seconds:  91.75742197036743
block number:  256 Start-End 25600 25700   time taken in seconds:  95.66351532936096
block number:  257 Start-End 25700 25800   time taken in seconds:  97.72958493232727
block number:  258 Start-End 25800 25900   time taken in seconds:  92.82861304283142
block number:  259 Start-End 25900 26000   time taken in seconds:  83.85239267349243
block number:  260 Start-End 26000 26100   time taken in seconds:  86.92210721969604
block number:  261 Start-End 26100 26200   time taken in seconds:  89.03877568244934
block number:  262 Start-End 26200 26300   time taken in seconds:  91.0861427783966
block number:  263 Start-End 26300 26400   time taken in seconds:  95.39629864692688
block number:  264 Start-End 26400 26500   time taken in seconds:  92.57673764228821
block number:  265 Start-End 26500 26600   time taken in seconds:  90.37437272071838
block number:  266 Start-End 26600 26700   time taken in seconds:  91.74433898925781
block number:  267 Start-End 26700 26800   time taken in seconds:  84.23354291915894
block number:  268 Start-End 26800 26900   time taken in seconds:  89.80061984062195
block number:  269 Start-End 26900 27000   time taken in seconds:  98.34854555130005
block number:  270 Start-End 27000 27100   time taken in seconds:  92.58742356300354
block number:  271 Start-End 27100 27200   time taken in seconds:  89.00554299354553
block number:  272 Start-End 27200 27300   time taken in seconds:  91.23494267463684
block number:  273 Start-End 27300 27400   time taken in seconds:  83.50400853157043
block number:  274 Start-End 27400 27500   time taken in seconds:  93.67671012878418
block number:  275 Start-End 27500 27600   time taken in seconds:  93.11974263191223
block number:  276 Start-End 27600 27700   time taken in seconds:  92.32186031341553
block number:  277 Start-End 27700 27800   time taken in seconds:  88.10166549682617
block number:  278 Start-End 27800 27900   time taken in seconds:  90.87896084785461
block number:  279 Start-End 27900 28000   time taken in seconds:  88.87845873832703
block number:  280 Start-End 28000 28100   time taken in seconds:  88.93783402442932
block number:  281 Start-End 28100 28200   time taken in seconds:  92.21486973762512
block number:  282 Start-End 28200 28300   time taken in seconds:  90.63905191421509
block number:  283 Start-End 28300 28400   time taken in seconds:  88.74305748939514
block number:  284 Start-End 28400 28500   time taken in seconds:  88.19431018829346
block number:  285 Start-End 28500 28600   time taken in seconds:  88.8720281124115
block number:  286 Start-End 28600 28700   time taken in seconds:  89.90853452682495
block number:  287 Start-End 28700 28800   time taken in seconds:  87.20118737220764
block number:  288 Start-End 28800 28900   time taken in seconds:  94.19903802871704
block number:  289 Start-End 28900 29000   time taken in seconds:  91.38617372512817
block number:  290 Start-End 29000 29100   time taken in seconds:  89.47469830513
block number:  291 Start-End 29100 29200   time taken in seconds:  91.0758798122406
block number:  292 Start-End 29200 29300   time taken in seconds:  90.33433365821838
block number:  293 Start-End 29300 29400   time taken in seconds:  90.87348914146423
block number:  294 Start-End 29400 29500   time taken in seconds:  92.67407631874084
block number:  295 Start-End 29500 29600   time taken in seconds:  84.78729796409607
block number:  296 Start-End 29600 29700   time taken in seconds:  87.81952047348022
block number:  297 Start-End 29700 29800   time taken in seconds:  90.84257125854492
block number:  298 Start-End 29800 29900   time taken in seconds:  92.40900349617004
block number:  299 Start-End 29900 30000   time taken in seconds:  88.39680552482605
block number:  300 Start-End 30000 30100   time taken in seconds:  83.76129198074341
block number:  301 Start-End 30100 30200   time taken in seconds:  91.09299111366272
block number:  302 Start-End 30200 30300   time taken in seconds:  91.03013634681702
block number:  303 Start-End 30300 30400   time taken in seconds:  91.368173122406
block number:  304 Start-End 30400 30500   time taken in seconds:  88.29660892486572
block number:  305 Start-End 30500 30600   time taken in seconds:  90.55126643180847
block number:  306 Start-End 30600 30700   time taken in seconds:  89.28550004959106
block number:  307 Start-End 30700 30800   time taken in seconds:  89.50770330429077
block number:  308 Start-End 30800 30900   time taken in seconds:  82.5318169593811
block number:  309 Start-End 30900 31000   time taken in seconds:  88.71900224685669
block number:  310 Start-End 31000 31100   time taken in seconds:  91.81192421913147
block number:  311 Start-End 31100 31200   time taken in seconds:  85.13240075111389
block number:  312 Start-End 31200 31300   time taken in seconds:  96.03721785545349
block number:  313 Start-End 31300 31400   time taken in seconds:  88.63989186286926
block number:  314 Start-End 31400 31500   time taken in seconds:  86.4685754776001
block number:  315 Start-End 31500 31600   time taken in seconds:  86.64605283737183
block number:  316 Start-End 31600 31700   time taken in seconds:  83.90828323364258
block number:  317 Start-End 31700 31800   time taken in seconds:  88.96224689483643
block number:  318 Start-End 31800 31900   time taken in seconds:  90.05422449111938
block number:  319 Start-End 31900 32000   time taken in seconds:  90.15107822418213
block number:  320 Start-End 32000 32100   time taken in seconds:  94.0916337966919
block number:  321 Start-End 32100 32200   time taken in seconds:  90.32272911071777
block number:  322 Start-End 32200 32300   time taken in seconds:  87.24882912635803
block number:  323 Start-End 32300 32400   time taken in seconds:  82.88433837890625
block number:  324 Start-End 32400 32500   time taken in seconds:  92.33056378364563
block number:  325 Start-End 32500 32600   time taken in seconds:  94.69911980628967
block number:  326 Start-End 32600 32700   time taken in seconds:  90.32259798049927
block number:  327 Start-End 32700 32800   time taken in seconds:  88.48959589004517
block number:  328 Start-End 32800 32900   time taken in seconds:  89.7994110584259
block number:  329 Start-End 32900 33000   time taken in seconds:  92.56435108184814
block number:  330 Start-End 33000 33100   time taken in seconds:  90.07908058166504
block number:  331 Start-End 33100 33200   time taken in seconds:  82.76203942298889
block number:  332 Start-End 33200 33300   time taken in seconds:  89.94770002365112
block number:  333 Start-End 33300 33400   time taken in seconds:  93.24203610420227
block number:  334 Start-End 33400 33500   time taken in seconds:  91.04906916618347
block number:  335 Start-End 33500 33600   time taken in seconds:  86.8911144733429
block number:  336 Start-End 33600 33700   time taken in seconds:  93.7456316947937
block number:  337 Start-End 33700 33800   time taken in seconds:  92.02378726005554
block number:  338 Start-End 33800 33900   time taken in seconds:  90.89785313606262
block number:  339 Start-End 33900 34000   time taken in seconds:  85.59253215789795
block number:  340 Start-End 34000 34100   time taken in seconds:  86.00522804260254
block number:  341 Start-End 34100 34200   time taken in seconds:  88.22034096717834
block number:  342 Start-End 34200 34300   time taken in seconds:  88.50234198570251
block number:  343 Start-End 34300 34400   time taken in seconds:  86.06213688850403
block number:  344 Start-End 34400 34500   time taken in seconds:  94.54611158370972
block number:  345 Start-End 34500 34600   time taken in seconds:  86.9414267539978
block number:  346 Start-End 34600 34700   time taken in seconds:  84.84623265266418
block number:  347 Start-End 34700 34800   time taken in seconds:  90.78480291366577
block number:  348 Start-End 34800 34900   time taken in seconds:  90.94391679763794
block number:  349 Start-End 34900 35000   time taken in seconds:  90.85271787643433
block number:  350 Start-End 35000 35100   time taken in seconds:  92.29823994636536
block number:  351 Start-End 35100 35200   time taken in seconds:  92.4506483078003
block number:  352 Start-End 35200 35300   time taken in seconds:  86.47680854797363
block number:  353 Start-End 35300 35400   time taken in seconds:  91.84359455108643
block number:  354 Start-End 35400 35500   time taken in seconds:  87.52297925949097
block number:  355 Start-End 35500 35600   time taken in seconds:  92.06618595123291
block number:  356 Start-End 35600 35700   time taken in seconds:  82.9865357875824
block number:  357 Start-End 35700 35800   time taken in seconds:  87.042560338974
block number:  358 Start-End 35800 35900   time taken in seconds:  87.48398900032043
block number:  359 Start-End 35900 36000   time taken in seconds:  95.86752939224243
block number:  360 Start-End 36000 36100   time taken in seconds:  88.06588459014893
block number:  361 Start-End 36100 36200   time taken in seconds:  92.75790095329285
block number:  362 Start-End 36200 36300   time taken in seconds:  89.13744688034058
block number:  363 Start-End 36300 36400   time taken in seconds:  90.68169140815735
block number:  364 Start-End 36400 36500   time taken in seconds:  88.91955065727234
block number:  365 Start-End 36500 36600   time taken in seconds:  89.45716428756714
block number:  366 Start-End 36600 36700   time taken in seconds:  90.55727767944336
block number:  367 Start-End 36700 36800   time taken in seconds:  93.15409827232361
block number:  368 Start-End 36800 36900   time taken in seconds:  88.74295163154602
block number:  369 Start-End 36900 37000   time taken in seconds:  86.53951811790466
block number:  370 Start-End 37000 37100   time taken in seconds:  90.48385381698608
block number:  371 Start-End 37100 37200   time taken in seconds:  86.45468497276306
block number:  372 Start-End 37200 37300   time taken in seconds:  92.26053261756897
block number:  373 Start-End 37300 37400   time taken in seconds:  88.00562477111816
block number:  374 Start-End 37400 37500   time taken in seconds:  85.5662944316864
block number:  375 Start-End 37500 37600   time taken in seconds:  87.82626605033875
block number:  376 Start-End 37600 37700   time taken in seconds:  95.19847583770752
block number:  377 Start-End 37700 37800   time taken in seconds:  88.97995567321777
block number:  378 Start-End 37800 37900   time taken in seconds:  89.71244430541992
block number:  379 Start-End 37900 38000   time taken in seconds:  96.38324069976807
block number:  380 Start-End 38000 38100   time taken in seconds:  92.55758237838745
block number:  381 Start-End 38100 38200   time taken in seconds:  92.6810040473938
block number:  382 Start-End 38200 38300   time taken in seconds:  83.89554929733276
block number:  383 Start-End 38300 38400   time taken in seconds:  88.59954357147217
block number:  384 Start-End 38400 38500   time taken in seconds:  81.77567553520203
block number:  385 Start-End 38500 38600   time taken in seconds:  93.03495955467224
block number:  386 Start-End 38600 38700   time taken in seconds:  85.85386180877686
block number:  387 Start-End 38700 38800   time taken in seconds:  90.82457995414734
block number:  388 Start-End 38800 38900   time taken in seconds:  93.94221496582031
block number:  389 Start-End 38900 39000   time taken in seconds:  91.76078748703003
block number:  390 Start-End 39000 39100   time taken in seconds:  86.34577465057373
block number:  391 Start-End 39100 39200   time taken in seconds:  93.54521632194519
block number:  392 Start-End 39200 39300   time taken in seconds:  85.85311889648438
block number:  393 Start-End 39300 39400   time taken in seconds:  92.03579759597778
block number:  394 Start-End 39400 39500   time taken in seconds:  90.66884756088257
block number:  395 Start-End 39500 39600   time taken in seconds:  88.55931782722473
block number:  396 Start-End 39600 39700   time taken in seconds:  91.46403169631958
block number:  397 Start-End 39700 39800   time taken in seconds:  86.28830122947693
block number:  398 Start-End 39800 39900   time taken in seconds:  90.33798599243164
block number:  399 Start-End 39900 40000   time taken in seconds:  90.67020392417908
block number:  400 Start-End 40000 40100   time taken in seconds:  92.01092338562012
block number:  401 Start-End 40100 40200   time taken in seconds:  86.92946982383728
block number:  402 Start-End 40200 40300   time taken in seconds:  89.86242890357971
block number:  403 Start-End 40300 40400   time taken in seconds:  86.13617539405823
block number:  404 Start-End 40400 40500   time taken in seconds:  86.51430106163025
block number:  405 Start-End 40500 40600   time taken in seconds:  91.67986059188843
block number:  406 Start-End 40600 40700   time taken in seconds:  90.32211208343506
block number:  407 Start-End 40700 40800   time taken in seconds:  87.59868741035461
block number:  408 Start-End 40800 40900   time taken in seconds:  140.67669343948364
block number:  409 Start-End 40900 41000   time taken in seconds:  103.11545252799988
block number:  410 Start-End 41000 41100   time taken in seconds:  91.03770232200623
block number:  411 Start-End 41100 41200   time taken in seconds:  87.76882266998291
block number:  412 Start-End 41200 41300   time taken in seconds:  90.25419330596924
block number:  413 Start-End 41300 41400   time taken in seconds:  86.4798436164856
block number:  414 Start-End 41400 41500   time taken in seconds:  89.24316263198853
block number:  415 Start-End 41500 41600   time taken in seconds:  96.68506169319153
block number:  416 Start-End 41600 41700   time taken in seconds:  91.47340774536133
block number:  417 Start-End 41700 41800   time taken in seconds:  89.12194323539734
block number:  418 Start-End 41800 41900   time taken in seconds:  95.83465242385864
block number:  419 Start-End 41900 42000   time taken in seconds:  89.86677122116089
block number:  420 Start-End 42000 42100   time taken in seconds:  88.10297584533691
block number:  421 Start-End 42100 42200   time taken in seconds:  83.62582921981812
block number:  422 Start-End 42200 42300   time taken in seconds:  93.29577112197876
block number:  423 Start-End 42300 42400   time taken in seconds:  89.80238008499146
block number:  424 Start-End 42400 42500   time taken in seconds:  99.77139091491699
block number:  425 Start-End 42500 42600   time taken in seconds:  96.2989981174469
block number:  426 Start-End 42600 42700   time taken in seconds:  89.82583451271057
block number:  427 Start-End 42700 42800   time taken in seconds:  91.18044376373291
block number:  428 Start-End 42800 42900   time taken in seconds:  95.72746729850769
block number:  429 Start-End 42900 43000   time taken in seconds:  86.83054232597351
block number:  430 Start-End 43000 43100   time taken in seconds:  96.07295250892639
block number:  431 Start-End 43100 43200   time taken in seconds:  94.14048504829407
block number:  432 Start-End 43200 43300   time taken in seconds:  96.91220235824585
block number:  433 Start-End 43300 43400   time taken in seconds:  93.46574974060059
block number:  434 Start-End 43400 43500   time taken in seconds:  124.854572057724
block number:  435 Start-End 43500 43600   time taken in seconds:  91.7352569103241
block number:  436 Start-End 43600 43700   time taken in seconds:  88.20472526550293
block number:  437 Start-End 43700 43800   time taken in seconds:  93.7322359085083
block number:  438 Start-End 43800 43900   time taken in seconds:  115.00581192970276
block number:  439 Start-End 43900 44000   time taken in seconds:  87.68965077400208
block number:  440 Start-End 44000 44100   time taken in seconds:  89.83899855613708
block number:  441 Start-End 44100 44200   time taken in seconds:  92.0430076122284
block number:  442 Start-End 44200 44300   time taken in seconds:  84.42363691329956
block number:  443 Start-End 44300 44400   time taken in seconds:  87.3943543434143
block number:  444 Start-End 44400 44500   time taken in seconds:  88.2112467288971
block number:  445 Start-End 44500 44600   time taken in seconds:  86.02250218391418
block number:  446 Start-End 44600 44700   time taken in seconds:  90.6833975315094
block number:  447 Start-End 44700 44800   time taken in seconds:  93.85611057281494
block number:  448 Start-End 44800 44900   time taken in seconds:  91.64540481567383
block number:  449 Start-End 44900 45000   time taken in seconds:  89.61412477493286
block number:  450 Start-End 45000 45100   time taken in seconds:  115.88220620155334
block number:  451 Start-End 45100 45200   time taken in seconds:  94.14869618415833
block number:  452 Start-End 45200 45300   time taken in seconds:  88.02930402755737
block number:  453 Start-End 45300 45400   time taken in seconds:  94.00667357444763
block number:  454 Start-End 45400 45500   time taken in seconds:  92.4028012752533
block number:  455 Start-End 45500 45600   time taken in seconds:  88.01946949958801
block number:  456 Start-End 45600 45700   time taken in seconds:  96.92819380760193
block number:  457 Start-End 45700 45800   time taken in seconds:  91.78374171257019
block number:  458 Start-End 45800 45900   time taken in seconds:  94.40311670303345
block number:  459 Start-End 45900 46000   time taken in seconds:  86.59513688087463
block number:  460 Start-End 46000 46100   time taken in seconds:  93.26342511177063
block number:  461 Start-End 46100 46200   time taken in seconds:  90.17716407775879
block number:  462 Start-End 46200 46300   time taken in seconds:  92.41478133201599
block number:  463 Start-End 46300 46400   time taken in seconds:  90.9528067111969
block number:  464 Start-End 46400 46500   time taken in seconds:  94.69341444969177
block number:  465 Start-End 46500 46600   time taken in seconds:  93.4656572341919
block number:  466 Start-End 46600 46700   time taken in seconds:  90.84580874443054
block number:  467 Start-End 46700 46800   time taken in seconds:  87.77076148986816
block number:  468 Start-End 46800 46900   time taken in seconds:  83.11044096946716
block number:  469 Start-End 46900 47000   time taken in seconds:  86.61243271827698
block number:  470 Start-End 47000 47100   time taken in seconds:  96.31248092651367
block number:  471 Start-End 47100 47200   time taken in seconds:  97.93448400497437
block number:  472 Start-End 47200 47300   time taken in seconds:  90.19315385818481
block number:  473 Start-End 47300 47400   time taken in seconds:  95.92025375366211
block number:  474 Start-End 47400 47500   time taken in seconds:  95.66376638412476
block number:  475 Start-End 47500 47600   time taken in seconds:  92.47306394577026
block number:  476 Start-End 47600 47700   time taken in seconds:  86.85903310775757
block number:  477 Start-End 47700 47800   time taken in seconds:  91.75024199485779
block number:  478 Start-End 47800 47900   time taken in seconds:  94.27394986152649
block number:  479 Start-End 47900 48000   time taken in seconds:  87.99579334259033
block number:  480 Start-End 48000 48100   time taken in seconds:  85.80906891822815
block number:  481 Start-End 48100 48200   time taken in seconds:  86.17218947410583
block number:  482 Start-End 48200 48300   time taken in seconds:  91.692862033844
block number:  483 Start-End 48300 48400   time taken in seconds:  97.00524020195007
block number:  484 Start-End 48400 48500   time taken in seconds:  97.89876461029053
block number:  485 Start-End 48500 48600   time taken in seconds:  96.01976037025452
block number:  486 Start-End 48600 48700   time taken in seconds:  90.6938648223877
block number:  487 Start-End 48700 48800   time taken in seconds:  92.5096173286438
block number:  488 Start-End 48800 48900   time taken in seconds:  91.9567003250122
block number:  489 Start-End 48900 49000   time taken in seconds:  93.94901585578918
block number:  490 Start-End 49000 49100   time taken in seconds:  97.31486511230469
block number:  491 Start-End 49100 49200   time taken in seconds:  91.35215210914612
block number:  492 Start-End 49200 49300   time taken in seconds:  97.24547553062439
block number:  493 Start-End 49300 49400   time taken in seconds:  90.84159874916077
block number:  494 Start-End 49400 49500   time taken in seconds:  91.32946801185608
block number:  495 Start-End 49500 49600   time taken in seconds:  90.78900218009949
block number:  496 Start-End 49600 49700   time taken in seconds:  99.13301420211792
block number:  497 Start-End 49700 49800   time taken in seconds:  95.33401203155518
block number:  498 Start-End 49800 49900   time taken in seconds:  94.1721580028534
block number:  499 Start-End 49900 50000   time taken in seconds:  99.65373086929321
block number:  500 Start-End 50000 50100   time taken in seconds:  88.37005257606506
block number:  501 Start-End 50100 50200   time taken in seconds:  95.52876329421997
block number:  502 Start-End 50200 50300   time taken in seconds:  91.26538395881653
block number:  503 Start-End 50300 50400   time taken in seconds:  87.9111840724945
block number:  504 Start-End 50400 50500   time taken in seconds:  89.82973599433899
block number:  505 Start-End 50500 50600   time taken in seconds:  90.47871923446655
block number:  506 Start-End 50600 50700   time taken in seconds:  93.30305933952332
block number:  507 Start-End 50700 50800   time taken in seconds:  92.64689445495605
block number:  508 Start-End 50800 50900   time taken in seconds:  95.60226893424988
block number:  509 Start-End 50900 51000   time taken in seconds:  91.14634656906128
block number:  510 Start-End 51000 51100   time taken in seconds:  89.28804802894592
block number:  511 Start-End 51100 51200   time taken in seconds:  88.71028995513916
block number:  512 Start-End 51200 51300   time taken in seconds:  97.07910346984863
block number:  513 Start-End 51300 51400   time taken in seconds:  92.88494396209717
block number:  514 Start-End 51400 51500   time taken in seconds:  90.13283801078796
block number:  515 Start-End 51500 51600   time taken in seconds:  92.39145851135254
block number:  516 Start-End 51600 51700   time taken in seconds:  88.28369545936584
block number:  517 Start-End 51700 51800   time taken in seconds:  92.3332679271698
block number:  518 Start-End 51800 51900   time taken in seconds:  93.11843466758728
block number:  519 Start-End 51900 52000   time taken in seconds:  91.4733476638794
block number:  520 Start-End 52000 52100   time taken in seconds:  95.40740823745728
block number:  521 Start-End 52100 52200   time taken in seconds:  88.60700750350952
block number:  522 Start-End 52200 52300   time taken in seconds:  93.06598830223083
block number:  523 Start-End 52300 52400   time taken in seconds:  92.63121128082275
block number:  524 Start-End 52400 52500   time taken in seconds:  95.81078958511353
block number:  525 Start-End 52500 52600   time taken in seconds:  86.2570161819458
block number:  526 Start-End 52600 52700   time taken in seconds:  87.78700590133667
block number:  527 Start-End 52700 52800   time taken in seconds:  87.59020400047302
block number:  528 Start-End 52800 52900   time taken in seconds:  94.55678176879883
block number:  529 Start-End 52900 53000   time taken in seconds:  89.48410320281982
block number:  530 Start-End 53000 53100   time taken in seconds:  93.49342179298401
block number:  531 Start-End 53100 53200   time taken in seconds:  92.31563544273376
block number:  532 Start-End 53200 53300   time taken in seconds:  94.2071692943573
block number:  533 Start-End 53300 53400   time taken in seconds:  92.09503078460693
block number:  534 Start-End 53400 53500   time taken in seconds:  93.71683311462402
block number:  535 Start-End 53500 53600   time taken in seconds:  88.58212447166443
block number:  536 Start-End 53600 53700   time taken in seconds:  86.40471982955933
block number:  537 Start-End 53700 53800   time taken in seconds:  86.82630372047424
block number:  538 Start-End 53800 53900   time taken in seconds:  95.90238118171692
block number:  539 Start-End 53900 54000   time taken in seconds:  126.4458019733429
block number:  540 Start-End 54000 54100   time taken in seconds:  93.2210865020752
block number:  541 Start-End 54100 54200   time taken in seconds:  92.09780144691467
block number:  542 Start-End 54200 54300   time taken in seconds:  99.01699686050415
block number:  543 Start-End 54300 54400   time taken in seconds:  95.11951851844788
block number:  544 Start-End 54400 54500   time taken in seconds:  97.12659072875977
block number:  545 Start-End 54500 54600   time taken in seconds:  93.52774214744568
block number:  546 Start-End 54600 54700   time taken in seconds:  93.32138299942017
block number:  547 Start-End 54700 54800   time taken in seconds:  84.04685878753662
block number:  548 Start-End 54800 54900   time taken in seconds:  92.41489219665527
block number:  549 Start-End 54900 55000   time taken in seconds:  98.18652653694153
block number:  550 Start-End 55000 55100   time taken in seconds:  90.07426333427429
block number:  551 Start-End 55100 55200   time taken in seconds:  93.16586494445801
block number:  552 Start-End 55200 55300   time taken in seconds:  96.97582149505615
block number:  553 Start-End 55300 55400   time taken in seconds:  93.92718577384949
block number:  554 Start-End 55400 55500   time taken in seconds:  88.3231737613678
block number:  555 Start-End 55500 55600   time taken in seconds:  96.56330227851868
block number:  556 Start-End 55600 55700   time taken in seconds:  93.53924059867859
block number:  557 Start-End 55700 55800   time taken in seconds:  94.1680543422699
block number:  558 Start-End 55800 55900   time taken in seconds:  91.50811243057251
block number:  559 Start-End 55900 56000   time taken in seconds:  88.02830457687378
block number:  560 Start-End 56000 56100   time taken in seconds:  94.8478889465332
block number:  561 Start-End 56100 56200   time taken in seconds:  99.16691541671753
block number:  562 Start-End 56200 56300   time taken in seconds:  91.42142701148987
block number:  563 Start-End 56300 56400   time taken in seconds:  93.38044571876526
block number:  564 Start-End 56400 56500   time taken in seconds:  88.04531598091125
block number:  565 Start-End 56500 56600   time taken in seconds:  89.56548476219177
block number:  566 Start-End 56600 56700   time taken in seconds:  88.41301417350769
block number:  567 Start-End 56700 56800   time taken in seconds:  92.71584486961365
block number:  568 Start-End 56800 56900   time taken in seconds:  88.34042382240295
block number:  569 Start-End 56900 57000   time taken in seconds:  86.75259208679199
block number:  570 Start-End 57000 57100   time taken in seconds:  89.95896530151367
block number:  571 Start-End 57100 57200   time taken in seconds:  87.63560938835144
block number:  572 Start-End 57200 57300   time taken in seconds:  84.8766565322876
block number:  573 Start-End 57300 57400   time taken in seconds:  92.57405257225037
block number:  574 Start-End 57400 57500   time taken in seconds:  89.94061517715454
block number:  575 Start-End 57500 57600   time taken in seconds:  90.32504844665527
block number:  576 Start-End 57600 None   time taken in seconds:  32.0590181350708
Number of samples after bg: 466 
Number of temp files written 653
Time taken for concatenating temp files 8995.92534995079
Data shape after read:	x:(752604, 60, 10, 20)	y:(752604,)	wts:(752604,)
Data shape after format:	x:(752604, 10, 20, 60, 1)	y:(752604,)
Time taken in minutes  1043.576180346807
