Data cut None
Type of data:	 regular
11361 10384
Type:  sig
Number of blocks 114
block number:  0 Start-End 0 100   time taken in seconds:  20.00908637046814
block number:  1 Start-End 100 200   time taken in seconds:  16.157068490982056
block number:  2 Start-End 200 300   time taken in seconds:  15.236711740493774
block number:  3 Start-End 300 400   time taken in seconds:  15.785897016525269
block number:  4 Start-End 400 500   time taken in seconds:  15.224340677261353
block number:  5 Start-End 500 600   time taken in seconds:  14.1211097240448
block number:  6 Start-End 600 700   time taken in seconds:  16.30538558959961
block number:  7 Start-End 700 800   time taken in seconds:  17.022717714309692
block number:  8 Start-End 800 900   time taken in seconds:  14.656512022018433
block number:  9 Start-End 900 1000   time taken in seconds:  15.25387167930603
block number:  10 Start-End 1000 1100   time taken in seconds:  16.183172464370728
block number:  11 Start-End 1100 1200   time taken in seconds:  16.152215719223022
block number:  12 Start-End 1200 1300   time taken in seconds:  16.24523687362671
block number:  13 Start-End 1300 1400   time taken in seconds:  13.934385538101196
block number:  14 Start-End 1400 1500   time taken in seconds:  16.29032301902771
block number:  15 Start-End 1500 1600   time taken in seconds:  14.505781650543213
block number:  16 Start-End 1600 1700   time taken in seconds:  15.348820924758911
block number:  17 Start-End 1700 1800   time taken in seconds:  14.999626636505127
block number:  18 Start-End 1800 1900   time taken in seconds:  17.48671817779541
block number:  19 Start-End 1900 2000   time taken in seconds:  15.07664442062378
block number:  20 Start-End 2000 2100   time taken in seconds:  16.779056549072266
block number:  21 Start-End 2100 2200   time taken in seconds:  15.75979208946228
block number:  22 Start-End 2200 2300   time taken in seconds:  15.099287986755371
block number:  23 Start-End 2300 2400   time taken in seconds:  16.976515531539917
block number:  24 Start-End 2400 2500   time taken in seconds:  16.13375186920166
block number:  25 Start-End 2500 2600   time taken in seconds:  14.715967893600464
block number:  26 Start-End 2600 2700   time taken in seconds:  14.732402086257935
block number:  27 Start-End 2700 2800   time taken in seconds:  15.481274127960205
block number:  28 Start-End 2800 2900   time taken in seconds:  14.669795513153076
block number:  29 Start-End 2900 3000   time taken in seconds:  17.225961923599243
block number:  30 Start-End 3000 3100   time taken in seconds:  14.399543762207031
block number:  31 Start-End 3100 3200   time taken in seconds:  15.503895282745361
block number:  32 Start-End 3200 3300   time taken in seconds:  13.975446462631226
block number:  33 Start-End 3300 3400   time taken in seconds:  15.838320970535278
block number:  34 Start-End 3400 3500   time taken in seconds:  16.190396785736084
block number:  35 Start-End 3500 3600   time taken in seconds:  14.700079679489136
block number:  36 Start-End 3600 3700   time taken in seconds:  16.019256591796875
block number:  37 Start-End 3700 3800   time taken in seconds:  16.535651445388794
block number:  38 Start-End 3800 3900   time taken in seconds:  14.792546033859253
block number:  39 Start-End 3900 4000   time taken in seconds:  14.960952043533325
block number:  40 Start-End 4000 4100   time taken in seconds:  14.30056118965149
block number:  41 Start-End 4100 4200   time taken in seconds:  13.793527364730835
block number:  42 Start-End 4200 4300   time taken in seconds:  14.532689809799194
block number:  43 Start-End 4300 4400   time taken in seconds:  14.290635108947754
block number:  44 Start-End 4400 4500   time taken in seconds:  12.185381412506104
block number:  45 Start-End 4500 4600   time taken in seconds:  14.680804967880249
block number:  46 Start-End 4600 4700   time taken in seconds:  13.969537019729614
block number:  47 Start-End 4700 4800   time taken in seconds:  13.064236640930176
block number:  48 Start-End 4800 4900   time taken in seconds:  15.189934492111206
block number:  49 Start-End 4900 5000   time taken in seconds:  14.129507303237915
block number:  50 Start-End 5000 5100   time taken in seconds:  14.869206190109253
block number:  51 Start-End 5100 5200   time taken in seconds:  12.383081674575806
block number:  52 Start-End 5200 5300   time taken in seconds:  14.979023933410645
block number:  53 Start-End 5300 5400   time taken in seconds:  15.366277694702148
block number:  54 Start-End 5400 5500   time taken in seconds:  12.555504560470581
block number:  55 Start-End 5500 5600   time taken in seconds:  14.278115272521973
block number:  56 Start-End 5600 5700   time taken in seconds:  12.158055543899536
block number:  57 Start-End 5700 5800   time taken in seconds:  14.453176021575928
block number:  58 Start-End 5800 5900   time taken in seconds:  13.094964504241943
block number:  59 Start-End 5900 6000   time taken in seconds:  15.346762657165527
block number:  60 Start-End 6000 6100   time taken in seconds:  13.41644549369812
block number:  61 Start-End 6100 6200   time taken in seconds:  14.629633903503418
block number:  62 Start-End 6200 6300   time taken in seconds:  14.214383840560913
block number:  63 Start-End 6300 6400   time taken in seconds:  14.235638618469238
block number:  64 Start-End 6400 6500   time taken in seconds:  13.92896556854248
block number:  65 Start-End 6500 6600   time taken in seconds:  14.846046447753906
block number:  66 Start-End 6600 6700   time taken in seconds:  13.802680015563965
block number:  67 Start-End 6700 6800   time taken in seconds:  14.248121738433838
block number:  68 Start-End 6800 6900   time taken in seconds:  12.841880083084106
block number:  69 Start-End 6900 7000   time taken in seconds:  14.063175439834595
block number:  70 Start-End 7000 7100   time taken in seconds:  14.623423337936401
block number:  71 Start-End 7100 7200   time taken in seconds:  14.835955381393433
block number:  72 Start-End 7200 7300   time taken in seconds:  14.087867498397827
block number:  73 Start-End 7300 7400   time taken in seconds:  16.38256525993347
block number:  74 Start-End 7400 7500   time taken in seconds:  14.580086469650269
block number:  75 Start-End 7500 7600   time taken in seconds:  13.273425340652466
block number:  76 Start-End 7600 7700   time taken in seconds:  14.722011089324951
block number:  77 Start-End 7700 7800   time taken in seconds:  13.130433559417725
block number:  78 Start-End 7800 7900   time taken in seconds:  13.063233375549316
block number:  79 Start-End 7900 8000   time taken in seconds:  12.192502498626709
block number:  80 Start-End 8000 8100   time taken in seconds:  14.484354496002197
block number:  81 Start-End 8100 8200   time taken in seconds:  13.34867787361145
block number:  82 Start-End 8200 8300   time taken in seconds:  12.69237995147705
block number:  83 Start-End 8300 8400   time taken in seconds:  14.335611343383789
block number:  84 Start-End 8400 8500   time taken in seconds:  13.673800945281982
block number:  85 Start-End 8500 8600   time taken in seconds:  13.656546831130981
block number:  86 Start-End 8600 8700   time taken in seconds:  13.784233808517456
block number:  87 Start-End 8700 8800   time taken in seconds:  14.150776147842407
block number:  88 Start-End 8800 8900   time taken in seconds:  14.090571403503418
block number:  89 Start-End 8900 9000   time taken in seconds:  14.093273639678955
block number:  90 Start-End 9000 9100   time taken in seconds:  13.872512817382812
block number:  91 Start-End 9100 9200   time taken in seconds:  15.168751001358032
block number:  92 Start-End 9200 9300   time taken in seconds:  15.273128509521484
block number:  93 Start-End 9300 9400   time taken in seconds:  13.455809831619263
block number:  94 Start-End 9400 9500   time taken in seconds:  14.346689224243164
block number:  95 Start-End 9500 9600   time taken in seconds:  14.480507850646973
block number:  96 Start-End 9600 9700   time taken in seconds:  13.50321912765503
block number:  97 Start-End 9700 9800   time taken in seconds:  16.042014598846436
block number:  98 Start-End 9800 9900   time taken in seconds:  13.875535011291504
block number:  99 Start-End 9900 10000   time taken in seconds:  13.238479375839233
block number:  100 Start-End 10000 10100   time taken in seconds:  13.68203854560852
block number:  101 Start-End 10100 10200   time taken in seconds:  14.688342094421387
block number:  102 Start-End 10200 10300   time taken in seconds:  14.998815536499023
block number:  103 Start-End 10300 10400   time taken in seconds:  13.396378993988037
block number:  104 Start-End 10400 10500   time taken in seconds:  13.668757677078247
block number:  105 Start-End 10500 10600   time taken in seconds:  15.282681941986084
block number:  106 Start-End 10600 10700   time taken in seconds:  13.841716289520264
block number:  107 Start-End 10700 10800   time taken in seconds:  14.780962467193604
block number:  108 Start-End 10800 10900   time taken in seconds:  14.41085958480835
block number:  109 Start-End 10900 11000   time taken in seconds:  15.033421277999878
block number:  110 Start-End 11000 11100   time taken in seconds:  13.837235927581787
block number:  111 Start-End 11100 11200   time taken in seconds:  14.771990537643433
block number:  112 Start-End 11200 11300   time taken in seconds:  15.423304796218872
block number:  113 Start-End 11300 None   time taken in seconds:  8.723363637924194
Number of samples after sig: 144 
Type:  bg
Number of blocks 104
block number:  0 Start-End 0 100   time taken in seconds:  75.71508932113647
block number:  1 Start-End 100 200   time taken in seconds:  70.90018963813782
block number:  2 Start-End 200 300   time taken in seconds:  63.986695766448975
block number:  3 Start-End 300 400   time taken in seconds:  58.562804222106934
block number:  4 Start-End 400 500   time taken in seconds:  68.79786014556885
block number:  5 Start-End 500 600   time taken in seconds:  67.40388488769531
block number:  6 Start-End 600 700   time taken in seconds:  68.98458003997803
block number:  7 Start-End 700 800   time taken in seconds:  71.30311226844788
block number:  8 Start-End 800 900   time taken in seconds:  59.09470748901367
block number:  9 Start-End 900 1000   time taken in seconds:  62.17151427268982
block number:  10 Start-End 1000 1100   time taken in seconds:  65.32130336761475
block number:  11 Start-End 1100 1200   time taken in seconds:  62.992467641830444
block number:  12 Start-End 1200 1300   time taken in seconds:  59.827422857284546
block number:  13 Start-End 1300 1400   time taken in seconds:  67.75817704200745
block number:  14 Start-End 1400 1500   time taken in seconds:  66.54607915878296
block number:  15 Start-End 1500 1600   time taken in seconds:  70.87576913833618
block number:  16 Start-End 1600 1700   time taken in seconds:  64.32804369926453
block number:  17 Start-End 1700 1800   time taken in seconds:  67.2267382144928
block number:  18 Start-End 1800 1900   time taken in seconds:  70.31195449829102
block number:  19 Start-End 1900 2000   time taken in seconds:  65.51359272003174
block number:  20 Start-End 2000 2100   time taken in seconds:  67.69318437576294
block number:  21 Start-End 2100 2200   time taken in seconds:  65.22687792778015
block number:  22 Start-End 2200 2300   time taken in seconds:  66.77770686149597
block number:  23 Start-End 2300 2400   time taken in seconds:  60.94528937339783
block number:  24 Start-End 2400 2500   time taken in seconds:  59.47131848335266
block number:  25 Start-End 2500 2600   time taken in seconds:  68.25540661811829
block number:  26 Start-End 2600 2700   time taken in seconds:  63.64588499069214
block number:  27 Start-End 2700 2800   time taken in seconds:  67.44980955123901
block number:  28 Start-End 2800 2900   time taken in seconds:  64.61995840072632
block number:  29 Start-End 2900 3000   time taken in seconds:  62.243364572525024
block number:  30 Start-End 3000 3100   time taken in seconds:  64.66370630264282
block number:  31 Start-End 3100 3200   time taken in seconds:  65.23804259300232
block number:  32 Start-End 3200 3300   time taken in seconds:  66.06434059143066
block number:  33 Start-End 3300 3400   time taken in seconds:  64.19174194335938
block number:  34 Start-End 3400 3500   time taken in seconds:  60.96016812324524
block number:  35 Start-End 3500 3600   time taken in seconds:  73.36634588241577
block number:  36 Start-End 3600 3700   time taken in seconds:  62.512104511260986
block number:  37 Start-End 3700 3800   time taken in seconds:  69.69050741195679
block number:  38 Start-End 3800 3900   time taken in seconds:  68.74900960922241
block number:  39 Start-End 3900 4000   time taken in seconds:  65.66610813140869
block number:  40 Start-End 4000 4100   time taken in seconds:  67.84407114982605
block number:  41 Start-End 4100 4200   time taken in seconds:  65.61866307258606
block number:  42 Start-End 4200 4300   time taken in seconds:  64.00174593925476
block number:  43 Start-End 4300 4400   time taken in seconds:  67.66509962081909
block number:  44 Start-End 4400 4500   time taken in seconds:  68.49405169487
block number:  45 Start-End 4500 4600   time taken in seconds:  65.63767099380493
block number:  46 Start-End 4600 4700   time taken in seconds:  63.54953169822693
block number:  47 Start-End 4700 4800   time taken in seconds:  71.9251549243927
block number:  48 Start-End 4800 4900   time taken in seconds:  55.57934641838074
block number:  49 Start-End 4900 5000   time taken in seconds:  61.01801061630249
block number:  50 Start-End 5000 5100   time taken in seconds:  64.90815877914429
block number:  51 Start-End 5100 5200   time taken in seconds:  68.0537211894989
block number:  52 Start-End 5200 5300   time taken in seconds:  63.48368501663208
block number:  53 Start-End 5300 5400   time taken in seconds:  66.14608216285706
block number:  54 Start-End 5400 5500   time taken in seconds:  59.53946352005005
block number:  55 Start-End 5500 5600   time taken in seconds:  64.37903165817261
block number:  56 Start-End 5600 5700   time taken in seconds:  70.25782465934753
block number:  57 Start-End 5700 5800   time taken in seconds:  61.12002611160278
block number:  58 Start-End 5800 5900   time taken in seconds:  69.45081639289856
block number:  59 Start-End 5900 6000   time taken in seconds:  65.34672856330872
block number:  60 Start-End 6000 6100   time taken in seconds:  64.91237998008728
block number:  61 Start-End 6100 6200   time taken in seconds:  69.04696464538574
block number:  62 Start-End 6200 6300   time taken in seconds:  66.71064949035645
block number:  63 Start-End 6300 6400   time taken in seconds:  66.4131805896759
block number:  64 Start-End 6400 6500   time taken in seconds:  66.65159225463867
block number:  65 Start-End 6500 6600   time taken in seconds:  64.22481775283813
block number:  66 Start-End 6600 6700   time taken in seconds:  57.73177909851074
block number:  67 Start-End 6700 6800   time taken in seconds:  65.36267066001892
block number:  68 Start-End 6800 6900   time taken in seconds:  63.89038324356079
block number:  69 Start-End 6900 7000   time taken in seconds:  64.25108480453491
block number:  70 Start-End 7000 7100   time taken in seconds:  66.69106149673462
block number:  71 Start-End 7100 7200   time taken in seconds:  70.30683159828186
block number:  72 Start-End 7200 7300   time taken in seconds:  69.91846442222595
block number:  73 Start-End 7300 7400   time taken in seconds:  63.89268612861633
block number:  74 Start-End 7400 7500   time taken in seconds:  67.21897673606873
block number:  75 Start-End 7500 7600   time taken in seconds:  63.63583302497864
block number:  76 Start-End 7600 7700   time taken in seconds:  66.44879865646362
block number:  77 Start-End 7700 7800   time taken in seconds:  63.04002285003662
block number:  78 Start-End 7800 7900   time taken in seconds:  65.80512261390686
block number:  79 Start-End 7900 8000   time taken in seconds:  64.02395296096802
block number:  80 Start-End 8000 8100   time taken in seconds:  66.939866065979
block number:  81 Start-End 8100 8200   time taken in seconds:  68.08282017707825
block number:  82 Start-End 8200 8300   time taken in seconds:  61.86453723907471
block number:  83 Start-End 8300 8400   time taken in seconds:  66.89677596092224
block number:  84 Start-End 8400 8500   time taken in seconds:  69.07628464698792
block number:  85 Start-End 8500 8600   time taken in seconds:  62.974348306655884
block number:  86 Start-End 8600 8700   time taken in seconds:  71.66889882087708
block number:  87 Start-End 8700 8800   time taken in seconds:  66.96918964385986
block number:  88 Start-End 8800 8900   time taken in seconds:  60.98677062988281
block number:  89 Start-End 8900 9000   time taken in seconds:  63.81017231941223
block number:  90 Start-End 9000 9100   time taken in seconds:  63.42322492599487
block number:  91 Start-End 9100 9200   time taken in seconds:  67.9528124332428
block number:  92 Start-End 9200 9300   time taken in seconds:  61.8063108921051
block number:  93 Start-End 9300 9400   time taken in seconds:  57.260464668273926
block number:  94 Start-End 9400 9500   time taken in seconds:  65.96092963218689
block number:  95 Start-End 9500 9600   time taken in seconds:  63.68982434272766
block number:  96 Start-End 9600 9700   time taken in seconds:  72.19771456718445
block number:  97 Start-End 9700 9800   time taken in seconds:  66.00936079025269
block number:  98 Start-End 9800 9900   time taken in seconds:  63.11468005180359
block number:  99 Start-End 9900 10000   time taken in seconds:  66.95686721801758
block number:  100 Start-End 10000 10100   time taken in seconds:  64.15211820602417
block number:  101 Start-End 10100 10200   time taken in seconds:  67.73758673667908
block number:  102 Start-End 10200 10300   time taken in seconds:  70.09048438072205
block number:  103 Start-End 10300 None   time taken in seconds:  55.017115354537964
Number of samples after bg: 872 
Number of temp files written 218
Time taken for concatenating temp files 539.0407905578613
Data shape after read:	x:(136066, 60, 10, 20)	y:(136066,)	wts:(136066,)
Data shape after format:	x:(136066, 10, 20, 60, 1)	y:(136066,)
Time taken in minutes  150.68218325376512
Type of data:	 reserved
7593 57635
Type:  sig
Number of blocks 76
block number:  0 Start-End 0 100   time taken in seconds:  13.194339275360107
block number:  1 Start-End 100 200   time taken in seconds:  14.33949899673462
block number:  2 Start-End 200 300   time taken in seconds:  13.915684223175049
block number:  3 Start-End 300 400   time taken in seconds:  13.375639200210571
block number:  4 Start-End 400 500   time taken in seconds:  13.62533950805664
block number:  5 Start-End 500 600   time taken in seconds:  14.643505573272705
block number:  6 Start-End 600 700   time taken in seconds:  13.532819509506226
block number:  7 Start-End 700 800   time taken in seconds:  14.351327180862427
block number:  8 Start-End 800 900   time taken in seconds:  12.596538066864014
block number:  9 Start-End 900 1000   time taken in seconds:  15.061957597732544
block number:  10 Start-End 1000 1100   time taken in seconds:  14.570553541183472
block number:  11 Start-End 1100 1200   time taken in seconds:  15.702474117279053
block number:  12 Start-End 1200 1300   time taken in seconds:  13.418169021606445
block number:  13 Start-End 1300 1400   time taken in seconds:  14.177076578140259
block number:  14 Start-End 1400 1500   time taken in seconds:  13.879754066467285
block number:  15 Start-End 1500 1600   time taken in seconds:  13.048632621765137
block number:  16 Start-End 1600 1700   time taken in seconds:  14.772587299346924
block number:  17 Start-End 1700 1800   time taken in seconds:  14.981652736663818
block number:  18 Start-End 1800 1900   time taken in seconds:  11.963757753372192
block number:  19 Start-End 1900 2000   time taken in seconds:  13.806519746780396
block number:  20 Start-End 2000 2100   time taken in seconds:  13.641456365585327
block number:  21 Start-End 2100 2200   time taken in seconds:  14.1961510181427
block number:  22 Start-End 2200 2300   time taken in seconds:  14.182552576065063
block number:  23 Start-End 2300 2400   time taken in seconds:  13.424232959747314
block number:  24 Start-End 2400 2500   time taken in seconds:  14.165944576263428
block number:  25 Start-End 2500 2600   time taken in seconds:  13.00538158416748
block number:  26 Start-End 2600 2700   time taken in seconds:  15.039040327072144
block number:  27 Start-End 2700 2800   time taken in seconds:  13.930742263793945
block number:  28 Start-End 2800 2900   time taken in seconds:  12.997621297836304
block number:  29 Start-End 2900 3000   time taken in seconds:  13.104302644729614
block number:  30 Start-End 3000 3100   time taken in seconds:  14.792773962020874
block number:  31 Start-End 3100 3200   time taken in seconds:  14.084150791168213
block number:  32 Start-End 3200 3300   time taken in seconds:  14.998562574386597
block number:  33 Start-End 3300 3400   time taken in seconds:  13.71423625946045
block number:  34 Start-End 3400 3500   time taken in seconds:  13.212339401245117
block number:  35 Start-End 3500 3600   time taken in seconds:  13.188777208328247
block number:  36 Start-End 3600 3700   time taken in seconds:  14.75929594039917
block number:  37 Start-End 3700 3800   time taken in seconds:  12.886281490325928
block number:  38 Start-End 3800 3900   time taken in seconds:  15.040332794189453
block number:  39 Start-End 3900 4000   time taken in seconds:  16.062333583831787
block number:  40 Start-End 4000 4100   time taken in seconds:  15.057912588119507
block number:  41 Start-End 4100 4200   time taken in seconds:  13.67031478881836
block number:  42 Start-End 4200 4300   time taken in seconds:  15.030443906784058
block number:  43 Start-End 4300 4400   time taken in seconds:  12.20329213142395
block number:  44 Start-End 4400 4500   time taken in seconds:  13.285537481307983
block number:  45 Start-End 4500 4600   time taken in seconds:  14.137702703475952
block number:  46 Start-End 4600 4700   time taken in seconds:  13.62174677848816
block number:  47 Start-End 4700 4800   time taken in seconds:  12.375397682189941
block number:  48 Start-End 4800 4900   time taken in seconds:  14.340676546096802
block number:  49 Start-End 4900 5000   time taken in seconds:  14.717081308364868
block number:  50 Start-End 5000 5100   time taken in seconds:  13.921387195587158
block number:  51 Start-End 5100 5200   time taken in seconds:  15.125612735748291
block number:  52 Start-End 5200 5300   time taken in seconds:  12.227034330368042
block number:  53 Start-End 5300 5400   time taken in seconds:  16.056001901626587
block number:  54 Start-End 5400 5500   time taken in seconds:  14.63254690170288
block number:  55 Start-End 5500 5600   time taken in seconds:  14.575774431228638
block number:  56 Start-End 5600 5700   time taken in seconds:  14.997779607772827
block number:  57 Start-End 5700 5800   time taken in seconds:  14.19303297996521
block number:  58 Start-End 5800 5900   time taken in seconds:  14.086268663406372
block number:  59 Start-End 5900 6000   time taken in seconds:  13.799242973327637
block number:  60 Start-End 6000 6100   time taken in seconds:  12.10978364944458
block number:  61 Start-End 6100 6200   time taken in seconds:  15.19550633430481
block number:  62 Start-End 6200 6300   time taken in seconds:  14.656959295272827
block number:  63 Start-End 6300 6400   time taken in seconds:  12.102178812026978
block number:  64 Start-End 6400 6500   time taken in seconds:  12.768281698226929
block number:  65 Start-End 6500 6600   time taken in seconds:  13.115379095077515
block number:  66 Start-End 6600 6700   time taken in seconds:  14.368934869766235
block number:  67 Start-End 6700 6800   time taken in seconds:  14.73939847946167
block number:  68 Start-End 6800 6900   time taken in seconds:  13.135162353515625
block number:  69 Start-End 6900 7000   time taken in seconds:  14.723291873931885
block number:  70 Start-End 7000 7100   time taken in seconds:  17.012502670288086
block number:  71 Start-End 7100 7200   time taken in seconds:  15.132905960083008
block number:  72 Start-End 7200 7300   time taken in seconds:  13.145807027816772
block number:  73 Start-End 7300 7400   time taken in seconds:  14.622137784957886
block number:  74 Start-End 7400 7500   time taken in seconds:  12.970937490463257
block number:  75 Start-End 7500 None   time taken in seconds:  13.532361507415771
Number of samples after sig: 233 
Type:  bg
Number of blocks 577
block number:  0 Start-End 0 100   time taken in seconds:  78.63714551925659
block number:  1 Start-End 100 200   time taken in seconds:  79.0724709033966
block number:  2 Start-End 200 300   time taken in seconds:  78.15699076652527
block number:  3 Start-End 300 400   time taken in seconds:  79.22957921028137
block number:  4 Start-End 400 500   time taken in seconds:  76.01353311538696
block number:  5 Start-End 500 600   time taken in seconds:  77.9949266910553
block number:  6 Start-End 600 700   time taken in seconds:  76.52855443954468
block number:  7 Start-End 700 800   time taken in seconds:  79.28631615638733
block number:  8 Start-End 800 900   time taken in seconds:  77.34642791748047
block number:  9 Start-End 900 1000   time taken in seconds:  78.11076712608337
block number:  10 Start-End 1000 1100   time taken in seconds:  80.56584644317627
block number:  11 Start-End 1100 1200   time taken in seconds:  78.35403609275818
block number:  12 Start-End 1200 1300   time taken in seconds:  86.13926672935486
block number:  13 Start-End 1300 1400   time taken in seconds:  79.88272213935852
block number:  14 Start-End 1400 1500   time taken in seconds:  82.18099117279053
block number:  15 Start-End 1500 1600   time taken in seconds:  77.12220740318298
block number:  16 Start-End 1600 1700   time taken in seconds:  76.34116625785828
block number:  17 Start-End 1700 1800   time taken in seconds:  78.80516004562378
block number:  18 Start-End 1800 1900   time taken in seconds:  75.14579319953918
block number:  19 Start-End 1900 2000   time taken in seconds:  82.39619445800781
block number:  20 Start-End 2000 2100   time taken in seconds:  82.66156053543091
block number:  21 Start-End 2100 2200   time taken in seconds:  82.51539397239685
block number:  22 Start-End 2200 2300   time taken in seconds:  80.47004532814026
block number:  23 Start-End 2300 2400   time taken in seconds:  80.89685344696045
block number:  24 Start-End 2400 2500   time taken in seconds:  79.54855370521545
block number:  25 Start-End 2500 2600   time taken in seconds:  81.14846420288086
block number:  26 Start-End 2600 2700   time taken in seconds:  84.6693844795227
block number:  27 Start-End 2700 2800   time taken in seconds:  76.48744750022888
block number:  28 Start-End 2800 2900   time taken in seconds:  81.55659890174866
block number:  29 Start-End 2900 3000   time taken in seconds:  73.23261880874634
block number:  30 Start-End 3000 3100   time taken in seconds:  72.90550017356873
block number:  31 Start-End 3100 3200   time taken in seconds:  81.577321767807
block number:  32 Start-End 3200 3300   time taken in seconds:  75.92833375930786
block number:  33 Start-End 3300 3400   time taken in seconds:  79.92098140716553
block number:  34 Start-End 3400 3500   time taken in seconds:  77.78166627883911
block number:  35 Start-End 3500 3600   time taken in seconds:  80.39189600944519
block number:  36 Start-End 3600 3700   time taken in seconds:  89.42695236206055
block number:  37 Start-End 3700 3800   time taken in seconds:  88.84599828720093
block number:  38 Start-End 3800 3900   time taken in seconds:  88.0085072517395
block number:  39 Start-End 3900 4000   time taken in seconds:  82.56576633453369
block number:  40 Start-End 4000 4100   time taken in seconds:  88.67220664024353
block number:  41 Start-End 4100 4200   time taken in seconds:  90.06394481658936
block number:  42 Start-End 4200 4300   time taken in seconds:  85.99307799339294
block number:  43 Start-End 4300 4400   time taken in seconds:  89.458420753479
block number:  44 Start-End 4400 4500   time taken in seconds:  92.00518846511841
block number:  45 Start-End 4500 4600   time taken in seconds:  91.75899481773376
block number:  46 Start-End 4600 4700   time taken in seconds:  94.65411114692688
block number:  47 Start-End 4700 4800   time taken in seconds:  88.70752429962158
block number:  48 Start-End 4800 4900   time taken in seconds:  91.02044320106506
block number:  49 Start-End 4900 5000   time taken in seconds:  84.65198636054993
block number:  50 Start-End 5000 5100   time taken in seconds:  87.0433886051178
block number:  51 Start-End 5100 5200   time taken in seconds:  90.68406391143799
block number:  52 Start-End 5200 5300   time taken in seconds:  90.76430153846741
block number:  53 Start-End 5300 5400   time taken in seconds:  91.76033973693848
block number:  54 Start-End 5400 5500   time taken in seconds:  91.46042275428772
block number:  55 Start-End 5500 5600   time taken in seconds:  90.79433703422546
block number:  56 Start-End 5600 5700   time taken in seconds:  83.12529253959656
block number:  57 Start-End 5700 5800   time taken in seconds:  84.15950751304626
block number:  58 Start-End 5800 5900   time taken in seconds:  88.29240536689758
block number:  59 Start-End 5900 6000   time taken in seconds:  91.53054761886597
block number:  60 Start-End 6000 6100   time taken in seconds:  86.93731021881104
block number:  61 Start-End 6100 6200   time taken in seconds:  85.33802509307861
block number:  62 Start-End 6200 6300   time taken in seconds:  94.71776080131531
block number:  63 Start-End 6300 6400   time taken in seconds:  90.65708351135254
block number:  64 Start-End 6400 6500   time taken in seconds:  91.24452948570251
block number:  65 Start-End 6500 6600   time taken in seconds:  96.98117995262146
block number:  66 Start-End 6600 6700   time taken in seconds:  93.25757932662964
block number:  67 Start-End 6700 6800   time taken in seconds:  93.89553809165955
block number:  68 Start-End 6800 6900   time taken in seconds:  92.9574122428894
block number:  69 Start-End 6900 7000   time taken in seconds:  88.56213569641113
block number:  70 Start-End 7000 7100   time taken in seconds:  86.98155951499939
block number:  71 Start-End 7100 7200   time taken in seconds:  92.5514965057373
block number:  72 Start-End 7200 7300   time taken in seconds:  97.12070751190186
block number:  73 Start-End 7300 7400   time taken in seconds:  90.14143562316895
block number:  74 Start-End 7400 7500   time taken in seconds:  89.12269234657288
block number:  75 Start-End 7500 7600   time taken in seconds:  99.89497780799866
block number:  76 Start-End 7600 7700   time taken in seconds:  91.3075966835022
block number:  77 Start-End 7700 7800   time taken in seconds:  96.55015897750854
block number:  78 Start-End 7800 7900   time taken in seconds:  91.16470265388489
block number:  79 Start-End 7900 8000   time taken in seconds:  89.22682213783264
block number:  80 Start-End 8000 8100   time taken in seconds:  97.1350429058075
block number:  81 Start-End 8100 8200   time taken in seconds:  94.32510185241699
block number:  82 Start-End 8200 8300   time taken in seconds:  89.33578181266785
block number:  83 Start-End 8300 8400   time taken in seconds:  86.37989449501038
block number:  84 Start-End 8400 8500   time taken in seconds:  92.2283284664154
block number:  85 Start-End 8500 8600   time taken in seconds:  92.00765228271484
block number:  86 Start-End 8600 8700   time taken in seconds:  90.9925320148468
block number:  87 Start-End 8700 8800   time taken in seconds:  91.34865808486938
block number:  88 Start-End 8800 8900   time taken in seconds:  94.9387092590332
block number:  89 Start-End 8900 9000   time taken in seconds:  89.77041912078857
block number:  90 Start-End 9000 9100   time taken in seconds:  134.03263926506042
block number:  91 Start-End 9100 9200   time taken in seconds:  127.37074160575867
block number:  92 Start-End 9200 9300   time taken in seconds:  97.34395170211792
block number:  93 Start-End 9300 9400   time taken in seconds:  92.82619547843933
block number:  94 Start-End 9400 9500   time taken in seconds:  178.41290497779846
block number:  95 Start-End 9500 9600   time taken in seconds:  163.33811831474304
block number:  96 Start-End 9600 9700   time taken in seconds:  184.96861052513123
block number:  97 Start-End 9700 9800   time taken in seconds:  332.5308997631073
block number:  98 Start-End 9800 9900   time taken in seconds:  290.0583875179291
block number:  99 Start-End 9900 10000   time taken in seconds:  166.01225185394287
block number:  100 Start-End 10000 10100   time taken in seconds:  178.46323537826538
block number:  101 Start-End 10100 10200   time taken in seconds:  183.89842653274536
block number:  102 Start-End 10200 10300   time taken in seconds:  184.05700039863586
block number:  103 Start-End 10300 10400   time taken in seconds:  175.36277198791504
block number:  104 Start-End 10400 10500   time taken in seconds:  184.11153650283813
block number:  105 Start-End 10500 10600   time taken in seconds:  165.3719506263733
block number:  106 Start-End 10600 10700   time taken in seconds:  102.5033586025238
block number:  107 Start-End 10700 10800   time taken in seconds:  88.88567090034485
block number:  108 Start-End 10800 10900   time taken in seconds:  86.68495225906372
block number:  109 Start-End 10900 11000   time taken in seconds:  93.91309475898743
block number:  110 Start-End 11000 11100   time taken in seconds:  93.86808037757874
block number:  111 Start-End 11100 11200   time taken in seconds:  95.15736484527588
block number:  112 Start-End 11200 11300   time taken in seconds:  84.07118153572083
block number:  113 Start-End 11300 11400   time taken in seconds:  86.0888934135437
block number:  114 Start-End 11400 11500   time taken in seconds:  89.4253842830658
block number:  115 Start-End 11500 11600   time taken in seconds:  86.75087904930115
block number:  116 Start-End 11600 11700   time taken in seconds:  92.29354453086853
block number:  117 Start-End 11700 11800   time taken in seconds:  92.39092922210693
block number:  118 Start-End 11800 11900   time taken in seconds:  90.04949712753296
block number:  119 Start-End 11900 12000   time taken in seconds:  91.80279469490051
block number:  120 Start-End 12000 12100   time taken in seconds:  86.2271900177002
block number:  121 Start-End 12100 12200   time taken in seconds:  92.51432824134827
block number:  122 Start-End 12200 12300   time taken in seconds:  84.39249873161316
block number:  123 Start-End 12300 12400   time taken in seconds:  93.75823950767517
block number:  124 Start-End 12400 12500   time taken in seconds:  89.44407367706299
block number:  125 Start-End 12500 12600   time taken in seconds:  95.56484794616699
block number:  126 Start-End 12600 12700   time taken in seconds:  92.6875593662262
block number:  127 Start-End 12700 12800   time taken in seconds:  91.7626359462738
block number:  128 Start-End 12800 12900   time taken in seconds:  86.9720504283905
block number:  129 Start-End 12900 13000   time taken in seconds:  86.37831377983093
block number:  130 Start-End 13000 13100   time taken in seconds:  85.72727465629578
block number:  131 Start-End 13100 13200   time taken in seconds:  82.44790744781494
block number:  132 Start-End 13200 13300   time taken in seconds:  84.33474540710449
block number:  133 Start-End 13300 13400   time taken in seconds:  86.66289019584656
block number:  134 Start-End 13400 13500   time taken in seconds:  84.87695860862732
block number:  135 Start-End 13500 13600   time taken in seconds:  91.02122354507446
block number:  136 Start-End 13600 13700   time taken in seconds:  88.90638136863708
block number:  137 Start-End 13700 13800   time taken in seconds:  84.5994622707367
block number:  138 Start-End 13800 13900   time taken in seconds:  86.7886791229248
block number:  139 Start-End 13900 14000   time taken in seconds:  87.09989070892334
block number:  140 Start-End 14000 14100   time taken in seconds:  85.29663324356079
block number:  141 Start-End 14100 14200   time taken in seconds:  86.52377223968506
block number:  142 Start-End 14200 14300   time taken in seconds:  98.84287190437317
block number:  143 Start-End 14300 14400   time taken in seconds:  169.16453790664673
block number:  144 Start-End 14400 14500   time taken in seconds:  161.6533327102661
block number:  145 Start-End 14500 14600   time taken in seconds:  107.85268831253052
block number:  146 Start-End 14600 14700   time taken in seconds:  87.90963339805603
block number:  147 Start-End 14700 14800   time taken in seconds:  86.0860025882721
block number:  148 Start-End 14800 14900   time taken in seconds:  86.64882922172546
block number:  149 Start-End 14900 15000   time taken in seconds:  87.3681890964508
block number:  150 Start-End 15000 15100   time taken in seconds:  92.08460736274719
block number:  151 Start-End 15100 15200   time taken in seconds:  91.00209760665894
block number:  152 Start-End 15200 15300   time taken in seconds:  84.49306464195251
block number:  153 Start-End 15300 15400   time taken in seconds:  89.32472467422485
block number:  154 Start-End 15400 15500   time taken in seconds:  83.08745002746582
block number:  155 Start-End 15500 15600   time taken in seconds:  88.64724016189575
block number:  156 Start-End 15600 15700   time taken in seconds:  86.98323321342468
block number:  157 Start-End 15700 15800   time taken in seconds:  87.2062668800354
block number:  158 Start-End 15800 15900   time taken in seconds:  97.37027406692505
block number:  159 Start-End 15900 16000   time taken in seconds:  174.05561900138855
block number:  160 Start-End 16000 16100   time taken in seconds:  164.25469279289246
block number:  161 Start-End 16100 16200   time taken in seconds:  166.8741648197174
block number:  162 Start-End 16200 16300   time taken in seconds:  162.24399495124817
block number:  163 Start-End 16300 16400   time taken in seconds:  163.2724871635437
block number:  164 Start-End 16400 16500   time taken in seconds:  168.11449766159058
block number:  165 Start-End 16500 16600   time taken in seconds:  155.88780570030212
block number:  166 Start-End 16600 16700   time taken in seconds:  87.93373966217041
block number:  167 Start-End 16700 16800   time taken in seconds:  88.27034187316895
block number:  168 Start-End 16800 16900   time taken in seconds:  81.8877637386322
block number:  169 Start-End 16900 17000   time taken in seconds:  85.9088146686554
block number:  170 Start-End 17000 17100   time taken in seconds:  85.64040923118591
block number:  171 Start-End 17100 17200   time taken in seconds:  88.68770337104797
block number:  172 Start-End 17200 17300   time taken in seconds:  86.48706603050232
block number:  173 Start-End 17300 17400   time taken in seconds:  89.21745777130127
block number:  174 Start-End 17400 17500   time taken in seconds:  82.32335615158081
block number:  175 Start-End 17500 17600   time taken in seconds:  82.06305980682373
block number:  176 Start-End 17600 17700   time taken in seconds:  86.23188352584839
block number:  177 Start-End 17700 17800   time taken in seconds:  83.68522596359253
block number:  178 Start-End 17800 17900   time taken in seconds:  88.68426275253296
block number:  179 Start-End 17900 18000   time taken in seconds:  85.45246124267578
block number:  180 Start-End 18000 18100   time taken in seconds:  87.36912512779236
block number:  181 Start-End 18100 18200   time taken in seconds:  84.14147448539734
block number:  182 Start-End 18200 18300   time taken in seconds:  98.48783206939697
block number:  183 Start-End 18300 18400   time taken in seconds:  92.60433983802795
block number:  184 Start-End 18400 18500   time taken in seconds:  86.07501220703125
block number:  185 Start-End 18500 18600   time taken in seconds:  87.40599799156189
block number:  186 Start-End 18600 18700   time taken in seconds:  84.8285002708435
block number:  187 Start-End 18700 18800   time taken in seconds:  90.6202142238617
block number:  188 Start-End 18800 18900   time taken in seconds:  93.13339447975159
block number:  189 Start-End 18900 19000   time taken in seconds:  91.05809712409973
block number:  190 Start-End 19000 19100   time taken in seconds:  89.94390416145325
block number:  191 Start-End 19100 19200   time taken in seconds:  85.77569103240967
block number:  192 Start-End 19200 19300   time taken in seconds:  89.9667580127716
block number:  193 Start-End 19300 19400   time taken in seconds:  86.058420419693
block number:  194 Start-End 19400 19500   time taken in seconds:  95.95601081848145
block number:  195 Start-End 19500 19600   time taken in seconds:  90.04560327529907
block number:  196 Start-End 19600 19700   time taken in seconds:  84.90004539489746
block number:  197 Start-End 19700 19800   time taken in seconds:  87.96354556083679
block number:  198 Start-End 19800 19900   time taken in seconds:  84.88115644454956
block number:  199 Start-End 19900 20000   time taken in seconds:  82.9829113483429
block number:  200 Start-End 20000 20100   time taken in seconds:  88.50195813179016
block number:  201 Start-End 20100 20200   time taken in seconds:  88.05588221549988
block number:  202 Start-End 20200 20300   time taken in seconds:  83.21191000938416
block number:  203 Start-End 20300 20400   time taken in seconds:  84.18990087509155
block number:  204 Start-End 20400 20500   time taken in seconds:  90.76693534851074
block number:  205 Start-End 20500 20600   time taken in seconds:  89.73911905288696
block number:  206 Start-End 20600 20700   time taken in seconds:  88.12928032875061
block number:  207 Start-End 20700 20800   time taken in seconds:  84.4619951248169
block number:  208 Start-End 20800 20900   time taken in seconds:  86.45899820327759
block number:  209 Start-End 20900 21000   time taken in seconds:  89.63847732543945
block number:  210 Start-End 21000 21100   time taken in seconds:  88.06397938728333
block number:  211 Start-End 21100 21200   time taken in seconds:  85.2591552734375
block number:  212 Start-End 21200 21300   time taken in seconds:  86.44091176986694
block number:  213 Start-End 21300 21400   time taken in seconds:  83.93454933166504
block number:  214 Start-End 21400 21500   time taken in seconds:  85.13298463821411
block number:  215 Start-End 21500 21600   time taken in seconds:  88.60596871376038
block number:  216 Start-End 21600 21700   time taken in seconds:  84.02517080307007
block number:  217 Start-End 21700 21800   time taken in seconds:  89.92543172836304
block number:  218 Start-End 21800 21900   time taken in seconds:  85.33395671844482
block number:  219 Start-End 21900 22000   time taken in seconds:  86.7707450389862
block number:  220 Start-End 22000 22100   time taken in seconds:  78.30689096450806
block number:  221 Start-End 22100 22200   time taken in seconds:  84.66682004928589
block number:  222 Start-End 22200 22300   time taken in seconds:  85.15679240226746
block number:  223 Start-End 22300 22400   time taken in seconds:  76.60786533355713
block number:  224 Start-End 22400 22500   time taken in seconds:  82.64025020599365
block number:  225 Start-End 22500 22600   time taken in seconds:  81.77039074897766
block number:  226 Start-End 22600 22700   time taken in seconds:  78.44103693962097
block number:  227 Start-End 22700 22800   time taken in seconds:  76.96894240379333
block number:  228 Start-End 22800 22900   time taken in seconds:  77.03580093383789
block number:  229 Start-End 22900 23000   time taken in seconds:  77.18629765510559
block number:  230 Start-End 23000 23100   time taken in seconds:  80.04889440536499
block number:  231 Start-End 23100 23200   time taken in seconds:  78.45840501785278
block number:  232 Start-End 23200 23300   time taken in seconds:  78.06513452529907
block number:  233 Start-End 23300 23400   time taken in seconds:  81.31313133239746
block number:  234 Start-End 23400 23500   time taken in seconds:  81.91934657096863
block number:  235 Start-End 23500 23600   time taken in seconds:  79.99573826789856
block number:  236 Start-End 23600 23700   time taken in seconds:  78.9453113079071
block number:  237 Start-End 23700 23800   time taken in seconds:  77.40579175949097
block number:  238 Start-End 23800 23900   time taken in seconds:  83.34474301338196
block number:  239 Start-End 23900 24000   time taken in seconds:  82.09274792671204
block number:  240 Start-End 24000 24100   time taken in seconds:  80.08688569068909
block number:  241 Start-End 24100 24200   time taken in seconds:  79.13006639480591
block number:  242 Start-End 24200 24300   time taken in seconds:  77.24051547050476
block number:  243 Start-End 24300 24400   time taken in seconds:  80.40014386177063
block number:  244 Start-End 24400 24500   time taken in seconds:  80.30181241035461
block number:  245 Start-End 24500 24600   time taken in seconds:  74.94964122772217
block number:  246 Start-End 24600 24700   time taken in seconds:  81.55728793144226
block number:  247 Start-End 24700 24800   time taken in seconds:  80.44913387298584
block number:  248 Start-End 24800 24900   time taken in seconds:  79.18981719017029
block number:  249 Start-End 24900 25000   time taken in seconds:  80.54195809364319
block number:  250 Start-End 25000 25100   time taken in seconds:  83.32840967178345
block number:  251 Start-End 25100 25200   time taken in seconds:  75.88729786872864
block number:  252 Start-End 25200 25300   time taken in seconds:  78.43887162208557
block number:  253 Start-End 25300 25400   time taken in seconds:  79.71863865852356
block number:  254 Start-End 25400 25500   time taken in seconds:  79.09420871734619
block number:  255 Start-End 25500 25600   time taken in seconds:  74.28814959526062
block number:  256 Start-End 25600 25700   time taken in seconds:  79.74867582321167
block number:  257 Start-End 25700 25800   time taken in seconds:  83.88213181495667
block number:  258 Start-End 25800 25900   time taken in seconds:  80.88087844848633
block number:  259 Start-End 25900 26000   time taken in seconds:  72.47581100463867
block number:  260 Start-End 26000 26100   time taken in seconds:  75.29669213294983
block number:  261 Start-End 26100 26200   time taken in seconds:  76.31811475753784
block number:  262 Start-End 26200 26300   time taken in seconds:  77.04029726982117
block number:  263 Start-End 26300 26400   time taken in seconds:  82.22854542732239
block number:  264 Start-End 26400 26500   time taken in seconds:  78.0507550239563
block number:  265 Start-End 26500 26600   time taken in seconds:  78.44393515586853
block number:  266 Start-End 26600 26700   time taken in seconds:  80.96561455726624
block number:  267 Start-End 26700 26800   time taken in seconds:  74.62299013137817
block number:  268 Start-End 26800 26900   time taken in seconds:  77.84774470329285
block number:  269 Start-End 26900 27000   time taken in seconds:  84.45122122764587
block number:  270 Start-End 27000 27100   time taken in seconds:  80.18660974502563
block number:  271 Start-End 27100 27200   time taken in seconds:  75.56478571891785
block number:  272 Start-End 27200 27300   time taken in seconds:  82.05834698677063
block number:  273 Start-End 27300 27400   time taken in seconds:  73.82404255867004
block number:  274 Start-End 27400 27500   time taken in seconds:  80.12497735023499
block number:  275 Start-End 27500 27600   time taken in seconds:  79.30228805541992
block number:  276 Start-End 27600 27700   time taken in seconds:  81.88904762268066
block number:  277 Start-End 27700 27800   time taken in seconds:  78.06123328208923
block number:  278 Start-End 27800 27900   time taken in seconds:  78.59711599349976
block number:  279 Start-End 27900 28000   time taken in seconds:  78.07145118713379
block number:  280 Start-End 28000 28100   time taken in seconds:  77.3109450340271
block number:  281 Start-End 28100 28200   time taken in seconds:  79.54245901107788
block number:  282 Start-End 28200 28300   time taken in seconds:  80.68662929534912
block number:  283 Start-End 28300 28400   time taken in seconds:  80.90774297714233
block number:  284 Start-End 28400 28500   time taken in seconds:  79.45650672912598
block number:  285 Start-End 28500 28600   time taken in seconds:  77.04496431350708
block number:  286 Start-End 28600 28700   time taken in seconds:  79.87024879455566
block number:  287 Start-End 28700 28800   time taken in seconds:  76.43314909934998
block number:  288 Start-End 28800 28900   time taken in seconds:  82.49454379081726
block number:  289 Start-End 28900 29000   time taken in seconds:  76.90783023834229
block number:  290 Start-End 29000 29100   time taken in seconds:  76.23868823051453
block number:  291 Start-End 29100 29200   time taken in seconds:  80.59968852996826
block number:  292 Start-End 29200 29300   time taken in seconds:  77.45037579536438
block number:  293 Start-End 29300 29400   time taken in seconds:  77.33336043357849
block number:  294 Start-End 29400 29500   time taken in seconds:  78.88594603538513
block number:  295 Start-End 29500 29600   time taken in seconds:  71.65477013587952
block number:  296 Start-End 29600 29700   time taken in seconds:  77.96484899520874
block number:  297 Start-End 29700 29800   time taken in seconds:  76.29356718063354
block number:  298 Start-End 29800 29900   time taken in seconds:  77.66827964782715
block number:  299 Start-End 29900 30000   time taken in seconds:  77.25007820129395
block number:  300 Start-End 30000 30100   time taken in seconds:  75.71124744415283
block number:  301 Start-End 30100 30200   time taken in seconds:  78.56151366233826
block number:  302 Start-End 30200 30300   time taken in seconds:  78.19219660758972
block number:  303 Start-End 30300 30400   time taken in seconds:  76.41568088531494
block number:  304 Start-End 30400 30500   time taken in seconds:  77.60118961334229
block number:  305 Start-End 30500 30600   time taken in seconds:  75.27408933639526
block number:  306 Start-End 30600 30700   time taken in seconds:  78.76280117034912
block number:  307 Start-End 30700 30800   time taken in seconds:  79.2633044719696
block number:  308 Start-End 30800 30900   time taken in seconds:  71.0168764591217
block number:  309 Start-End 30900 31000   time taken in seconds:  75.84372925758362
block number:  310 Start-End 31000 31100   time taken in seconds:  78.80710744857788
block number:  311 Start-End 31100 31200   time taken in seconds:  73.7004702091217
block number:  312 Start-End 31200 31300   time taken in seconds:  82.66619324684143
block number:  313 Start-End 31300 31400   time taken in seconds:  77.0002794265747
block number:  314 Start-End 31400 31500   time taken in seconds:  73.25146293640137
block number:  315 Start-End 31500 31600   time taken in seconds:  74.86659693717957
block number:  316 Start-End 31600 31700   time taken in seconds:  74.44832038879395
block number:  317 Start-End 31700 31800   time taken in seconds:  76.25762176513672
block number:  318 Start-End 31800 31900   time taken in seconds:  76.57187986373901
block number:  319 Start-End 31900 32000   time taken in seconds:  78.78546619415283
block number:  320 Start-End 32000 32100   time taken in seconds:  81.4303662776947
block number:  321 Start-End 32100 32200   time taken in seconds:  77.37546801567078
block number:  322 Start-End 32200 32300   time taken in seconds:  75.74538946151733
block number:  323 Start-End 32300 32400   time taken in seconds:  72.38031458854675
block number:  324 Start-End 32400 32500   time taken in seconds:  78.2420961856842
block number:  325 Start-End 32500 32600   time taken in seconds:  78.9472119808197
block number:  326 Start-End 32600 32700   time taken in seconds:  77.27691316604614
block number:  327 Start-End 32700 32800   time taken in seconds:  76.68013906478882
block number:  328 Start-End 32800 32900   time taken in seconds:  77.32717967033386
block number:  329 Start-End 32900 33000   time taken in seconds:  80.67063450813293
block number:  330 Start-End 33000 33100   time taken in seconds:  79.6010639667511
block number:  331 Start-End 33100 33200   time taken in seconds:  71.85255360603333
block number:  332 Start-End 33200 33300   time taken in seconds:  78.0642638206482
block number:  333 Start-End 33300 33400   time taken in seconds:  80.13233089447021
block number:  334 Start-End 33400 33500   time taken in seconds:  78.28075504302979
block number:  335 Start-End 33500 33600   time taken in seconds:  75.65929388999939
block number:  336 Start-End 33600 33700   time taken in seconds:  79.76877665519714
block number:  337 Start-End 33700 33800   time taken in seconds:  79.1286289691925
block number:  338 Start-End 33800 33900   time taken in seconds:  76.86441493034363
block number:  339 Start-End 33900 34000   time taken in seconds:  76.1206374168396
block number:  340 Start-End 34000 34100   time taken in seconds:  73.2875452041626
block number:  341 Start-End 34100 34200   time taken in seconds:  75.67512822151184
block number:  342 Start-End 34200 34300   time taken in seconds:  73.41555404663086
block number:  343 Start-End 34300 34400   time taken in seconds:  74.95091533660889
block number:  344 Start-End 34400 34500   time taken in seconds:  80.86899328231812
block number:  345 Start-End 34500 34600   time taken in seconds:  75.10409712791443
block number:  346 Start-End 34600 34700   time taken in seconds:  75.85017108917236
block number:  347 Start-End 34700 34800   time taken in seconds:  77.12245059013367
block number:  348 Start-End 34800 34900   time taken in seconds:  77.74492144584656
block number:  349 Start-End 34900 35000   time taken in seconds:  77.32152724266052
block number:  350 Start-End 35000 35100   time taken in seconds:  80.86083054542542
block number:  351 Start-End 35100 35200   time taken in seconds:  79.9751398563385
block number:  352 Start-End 35200 35300   time taken in seconds:  74.41142296791077
block number:  353 Start-End 35300 35400   time taken in seconds:  78.23768162727356
block number:  354 Start-End 35400 35500   time taken in seconds:  74.5004494190216
block number:  355 Start-End 35500 35600   time taken in seconds:  77.98415756225586
block number:  356 Start-End 35600 35700   time taken in seconds:  71.9790358543396
block number:  357 Start-End 35700 35800   time taken in seconds:  76.27804398536682
block number:  358 Start-End 35800 35900   time taken in seconds:  77.06754159927368
block number:  359 Start-End 35900 36000   time taken in seconds:  82.16128134727478
block number:  360 Start-End 36000 36100   time taken in seconds:  76.25675511360168
block number:  361 Start-End 36100 36200   time taken in seconds:  81.5062792301178
block number:  362 Start-End 36200 36300   time taken in seconds:  79.31716418266296
block number:  363 Start-End 36300 36400   time taken in seconds:  80.04148602485657
block number:  364 Start-End 36400 36500   time taken in seconds:  80.14479374885559
block number:  365 Start-End 36500 36600   time taken in seconds:  78.59770846366882
block number:  366 Start-End 36600 36700   time taken in seconds:  79.90529370307922
block number:  367 Start-End 36700 36800   time taken in seconds:  83.84178829193115
block number:  368 Start-End 36800 36900   time taken in seconds:  78.78692269325256
block number:  369 Start-End 36900 37000   time taken in seconds:  76.2928192615509
block number:  370 Start-End 37000 37100   time taken in seconds:  80.76526522636414
block number:  371 Start-End 37100 37200   time taken in seconds:  77.96906542778015
block number:  372 Start-End 37200 37300   time taken in seconds:  78.50890326499939
block number:  373 Start-End 37300 37400   time taken in seconds:  78.00087022781372
block number:  374 Start-End 37400 37500   time taken in seconds:  76.52995181083679
block number:  375 Start-End 37500 37600   time taken in seconds:  77.8023989200592
block number:  376 Start-End 37600 37700   time taken in seconds:  83.65220594406128
block number:  377 Start-End 37700 37800   time taken in seconds:  80.81738710403442
block number:  378 Start-End 37800 37900   time taken in seconds:  80.69164490699768
block number:  379 Start-End 37900 38000   time taken in seconds:  83.06365466117859
block number:  380 Start-End 38000 38100   time taken in seconds:  81.36094951629639
block number:  381 Start-End 38100 38200   time taken in seconds:  83.93035054206848
block number:  382 Start-End 38200 38300   time taken in seconds:  76.9377167224884
block number:  383 Start-End 38300 38400   time taken in seconds:  77.59893369674683
block number:  384 Start-End 38400 38500   time taken in seconds:  74.90501475334167
block number:  385 Start-End 38500 38600   time taken in seconds:  83.63450980186462
block number:  386 Start-End 38600 38700   time taken in seconds:  77.49280285835266
block number:  387 Start-End 38700 38800   time taken in seconds:  80.57235026359558
block number:  388 Start-End 38800 38900   time taken in seconds:  80.62875819206238
block number:  389 Start-End 38900 39000   time taken in seconds:  85.70528268814087
block number:  390 Start-End 39000 39100   time taken in seconds:  77.20310068130493
block number:  391 Start-End 39100 39200   time taken in seconds:  82.80679202079773
block number:  392 Start-End 39200 39300   time taken in seconds:  77.30900764465332
block number:  393 Start-End 39300 39400   time taken in seconds:  83.91469216346741
block number:  394 Start-End 39400 39500   time taken in seconds:  80.3630838394165
block number:  395 Start-End 39500 39600   time taken in seconds:  78.29649424552917
block number:  396 Start-End 39600 39700   time taken in seconds:  83.72089982032776
block number:  397 Start-End 39700 39800   time taken in seconds:  77.86407327651978
block number:  398 Start-End 39800 39900   time taken in seconds:  79.65473556518555
block number:  399 Start-End 39900 40000   time taken in seconds:  78.66192960739136
block number:  400 Start-End 40000 40100   time taken in seconds:  82.76882839202881
block number:  401 Start-End 40100 40200   time taken in seconds:  77.90038681030273
block number:  402 Start-End 40200 40300   time taken in seconds:  80.35421776771545
block number:  403 Start-End 40300 40400   time taken in seconds:  78.3865180015564
block number:  404 Start-End 40400 40500   time taken in seconds:  79.386394739151
block number:  405 Start-End 40500 40600   time taken in seconds:  80.14234638214111
block number:  406 Start-End 40600 40700   time taken in seconds:  79.23561882972717
block number:  407 Start-End 40700 40800   time taken in seconds:  77.16406464576721
block number:  408 Start-End 40800 40900   time taken in seconds:  81.55282020568848
block number:  409 Start-End 40900 41000   time taken in seconds:  82.36906504631042
block number:  410 Start-End 41000 41100   time taken in seconds:  79.27918720245361
block number:  411 Start-End 41100 41200   time taken in seconds:  77.91362643241882
block number:  412 Start-End 41200 41300   time taken in seconds:  77.68187308311462
block number:  413 Start-End 41300 41400   time taken in seconds:  76.77967309951782
block number:  414 Start-End 41400 41500   time taken in seconds:  77.96662902832031
block number:  415 Start-End 41500 41600   time taken in seconds:  81.18796253204346
block number:  416 Start-End 41600 41700   time taken in seconds:  79.3013072013855
block number:  417 Start-End 41700 41800   time taken in seconds:  79.56827282905579
block number:  418 Start-End 41800 41900   time taken in seconds:  82.74465870857239
block number:  419 Start-End 41900 42000   time taken in seconds:  80.70040369033813
block number:  420 Start-End 42000 42100   time taken in seconds:  79.5074372291565
block number:  421 Start-End 42100 42200   time taken in seconds:  77.48585295677185
block number:  422 Start-End 42200 42300   time taken in seconds:  82.43669819831848
block number:  423 Start-End 42300 42400   time taken in seconds:  80.67311406135559
block number:  424 Start-End 42400 42500   time taken in seconds:  82.85574126243591
block number:  425 Start-End 42500 42600   time taken in seconds:  84.69840002059937
block number:  426 Start-End 42600 42700   time taken in seconds:  80.90578722953796
block number:  427 Start-End 42700 42800   time taken in seconds:  81.81399416923523
block number:  428 Start-End 42800 42900   time taken in seconds:  85.62433934211731
block number:  429 Start-End 42900 43000   time taken in seconds:  76.90282225608826
block number:  430 Start-End 43000 43100   time taken in seconds:  82.77106642723083
block number:  431 Start-End 43100 43200   time taken in seconds:  81.72853064537048
block number:  432 Start-End 43200 43300   time taken in seconds:  83.82020926475525
block number:  433 Start-End 43300 43400   time taken in seconds:  78.60853385925293
block number:  434 Start-End 43400 43500   time taken in seconds:  79.7136378288269
block number:  435 Start-End 43500 43600   time taken in seconds:  79.04747009277344
block number:  436 Start-End 43600 43700   time taken in seconds:  77.30005216598511
block number:  437 Start-End 43700 43800   time taken in seconds:  78.5148298740387
block number:  438 Start-End 43800 43900   time taken in seconds:  80.0715651512146
block number:  439 Start-End 43900 44000   time taken in seconds:  78.35154461860657
block number:  440 Start-End 44000 44100   time taken in seconds:  80.58988738059998
block number:  441 Start-End 44100 44200   time taken in seconds:  79.93526315689087
block number:  442 Start-End 44200 44300   time taken in seconds:  72.27651572227478
block number:  443 Start-End 44300 44400   time taken in seconds:  76.9741153717041
block number:  444 Start-End 44400 44500   time taken in seconds:  76.84253597259521
block number:  445 Start-End 44500 44600   time taken in seconds:  75.66418886184692
block number:  446 Start-End 44600 44700   time taken in seconds:  78.61457228660583
block number:  447 Start-End 44700 44800   time taken in seconds:  77.62289428710938
block number:  448 Start-End 44800 44900   time taken in seconds:  77.07257652282715
block number:  449 Start-End 44900 45000   time taken in seconds:  79.24914455413818
block number:  450 Start-End 45000 45100   time taken in seconds:  80.97527599334717
block number:  451 Start-End 45100 45200   time taken in seconds:  83.79112648963928
block number:  452 Start-End 45200 45300   time taken in seconds:  79.06668186187744
block number:  453 Start-End 45300 45400   time taken in seconds:  83.16246199607849
block number:  454 Start-End 45400 45500   time taken in seconds:  80.08424520492554
block number:  455 Start-End 45500 45600   time taken in seconds:  77.07061004638672
block number:  456 Start-End 45600 45700   time taken in seconds:  82.98293852806091
block number:  457 Start-End 45700 45800   time taken in seconds:  79.87357449531555
block number:  458 Start-End 45800 45900   time taken in seconds:  81.92274117469788
block number:  459 Start-End 45900 46000   time taken in seconds:  78.29050278663635
block number:  460 Start-End 46000 46100   time taken in seconds:  85.65029096603394
block number:  461 Start-End 46100 46200   time taken in seconds:  79.2338137626648
block number:  462 Start-End 46200 46300   time taken in seconds:  81.12796020507812
block number:  463 Start-End 46300 46400   time taken in seconds:  80.93425035476685
block number:  464 Start-End 46400 46500   time taken in seconds:  83.25697040557861
block number:  465 Start-End 46500 46600   time taken in seconds:  82.79280543327332
block number:  466 Start-End 46600 46700   time taken in seconds:  81.41634583473206
block number:  467 Start-End 46700 46800   time taken in seconds:  87.65667843818665
block number:  468 Start-End 46800 46900   time taken in seconds:  86.85670590400696
block number:  469 Start-End 46900 47000   time taken in seconds:  89.80375409126282
block number:  470 Start-End 47000 47100   time taken in seconds:  86.12553238868713
block number:  471 Start-End 47100 47200   time taken in seconds:  87.64594411849976
block number:  472 Start-End 47200 47300   time taken in seconds:  78.99506211280823
block number:  473 Start-End 47300 47400   time taken in seconds:  84.47129106521606
block number:  474 Start-End 47400 47500   time taken in seconds:  83.78672742843628
block number:  475 Start-End 47500 47600   time taken in seconds:  85.29650521278381
block number:  476 Start-End 47600 47700   time taken in seconds:  76.71938133239746
block number:  477 Start-End 47700 47800   time taken in seconds:  82.65506315231323
block number:  478 Start-End 47800 47900   time taken in seconds:  83.86485767364502
block number:  479 Start-End 47900 48000   time taken in seconds:  81.3806848526001
block number:  480 Start-End 48000 48100   time taken in seconds:  79.00039672851562
block number:  481 Start-End 48100 48200   time taken in seconds:  80.88316130638123
block number:  482 Start-End 48200 48300   time taken in seconds:  79.85864806175232
block number:  483 Start-End 48300 48400   time taken in seconds:  84.38952851295471
block number:  484 Start-End 48400 48500   time taken in seconds:  82.74085927009583
block number:  485 Start-End 48500 48600   time taken in seconds:  87.27703666687012
block number:  486 Start-End 48600 48700   time taken in seconds:  80.74815797805786
block number:  487 Start-End 48700 48800   time taken in seconds:  85.03775358200073
block number:  488 Start-End 48800 48900   time taken in seconds:  84.81188368797302
block number:  489 Start-End 48900 49000   time taken in seconds:  83.6081154346466
block number:  490 Start-End 49000 49100   time taken in seconds:  86.66822290420532
block number:  491 Start-End 49100 49200   time taken in seconds:  79.42246103286743
block number:  492 Start-End 49200 49300   time taken in seconds:  89.87210488319397
block number:  493 Start-End 49300 49400   time taken in seconds:  88.64236044883728
block number:  494 Start-End 49400 49500   time taken in seconds:  91.2000195980072
block number:  495 Start-End 49500 49600   time taken in seconds:  85.90541052818298
block number:  496 Start-End 49600 49700   time taken in seconds:  93.45480823516846
block number:  497 Start-End 49700 49800   time taken in seconds:  88.95808982849121
block number:  498 Start-End 49800 49900   time taken in seconds:  83.9113118648529
block number:  499 Start-End 49900 50000   time taken in seconds:  83.61813998222351
block number:  500 Start-End 50000 50100   time taken in seconds:  78.5833113193512
block number:  501 Start-End 50100 50200   time taken in seconds:  87.0146255493164
block number:  502 Start-End 50200 50300   time taken in seconds:  83.37360715866089
block number:  503 Start-End 50300 50400   time taken in seconds:  81.32656288146973
block number:  504 Start-End 50400 50500   time taken in seconds:  85.13435053825378
block number:  505 Start-End 50500 50600   time taken in seconds:  85.28731179237366
block number:  506 Start-End 50600 50700   time taken in seconds:  86.63131618499756
block number:  507 Start-End 50700 50800   time taken in seconds:  83.86178660392761
block number:  508 Start-End 50800 50900   time taken in seconds:  83.49949407577515
block number:  509 Start-End 50900 51000   time taken in seconds:  82.63557982444763
block number:  510 Start-End 51000 51100   time taken in seconds:  80.11931467056274
block number:  511 Start-End 51100 51200   time taken in seconds:  77.62435102462769
block number:  512 Start-End 51200 51300   time taken in seconds:  83.87977695465088
block number:  513 Start-End 51300 51400   time taken in seconds:  85.19661831855774
block number:  514 Start-End 51400 51500   time taken in seconds:  85.18831276893616
block number:  515 Start-End 51500 51600   time taken in seconds:  86.29669046401978
block number:  516 Start-End 51600 51700   time taken in seconds:  85.8669080734253
block number:  517 Start-End 51700 51800   time taken in seconds:  90.10822343826294
block number:  518 Start-End 51800 51900   time taken in seconds:  85.50510811805725
block number:  519 Start-End 51900 52000   time taken in seconds:  89.65642428398132
block number:  520 Start-End 52000 52100   time taken in seconds:  98.86418509483337
block number:  521 Start-End 52100 52200   time taken in seconds:  84.97791624069214
block number:  522 Start-End 52200 52300   time taken in seconds:  85.90077114105225
block number:  523 Start-End 52300 52400   time taken in seconds:  83.39407992362976
block number:  524 Start-End 52400 52500   time taken in seconds:  82.1371533870697
block number:  525 Start-End 52500 52600   time taken in seconds:  78.80918335914612
block number:  526 Start-End 52600 52700   time taken in seconds:  77.70870780944824
block number:  527 Start-End 52700 52800   time taken in seconds:  79.70280766487122
block number:  528 Start-End 52800 52900   time taken in seconds:  86.7800760269165
block number:  529 Start-End 52900 53000   time taken in seconds:  79.32741618156433
block number:  530 Start-End 53000 53100   time taken in seconds:  81.78346228599548
block number:  531 Start-End 53100 53200   time taken in seconds:  84.45428466796875
block number:  532 Start-End 53200 53300   time taken in seconds:  87.20266604423523
block number:  533 Start-End 53300 53400   time taken in seconds:  84.30217385292053
block number:  534 Start-End 53400 53500   time taken in seconds:  81.63275814056396
block number:  535 Start-End 53500 53600   time taken in seconds:  78.35118007659912
block number:  536 Start-End 53600 53700   time taken in seconds:  80.68273901939392
block number:  537 Start-End 53700 53800   time taken in seconds:  80.01852703094482
block number:  538 Start-End 53800 53900   time taken in seconds:  83.94368171691895
block number:  539 Start-End 53900 54000   time taken in seconds:  81.3394558429718
block number:  540 Start-End 54000 54100   time taken in seconds:  86.78649926185608
block number:  541 Start-End 54100 54200   time taken in seconds:  84.68403506278992
block number:  542 Start-End 54200 54300   time taken in seconds:  85.40288805961609
block number:  543 Start-End 54300 54400   time taken in seconds:  83.21385288238525
block number:  544 Start-End 54400 54500   time taken in seconds:  86.31128478050232
block number:  545 Start-End 54500 54600   time taken in seconds:  84.97324681282043
block number:  546 Start-End 54600 54700   time taken in seconds:  84.76959204673767
block number:  547 Start-End 54700 54800   time taken in seconds:  75.6528913974762
block number:  548 Start-End 54800 54900   time taken in seconds:  84.04400515556335
block number:  549 Start-End 54900 55000   time taken in seconds:  89.6041169166565
block number:  550 Start-End 55000 55100   time taken in seconds:  84.94307613372803
block number:  551 Start-End 55100 55200   time taken in seconds:  83.82290863990784
block number:  552 Start-End 55200 55300   time taken in seconds:  81.65992879867554
block number:  553 Start-End 55300 55400   time taken in seconds:  80.77713298797607
block number:  554 Start-End 55400 55500   time taken in seconds:  81.9905116558075
block number:  555 Start-End 55500 55600   time taken in seconds:  89.49744200706482
block number:  556 Start-End 55600 55700   time taken in seconds:  88.92204642295837
block number:  557 Start-End 55700 55800   time taken in seconds:  89.85010075569153
block number:  558 Start-End 55800 55900   time taken in seconds:  85.60424900054932
block number:  559 Start-End 55900 56000   time taken in seconds:  87.09989881515503
block number:  560 Start-End 56000 56100   time taken in seconds:  93.85310196876526
block number:  561 Start-End 56100 56200   time taken in seconds:  95.08324098587036
block number:  562 Start-End 56200 56300   time taken in seconds:  83.31616568565369
block number:  563 Start-End 56300 56400   time taken in seconds:  91.76853108406067
block number:  564 Start-End 56400 56500   time taken in seconds:  87.04597735404968
block number:  565 Start-End 56500 56600   time taken in seconds:  90.60964894294739
block number:  566 Start-End 56600 56700   time taken in seconds:  88.9438145160675
block number:  567 Start-End 56700 56800   time taken in seconds:  90.04515504837036
block number:  568 Start-End 56800 56900   time taken in seconds:  90.26376438140869
block number:  569 Start-End 56900 57000   time taken in seconds:  91.2625060081482
block number:  570 Start-End 57000 57100   time taken in seconds:  91.80150890350342
block number:  571 Start-End 57100 57200   time taken in seconds:  90.25194382667542
block number:  572 Start-End 57200 57300   time taken in seconds:  84.60371899604797
block number:  573 Start-End 57300 57400   time taken in seconds:  94.3410096168518
block number:  574 Start-End 57400 57500   time taken in seconds:  88.59153413772583
block number:  575 Start-End 57500 57600   time taken in seconds:  88.47627329826355
block number:  576 Start-End 57600 None   time taken in seconds:  34.13779044151306
Number of samples after bg: 466 
Number of temp files written 653
Time taken for concatenating temp files 10919.445774793625
Data shape after read:	x:(752604, 60, 10, 20)	y:(752604,)	wts:(752604,)
Data shape after format:	x:(752604, 10, 20, 60, 1)	y:(752604,)
Time taken in minutes  1038.2014306942622
