Data cut hesse
Type of data:	 regular
11361 10384
Type:  sig
Number of blocks 114
block number:  0 Start-End 0 100   time taken in seconds:  18.22104239463806
block number:  1 Start-End 100 200   time taken in seconds:  18.39248490333557
block number:  2 Start-End 200 300   time taken in seconds:  17.574837923049927
block number:  3 Start-End 300 400   time taken in seconds:  18.65845561027527
block number:  4 Start-End 400 500   time taken in seconds:  18.051793813705444
block number:  5 Start-End 500 600   time taken in seconds:  17.1244478225708
block number:  6 Start-End 600 700   time taken in seconds:  19.913172483444214
block number:  7 Start-End 700 800   time taken in seconds:  19.317229747772217
block number:  8 Start-End 800 900   time taken in seconds:  15.737408876419067
block number:  9 Start-End 900 1000   time taken in seconds:  15.953189134597778
block number:  10 Start-End 1000 1100   time taken in seconds:  17.017335891723633
block number:  11 Start-End 1100 1200   time taken in seconds:  17.002835988998413
block number:  12 Start-End 1200 1300   time taken in seconds:  17.367909908294678
block number:  13 Start-End 1300 1400   time taken in seconds:  14.585026025772095
block number:  14 Start-End 1400 1500   time taken in seconds:  16.747551918029785
block number:  15 Start-End 1500 1600   time taken in seconds:  16.272857427597046
block number:  16 Start-End 1600 1700   time taken in seconds:  19.00644826889038
block number:  17 Start-End 1700 1800   time taken in seconds:  16.78828239440918
block number:  18 Start-End 1800 1900   time taken in seconds:  20.600285530090332
block number:  19 Start-End 1900 2000   time taken in seconds:  21.045349836349487
block number:  20 Start-End 2000 2100   time taken in seconds:  19.218265533447266
block number:  21 Start-End 2100 2200   time taken in seconds:  15.492435932159424
block number:  22 Start-End 2200 2300   time taken in seconds:  15.369218826293945
block number:  23 Start-End 2300 2400   time taken in seconds:  17.869256019592285
block number:  24 Start-End 2400 2500   time taken in seconds:  15.938411235809326
block number:  25 Start-End 2500 2600   time taken in seconds:  14.179575204849243
block number:  26 Start-End 2600 2700   time taken in seconds:  14.881237030029297
block number:  27 Start-End 2700 2800   time taken in seconds:  17.039368629455566
block number:  28 Start-End 2800 2900   time taken in seconds:  16.31896424293518
block number:  29 Start-End 2900 3000   time taken in seconds:  16.988242626190186
block number:  30 Start-End 3000 3100   time taken in seconds:  14.976555109024048
block number:  31 Start-End 3100 3200   time taken in seconds:  14.985682249069214
block number:  32 Start-End 3200 3300   time taken in seconds:  14.902198553085327
block number:  33 Start-End 3300 3400   time taken in seconds:  16.305567741394043
block number:  34 Start-End 3400 3500   time taken in seconds:  15.567876815795898
block number:  35 Start-End 3500 3600   time taken in seconds:  13.991694211959839
block number:  36 Start-End 3600 3700   time taken in seconds:  15.296360492706299
block number:  37 Start-End 3700 3800   time taken in seconds:  16.328847885131836
block number:  38 Start-End 3800 3900   time taken in seconds:  15.24802565574646
block number:  39 Start-End 3900 4000   time taken in seconds:  17.26718306541443
block number:  40 Start-End 4000 4100   time taken in seconds:  16.854058265686035
block number:  41 Start-End 4100 4200   time taken in seconds:  16.004197597503662
block number:  42 Start-End 4200 4300   time taken in seconds:  16.758771896362305
block number:  43 Start-End 4300 4400   time taken in seconds:  15.427922010421753
block number:  44 Start-End 4400 4500   time taken in seconds:  14.529520273208618
block number:  45 Start-End 4500 4600   time taken in seconds:  17.337611436843872
block number:  46 Start-End 4600 4700   time taken in seconds:  16.258185863494873
block number:  47 Start-End 4700 4800   time taken in seconds:  14.978705883026123
block number:  48 Start-End 4800 4900   time taken in seconds:  16.9294490814209
block number:  49 Start-End 4900 5000   time taken in seconds:  16.289703845977783
block number:  50 Start-End 5000 5100   time taken in seconds:  17.405628442764282
block number:  51 Start-End 5100 5200   time taken in seconds:  14.233381032943726
block number:  52 Start-End 5200 5300   time taken in seconds:  16.709267139434814
block number:  53 Start-End 5300 5400   time taken in seconds:  15.783133029937744
block number:  54 Start-End 5400 5500   time taken in seconds:  14.439386129379272
block number:  55 Start-End 5500 5600   time taken in seconds:  17.169230222702026
block number:  56 Start-End 5600 5700   time taken in seconds:  14.313657760620117
block number:  57 Start-End 5700 5800   time taken in seconds:  16.39309024810791
block number:  58 Start-End 5800 5900   time taken in seconds:  14.598717212677002
block number:  59 Start-End 5900 6000   time taken in seconds:  16.787261724472046
block number:  60 Start-End 6000 6100   time taken in seconds:  14.739128589630127
block number:  61 Start-End 6100 6200   time taken in seconds:  16.62796950340271
block number:  62 Start-End 6200 6300   time taken in seconds:  15.99377989768982
block number:  63 Start-End 6300 6400   time taken in seconds:  15.21295428276062
block number:  64 Start-End 6400 6500   time taken in seconds:  15.529477834701538
block number:  65 Start-End 6500 6600   time taken in seconds:  17.01173996925354
block number:  66 Start-End 6600 6700   time taken in seconds:  15.80940866470337
block number:  67 Start-End 6700 6800   time taken in seconds:  14.758907318115234
block number:  68 Start-End 6800 6900   time taken in seconds:  14.42105746269226
block number:  69 Start-End 6900 7000   time taken in seconds:  16.34350323677063
block number:  70 Start-End 7000 7100   time taken in seconds:  16.236135721206665
block number:  71 Start-End 7100 7200   time taken in seconds:  16.888736963272095
block number:  72 Start-End 7200 7300   time taken in seconds:  14.973859310150146
block number:  73 Start-End 7300 7400   time taken in seconds:  16.76183295249939
block number:  74 Start-End 7400 7500   time taken in seconds:  16.154529809951782
block number:  75 Start-End 7500 7600   time taken in seconds:  13.911832809448242
block number:  76 Start-End 7600 7700   time taken in seconds:  15.387405395507812
block number:  77 Start-End 7700 7800   time taken in seconds:  13.208559036254883
block number:  78 Start-End 7800 7900   time taken in seconds:  13.683485746383667
block number:  79 Start-End 7900 8000   time taken in seconds:  13.280905961990356
block number:  80 Start-End 8000 8100   time taken in seconds:  16.359254837036133
block number:  81 Start-End 8100 8200   time taken in seconds:  14.455122470855713
block number:  82 Start-End 8200 8300   time taken in seconds:  13.141710758209229
block number:  83 Start-End 8300 8400   time taken in seconds:  15.154175281524658
block number:  84 Start-End 8400 8500   time taken in seconds:  15.369094610214233
block number:  85 Start-End 8500 8600   time taken in seconds:  14.824451684951782
block number:  86 Start-End 8600 8700   time taken in seconds:  15.603755950927734
block number:  87 Start-End 8700 8800   time taken in seconds:  15.152238130569458
block number:  88 Start-End 8800 8900   time taken in seconds:  14.823684692382812
block number:  89 Start-End 8900 9000   time taken in seconds:  14.338010787963867
block number:  90 Start-End 9000 9100   time taken in seconds:  15.255680084228516
block number:  91 Start-End 9100 9200   time taken in seconds:  17.397818326950073
block number:  92 Start-End 9200 9300   time taken in seconds:  16.290748357772827
block number:  93 Start-End 9300 9400   time taken in seconds:  14.891732931137085
block number:  94 Start-End 9400 9500   time taken in seconds:  16.09176754951477
block number:  95 Start-End 9500 9600   time taken in seconds:  18.353783130645752
block number:  96 Start-End 9600 9700   time taken in seconds:  15.067970275878906
block number:  97 Start-End 9700 9800   time taken in seconds:  17.06879711151123
block number:  98 Start-End 9800 9900   time taken in seconds:  17.629835605621338
block number:  99 Start-End 9900 10000   time taken in seconds:  16.820311307907104
block number:  100 Start-End 10000 10100   time taken in seconds:  15.358717203140259
block number:  101 Start-End 10100 10200   time taken in seconds:  16.976555585861206
block number:  102 Start-End 10200 10300   time taken in seconds:  18.176378965377808
block number:  103 Start-End 10300 10400   time taken in seconds:  14.898000478744507
block number:  104 Start-End 10400 10500   time taken in seconds:  16.359930276870728
block number:  105 Start-End 10500 10600   time taken in seconds:  18.96645951271057
block number:  106 Start-End 10600 10700   time taken in seconds:  16.528090476989746
block number:  107 Start-End 10700 10800   time taken in seconds:  16.373973846435547
block number:  108 Start-End 10800 10900   time taken in seconds:  18.845862865447998
block number:  109 Start-End 10900 11000   time taken in seconds:  18.86945629119873
block number:  110 Start-End 11000 11100   time taken in seconds:  15.040948152542114
block number:  111 Start-End 11100 11200   time taken in seconds:  107.80072212219238
block number:  112 Start-End 11200 11300   time taken in seconds:  16.926567554473877
block number:  113 Start-End 11300 None   time taken in seconds:  11.568065166473389
Number of samples after sig: 144 
Type:  bg
Number of blocks 104
block number:  0 Start-End 0 100   time taken in seconds:  85.62071490287781
block number:  1 Start-End 100 200   time taken in seconds:  73.36129951477051
block number:  2 Start-End 200 300   time taken in seconds:  69.3424162864685
block number:  3 Start-End 300 400   time taken in seconds:  66.71964883804321
block number:  4 Start-End 400 500   time taken in seconds:  86.49927544593811
block number:  5 Start-End 500 600   time taken in seconds:  81.50135779380798
block number:  6 Start-End 600 700   time taken in seconds:  81.63692212104797
block number:  7 Start-End 700 800   time taken in seconds:  87.14820766448975
block number:  8 Start-End 800 900   time taken in seconds:  70.5092933177948
block number:  9 Start-End 900 1000   time taken in seconds:  71.70936441421509
block number:  10 Start-End 1000 1100   time taken in seconds:  77.62321496009827
block number:  11 Start-End 1100 1200   time taken in seconds:  77.2761242389679
block number:  12 Start-End 1200 1300   time taken in seconds:  74.29021286964417
block number:  13 Start-End 1300 1400   time taken in seconds:  76.20524382591248
block number:  14 Start-End 1400 1500   time taken in seconds:  71.00891375541687
block number:  15 Start-End 1500 1600   time taken in seconds:  75.52185988426208
block number:  16 Start-End 1600 1700   time taken in seconds:  68.53667783737183
block number:  17 Start-End 1700 1800   time taken in seconds:  67.25928497314453
block number:  18 Start-End 1800 1900   time taken in seconds:  76.97843194007874
block number:  19 Start-End 1900 2000   time taken in seconds:  69.1820604801178
block number:  20 Start-End 2000 2100   time taken in seconds:  70.6481523513794
block number:  21 Start-End 2100 2200   time taken in seconds:  68.34700036048889
block number:  22 Start-End 2200 2300   time taken in seconds:  70.6200213432312
block number:  23 Start-End 2300 2400   time taken in seconds:  69.1595344543457
block number:  24 Start-End 2400 2500   time taken in seconds:  61.29144501686096
block number:  25 Start-End 2500 2600   time taken in seconds:  72.5194764137268
block number:  26 Start-End 2600 2700   time taken in seconds:  64.81152892112732
block number:  27 Start-End 2700 2800   time taken in seconds:  71.8581817150116
block number:  28 Start-End 2800 2900   time taken in seconds:  67.58931088447571
block number:  29 Start-End 2900 3000   time taken in seconds:  65.63987255096436
block number:  30 Start-End 3000 3100   time taken in seconds:  67.59466648101807
block number:  31 Start-End 3100 3200   time taken in seconds:  67.45475816726685
block number:  32 Start-End 3200 3300   time taken in seconds:  68.48667573928833
block number:  33 Start-End 3300 3400   time taken in seconds:  65.20708656311035
block number:  34 Start-End 3400 3500   time taken in seconds:  62.40614724159241
block number:  35 Start-End 3500 3600   time taken in seconds:  75.01074743270874
block number:  36 Start-End 3600 3700   time taken in seconds:  63.976295471191406
block number:  37 Start-End 3700 3800   time taken in seconds:  72.41839742660522
block number:  38 Start-End 3800 3900   time taken in seconds:  74.3834593296051
block number:  39 Start-End 3900 4000   time taken in seconds:  66.57611989974976
block number:  40 Start-End 4000 4100   time taken in seconds:  67.17019820213318
block number:  41 Start-End 4100 4200   time taken in seconds:  64.89797163009644
block number:  42 Start-End 4200 4300   time taken in seconds:  69.54802513122559
block number:  43 Start-End 4300 4400   time taken in seconds:  77.49827361106873
block number:  44 Start-End 4400 4500   time taken in seconds:  74.79996109008789
block number:  45 Start-End 4500 4600   time taken in seconds:  73.86757302284241
block number:  46 Start-End 4600 4700   time taken in seconds:  72.08234667778015
block number:  47 Start-End 4700 4800   time taken in seconds:  82.00444197654724
block number:  48 Start-End 4800 4900   time taken in seconds:  62.87809371948242
block number:  49 Start-End 4900 5000   time taken in seconds:  68.4821457862854
block number:  50 Start-End 5000 5100   time taken in seconds:  75.020822763443
block number:  51 Start-End 5100 5200   time taken in seconds:  78.5142834186554
block number:  52 Start-End 5200 5300   time taken in seconds:  72.41535329818726
block number:  53 Start-End 5300 5400   time taken in seconds:  74.85835981369019
block number:  54 Start-End 5400 5500   time taken in seconds:  68.86849212646484
block number:  55 Start-End 5500 5600   time taken in seconds:  74.40127563476562
block number:  56 Start-End 5600 5700   time taken in seconds:  79.34965085983276
block number:  57 Start-End 5700 5800   time taken in seconds:  68.57655191421509
block number:  58 Start-End 5800 5900   time taken in seconds:  80.72235369682312
block number:  59 Start-End 5900 6000   time taken in seconds:  74.93239188194275
block number:  60 Start-End 6000 6100   time taken in seconds:  72.5706696510315
block number:  61 Start-End 6100 6200   time taken in seconds:  77.75315380096436
block number:  62 Start-End 6200 6300   time taken in seconds:  75.7379035949707
block number:  63 Start-End 6300 6400   time taken in seconds:  76.18786478042603
block number:  64 Start-End 6400 6500   time taken in seconds:  75.87556743621826
block number:  65 Start-End 6500 6600   time taken in seconds:  72.27338695526123
block number:  66 Start-End 6600 6700   time taken in seconds:  70.02811741828918
block number:  67 Start-End 6700 6800   time taken in seconds:  77.42720699310303
block number:  68 Start-End 6800 6900   time taken in seconds:  72.90187740325928
block number:  69 Start-End 6900 7000   time taken in seconds:  73.06829380989075
block number:  70 Start-End 7000 7100   time taken in seconds:  75.36348223686218
block number:  71 Start-End 7100 7200   time taken in seconds:  81.37779712677002
block number:  72 Start-End 7200 7300   time taken in seconds:  79.36948156356812
block number:  73 Start-End 7300 7400   time taken in seconds:  71.57083201408386
block number:  74 Start-End 7400 7500   time taken in seconds:  75.22894716262817
block number:  75 Start-End 7500 7600   time taken in seconds:  72.42213344573975
block number:  76 Start-End 7600 7700   time taken in seconds:  75.39058923721313
block number:  77 Start-End 7700 7800   time taken in seconds:  71.99299383163452
block number:  78 Start-End 7800 7900   time taken in seconds:  75.96794605255127
block number:  79 Start-End 7900 8000   time taken in seconds:  73.95358562469482
block number:  80 Start-End 8000 8100   time taken in seconds:  78.35167193412781
block number:  81 Start-End 8100 8200   time taken in seconds:  79.55874133110046
block number:  82 Start-End 8200 8300   time taken in seconds:  71.48977875709534
block number:  83 Start-End 8300 8400   time taken in seconds:  77.51484417915344
block number:  84 Start-End 8400 8500   time taken in seconds:  77.27146625518799
block number:  85 Start-End 8500 8600   time taken in seconds:  73.64469790458679
block number:  86 Start-End 8600 8700   time taken in seconds:  80.99480819702148
block number:  87 Start-End 8700 8800   time taken in seconds:  78.02595710754395
block number:  88 Start-End 8800 8900   time taken in seconds:  65.6028482913971
block number:  89 Start-End 8900 9000   time taken in seconds:  64.28211712837219
block number:  90 Start-End 9000 9100   time taken in seconds:  63.50653266906738
block number:  91 Start-End 9100 9200   time taken in seconds:  68.63838052749634
block number:  92 Start-End 9200 9300   time taken in seconds:  62.67178010940552
block number:  93 Start-End 9300 9400   time taken in seconds:  58.73894262313843
block number:  94 Start-End 9400 9500   time taken in seconds:  68.66108059883118
block number:  95 Start-End 9500 9600   time taken in seconds:  65.59097695350647
block number:  96 Start-End 9600 9700   time taken in seconds:  73.36859369277954
block number:  97 Start-End 9700 9800   time taken in seconds:  65.35475254058838
block number:  98 Start-End 9800 9900   time taken in seconds:  62.10661602020264
block number:  99 Start-End 9900 10000   time taken in seconds:  66.79770946502686
block number:  100 Start-End 10000 10100   time taken in seconds:  64.91120553016663
block number:  101 Start-End 10100 10200   time taken in seconds:  71.29342246055603
block number:  102 Start-End 10200 10300   time taken in seconds:  68.16843485832214
block number:  103 Start-End 10300 None   time taken in seconds:  55.415924310684204
Number of samples after bg: 872 
Number of temp files written 218
Time taken for concatenating temp files 324.45162296295166
Data shape after read:	x:(136066, 60, 10, 20)	y:(136066,)	wts:(136066,)
Data shape after format:	x:(136066, 10, 20, 60, 1)	y:(136066,)
Time taken in minutes  162.88890863259633
Type of data:	 reserved
7593 57635
Type:  sig
Number of blocks 76
block number:  0 Start-End 0 100   time taken in seconds:  13.232577800750732
block number:  1 Start-End 100 200   time taken in seconds:  14.61026668548584
block number:  2 Start-End 200 300   time taken in seconds:  13.145247220993042
block number:  3 Start-End 300 400   time taken in seconds:  13.695011138916016
block number:  4 Start-End 400 500   time taken in seconds:  13.793204545974731
block number:  5 Start-End 500 600   time taken in seconds:  13.936354637145996
block number:  6 Start-End 600 700   time taken in seconds:  13.741180181503296
block number:  7 Start-End 700 800   time taken in seconds:  13.882062911987305
block number:  8 Start-End 800 900   time taken in seconds:  12.326481342315674
block number:  9 Start-End 900 1000   time taken in seconds:  14.59067153930664
block number:  10 Start-End 1000 1100   time taken in seconds:  14.965965986251831
block number:  11 Start-End 1100 1200   time taken in seconds:  15.357962608337402
block number:  12 Start-End 1200 1300   time taken in seconds:  12.972649335861206
block number:  13 Start-End 1300 1400   time taken in seconds:  14.345879793167114
block number:  14 Start-End 1400 1500   time taken in seconds:  14.135708093643188
block number:  15 Start-End 1500 1600   time taken in seconds:  13.516759157180786
block number:  16 Start-End 1600 1700   time taken in seconds:  13.952362298965454
block number:  17 Start-End 1700 1800   time taken in seconds:  15.006985902786255
block number:  18 Start-End 1800 1900   time taken in seconds:  12.598794937133789
block number:  19 Start-End 1900 2000   time taken in seconds:  13.876129388809204
block number:  20 Start-End 2000 2100   time taken in seconds:  13.607103824615479
block number:  21 Start-End 2100 2200   time taken in seconds:  13.531893730163574
block number:  22 Start-End 2200 2300   time taken in seconds:  14.45427417755127
block number:  23 Start-End 2300 2400   time taken in seconds:  14.388278245925903
block number:  24 Start-End 2400 2500   time taken in seconds:  14.92950987815857
block number:  25 Start-End 2500 2600   time taken in seconds:  13.574280977249146
block number:  26 Start-End 2600 2700   time taken in seconds:  14.338125228881836
block number:  27 Start-End 2700 2800   time taken in seconds:  13.97008466720581
block number:  28 Start-End 2800 2900   time taken in seconds:  13.781907081604004
block number:  29 Start-End 2900 3000   time taken in seconds:  13.106736421585083
block number:  30 Start-End 3000 3100   time taken in seconds:  14.794920921325684
block number:  31 Start-End 3100 3200   time taken in seconds:  13.169058561325073
block number:  32 Start-End 3200 3300   time taken in seconds:  15.198158264160156
block number:  33 Start-End 3300 3400   time taken in seconds:  13.703717947006226
block number:  34 Start-End 3400 3500   time taken in seconds:  13.156561613082886
block number:  35 Start-End 3500 3600   time taken in seconds:  13.43388056755066
block number:  36 Start-End 3600 3700   time taken in seconds:  15.134521961212158
block number:  37 Start-End 3700 3800   time taken in seconds:  13.169883489608765
block number:  38 Start-End 3800 3900   time taken in seconds:  15.399083375930786
block number:  39 Start-End 3900 4000   time taken in seconds:  16.42031216621399
block number:  40 Start-End 4000 4100   time taken in seconds:  14.300496101379395
block number:  41 Start-End 4100 4200   time taken in seconds:  13.714532613754272
block number:  42 Start-End 4200 4300   time taken in seconds:  14.733358144760132
block number:  43 Start-End 4300 4400   time taken in seconds:  11.52980637550354
block number:  44 Start-End 4400 4500   time taken in seconds:  12.98535680770874
block number:  45 Start-End 4500 4600   time taken in seconds:  13.98188591003418
block number:  46 Start-End 4600 4700   time taken in seconds:  13.079449653625488
block number:  47 Start-End 4700 4800   time taken in seconds:  12.996276140213013
block number:  48 Start-End 4800 4900   time taken in seconds:  14.501811027526855
block number:  49 Start-End 4900 5000   time taken in seconds:  14.619980812072754
block number:  50 Start-End 5000 5100   time taken in seconds:  13.9333336353302
block number:  51 Start-End 5100 5200   time taken in seconds:  15.295894384384155
block number:  52 Start-End 5200 5300   time taken in seconds:  13.041509866714478
block number:  53 Start-End 5300 5400   time taken in seconds:  16.047956228256226
block number:  54 Start-End 5400 5500   time taken in seconds:  14.892021417617798
block number:  55 Start-End 5500 5600   time taken in seconds:  14.482879877090454
block number:  56 Start-End 5600 5700   time taken in seconds:  14.334673881530762
block number:  57 Start-End 5700 5800   time taken in seconds:  13.518054008483887
block number:  58 Start-End 5800 5900   time taken in seconds:  13.21378469467163
block number:  59 Start-End 5900 6000   time taken in seconds:  12.878468990325928
block number:  60 Start-End 6000 6100   time taken in seconds:  11.292592525482178
block number:  61 Start-End 6100 6200   time taken in seconds:  14.610934257507324
block number:  62 Start-End 6200 6300   time taken in seconds:  14.091185331344604
block number:  63 Start-End 6300 6400   time taken in seconds:  11.827178955078125
block number:  64 Start-End 6400 6500   time taken in seconds:  12.207137823104858
block number:  65 Start-End 6500 6600   time taken in seconds:  12.5470871925354
block number:  66 Start-End 6600 6700   time taken in seconds:  14.09635305404663
block number:  67 Start-End 6700 6800   time taken in seconds:  14.617397546768188
block number:  68 Start-End 6800 6900   time taken in seconds:  13.293702125549316
block number:  69 Start-End 6900 7000   time taken in seconds:  14.612197637557983
block number:  70 Start-End 7000 7100   time taken in seconds:  16.713295459747314
block number:  71 Start-End 7100 7200   time taken in seconds:  15.10001826286316
block number:  72 Start-End 7200 7300   time taken in seconds:  12.794235944747925
block number:  73 Start-End 7300 7400   time taken in seconds:  14.36482048034668
block number:  74 Start-End 7400 7500   time taken in seconds:  13.237677812576294
block number:  75 Start-End 7500 None   time taken in seconds:  13.794211864471436
Number of samples after sig: 233 
Type:  bg
Number of blocks 577
block number:  0 Start-End 0 100   time taken in seconds:  78.61456966400146
block number:  1 Start-End 100 200   time taken in seconds:  80.6948492527008
block number:  2 Start-End 200 300   time taken in seconds:  79.64810132980347
block number:  3 Start-End 300 400   time taken in seconds:  84.00296330451965
block number:  4 Start-End 400 500   time taken in seconds:  80.76767206192017
block number:  5 Start-End 500 600   time taken in seconds:  84.36496162414551
block number:  6 Start-End 600 700   time taken in seconds:  79.6788432598114
block number:  7 Start-End 700 800   time taken in seconds:  83.47618007659912
block number:  8 Start-End 800 900   time taken in seconds:  82.85288548469543
block number:  9 Start-End 900 1000   time taken in seconds:  79.90928983688354
block number:  10 Start-End 1000 1100   time taken in seconds:  83.36359882354736
block number:  11 Start-End 1100 1200   time taken in seconds:  79.29522371292114
block number:  12 Start-End 1200 1300   time taken in seconds:  83.6912989616394
block number:  13 Start-End 1300 1400   time taken in seconds:  80.69458413124084
block number:  14 Start-End 1400 1500   time taken in seconds:  81.74677348136902
block number:  15 Start-End 1500 1600   time taken in seconds:  77.39953064918518
block number:  16 Start-End 1600 1700   time taken in seconds:  74.0629448890686
block number:  17 Start-End 1700 1800   time taken in seconds:  79.87505292892456
block number:  18 Start-End 1800 1900   time taken in seconds:  75.87676572799683
block number:  19 Start-End 1900 2000   time taken in seconds:  83.7796003818512
block number:  20 Start-End 2000 2100   time taken in seconds:  82.42334413528442
block number:  21 Start-End 2100 2200   time taken in seconds:  80.60604858398438
block number:  22 Start-End 2200 2300   time taken in seconds:  77.07510805130005
block number:  23 Start-End 2300 2400   time taken in seconds:  80.23443150520325
block number:  24 Start-End 2400 2500   time taken in seconds:  81.09655022621155
block number:  25 Start-End 2500 2600   time taken in seconds:  81.22324752807617
block number:  26 Start-End 2600 2700   time taken in seconds:  80.86042094230652
block number:  27 Start-End 2700 2800   time taken in seconds:  77.73299074172974
block number:  28 Start-End 2800 2900   time taken in seconds:  81.1987886428833
block number:  29 Start-End 2900 3000   time taken in seconds:  73.56210112571716
block number:  30 Start-End 3000 3100   time taken in seconds:  73.52541327476501
block number:  31 Start-End 3100 3200   time taken in seconds:  82.57356142997742
block number:  32 Start-End 3200 3300   time taken in seconds:  77.15911102294922
block number:  33 Start-End 3300 3400   time taken in seconds:  80.03415513038635
block number:  34 Start-End 3400 3500   time taken in seconds:  79.45888900756836
block number:  35 Start-End 3500 3600   time taken in seconds:  76.43941235542297
block number:  36 Start-End 3600 3700   time taken in seconds:  86.95907521247864
block number:  37 Start-End 3700 3800   time taken in seconds:  81.79127430915833
block number:  38 Start-End 3800 3900   time taken in seconds:  78.32095122337341
block number:  39 Start-End 3900 4000   time taken in seconds:  74.53457403182983
block number:  40 Start-End 4000 4100   time taken in seconds:  76.9275872707367
block number:  41 Start-End 4100 4200   time taken in seconds:  78.15837216377258
block number:  42 Start-End 4200 4300   time taken in seconds:  76.37407803535461
block number:  43 Start-End 4300 4400   time taken in seconds:  78.39154958724976
block number:  44 Start-End 4400 4500   time taken in seconds:  80.75626754760742
block number:  45 Start-End 4500 4600   time taken in seconds:  77.33516931533813
block number:  46 Start-End 4600 4700   time taken in seconds:  81.72616624832153
block number:  47 Start-End 4700 4800   time taken in seconds:  79.14704918861389
block number:  48 Start-End 4800 4900   time taken in seconds:  80.79054570198059
block number:  49 Start-End 4900 5000   time taken in seconds:  75.14881157875061
block number:  50 Start-End 5000 5100   time taken in seconds:  75.25435519218445
block number:  51 Start-End 5100 5200   time taken in seconds:  75.96982479095459
block number:  52 Start-End 5200 5300   time taken in seconds:  79.22730135917664
block number:  53 Start-End 5300 5400   time taken in seconds:  78.20487976074219
block number:  54 Start-End 5400 5500   time taken in seconds:  79.07999181747437
block number:  55 Start-End 5500 5600   time taken in seconds:  77.50087070465088
block number:  56 Start-End 5600 5700   time taken in seconds:  71.50939750671387
block number:  57 Start-End 5700 5800   time taken in seconds:  74.45670819282532
block number:  58 Start-End 5800 5900   time taken in seconds:  79.72717380523682
block number:  59 Start-End 5900 6000   time taken in seconds:  80.25590419769287
block number:  60 Start-End 6000 6100   time taken in seconds:  77.53716206550598
block number:  61 Start-End 6100 6200   time taken in seconds:  74.45179080963135
block number:  62 Start-End 6200 6300   time taken in seconds:  81.54560613632202
block number:  63 Start-End 6300 6400   time taken in seconds:  78.23162531852722
block number:  64 Start-End 6400 6500   time taken in seconds:  76.75184488296509
block number:  65 Start-End 6500 6600   time taken in seconds:  81.82040619850159
block number:  66 Start-End 6600 6700   time taken in seconds:  76.12797498703003
block number:  67 Start-End 6700 6800   time taken in seconds:  78.70084524154663
block number:  68 Start-End 6800 6900   time taken in seconds:  78.46213364601135
block number:  69 Start-End 6900 7000   time taken in seconds:  74.62895488739014
block number:  70 Start-End 7000 7100   time taken in seconds:  75.43956398963928
block number:  71 Start-End 7100 7200   time taken in seconds:  79.65223336219788
block number:  72 Start-End 7200 7300   time taken in seconds:  80.45725607872009
block number:  73 Start-End 7300 7400   time taken in seconds:  75.01659202575684
block number:  74 Start-End 7400 7500   time taken in seconds:  76.26724600791931
block number:  75 Start-End 7500 7600   time taken in seconds:  82.90098142623901
block number:  76 Start-End 7600 7700   time taken in seconds:  73.97093558311462
block number:  77 Start-End 7700 7800   time taken in seconds:  81.54505133628845
block number:  78 Start-End 7800 7900   time taken in seconds:  77.75614333152771
block number:  79 Start-End 7900 8000   time taken in seconds:  77.16204476356506
block number:  80 Start-End 8000 8100   time taken in seconds:  80.68334674835205
block number:  81 Start-End 8100 8200   time taken in seconds:  78.14697599411011
block number:  82 Start-End 8200 8300   time taken in seconds:  76.56800127029419
block number:  83 Start-End 8300 8400   time taken in seconds:  74.67823362350464
block number:  84 Start-End 8400 8500   time taken in seconds:  78.94551110267639
block number:  85 Start-End 8500 8600   time taken in seconds:  80.29820108413696
block number:  86 Start-End 8600 8700   time taken in seconds:  78.1239070892334
block number:  87 Start-End 8700 8800   time taken in seconds:  78.4252028465271
block number:  88 Start-End 8800 8900   time taken in seconds:  81.95576167106628
block number:  89 Start-End 8900 9000   time taken in seconds:  76.70057821273804
block number:  90 Start-End 9000 9100   time taken in seconds:  81.50464916229248
block number:  91 Start-End 9100 9200   time taken in seconds:  84.47693610191345
block number:  92 Start-End 9200 9300   time taken in seconds:  84.91109800338745
block number:  93 Start-End 9300 9400   time taken in seconds:  79.2817542552948
block number:  94 Start-End 9400 9500   time taken in seconds:  80.16560173034668
block number:  95 Start-End 9500 9600   time taken in seconds:  78.26952147483826
block number:  96 Start-End 9600 9700   time taken in seconds:  77.86207437515259
block number:  97 Start-End 9700 9800   time taken in seconds:  75.66034412384033
block number:  98 Start-End 9800 9900   time taken in seconds:  77.00027871131897
block number:  99 Start-End 9900 10000   time taken in seconds:  78.86068749427795
block number:  100 Start-End 10000 10100   time taken in seconds:  80.4129729270935
block number:  101 Start-End 10100 10200   time taken in seconds:  78.80092763900757
block number:  102 Start-End 10200 10300   time taken in seconds:  77.45619654655457
block number:  103 Start-End 10300 10400   time taken in seconds:  79.14053559303284
block number:  104 Start-End 10400 10500   time taken in seconds:  79.33777260780334
block number:  105 Start-End 10500 10600   time taken in seconds:  72.79678869247437
block number:  106 Start-End 10600 10700   time taken in seconds:  83.12350559234619
block number:  107 Start-End 10700 10800   time taken in seconds:  77.98011541366577
block number:  108 Start-End 10800 10900   time taken in seconds:  79.48073124885559
block number:  109 Start-End 10900 11000   time taken in seconds:  83.9896068572998
block number:  110 Start-End 11000 11100   time taken in seconds:  84.4795150756836
block number:  111 Start-End 11100 11200   time taken in seconds:  86.62421536445618
block number:  112 Start-End 11200 11300   time taken in seconds:  75.512619972229
block number:  113 Start-End 11300 11400   time taken in seconds:  75.91110849380493
block number:  114 Start-End 11400 11500   time taken in seconds:  76.79864764213562
block number:  115 Start-End 11500 11600   time taken in seconds:  75.47480368614197
block number:  116 Start-End 11600 11700   time taken in seconds:  81.61883878707886
block number:  117 Start-End 11700 11800   time taken in seconds:  80.67487120628357
block number:  118 Start-End 11800 11900   time taken in seconds:  76.70071649551392
block number:  119 Start-End 11900 12000   time taken in seconds:  75.96518993377686
block number:  120 Start-End 12000 12100   time taken in seconds:  73.74799799919128
block number:  121 Start-End 12100 12200   time taken in seconds:  82.08800315856934
block number:  122 Start-End 12200 12300   time taken in seconds:  79.47253513336182
block number:  123 Start-End 12300 12400   time taken in seconds:  84.17989611625671
block number:  124 Start-End 12400 12500   time taken in seconds:  81.38907885551453
block number:  125 Start-End 12500 12600   time taken in seconds:  87.86728644371033
block number:  126 Start-End 12600 12700   time taken in seconds:  85.46697974205017
block number:  127 Start-End 12700 12800   time taken in seconds:  81.56004428863525
block number:  128 Start-End 12800 12900   time taken in seconds:  78.05838537216187
block number:  129 Start-End 12900 13000   time taken in seconds:  78.33696866035461
block number:  130 Start-End 13000 13100   time taken in seconds:  78.41033172607422
block number:  131 Start-End 13100 13200   time taken in seconds:  76.33171701431274
block number:  132 Start-End 13200 13300   time taken in seconds:  78.73270893096924
block number:  133 Start-End 13300 13400   time taken in seconds:  77.20146918296814
block number:  134 Start-End 13400 13500   time taken in seconds:  76.31976819038391
block number:  135 Start-End 13500 13600   time taken in seconds:  82.94765520095825
block number:  136 Start-End 13600 13700   time taken in seconds:  77.80983829498291
block number:  137 Start-End 13700 13800   time taken in seconds:  75.32628893852234
block number:  138 Start-End 13800 13900   time taken in seconds:  78.31924486160278
block number:  139 Start-End 13900 14000   time taken in seconds:  74.40581202507019
block number:  140 Start-End 14000 14100   time taken in seconds:  75.25267577171326
block number:  141 Start-End 14100 14200   time taken in seconds:  78.41689276695251
block number:  142 Start-End 14200 14300   time taken in seconds:  81.18717455863953
block number:  143 Start-End 14300 14400   time taken in seconds:  72.67254590988159
block number:  144 Start-End 14400 14500   time taken in seconds:  73.29554963111877
block number:  145 Start-End 14500 14600   time taken in seconds:  77.50440526008606
block number:  146 Start-End 14600 14700   time taken in seconds:  80.97231364250183
block number:  147 Start-End 14700 14800   time taken in seconds:  82.42759871482849
block number:  148 Start-End 14800 14900   time taken in seconds:  80.51293087005615
block number:  149 Start-End 14900 15000   time taken in seconds:  76.5385410785675
block number:  150 Start-End 15000 15100   time taken in seconds:  81.18201947212219
block number:  151 Start-End 15100 15200   time taken in seconds:  81.38960313796997
block number:  152 Start-End 15200 15300   time taken in seconds:  77.09561896324158
block number:  153 Start-End 15300 15400   time taken in seconds:  83.64707326889038
block number:  154 Start-End 15400 15500   time taken in seconds:  76.73939824104309
block number:  155 Start-End 15500 15600   time taken in seconds:  80.31872272491455
block number:  156 Start-End 15600 15700   time taken in seconds:  80.63818407058716
block number:  157 Start-End 15700 15800   time taken in seconds:  85.96850657463074
block number:  158 Start-End 15800 15900   time taken in seconds:  79.59283685684204
block number:  159 Start-End 15900 16000   time taken in seconds:  82.01394605636597
block number:  160 Start-End 16000 16100   time taken in seconds:  76.47074103355408
block number:  161 Start-End 16100 16200   time taken in seconds:  81.61495900154114
block number:  162 Start-End 16200 16300   time taken in seconds:  79.48776912689209
block number:  163 Start-End 16300 16400   time taken in seconds:  80.82801222801208
block number:  164 Start-End 16400 16500   time taken in seconds:  79.58271265029907
block number:  165 Start-End 16500 16600   time taken in seconds:  84.17443513870239
block number:  166 Start-End 16600 16700   time taken in seconds:  79.49368405342102
block number:  167 Start-End 16700 16800   time taken in seconds:  81.71281433105469
block number:  168 Start-End 16800 16900   time taken in seconds:  79.87937688827515
block number:  169 Start-End 16900 17000   time taken in seconds:  81.78179407119751
block number:  170 Start-End 17000 17100   time taken in seconds:  79.27126622200012
block number:  171 Start-End 17100 17200   time taken in seconds:  82.52191400527954
block number:  172 Start-End 17200 17300   time taken in seconds:  81.74530386924744
block number:  173 Start-End 17300 17400   time taken in seconds:  81.58112287521362
block number:  174 Start-End 17400 17500   time taken in seconds:  75.0739631652832
block number:  175 Start-End 17500 17600   time taken in seconds:  73.44289803504944
block number:  176 Start-End 17600 17700   time taken in seconds:  77.18242049217224
block number:  177 Start-End 17700 17800   time taken in seconds:  73.25943899154663
block number:  178 Start-End 17800 17900   time taken in seconds:  77.25457739830017
block number:  179 Start-End 17900 18000   time taken in seconds:  74.49586963653564
block number:  180 Start-End 18000 18100   time taken in seconds:  76.50928854942322
block number:  181 Start-End 18100 18200   time taken in seconds:  72.43089175224304
block number:  182 Start-End 18200 18300   time taken in seconds:  82.44089818000793
block number:  183 Start-End 18300 18400   time taken in seconds:  79.26324820518494
block number:  184 Start-End 18400 18500   time taken in seconds:  79.274160861969
block number:  185 Start-End 18500 18600   time taken in seconds:  79.4298985004425
block number:  186 Start-End 18600 18700   time taken in seconds:  76.25484085083008
block number:  187 Start-End 18700 18800   time taken in seconds:  77.50796842575073
block number:  188 Start-End 18800 18900   time taken in seconds:  79.68927335739136
block number:  189 Start-End 18900 19000   time taken in seconds:  80.78824138641357
block number:  190 Start-End 19000 19100   time taken in seconds:  77.91490960121155
block number:  191 Start-End 19100 19200   time taken in seconds:  79.02710604667664
block number:  192 Start-End 19200 19300   time taken in seconds:  80.29475474357605
block number:  193 Start-End 19300 19400   time taken in seconds:  73.71186661720276
block number:  194 Start-End 19400 19500   time taken in seconds:  81.85120105743408
block number:  195 Start-End 19500 19600   time taken in seconds:  76.94347143173218
block number:  196 Start-End 19600 19700   time taken in seconds:  76.07603716850281
block number:  197 Start-End 19700 19800   time taken in seconds:  78.92431807518005
block number:  198 Start-End 19800 19900   time taken in seconds:  78.86388540267944
block number:  199 Start-End 19900 20000   time taken in seconds:  75.4870138168335
block number:  200 Start-End 20000 20100   time taken in seconds:  79.99341011047363
block number:  201 Start-End 20100 20200   time taken in seconds:  81.2699031829834
block number:  202 Start-End 20200 20300   time taken in seconds:  75.38192963600159
block number:  203 Start-End 20300 20400   time taken in seconds:  77.40467643737793
block number:  204 Start-End 20400 20500   time taken in seconds:  83.1112904548645
block number:  205 Start-End 20500 20600   time taken in seconds:  79.20421433448792
block number:  206 Start-End 20600 20700   time taken in seconds:  79.98179721832275
block number:  207 Start-End 20700 20800   time taken in seconds:  79.77900886535645
block number:  208 Start-End 20800 20900   time taken in seconds:  81.45124530792236
block number:  209 Start-End 20900 21000   time taken in seconds:  80.7833104133606
block number:  210 Start-End 21000 21100   time taken in seconds:  79.84345602989197
block number:  211 Start-End 21100 21200   time taken in seconds:  76.80655789375305
block number:  212 Start-End 21200 21300   time taken in seconds:  77.81614589691162
block number:  213 Start-End 21300 21400   time taken in seconds:  81.12688446044922
block number:  214 Start-End 21400 21500   time taken in seconds:  81.10272145271301
block number:  215 Start-End 21500 21600   time taken in seconds:  81.86867713928223
block number:  216 Start-End 21600 21700   time taken in seconds:  77.82222557067871
block number:  217 Start-End 21700 21800   time taken in seconds:  82.91915726661682
block number:  218 Start-End 21800 21900   time taken in seconds:  77.96137571334839
block number:  219 Start-End 21900 22000   time taken in seconds:  76.92470169067383
block number:  220 Start-End 22000 22100   time taken in seconds:  70.72284984588623
block number:  221 Start-End 22100 22200   time taken in seconds:  76.64903593063354
block number:  222 Start-End 22200 22300   time taken in seconds:  78.56887793540955
block number:  223 Start-End 22300 22400   time taken in seconds:  75.60823893547058
block number:  224 Start-End 22400 22500   time taken in seconds:  80.26414585113525
block number:  225 Start-End 22500 22600   time taken in seconds:  81.7212872505188
block number:  226 Start-End 22600 22700   time taken in seconds:  79.72304606437683
block number:  227 Start-End 22700 22800   time taken in seconds:  76.34327101707458
block number:  228 Start-End 22800 22900   time taken in seconds:  77.53636121749878
block number:  229 Start-End 22900 23000   time taken in seconds:  77.16433382034302
block number:  230 Start-End 23000 23100   time taken in seconds:  82.9828290939331
block number:  231 Start-End 23100 23200   time taken in seconds:  79.57443380355835
block number:  232 Start-End 23200 23300   time taken in seconds:  76.91281294822693
block number:  233 Start-End 23300 23400   time taken in seconds:  80.4132809638977
block number:  234 Start-End 23400 23500   time taken in seconds:  81.44188356399536
block number:  235 Start-End 23500 23600   time taken in seconds:  79.81665682792664
block number:  236 Start-End 23600 23700   time taken in seconds:  78.54366040229797
block number:  237 Start-End 23700 23800   time taken in seconds:  77.79952311515808
block number:  238 Start-End 23800 23900   time taken in seconds:  79.46070337295532
block number:  239 Start-End 23900 24000   time taken in seconds:  78.13991451263428
block number:  240 Start-End 24000 24100   time taken in seconds:  77.21680569648743
block number:  241 Start-End 24100 24200   time taken in seconds:  76.03573513031006
block number:  242 Start-End 24200 24300   time taken in seconds:  74.1778461933136
block number:  243 Start-End 24300 24400   time taken in seconds:  79.6596691608429
block number:  244 Start-End 24400 24500   time taken in seconds:  77.65948152542114
block number:  245 Start-End 24500 24600   time taken in seconds:  75.13281393051147
block number:  246 Start-End 24600 24700   time taken in seconds:  80.7918918132782
block number:  247 Start-End 24700 24800   time taken in seconds:  80.16512608528137
block number:  248 Start-End 24800 24900   time taken in seconds:  80.28700733184814
block number:  249 Start-End 24900 25000   time taken in seconds:  79.66645622253418
block number:  250 Start-End 25000 25100   time taken in seconds:  82.3493344783783
block number:  251 Start-End 25100 25200   time taken in seconds:  76.578786611557
block number:  252 Start-End 25200 25300   time taken in seconds:  80.45108890533447
block number:  253 Start-End 25300 25400   time taken in seconds:  80.4650354385376
block number:  254 Start-End 25400 25500   time taken in seconds:  78.66796588897705
block number:  255 Start-End 25500 25600   time taken in seconds:  75.77421879768372
block number:  256 Start-End 25600 25700   time taken in seconds:  80.61426663398743
block number:  257 Start-End 25700 25800   time taken in seconds:  84.11829948425293
block number:  258 Start-End 25800 25900   time taken in seconds:  82.0387077331543
block number:  259 Start-End 25900 26000   time taken in seconds:  71.92075252532959
block number:  260 Start-End 26000 26100   time taken in seconds:  74.6241364479065
block number:  261 Start-End 26100 26200   time taken in seconds:  77.31531882286072
block number:  262 Start-End 26200 26300   time taken in seconds:  79.9866738319397
block number:  263 Start-End 26300 26400   time taken in seconds:  84.27175903320312
block number:  264 Start-End 26400 26500   time taken in seconds:  78.93532800674438
block number:  265 Start-End 26500 26600   time taken in seconds:  77.30828523635864
block number:  266 Start-End 26600 26700   time taken in seconds:  79.91296362876892
block number:  267 Start-End 26700 26800   time taken in seconds:  77.83421730995178
block number:  268 Start-End 26800 26900   time taken in seconds:  82.99196076393127
block number:  269 Start-End 26900 27000   time taken in seconds:  87.2823314666748
block number:  270 Start-End 27000 27100   time taken in seconds:  80.99091720581055
block number:  271 Start-End 27100 27200   time taken in seconds:  77.53367972373962
block number:  272 Start-End 27200 27300   time taken in seconds:  80.60402774810791
block number:  273 Start-End 27300 27400   time taken in seconds:  74.35173749923706
block number:  274 Start-End 27400 27500   time taken in seconds:  83.85819673538208
block number:  275 Start-End 27500 27600   time taken in seconds:  79.09532117843628
block number:  276 Start-End 27600 27700   time taken in seconds:  77.00476932525635
block number:  277 Start-End 27700 27800   time taken in seconds:  76.50241589546204
block number:  278 Start-End 27800 27900   time taken in seconds:  77.3787899017334
block number:  279 Start-End 27900 28000   time taken in seconds:  76.64783072471619
block number:  280 Start-End 28000 28100   time taken in seconds:  72.98156595230103
block number:  281 Start-End 28100 28200   time taken in seconds:  78.07634472846985
block number:  282 Start-End 28200 28300   time taken in seconds:  82.11916923522949
block number:  283 Start-End 28300 28400   time taken in seconds:  80.22597146034241
block number:  284 Start-End 28400 28500   time taken in seconds:  79.74188542366028
block number:  285 Start-End 28500 28600   time taken in seconds:  74.8183023929596
block number:  286 Start-End 28600 28700   time taken in seconds:  77.54119348526001
block number:  287 Start-End 28700 28800   time taken in seconds:  75.4949905872345
block number:  288 Start-End 28800 28900   time taken in seconds:  81.59843707084656
block number:  289 Start-End 28900 29000   time taken in seconds:  76.84697222709656
block number:  290 Start-End 29000 29100   time taken in seconds:  76.57457733154297
block number:  291 Start-End 29100 29200   time taken in seconds:  83.17228245735168
block number:  292 Start-End 29200 29300   time taken in seconds:  79.0693941116333
block number:  293 Start-End 29300 29400   time taken in seconds:  78.97479295730591
block number:  294 Start-End 29400 29500   time taken in seconds:  80.14389991760254
block number:  295 Start-End 29500 29600   time taken in seconds:  71.14195156097412
block number:  296 Start-End 29600 29700   time taken in seconds:  77.9273316860199
block number:  297 Start-End 29700 29800   time taken in seconds:  79.22466111183167
block number:  298 Start-End 29800 29900   time taken in seconds:  80.49025630950928
block number:  299 Start-End 29900 30000   time taken in seconds:  78.40278196334839
block number:  300 Start-End 30000 30100   time taken in seconds:  73.1303358078003
block number:  301 Start-End 30100 30200   time taken in seconds:  77.25306797027588
block number:  302 Start-End 30200 30300   time taken in seconds:  80.06498646736145
block number:  303 Start-End 30300 30400   time taken in seconds:  75.58797979354858
block number:  304 Start-End 30400 30500   time taken in seconds:  76.54993677139282
block number:  305 Start-End 30500 30600   time taken in seconds:  73.89945650100708
block number:  306 Start-End 30600 30700   time taken in seconds:  77.70161986351013
block number:  307 Start-End 30700 30800   time taken in seconds:  80.34484386444092
block number:  308 Start-End 30800 30900   time taken in seconds:  74.6156005859375
block number:  309 Start-End 30900 31000   time taken in seconds:  78.24729704856873
block number:  310 Start-End 31000 31100   time taken in seconds:  79.60222029685974
block number:  311 Start-End 31100 31200   time taken in seconds:  73.55661725997925
block number:  312 Start-End 31200 31300   time taken in seconds:  84.34459376335144
block number:  313 Start-End 31300 31400   time taken in seconds:  78.08841753005981
block number:  314 Start-End 31400 31500   time taken in seconds:  75.69272804260254
block number:  315 Start-End 31500 31600   time taken in seconds:  74.19706392288208
block number:  316 Start-End 31600 31700   time taken in seconds:  75.61522793769836
block number:  317 Start-End 31700 31800   time taken in seconds:  79.64485120773315
block number:  318 Start-End 31800 31900   time taken in seconds:  77.67665839195251
block number:  319 Start-End 31900 32000   time taken in seconds:  78.05764198303223
block number:  320 Start-End 32000 32100   time taken in seconds:  79.07913947105408
block number:  321 Start-End 32100 32200   time taken in seconds:  77.73267984390259
block number:  322 Start-End 32200 32300   time taken in seconds:  77.15078067779541
block number:  323 Start-End 32300 32400   time taken in seconds:  72.61542391777039
block number:  324 Start-End 32400 32500   time taken in seconds:  79.18820643424988
block number:  325 Start-End 32500 32600   time taken in seconds:  77.38503289222717
block number:  326 Start-End 32600 32700   time taken in seconds:  76.25019645690918
block number:  327 Start-End 32700 32800   time taken in seconds:  80.02193355560303
block number:  328 Start-End 32800 32900   time taken in seconds:  80.23657417297363
block number:  329 Start-End 32900 33000   time taken in seconds:  82.55099725723267
block number:  330 Start-End 33000 33100   time taken in seconds:  81.54414415359497
block number:  331 Start-End 33100 33200   time taken in seconds:  75.2455096244812
block number:  332 Start-End 33200 33300   time taken in seconds:  80.13299679756165
block number:  333 Start-End 33300 33400   time taken in seconds:  83.3758316040039
block number:  334 Start-End 33400 33500   time taken in seconds:  82.76703190803528
block number:  335 Start-End 33500 33600   time taken in seconds:  77.07216787338257
block number:  336 Start-End 33600 33700   time taken in seconds:  86.40336775779724
block number:  337 Start-End 33700 33800   time taken in seconds:  85.99307060241699
block number:  338 Start-End 33800 33900   time taken in seconds:  81.06484842300415
block number:  339 Start-End 33900 34000   time taken in seconds:  75.08133697509766
block number:  340 Start-End 34000 34100   time taken in seconds:  77.48455834388733
block number:  341 Start-End 34100 34200   time taken in seconds:  81.44148921966553
block number:  342 Start-End 34200 34300   time taken in seconds:  80.07420444488525
block number:  343 Start-End 34300 34400   time taken in seconds:  78.83301305770874
block number:  344 Start-End 34400 34500   time taken in seconds:  85.7718460559845
block number:  345 Start-End 34500 34600   time taken in seconds:  81.16361713409424
block number:  346 Start-End 34600 34700   time taken in seconds:  79.68241047859192
block number:  347 Start-End 34700 34800   time taken in seconds:  80.14212846755981
block number:  348 Start-End 34800 34900   time taken in seconds:  78.68021583557129
block number:  349 Start-End 34900 35000   time taken in seconds:  82.46807193756104
block number:  350 Start-End 35000 35100   time taken in seconds:  84.58860206604004
block number:  351 Start-End 35100 35200   time taken in seconds:  84.59839367866516
block number:  352 Start-End 35200 35300   time taken in seconds:  75.4732437133789
block number:  353 Start-End 35300 35400   time taken in seconds:  80.76910305023193
block number:  354 Start-End 35400 35500   time taken in seconds:  81.7287769317627
block number:  355 Start-End 35500 35600   time taken in seconds:  84.59724974632263
block number:  356 Start-End 35600 35700   time taken in seconds:  74.27096199989319
block number:  357 Start-End 35700 35800   time taken in seconds:  78.21705603599548
block number:  358 Start-End 35800 35900   time taken in seconds:  79.58371806144714
block number:  359 Start-End 35900 36000   time taken in seconds:  86.74186944961548
block number:  360 Start-End 36000 36100   time taken in seconds:  79.31684923171997
block number:  361 Start-End 36100 36200   time taken in seconds:  81.29657506942749
block number:  362 Start-End 36200 36300   time taken in seconds:  79.92766857147217
block number:  363 Start-End 36300 36400   time taken in seconds:  80.55188751220703
block number:  364 Start-End 36400 36500   time taken in seconds:  82.98313117027283
block number:  365 Start-End 36500 36600   time taken in seconds:  79.76461744308472
block number:  366 Start-End 36600 36700   time taken in seconds:  77.88855028152466
block number:  367 Start-End 36700 36800   time taken in seconds:  82.63128781318665
block number:  368 Start-End 36800 36900   time taken in seconds:  81.15577840805054
block number:  369 Start-End 36900 37000   time taken in seconds:  78.19305539131165
block number:  370 Start-End 37000 37100   time taken in seconds:  81.31323337554932
block number:  371 Start-End 37100 37200   time taken in seconds:  79.29488444328308
block number:  372 Start-End 37200 37300   time taken in seconds:  82.70062375068665
block number:  373 Start-End 37300 37400   time taken in seconds:  79.16748666763306
block number:  374 Start-End 37400 37500   time taken in seconds:  78.67693257331848
block number:  375 Start-End 37500 37600   time taken in seconds:  79.76578211784363
block number:  376 Start-End 37600 37700   time taken in seconds:  85.92161870002747
block number:  377 Start-End 37700 37800   time taken in seconds:  84.20311784744263
block number:  378 Start-End 37800 37900   time taken in seconds:  84.42422699928284
block number:  379 Start-End 37900 38000   time taken in seconds:  85.7479145526886
block number:  380 Start-End 38000 38100   time taken in seconds:  85.0371663570404
block number:  381 Start-End 38100 38200   time taken in seconds:  86.26122689247131
block number:  382 Start-End 38200 38300   time taken in seconds:  77.51270580291748
block number:  383 Start-End 38300 38400   time taken in seconds:  80.01662564277649
block number:  384 Start-End 38400 38500   time taken in seconds:  78.37485861778259
block number:  385 Start-End 38500 38600   time taken in seconds:  84.53088092803955
block number:  386 Start-End 38600 38700   time taken in seconds:  77.39828896522522
block number:  387 Start-End 38700 38800   time taken in seconds:  79.64398622512817
block number:  388 Start-End 38800 38900   time taken in seconds:  82.09869480133057
block number:  389 Start-End 38900 39000   time taken in seconds:  81.54241275787354
block number:  390 Start-End 39000 39100   time taken in seconds:  77.53179860115051
block number:  391 Start-End 39100 39200   time taken in seconds:  84.0481162071228
block number:  392 Start-End 39200 39300   time taken in seconds:  81.86710357666016
block number:  393 Start-End 39300 39400   time taken in seconds:  89.07249879837036
block number:  394 Start-End 39400 39500   time taken in seconds:  82.6632468700409
block number:  395 Start-End 39500 39600   time taken in seconds:  79.46275234222412
block number:  396 Start-End 39600 39700   time taken in seconds:  84.35317063331604
block number:  397 Start-End 39700 39800   time taken in seconds:  78.2152636051178
block number:  398 Start-End 39800 39900   time taken in seconds:  79.81740307807922
block number:  399 Start-End 39900 40000   time taken in seconds:  80.11471772193909
block number:  400 Start-End 40000 40100   time taken in seconds:  85.10081839561462
block number:  401 Start-End 40100 40200   time taken in seconds:  77.72890090942383
block number:  402 Start-End 40200 40300   time taken in seconds:  80.84563040733337
block number:  403 Start-End 40300 40400   time taken in seconds:  80.15353727340698
block number:  404 Start-End 40400 40500   time taken in seconds:  79.47530722618103
block number:  405 Start-End 40500 40600   time taken in seconds:  80.69904041290283
block number:  406 Start-End 40600 40700   time taken in seconds:  78.64099383354187
block number:  407 Start-End 40700 40800   time taken in seconds:  78.82728958129883
block number:  408 Start-End 40800 40900   time taken in seconds:  82.75548934936523
block number:  409 Start-End 40900 41000   time taken in seconds:  84.98441410064697
block number:  410 Start-End 41000 41100   time taken in seconds:  83.45498776435852
block number:  411 Start-End 41100 41200   time taken in seconds:  79.16400790214539
block number:  412 Start-End 41200 41300   time taken in seconds:  82.1568832397461
block number:  413 Start-End 41300 41400   time taken in seconds:  82.93100595474243
block number:  414 Start-End 41400 41500   time taken in seconds:  82.1023371219635
block number:  415 Start-End 41500 41600   time taken in seconds:  82.03527855873108
block number:  416 Start-End 41600 41700   time taken in seconds:  78.3607611656189
block number:  417 Start-End 41700 41800   time taken in seconds:  82.4041121006012
block number:  418 Start-End 41800 41900   time taken in seconds:  84.28291845321655
block number:  419 Start-End 41900 42000   time taken in seconds:  83.75829982757568
block number:  420 Start-End 42000 42100   time taken in seconds:  81.94713163375854
block number:  421 Start-End 42100 42200   time taken in seconds:  75.76949667930603
block number:  422 Start-End 42200 42300   time taken in seconds:  85.61500430107117
block number:  423 Start-End 42300 42400   time taken in seconds:  82.35309338569641
block number:  424 Start-End 42400 42500   time taken in seconds:  85.09234309196472
block number:  425 Start-End 42500 42600   time taken in seconds:  84.45620822906494
block number:  426 Start-End 42600 42700   time taken in seconds:  78.00053405761719
block number:  427 Start-End 42700 42800   time taken in seconds:  79.70269250869751
block number:  428 Start-End 42800 42900   time taken in seconds:  87.4771568775177
block number:  429 Start-End 42900 43000   time taken in seconds:  78.66423773765564
block number:  430 Start-End 43000 43100   time taken in seconds:  85.01518392562866
block number:  431 Start-End 43100 43200   time taken in seconds:  84.44162893295288
block number:  432 Start-End 43200 43300   time taken in seconds:  84.3096969127655
block number:  433 Start-End 43300 43400   time taken in seconds:  78.67639422416687
block number:  434 Start-End 43400 43500   time taken in seconds:  81.19918990135193
block number:  435 Start-End 43500 43600   time taken in seconds:  78.59386110305786
block number:  436 Start-End 43600 43700   time taken in seconds:  78.34270000457764
block number:  437 Start-End 43700 43800   time taken in seconds:  80.85299849510193
block number:  438 Start-End 43800 43900   time taken in seconds:  79.61053800582886
block number:  439 Start-End 43900 44000   time taken in seconds:  80.04334211349487
block number:  440 Start-End 44000 44100   time taken in seconds:  83.3418960571289
block number:  441 Start-End 44100 44200   time taken in seconds:  83.92973256111145
block number:  442 Start-End 44200 44300   time taken in seconds:  74.5947048664093
block number:  443 Start-End 44300 44400   time taken in seconds:  78.34432029724121
block number:  444 Start-End 44400 44500   time taken in seconds:  78.84163928031921
block number:  445 Start-End 44500 44600   time taken in seconds:  76.03540921211243
block number:  446 Start-End 44600 44700   time taken in seconds:  78.62395191192627
block number:  447 Start-End 44700 44800   time taken in seconds:  80.74824333190918
block number:  448 Start-End 44800 44900   time taken in seconds:  78.51004910469055
block number:  449 Start-End 44900 45000   time taken in seconds:  80.9830470085144
block number:  450 Start-End 45000 45100   time taken in seconds:  82.5466034412384
block number:  451 Start-End 45100 45200   time taken in seconds:  83.80064964294434
block number:  452 Start-End 45200 45300   time taken in seconds:  80.6094708442688
block number:  453 Start-End 45300 45400   time taken in seconds:  84.44404864311218
block number:  454 Start-End 45400 45500   time taken in seconds:  82.32012367248535
block number:  455 Start-End 45500 45600   time taken in seconds:  78.5978946685791
block number:  456 Start-End 45600 45700   time taken in seconds:  84.9278838634491
block number:  457 Start-End 45700 45800   time taken in seconds:  80.87937879562378
block number:  458 Start-End 45800 45900   time taken in seconds:  83.89997887611389
block number:  459 Start-End 45900 46000   time taken in seconds:  79.51569676399231
block number:  460 Start-End 46000 46100   time taken in seconds:  82.90720105171204
block number:  461 Start-End 46100 46200   time taken in seconds:  80.56594562530518
block number:  462 Start-End 46200 46300   time taken in seconds:  84.02594184875488
block number:  463 Start-End 46300 46400   time taken in seconds:  82.3272614479065
block number:  464 Start-End 46400 46500   time taken in seconds:  81.42366981506348
block number:  465 Start-End 46500 46600   time taken in seconds:  83.57606387138367
block number:  466 Start-End 46600 46700   time taken in seconds:  83.88182616233826
block number:  467 Start-End 46700 46800   time taken in seconds:  79.67471575737
block number:  468 Start-End 46800 46900   time taken in seconds:  76.89374732971191
block number:  469 Start-End 46900 47000   time taken in seconds:  80.1643488407135
block number:  470 Start-End 47000 47100   time taken in seconds:  82.97004723548889
block number:  471 Start-End 47100 47200   time taken in seconds:  85.6975359916687
block number:  472 Start-End 47200 47300   time taken in seconds:  77.37588024139404
block number:  473 Start-End 47300 47400   time taken in seconds:  84.73061394691467
block number:  474 Start-End 47400 47500   time taken in seconds:  82.10313868522644
block number:  475 Start-End 47500 47600   time taken in seconds:  83.69437384605408
block number:  476 Start-End 47600 47700   time taken in seconds:  76.61245393753052
block number:  477 Start-End 47700 47800   time taken in seconds:  82.08726119995117
block number:  478 Start-End 47800 47900   time taken in seconds:  79.90352392196655
block number:  479 Start-End 47900 48000   time taken in seconds:  76.0882740020752
block number:  480 Start-End 48000 48100   time taken in seconds:  73.10714864730835
block number:  481 Start-End 48100 48200   time taken in seconds:  76.21762466430664
block number:  482 Start-End 48200 48300   time taken in seconds:  78.25265550613403
block number:  483 Start-End 48300 48400   time taken in seconds:  80.86329650878906
block number:  484 Start-End 48400 48500   time taken in seconds:  80.44149899482727
block number:  485 Start-End 48500 48600   time taken in seconds:  79.21651148796082
block number:  486 Start-End 48600 48700   time taken in seconds:  75.34267044067383
block number:  487 Start-End 48700 48800   time taken in seconds:  79.3715922832489
block number:  488 Start-End 48800 48900   time taken in seconds:  79.22084355354309
block number:  489 Start-End 48900 49000   time taken in seconds:  78.31634163856506
block number:  490 Start-End 49000 49100   time taken in seconds:  81.08928751945496
block number:  491 Start-End 49100 49200   time taken in seconds:  75.10735964775085
block number:  492 Start-End 49200 49300   time taken in seconds:  79.5403687953949
block number:  493 Start-End 49300 49400   time taken in seconds:  78.2314133644104
block number:  494 Start-End 49400 49500   time taken in seconds:  82.23081946372986
block number:  495 Start-End 49500 49600   time taken in seconds:  80.79227614402771
block number:  496 Start-End 49600 49700   time taken in seconds:  82.6994276046753
block number:  497 Start-End 49700 49800   time taken in seconds:  84.54992151260376
block number:  498 Start-End 49800 49900   time taken in seconds:  78.24528002738953
block number:  499 Start-End 49900 50000   time taken in seconds:  79.5627954006195
block number:  500 Start-End 50000 50100   time taken in seconds:  75.63970685005188
block number:  501 Start-End 50100 50200   time taken in seconds:  78.41259360313416
block number:  502 Start-End 50200 50300   time taken in seconds:  75.19755864143372
block number:  503 Start-End 50300 50400   time taken in seconds:  76.0486421585083
block number:  504 Start-End 50400 50500   time taken in seconds:  77.98369979858398
block number:  505 Start-End 50500 50600   time taken in seconds:  77.8856053352356
block number:  506 Start-End 50600 50700   time taken in seconds:  78.39296674728394
block number:  507 Start-End 50700 50800   time taken in seconds:  77.41468858718872
block number:  508 Start-End 50800 50900   time taken in seconds:  79.27869462966919
block number:  509 Start-End 50900 51000   time taken in seconds:  78.50252342224121
block number:  510 Start-End 51000 51100   time taken in seconds:  82.17329502105713
block number:  511 Start-End 51100 51200   time taken in seconds:  75.28851246833801
block number:  512 Start-End 51200 51300   time taken in seconds:  82.53170871734619
block number:  513 Start-End 51300 51400   time taken in seconds:  83.57000732421875
block number:  514 Start-End 51400 51500   time taken in seconds:  91.44237017631531
block number:  515 Start-End 51500 51600   time taken in seconds:  101.14236903190613
block number:  516 Start-End 51600 51700   time taken in seconds:  95.30422949790955
block number:  517 Start-End 51700 51800   time taken in seconds:  98.99676251411438
block number:  518 Start-End 51800 51900   time taken in seconds:  93.83947658538818
block number:  519 Start-End 51900 52000   time taken in seconds:  94.60470986366272
block number:  520 Start-End 52000 52100   time taken in seconds:  99.56843781471252
block number:  521 Start-End 52100 52200   time taken in seconds:  92.13426041603088
block number:  522 Start-End 52200 52300   time taken in seconds:  101.38686966896057
block number:  523 Start-End 52300 52400   time taken in seconds:  97.92154383659363
block number:  524 Start-End 52400 52500   time taken in seconds:  92.04544067382812
block number:  525 Start-End 52500 52600   time taken in seconds:  89.79965472221375
block number:  526 Start-End 52600 52700   time taken in seconds:  88.12827706336975
block number:  527 Start-End 52700 52800   time taken in seconds:  93.07036137580872
block number:  528 Start-End 52800 52900   time taken in seconds:  100.48353219032288
block number:  529 Start-End 52900 53000   time taken in seconds:  95.16435742378235
block number:  530 Start-End 53000 53100   time taken in seconds:  94.95642590522766
block number:  531 Start-End 53100 53200   time taken in seconds:  97.08632040023804
block number:  532 Start-End 53200 53300   time taken in seconds:  97.75987720489502
block number:  533 Start-End 53300 53400   time taken in seconds:  96.81754112243652
block number:  534 Start-End 53400 53500   time taken in seconds:  94.55395650863647
block number:  535 Start-End 53500 53600   time taken in seconds:  93.04513764381409
block number:  536 Start-End 53600 53700   time taken in seconds:  96.18213820457458
block number:  537 Start-End 53700 53800   time taken in seconds:  96.35262751579285
block number:  538 Start-End 53800 53900   time taken in seconds:  99.09371662139893
block number:  539 Start-End 53900 54000   time taken in seconds:  93.89612603187561
block number:  540 Start-End 54000 54100   time taken in seconds:  100.24798798561096
block number:  541 Start-End 54100 54200   time taken in seconds:  96.82532358169556
block number:  542 Start-End 54200 54300   time taken in seconds:  99.79993057250977
block number:  543 Start-End 54300 54400   time taken in seconds:  94.53891515731812
block number:  544 Start-End 54400 54500   time taken in seconds:  102.76412653923035
block number:  545 Start-End 54500 54600   time taken in seconds:  97.2254228591919
block number:  546 Start-End 54600 54700   time taken in seconds:  100.16431331634521
block number:  547 Start-End 54700 54800   time taken in seconds:  89.31240725517273
block number:  548 Start-End 54800 54900   time taken in seconds:  101.31771731376648
block number:  549 Start-End 54900 55000   time taken in seconds:  110.31843829154968
block number:  550 Start-End 55000 55100   time taken in seconds:  100.05941677093506
block number:  551 Start-End 55100 55200   time taken in seconds:  100.42671632766724
block number:  552 Start-End 55200 55300   time taken in seconds:  102.00297355651855
block number:  553 Start-End 55300 55400   time taken in seconds:  100.8358314037323
block number:  554 Start-End 55400 55500   time taken in seconds:  97.56812047958374
block number:  555 Start-End 55500 55600   time taken in seconds:  105.38917064666748
block number:  556 Start-End 55600 55700   time taken in seconds:  100.32041692733765
block number:  557 Start-End 55700 55800   time taken in seconds:  104.41066598892212
block number:  558 Start-End 55800 55900   time taken in seconds:  99.65216279029846
block number:  559 Start-End 55900 56000   time taken in seconds:  96.44913291931152
block number:  560 Start-End 56000 56100   time taken in seconds:  103.54736995697021
block number:  561 Start-End 56100 56200   time taken in seconds:  103.8437569141388
block number:  562 Start-End 56200 56300   time taken in seconds:  99.48821640014648
block number:  563 Start-End 56300 56400   time taken in seconds:  104.31554365158081
block number:  564 Start-End 56400 56500   time taken in seconds:  102.56444096565247
block number:  565 Start-End 56500 56600   time taken in seconds:  103.80628561973572
block number:  566 Start-End 56600 56700   time taken in seconds:  98.94991326332092
block number:  567 Start-End 56700 56800   time taken in seconds:  100.49014353752136
block number:  568 Start-End 56800 56900   time taken in seconds:  96.23844408988953
block number:  569 Start-End 56900 57000   time taken in seconds:  98.90321779251099
block number:  570 Start-End 57000 57100   time taken in seconds:  101.92530751228333
block number:  571 Start-End 57100 57200   time taken in seconds:  102.16206336021423
block number:  572 Start-End 57200 57300   time taken in seconds:  96.3745629787445
block number:  573 Start-End 57300 57400   time taken in seconds:  102.96147918701172
block number:  574 Start-End 57400 57500   time taken in seconds:  100.02359294891357
block number:  575 Start-End 57500 57600   time taken in seconds:  104.99024367332458
block number:  576 Start-End 57600 None   time taken in seconds:  38.283204078674316
Number of samples after bg: 466 
Number of temp files written 653
Time taken for concatenating temp files 11351.381996393204
Data shape after read:	x:(752604, 60, 10, 20)	y:(752604,)	wts:(752604,)
Data shape after format:	x:(752604, 10, 20, 60, 1)	y:(752604,)
Time taken in minutes  992.9075688282649
