Data cut hesse
Type of data:	 regular
11361 10384
Type:  sig
Number of blocks 114
block number:  0 Start-End 0 100   time taken in seconds:  19.866825103759766
block number:  1 Start-End 100 200   time taken in seconds:  19.55457592010498
block number:  2 Start-End 200 300   time taken in seconds:  17.157414197921753
block number:  3 Start-End 300 400   time taken in seconds:  15.96954083442688
block number:  4 Start-End 400 500   time taken in seconds:  16.47651481628418
block number:  5 Start-End 500 600   time taken in seconds:  16.32526993751526
block number:  6 Start-End 600 700   time taken in seconds:  16.78777813911438
block number:  7 Start-End 700 800   time taken in seconds:  17.160557985305786
block number:  8 Start-End 800 900   time taken in seconds:  17.42288064956665
block number:  9 Start-End 900 1000   time taken in seconds:  18.289438009262085
block number:  10 Start-End 1000 1100   time taken in seconds:  19.96926712989807
block number:  11 Start-End 1100 1200   time taken in seconds:  19.90364146232605
block number:  12 Start-End 1200 1300   time taken in seconds:  19.927821159362793
block number:  13 Start-End 1300 1400   time taken in seconds:  16.258212566375732
block number:  14 Start-End 1400 1500   time taken in seconds:  18.445812225341797
block number:  15 Start-End 1500 1600   time taken in seconds:  17.21575617790222
block number:  16 Start-End 1600 1700   time taken in seconds:  18.08340549468994
block number:  17 Start-End 1700 1800   time taken in seconds:  16.80559515953064
block number:  18 Start-End 1800 1900   time taken in seconds:  22.106064558029175
block number:  19 Start-End 1900 2000   time taken in seconds:  17.487125158309937
block number:  20 Start-End 2000 2100   time taken in seconds:  19.456267595291138
block number:  21 Start-End 2100 2200   time taken in seconds:  18.2797691822052
block number:  22 Start-End 2200 2300   time taken in seconds:  17.519275426864624
block number:  23 Start-End 2300 2400   time taken in seconds:  20.606142044067383
block number:  24 Start-End 2400 2500   time taken in seconds:  18.42184090614319
block number:  25 Start-End 2500 2600   time taken in seconds:  15.985018968582153
block number:  26 Start-End 2600 2700   time taken in seconds:  16.410285234451294
block number:  27 Start-End 2700 2800   time taken in seconds:  19.049978256225586
block number:  28 Start-End 2800 2900   time taken in seconds:  18.480459451675415
block number:  29 Start-End 2900 3000   time taken in seconds:  19.283469200134277
block number:  30 Start-End 3000 3100   time taken in seconds:  16.719178438186646
block number:  31 Start-End 3100 3200   time taken in seconds:  18.576999187469482
block number:  32 Start-End 3200 3300   time taken in seconds:  17.00518226623535
block number:  33 Start-End 3300 3400   time taken in seconds:  18.27083444595337
block number:  34 Start-End 3400 3500   time taken in seconds:  18.942988395690918
block number:  35 Start-End 3500 3600   time taken in seconds:  17.381226778030396
block number:  36 Start-End 3600 3700   time taken in seconds:  18.54814338684082
block number:  37 Start-End 3700 3800   time taken in seconds:  19.288923501968384
block number:  38 Start-End 3800 3900   time taken in seconds:  17.675240993499756
block number:  39 Start-End 3900 4000   time taken in seconds:  18.941500663757324
block number:  40 Start-End 4000 4100   time taken in seconds:  18.736494541168213
block number:  41 Start-End 4100 4200   time taken in seconds:  17.79395866394043
block number:  42 Start-End 4200 4300   time taken in seconds:  19.104807138442993
block number:  43 Start-End 4300 4400   time taken in seconds:  17.946166038513184
block number:  44 Start-End 4400 4500   time taken in seconds:  20.459438800811768
block number:  45 Start-End 4500 4600   time taken in seconds:  19.877684116363525
block number:  46 Start-End 4600 4700   time taken in seconds:  21.787951231002808
block number:  47 Start-End 4700 4800   time taken in seconds:  17.341673612594604
block number:  48 Start-End 4800 4900   time taken in seconds:  19.298054218292236
block number:  49 Start-End 4900 5000   time taken in seconds:  18.794393301010132
block number:  50 Start-End 5000 5100   time taken in seconds:  20.30201244354248
block number:  51 Start-End 5100 5200   time taken in seconds:  16.50397777557373
block number:  52 Start-End 5200 5300   time taken in seconds:  20.50120520591736
block number:  53 Start-End 5300 5400   time taken in seconds:  19.289855241775513
block number:  54 Start-End 5400 5500   time taken in seconds:  16.698756217956543
block number:  55 Start-End 5500 5600   time taken in seconds:  18.462297916412354
block number:  56 Start-End 5600 5700   time taken in seconds:  16.607882738113403
block number:  57 Start-End 5700 5800   time taken in seconds:  19.755123138427734
block number:  58 Start-End 5800 5900   time taken in seconds:  16.698142528533936
block number:  59 Start-End 5900 6000   time taken in seconds:  21.093321323394775
block number:  60 Start-End 6000 6100   time taken in seconds:  18.35636854171753
block number:  61 Start-End 6100 6200   time taken in seconds:  19.46615958213806
block number:  62 Start-End 6200 6300   time taken in seconds:  17.506434202194214
block number:  63 Start-End 6300 6400   time taken in seconds:  17.27039647102356
block number:  64 Start-End 6400 6500   time taken in seconds:  17.663025379180908
block number:  65 Start-End 6500 6600   time taken in seconds:  18.94280195236206
block number:  66 Start-End 6600 6700   time taken in seconds:  18.799803733825684
block number:  67 Start-End 6700 6800   time taken in seconds:  17.05692720413208
block number:  68 Start-End 6800 6900   time taken in seconds:  15.753621339797974
block number:  69 Start-End 6900 7000   time taken in seconds:  19.4568932056427
block number:  70 Start-End 7000 7100   time taken in seconds:  19.688027143478394
block number:  71 Start-End 7100 7200   time taken in seconds:  19.82525324821472
block number:  72 Start-End 7200 7300   time taken in seconds:  17.61685085296631
block number:  73 Start-End 7300 7400   time taken in seconds:  21.34209370613098
block number:  74 Start-End 7400 7500   time taken in seconds:  18.558498859405518
block number:  75 Start-End 7500 7600   time taken in seconds:  16.43743920326233
block number:  76 Start-End 7600 7700   time taken in seconds:  18.093448400497437
block number:  77 Start-End 7700 7800   time taken in seconds:  15.73534083366394
block number:  78 Start-End 7800 7900   time taken in seconds:  15.524288415908813
block number:  79 Start-End 7900 8000   time taken in seconds:  15.330655097961426
block number:  80 Start-End 8000 8100   time taken in seconds:  18.599994659423828
block number:  81 Start-End 8100 8200   time taken in seconds:  17.178658962249756
block number:  82 Start-End 8200 8300   time taken in seconds:  16.59018898010254
block number:  83 Start-End 8300 8400   time taken in seconds:  18.299111366271973
block number:  84 Start-End 8400 8500   time taken in seconds:  17.58645725250244
block number:  85 Start-End 8500 8600   time taken in seconds:  17.601338863372803
block number:  86 Start-End 8600 8700   time taken in seconds:  18.044410467147827
block number:  87 Start-End 8700 8800   time taken in seconds:  16.79326844215393
block number:  88 Start-End 8800 8900   time taken in seconds:  16.941182851791382
block number:  89 Start-End 8900 9000   time taken in seconds:  16.372965812683105
block number:  90 Start-End 9000 9100   time taken in seconds:  17.399272680282593
block number:  91 Start-End 9100 9200   time taken in seconds:  19.706255197525024
block number:  92 Start-End 9200 9300   time taken in seconds:  19.023616552352905
block number:  93 Start-End 9300 9400   time taken in seconds:  16.736140966415405
block number:  94 Start-End 9400 9500   time taken in seconds:  18.801469802856445
block number:  95 Start-End 9500 9600   time taken in seconds:  18.734179258346558
block number:  96 Start-End 9600 9700   time taken in seconds:  17.00196075439453
block number:  97 Start-End 9700 9800   time taken in seconds:  18.83866858482361
block number:  98 Start-End 9800 9900   time taken in seconds:  17.745421171188354
block number:  99 Start-End 9900 10000   time taken in seconds:  17.69187569618225
block number:  100 Start-End 10000 10100   time taken in seconds:  18.398189783096313
block number:  101 Start-End 10100 10200   time taken in seconds:  17.336159229278564
block number:  102 Start-End 10200 10300   time taken in seconds:  18.37880778312683
block number:  103 Start-End 10300 10400   time taken in seconds:  17.79244303703308
block number:  104 Start-End 10400 10500   time taken in seconds:  17.699707984924316
block number:  105 Start-End 10500 10600   time taken in seconds:  19.564746856689453
block number:  106 Start-End 10600 10700   time taken in seconds:  17.053158044815063
block number:  107 Start-End 10700 10800   time taken in seconds:  20.446964740753174
block number:  108 Start-End 10800 10900   time taken in seconds:  19.770631790161133
block number:  109 Start-End 10900 11000   time taken in seconds:  19.799989700317383
block number:  110 Start-End 11000 11100   time taken in seconds:  17.933944702148438
block number:  111 Start-End 11100 11200   time taken in seconds:  17.734760761260986
block number:  112 Start-End 11200 11300   time taken in seconds:  19.548504114151
block number:  113 Start-End 11300 None   time taken in seconds:  10.785918712615967
Number of samples after sig: 144 
Type:  bg
Number of blocks 104
block number:  0 Start-End 0 100   time taken in seconds:  94.06457209587097
block number:  1 Start-End 100 200   time taken in seconds:  88.95555472373962
block number:  2 Start-End 200 300   time taken in seconds:  83.93981528282166
block number:  3 Start-End 300 400   time taken in seconds:  72.07920932769775
block number:  4 Start-End 400 500   time taken in seconds:  88.51402759552002
block number:  5 Start-End 500 600   time taken in seconds:  85.75066089630127
block number:  6 Start-End 600 700   time taken in seconds:  85.17355275154114
block number:  7 Start-End 700 800   time taken in seconds:  91.28976368904114
block number:  8 Start-End 800 900   time taken in seconds:  79.03731966018677
block number:  9 Start-End 900 1000   time taken in seconds:  83.61632299423218
block number:  10 Start-End 1000 1100   time taken in seconds:  83.83453822135925
block number:  11 Start-End 1100 1200   time taken in seconds:  78.46471786499023
block number:  12 Start-End 1200 1300   time taken in seconds:  78.15678095817566
block number:  13 Start-End 1300 1400   time taken in seconds:  87.88804626464844
block number:  14 Start-End 1400 1500   time taken in seconds:  79.86056137084961
block number:  15 Start-End 1500 1600   time taken in seconds:  81.29410743713379
block number:  16 Start-End 1600 1700   time taken in seconds:  74.43106341362
block number:  17 Start-End 1700 1800   time taken in seconds:  78.138831615448
block number:  18 Start-End 1800 1900   time taken in seconds:  84.44223117828369
block number:  19 Start-End 1900 2000   time taken in seconds:  73.66429090499878
block number:  20 Start-End 2000 2100   time taken in seconds:  80.75878167152405
block number:  21 Start-End 2100 2200   time taken in seconds:  74.61826634407043
block number:  22 Start-End 2200 2300   time taken in seconds:  77.30270981788635
block number:  23 Start-End 2300 2400   time taken in seconds:  73.07407212257385
block number:  24 Start-End 2400 2500   time taken in seconds:  68.65180778503418
block number:  25 Start-End 2500 2600   time taken in seconds:  83.07266283035278
block number:  26 Start-End 2600 2700   time taken in seconds:  73.18778419494629
block number:  27 Start-End 2700 2800   time taken in seconds:  74.18515133857727
block number:  28 Start-End 2800 2900   time taken in seconds:  76.32551789283752
block number:  29 Start-End 2900 3000   time taken in seconds:  66.14946055412292
block number:  30 Start-End 3000 3100   time taken in seconds:  74.56631278991699
block number:  31 Start-End 3100 3200   time taken in seconds:  74.04678297042847
block number:  32 Start-End 3200 3300   time taken in seconds:  75.92190289497375
block number:  33 Start-End 3300 3400   time taken in seconds:  76.98670887947083
block number:  34 Start-End 3400 3500   time taken in seconds:  67.04340648651123
block number:  35 Start-End 3500 3600   time taken in seconds:  85.39224481582642
block number:  36 Start-End 3600 3700   time taken in seconds:  69.27805399894714
block number:  37 Start-End 3700 3800   time taken in seconds:  78.2252504825592
block number:  38 Start-End 3800 3900   time taken in seconds:  79.41608214378357
block number:  39 Start-End 3900 4000   time taken in seconds:  71.37471723556519
block number:  40 Start-End 4000 4100   time taken in seconds:  80.85956501960754
block number:  41 Start-End 4100 4200   time taken in seconds:  74.96043395996094
block number:  42 Start-End 4200 4300   time taken in seconds:  69.04107713699341
block number:  43 Start-End 4300 4400   time taken in seconds:  73.9370596408844
block number:  44 Start-End 4400 4500   time taken in seconds:  85.8604474067688
block number:  45 Start-End 4500 4600   time taken in seconds:  76.61252856254578
block number:  46 Start-End 4600 4700   time taken in seconds:  80.66857504844666
block number:  47 Start-End 4700 4800   time taken in seconds:  89.1486451625824
block number:  48 Start-End 4800 4900   time taken in seconds:  66.44917464256287
block number:  49 Start-End 4900 5000   time taken in seconds:  79.25767850875854
block number:  50 Start-End 5000 5100   time taken in seconds:  80.16724252700806
block number:  51 Start-End 5100 5200   time taken in seconds:  89.8844096660614
block number:  52 Start-End 5200 5300   time taken in seconds:  79.6014940738678
block number:  53 Start-End 5300 5400   time taken in seconds:  80.13928055763245
block number:  54 Start-End 5400 5500   time taken in seconds:  77.12109708786011
block number:  55 Start-End 5500 5600   time taken in seconds:  79.3272385597229
block number:  56 Start-End 5600 5700   time taken in seconds:  86.90645265579224
block number:  57 Start-End 5700 5800   time taken in seconds:  82.43505454063416
block number:  58 Start-End 5800 5900   time taken in seconds:  91.84218955039978
block number:  59 Start-End 5900 6000   time taken in seconds:  80.67969584465027
block number:  60 Start-End 6000 6100   time taken in seconds:  122.118337392807
block number:  61 Start-End 6100 6200   time taken in seconds:  168.62350177764893
block number:  62 Start-End 6200 6300   time taken in seconds:  352.00786805152893
block number:  63 Start-End 6300 6400   time taken in seconds:  120.86341977119446
block number:  64 Start-End 6400 6500   time taken in seconds:  109.3220443725586
block number:  65 Start-End 6500 6600   time taken in seconds:  85.39286351203918
block number:  66 Start-End 6600 6700   time taken in seconds:  74.9999611377716
block number:  67 Start-End 6700 6800   time taken in seconds:  82.96528625488281
block number:  68 Start-End 6800 6900   time taken in seconds:  80.81096005439758
block number:  69 Start-End 6900 7000   time taken in seconds:  80.58123898506165
block number:  70 Start-End 7000 7100   time taken in seconds:  86.42245769500732
block number:  71 Start-End 7100 7200   time taken in seconds:  86.15715408325195
block number:  72 Start-End 7200 7300   time taken in seconds:  89.96492004394531
block number:  73 Start-End 7300 7400   time taken in seconds:  83.49420237541199
block number:  74 Start-End 7400 7500   time taken in seconds:  85.87142133712769
block number:  75 Start-End 7500 7600   time taken in seconds:  78.62362813949585
block number:  76 Start-End 7600 7700   time taken in seconds:  83.41465330123901
block number:  77 Start-End 7700 7800   time taken in seconds:  88.59003353118896
block number:  78 Start-End 7800 7900   time taken in seconds:  84.32413005828857
block number:  79 Start-End 7900 8000   time taken in seconds:  85.10134935379028
block number:  80 Start-End 8000 8100   time taken in seconds:  82.7371153831482
block number:  81 Start-End 8100 8200   time taken in seconds:  90.854008436203
block number:  82 Start-End 8200 8300   time taken in seconds:  80.74606490135193
block number:  83 Start-End 8300 8400   time taken in seconds:  84.0897274017334
block number:  84 Start-End 8400 8500   time taken in seconds:  87.25034642219543
block number:  85 Start-End 8500 8600   time taken in seconds:  82.79567623138428
block number:  86 Start-End 8600 8700   time taken in seconds:  99.65087389945984
block number:  87 Start-End 8700 8800   time taken in seconds:  89.99097275733948
block number:  88 Start-End 8800 8900   time taken in seconds:  82.10807704925537
block number:  89 Start-End 8900 9000   time taken in seconds:  83.95112085342407
block number:  90 Start-End 9000 9100   time taken in seconds:  80.44667935371399
block number:  91 Start-End 9100 9200   time taken in seconds:  86.17103958129883
block number:  92 Start-End 9200 9300   time taken in seconds:  82.75759220123291
block number:  93 Start-End 9300 9400   time taken in seconds:  72.38391995429993
block number:  94 Start-End 9400 9500   time taken in seconds:  82.99041366577148
block number:  95 Start-End 9500 9600   time taken in seconds:  84.56594800949097
block number:  96 Start-End 9600 9700   time taken in seconds:  93.55110836029053
block number:  97 Start-End 9700 9800   time taken in seconds:  79.43480515480042
block number:  98 Start-End 9800 9900   time taken in seconds:  81.15221571922302
block number:  99 Start-End 9900 10000   time taken in seconds:  81.35053634643555
block number:  100 Start-End 10000 10100   time taken in seconds:  79.32699275016785
block number:  101 Start-End 10100 10200   time taken in seconds:  89.59577250480652
block number:  102 Start-End 10200 10300   time taken in seconds:  80.53646898269653
block number:  103 Start-End 10300 None   time taken in seconds:  69.52535343170166
Number of samples after bg: 872 
Number of temp files written 218
Time taken for concatenating temp files 593.5955622196198
Data shape after read:	x:(136066, 60, 10, 20)	y:(136066,)	wts:(136066,)
Data shape after format:	x:(136066, 10, 20, 60, 1)	y:(136066,)
Time taken in minutes  192.85510255893072
Type of data:	 reserved
7593 57635
Type:  sig
Number of blocks 76
block number:  0 Start-End 0 100   time taken in seconds:  17.155300855636597
block number:  1 Start-End 100 200   time taken in seconds:  19.16610360145569
block number:  2 Start-End 200 300   time taken in seconds:  16.467414379119873
block number:  3 Start-End 300 400   time taken in seconds:  16.066561222076416
block number:  4 Start-End 400 500   time taken in seconds:  15.676623106002808
block number:  5 Start-End 500 600   time taken in seconds:  17.051114320755005
block number:  6 Start-End 600 700   time taken in seconds:  16.043360233306885
block number:  7 Start-End 700 800   time taken in seconds:  16.546873569488525
block number:  8 Start-End 800 900   time taken in seconds:  16.52082920074463
block number:  9 Start-End 900 1000   time taken in seconds:  19.152461290359497
block number:  10 Start-End 1000 1100   time taken in seconds:  18.371227025985718
block number:  11 Start-End 1100 1200   time taken in seconds:  18.378162384033203
block number:  12 Start-End 1200 1300   time taken in seconds:  15.961116313934326
block number:  13 Start-End 1300 1400   time taken in seconds:  17.790438890457153
block number:  14 Start-End 1400 1500   time taken in seconds:  17.257514476776123
block number:  15 Start-End 1500 1600   time taken in seconds:  16.381715297698975
block number:  16 Start-End 1600 1700   time taken in seconds:  16.018768787384033
block number:  17 Start-End 1700 1800   time taken in seconds:  16.37543535232544
block number:  18 Start-End 1800 1900   time taken in seconds:  14.63053011894226
block number:  19 Start-End 1900 2000   time taken in seconds:  17.247231245040894
block number:  20 Start-End 2000 2100   time taken in seconds:  17.045926094055176
block number:  21 Start-End 2100 2200   time taken in seconds:  17.135919094085693
block number:  22 Start-End 2200 2300   time taken in seconds:  16.465876579284668
block number:  23 Start-End 2300 2400   time taken in seconds:  15.462442398071289
block number:  24 Start-End 2400 2500   time taken in seconds:  17.44072198867798
block number:  25 Start-End 2500 2600   time taken in seconds:  17.54958486557007
block number:  26 Start-End 2600 2700   time taken in seconds:  18.01164221763611
block number:  27 Start-End 2700 2800   time taken in seconds:  17.35284733772278
block number:  28 Start-End 2800 2900   time taken in seconds:  16.736257076263428
block number:  29 Start-End 2900 3000   time taken in seconds:  15.706219911575317
block number:  30 Start-End 3000 3100   time taken in seconds:  17.042972087860107
block number:  31 Start-End 3100 3200   time taken in seconds:  15.084559679031372
block number:  32 Start-End 3200 3300   time taken in seconds:  20.256566047668457
block number:  33 Start-End 3300 3400   time taken in seconds:  17.65283489227295
block number:  34 Start-End 3400 3500   time taken in seconds:  16.80535864830017
block number:  35 Start-End 3500 3600   time taken in seconds:  16.807295560836792
block number:  36 Start-End 3600 3700   time taken in seconds:  17.39764904975891
block number:  37 Start-End 3700 3800   time taken in seconds:  16.323508977890015
block number:  38 Start-End 3800 3900   time taken in seconds:  19.870280027389526
block number:  39 Start-End 3900 4000   time taken in seconds:  20.175464630126953
block number:  40 Start-End 4000 4100   time taken in seconds:  17.33744502067566
block number:  41 Start-End 4100 4200   time taken in seconds:  16.48779797554016
block number:  42 Start-End 4200 4300   time taken in seconds:  17.73533844947815
block number:  43 Start-End 4300 4400   time taken in seconds:  14.62221908569336
block number:  44 Start-End 4400 4500   time taken in seconds:  17.45736074447632
block number:  45 Start-End 4500 4600   time taken in seconds:  17.760645866394043
block number:  46 Start-End 4600 4700   time taken in seconds:  16.035893201828003
block number:  47 Start-End 4700 4800   time taken in seconds:  16.10793662071228
block number:  48 Start-End 4800 4900   time taken in seconds:  17.303498029708862
block number:  49 Start-End 4900 5000   time taken in seconds:  17.74894690513611
block number:  50 Start-End 5000 5100   time taken in seconds:  16.96923851966858
block number:  51 Start-End 5100 5200   time taken in seconds:  18.210259437561035
block number:  52 Start-End 5200 5300   time taken in seconds:  16.24201488494873
block number:  53 Start-End 5300 5400   time taken in seconds:  19.43894124031067
block number:  54 Start-End 5400 5500   time taken in seconds:  16.94580578804016
block number:  55 Start-End 5500 5600   time taken in seconds:  17.025630235671997
block number:  56 Start-End 5600 5700   time taken in seconds:  18.07786202430725
block number:  57 Start-End 5700 5800   time taken in seconds:  18.29472780227661
block number:  58 Start-End 5800 5900   time taken in seconds:  17.036806106567383
block number:  59 Start-End 5900 6000   time taken in seconds:  16.167529582977295
block number:  60 Start-End 6000 6100   time taken in seconds:  13.721698999404907
block number:  61 Start-End 6100 6200   time taken in seconds:  18.34058952331543
block number:  62 Start-End 6200 6300   time taken in seconds:  18.133641004562378
block number:  63 Start-End 6300 6400   time taken in seconds:  16.391730070114136
block number:  64 Start-End 6400 6500   time taken in seconds:  16.18760395050049
block number:  65 Start-End 6500 6600   time taken in seconds:  15.739029884338379
block number:  66 Start-End 6600 6700   time taken in seconds:  21.957112073898315
block number:  67 Start-End 6700 6800   time taken in seconds:  19.970255851745605
block number:  68 Start-End 6800 6900   time taken in seconds:  16.96280550956726
block number:  69 Start-End 6900 7000   time taken in seconds:  19.182191848754883
block number:  70 Start-End 7000 7100   time taken in seconds:  20.40138077735901
block number:  71 Start-End 7100 7200   time taken in seconds:  17.332098722457886
block number:  72 Start-End 7200 7300   time taken in seconds:  15.515829801559448
block number:  73 Start-End 7300 7400   time taken in seconds:  17.604750394821167
block number:  74 Start-End 7400 7500   time taken in seconds:  16.066063404083252
block number:  75 Start-End 7500 None   time taken in seconds:  17.304389715194702
Number of samples after sig: 233 
Type:  bg
Number of blocks 577
block number:  0 Start-End 0 100   time taken in seconds:  102.23186302185059
block number:  1 Start-End 100 200   time taken in seconds:  101.98825073242188
block number:  2 Start-End 200 300   time taken in seconds:  103.23552441596985
block number:  3 Start-End 300 400   time taken in seconds:  99.30501651763916
block number:  4 Start-End 400 500   time taken in seconds:  99.05152726173401
block number:  5 Start-End 500 600   time taken in seconds:  102.71665215492249
block number:  6 Start-End 600 700   time taken in seconds:  97.85830211639404
block number:  7 Start-End 700 800   time taken in seconds:  96.45828866958618
block number:  8 Start-End 800 900   time taken in seconds:  98.02774786949158
block number:  9 Start-End 900 1000   time taken in seconds:  98.02913808822632
block number:  10 Start-End 1000 1100   time taken in seconds:  105.50556302070618
block number:  11 Start-End 1100 1200   time taken in seconds:  105.51156544685364
block number:  12 Start-End 1200 1300   time taken in seconds:  102.46068215370178
block number:  13 Start-End 1300 1400   time taken in seconds:  104.6263439655304
block number:  14 Start-End 1400 1500   time taken in seconds:  98.07511520385742
block number:  15 Start-End 1500 1600   time taken in seconds:  98.6548216342926
block number:  16 Start-End 1600 1700   time taken in seconds:  94.3714849948883
block number:  17 Start-End 1700 1800   time taken in seconds:  100.105464220047
block number:  18 Start-End 1800 1900   time taken in seconds:  99.01544046401978
block number:  19 Start-End 1900 2000   time taken in seconds:  100.97102046012878
block number:  20 Start-End 2000 2100   time taken in seconds:  102.98990654945374
block number:  21 Start-End 2100 2200   time taken in seconds:  98.38605785369873
block number:  22 Start-End 2200 2300   time taken in seconds:  94.02004504203796
block number:  23 Start-End 2300 2400   time taken in seconds:  92.19181275367737
block number:  24 Start-End 2400 2500   time taken in seconds:  103.82005023956299
block number:  25 Start-End 2500 2600   time taken in seconds:  98.87628483772278
block number:  26 Start-End 2600 2700   time taken in seconds:  104.72440457344055
block number:  27 Start-End 2700 2800   time taken in seconds:  90.61671328544617
block number:  28 Start-End 2800 2900   time taken in seconds:  102.28111028671265
block number:  29 Start-End 2900 3000   time taken in seconds:  90.42593741416931
block number:  30 Start-End 3000 3100   time taken in seconds:  97.06462144851685
block number:  31 Start-End 3100 3200   time taken in seconds:  97.46122908592224
block number:  32 Start-End 3200 3300   time taken in seconds:  96.55383563041687
block number:  33 Start-End 3300 3400   time taken in seconds:  94.54408740997314
block number:  34 Start-End 3400 3500   time taken in seconds:  95.99942111968994
block number:  35 Start-End 3500 3600   time taken in seconds:  88.37984251976013
block number:  36 Start-End 3600 3700   time taken in seconds:  100.79994440078735
block number:  37 Start-End 3700 3800   time taken in seconds:  95.53307294845581
block number:  38 Start-End 3800 3900   time taken in seconds:  100.55575060844421
block number:  39 Start-End 3900 4000   time taken in seconds:  87.43232464790344
block number:  40 Start-End 4000 4100   time taken in seconds:  92.57783079147339
block number:  41 Start-End 4100 4200   time taken in seconds:  95.39010429382324
block number:  42 Start-End 4200 4300   time taken in seconds:  86.6050283908844
block number:  43 Start-End 4300 4400   time taken in seconds:  99.11759996414185
block number:  44 Start-End 4400 4500   time taken in seconds:  93.5012035369873
block number:  45 Start-End 4500 4600   time taken in seconds:  94.40341806411743
block number:  46 Start-End 4600 4700   time taken in seconds:  94.00091981887817
block number:  47 Start-End 4700 4800   time taken in seconds:  89.7073004245758
block number:  48 Start-End 4800 4900   time taken in seconds:  92.70304870605469
block number:  49 Start-End 4900 5000   time taken in seconds:  86.41045212745667
block number:  50 Start-End 5000 5100   time taken in seconds:  92.17415499687195
block number:  51 Start-End 5100 5200   time taken in seconds:  97.30750107765198
block number:  52 Start-End 5200 5300   time taken in seconds:  95.59015035629272
block number:  53 Start-End 5300 5400   time taken in seconds:  93.24944996833801
block number:  54 Start-End 5400 5500   time taken in seconds:  98.79839587211609
block number:  55 Start-End 5500 5600   time taken in seconds:  94.78798413276672
block number:  56 Start-End 5600 5700   time taken in seconds:  85.68772554397583
block number:  57 Start-End 5700 5800   time taken in seconds:  90.01346778869629
block number:  58 Start-End 5800 5900   time taken in seconds:  92.41397333145142
block number:  59 Start-End 5900 6000   time taken in seconds:  98.43620657920837
block number:  60 Start-End 6000 6100   time taken in seconds:  84.15553998947144
block number:  61 Start-End 6100 6200   time taken in seconds:  88.92787265777588
block number:  62 Start-End 6200 6300   time taken in seconds:  90.23424029350281
block number:  63 Start-End 6300 6400   time taken in seconds:  88.04345798492432
block number:  64 Start-End 6400 6500   time taken in seconds:  84.59424209594727
block number:  65 Start-End 6500 6600   time taken in seconds:  96.57911920547485
block number:  66 Start-End 6600 6700   time taken in seconds:  87.56538534164429
block number:  67 Start-End 6700 6800   time taken in seconds:  94.34805274009705
block number:  68 Start-End 6800 6900   time taken in seconds:  90.24370121955872
block number:  69 Start-End 6900 7000   time taken in seconds:  86.41520810127258
block number:  70 Start-End 7000 7100   time taken in seconds:  88.19514155387878
block number:  71 Start-End 7100 7200   time taken in seconds:  98.14510869979858
block number:  72 Start-End 7200 7300   time taken in seconds:  97.530024766922
block number:  73 Start-End 7300 7400   time taken in seconds:  87.53563618659973
block number:  74 Start-End 7400 7500   time taken in seconds:  94.181800365448
block number:  75 Start-End 7500 7600   time taken in seconds:  96.87803554534912
block number:  76 Start-End 7600 7700   time taken in seconds:  94.59631371498108
block number:  77 Start-End 7700 7800   time taken in seconds:  95.64655923843384
block number:  78 Start-End 7800 7900   time taken in seconds:  95.35904169082642
block number:  79 Start-End 7900 8000   time taken in seconds:  94.08601951599121
block number:  80 Start-End 8000 8100   time taken in seconds:  96.50078630447388
block number:  81 Start-End 8100 8200   time taken in seconds:  92.9474790096283
block number:  82 Start-End 8200 8300   time taken in seconds:  93.87466335296631
block number:  83 Start-End 8300 8400   time taken in seconds:  87.24244832992554
block number:  84 Start-End 8400 8500   time taken in seconds:  92.06655263900757
block number:  85 Start-End 8500 8600   time taken in seconds:  95.1098895072937
block number:  86 Start-End 8600 8700   time taken in seconds:  94.04467368125916
block number:  87 Start-End 8700 8800   time taken in seconds:  94.22452235221863
block number:  88 Start-End 8800 8900   time taken in seconds:  97.4195613861084
block number:  89 Start-End 8900 9000   time taken in seconds:  95.07409715652466
block number:  90 Start-End 9000 9100   time taken in seconds:  106.55743384361267
block number:  91 Start-End 9100 9200   time taken in seconds:  95.14138269424438
block number:  92 Start-End 9200 9300   time taken in seconds:  96.44971370697021
block number:  93 Start-End 9300 9400   time taken in seconds:  90.35934829711914
block number:  94 Start-End 9400 9500   time taken in seconds:  97.16074824333191
block number:  95 Start-End 9500 9600   time taken in seconds:  89.83929395675659
block number:  96 Start-End 9600 9700   time taken in seconds:  96.67572712898254
block number:  97 Start-End 9700 9800   time taken in seconds:  87.76124310493469
block number:  98 Start-End 9800 9900   time taken in seconds:  93.34681582450867
block number:  99 Start-End 9900 10000   time taken in seconds:  89.99308753013611
block number:  100 Start-End 10000 10100   time taken in seconds:  97.36073637008667
block number:  101 Start-End 10100 10200   time taken in seconds:  91.98124980926514
block number:  102 Start-End 10200 10300   time taken in seconds:  92.38835597038269
block number:  103 Start-End 10300 10400   time taken in seconds:  93.2308280467987
block number:  104 Start-End 10400 10500   time taken in seconds:  94.46627759933472
block number:  105 Start-End 10500 10600   time taken in seconds:  87.5454626083374
block number:  106 Start-End 10600 10700   time taken in seconds:  92.91738271713257
block number:  107 Start-End 10700 10800   time taken in seconds:  92.22495579719543
block number:  108 Start-End 10800 10900   time taken in seconds:  86.79170966148376
block number:  109 Start-End 10900 11000   time taken in seconds:  100.42209124565125
block number:  110 Start-End 11000 11100   time taken in seconds:  102.69174218177795
block number:  111 Start-End 11100 11200   time taken in seconds:  103.83063769340515
block number:  112 Start-End 11200 11300   time taken in seconds:  94.12705063819885
block number:  113 Start-End 11300 11400   time taken in seconds:  98.57245349884033
block number:  114 Start-End 11400 11500   time taken in seconds:  106.62936115264893
block number:  115 Start-End 11500 11600   time taken in seconds:  95.88999629020691
block number:  116 Start-End 11600 11700   time taken in seconds:  102.95051646232605
block number:  117 Start-End 11700 11800   time taken in seconds:  101.05046963691711
block number:  118 Start-End 11800 11900   time taken in seconds:  91.72599482536316
block number:  119 Start-End 11900 12000   time taken in seconds:  91.37174463272095
block number:  120 Start-End 12000 12100   time taken in seconds:  82.32604575157166
block number:  121 Start-End 12100 12200   time taken in seconds:  94.58608865737915
block number:  122 Start-End 12200 12300   time taken in seconds:  80.91096210479736
block number:  123 Start-End 12300 12400   time taken in seconds:  92.780925989151
block number:  124 Start-End 12400 12500   time taken in seconds:  83.50204014778137
block number:  125 Start-End 12500 12600   time taken in seconds:  89.64957642555237
block number:  126 Start-End 12600 12700   time taken in seconds:  89.97656965255737
block number:  127 Start-End 12700 12800   time taken in seconds:  85.8632664680481
block number:  128 Start-End 12800 12900   time taken in seconds:  90.1134204864502
block number:  129 Start-End 12900 13000   time taken in seconds:  82.17856764793396
block number:  130 Start-End 13000 13100   time taken in seconds:  82.63157176971436
block number:  131 Start-End 13100 13200   time taken in seconds:  79.20999240875244
block number:  132 Start-End 13200 13300   time taken in seconds:  80.27708649635315
block number:  133 Start-End 13300 13400   time taken in seconds:  80.66674304008484
block number:  134 Start-End 13400 13500   time taken in seconds:  82.36348128318787
block number:  135 Start-End 13500 13600   time taken in seconds:  89.13674116134644
block number:  136 Start-End 13600 13700   time taken in seconds:  80.37204265594482
block number:  137 Start-End 13700 13800   time taken in seconds:  82.5543122291565
block number:  138 Start-End 13800 13900   time taken in seconds:  79.02786946296692
block number:  139 Start-End 13900 14000   time taken in seconds:  85.83658599853516
block number:  140 Start-End 14000 14100   time taken in seconds:  83.79583215713501
block number:  141 Start-End 14100 14200   time taken in seconds:  82.07262134552002
block number:  142 Start-End 14200 14300   time taken in seconds:  85.50348734855652
block number:  143 Start-End 14300 14400   time taken in seconds:  77.3573546409607
block number:  144 Start-End 14400 14500   time taken in seconds:  83.46148037910461
block number:  145 Start-End 14500 14600   time taken in seconds:  84.61245679855347
block number:  146 Start-End 14600 14700   time taken in seconds:  85.44075417518616
block number:  147 Start-End 14700 14800   time taken in seconds:  84.37549185752869
block number:  148 Start-End 14800 14900   time taken in seconds:  82.61372780799866
block number:  149 Start-End 14900 15000   time taken in seconds:  86.38768315315247
block number:  150 Start-End 15000 15100   time taken in seconds:  86.09773087501526
block number:  151 Start-End 15100 15200   time taken in seconds:  91.98125314712524
block number:  152 Start-End 15200 15300   time taken in seconds:  83.4502763748169
block number:  153 Start-End 15300 15400   time taken in seconds:  97.02530193328857
block number:  154 Start-End 15400 15500   time taken in seconds:  89.70146441459656
block number:  155 Start-End 15500 15600   time taken in seconds:  100.13819575309753
block number:  156 Start-End 15600 15700   time taken in seconds:  97.64243912696838
block number:  157 Start-End 15700 15800   time taken in seconds:  93.86612129211426
block number:  158 Start-End 15800 15900   time taken in seconds:  91.95950675010681
block number:  159 Start-End 15900 16000   time taken in seconds:  94.43089818954468
block number:  160 Start-End 16000 16100   time taken in seconds:  91.49178338050842
block number:  161 Start-End 16100 16200   time taken in seconds:  92.99123620986938
block number:  162 Start-End 16200 16300   time taken in seconds:  94.88700032234192
block number:  163 Start-End 16300 16400   time taken in seconds:  90.37490653991699
block number:  164 Start-End 16400 16500   time taken in seconds:  96.99091076850891
block number:  165 Start-End 16500 16600   time taken in seconds:  89.30356407165527
block number:  166 Start-End 16600 16700   time taken in seconds:  91.78004789352417
block number:  167 Start-End 16700 16800   time taken in seconds:  88.3014178276062
block number:  168 Start-End 16800 16900   time taken in seconds:  87.40116953849792
block number:  169 Start-End 16900 17000   time taken in seconds:  92.77236700057983
block number:  170 Start-End 17000 17100   time taken in seconds:  86.34342098236084
block number:  171 Start-End 17100 17200   time taken in seconds:  94.48276448249817
block number:  172 Start-End 17200 17300   time taken in seconds:  89.91538166999817
block number:  173 Start-End 17300 17400   time taken in seconds:  99.5115876197815
block number:  174 Start-End 17400 17500   time taken in seconds:  87.48686742782593
block number:  175 Start-End 17500 17600   time taken in seconds:  86.14279532432556
block number:  176 Start-End 17600 17700   time taken in seconds:  81.70152187347412
block number:  177 Start-End 17700 17800   time taken in seconds:  81.77730512619019
block number:  178 Start-End 17800 17900   time taken in seconds:  89.58796095848083
block number:  179 Start-End 17900 18000   time taken in seconds:  83.1915352344513
block number:  180 Start-End 18000 18100   time taken in seconds:  84.72980761528015
block number:  181 Start-End 18100 18200   time taken in seconds:  73.85987210273743
block number:  182 Start-End 18200 18300   time taken in seconds:  86.32983946800232
block number:  183 Start-End 18300 18400   time taken in seconds:  82.21659994125366
block number:  184 Start-End 18400 18500   time taken in seconds:  85.04902172088623
block number:  185 Start-End 18500 18600   time taken in seconds:  82.36722230911255
block number:  186 Start-End 18600 18700   time taken in seconds:  78.68651533126831
block number:  187 Start-End 18700 18800   time taken in seconds:  79.76016664505005
block number:  188 Start-End 18800 18900   time taken in seconds:  82.47897696495056
block number:  189 Start-End 18900 19000   time taken in seconds:  84.401113986969
block number:  190 Start-End 19000 19100   time taken in seconds:  80.51935768127441
block number:  191 Start-End 19100 19200   time taken in seconds:  83.08362770080566
block number:  192 Start-End 19200 19300   time taken in seconds:  82.28101778030396
block number:  193 Start-End 19300 19400   time taken in seconds:  82.1551022529602
block number:  194 Start-End 19400 19500   time taken in seconds:  84.94560265541077
block number:  195 Start-End 19500 19600   time taken in seconds:  89.3358302116394
block number:  196 Start-End 19600 19700   time taken in seconds:  81.80908799171448
block number:  197 Start-End 19700 19800   time taken in seconds:  82.85544681549072
block number:  198 Start-End 19800 19900   time taken in seconds:  88.30047869682312
block number:  199 Start-End 19900 20000   time taken in seconds:  97.35896825790405
block number:  200 Start-End 20000 20100   time taken in seconds:  88.83274793624878
block number:  201 Start-End 20100 20200   time taken in seconds:  83.04485726356506
block number:  202 Start-End 20200 20300   time taken in seconds:  79.885746717453
block number:  203 Start-End 20300 20400   time taken in seconds:  80.50832462310791
block number:  204 Start-End 20400 20500   time taken in seconds:  84.75199365615845
block number:  205 Start-End 20500 20600   time taken in seconds:  88.55636477470398
block number:  206 Start-End 20600 20700   time taken in seconds:  84.2250144481659
block number:  207 Start-End 20700 20800   time taken in seconds:  88.27488017082214
block number:  208 Start-End 20800 20900   time taken in seconds:  81.4457540512085
block number:  209 Start-End 20900 21000   time taken in seconds:  89.65377998352051
block number:  210 Start-End 21000 21100   time taken in seconds:  87.3634901046753
block number:  211 Start-End 21100 21200   time taken in seconds:  83.38119387626648
block number:  212 Start-End 21200 21300   time taken in seconds:  84.31893658638
block number:  213 Start-End 21300 21400   time taken in seconds:  82.65713691711426
block number:  214 Start-End 21400 21500   time taken in seconds:  91.2228319644928
block number:  215 Start-End 21500 21600   time taken in seconds:  86.07042503356934
block number:  216 Start-End 21600 21700   time taken in seconds:  85.32825684547424
block number:  217 Start-End 21700 21800   time taken in seconds:  86.10178112983704
block number:  218 Start-End 21800 21900   time taken in seconds:  87.79546570777893
block number:  219 Start-End 21900 22000   time taken in seconds:  84.93705439567566
block number:  220 Start-End 22000 22100   time taken in seconds:  76.81585192680359
block number:  221 Start-End 22100 22200   time taken in seconds:  102.19315600395203
block number:  222 Start-End 22200 22300   time taken in seconds:  83.59362888336182
block number:  223 Start-End 22300 22400   time taken in seconds:  80.54609036445618
block number:  224 Start-End 22400 22500   time taken in seconds:  88.47038698196411
block number:  225 Start-End 22500 22600   time taken in seconds:  87.36558413505554
block number:  226 Start-End 22600 22700   time taken in seconds:  88.3339581489563
block number:  227 Start-End 22700 22800   time taken in seconds:  80.57695460319519
block number:  228 Start-End 22800 22900   time taken in seconds:  89.95854711532593
block number:  229 Start-End 22900 23000   time taken in seconds:  80.32145857810974
block number:  230 Start-End 23000 23100   time taken in seconds:  87.11910510063171
block number:  231 Start-End 23100 23200   time taken in seconds:  84.87931418418884
block number:  232 Start-End 23200 23300   time taken in seconds:  78.70910549163818
block number:  233 Start-End 23300 23400   time taken in seconds:  89.8807852268219
block number:  234 Start-End 23400 23500   time taken in seconds:  86.5565094947815
block number:  235 Start-End 23500 23600   time taken in seconds:  88.6185872554779
block number:  236 Start-End 23600 23700   time taken in seconds:  82.44823741912842
block number:  237 Start-End 23700 23800   time taken in seconds:  83.0880401134491
block number:  238 Start-End 23800 23900   time taken in seconds:  88.34502172470093
block number:  239 Start-End 23900 24000   time taken in seconds:  87.58739876747131
block number:  240 Start-End 24000 24100   time taken in seconds:  86.43861365318298
block number:  241 Start-End 24100 24200   time taken in seconds:  85.90275573730469
block number:  242 Start-End 24200 24300   time taken in seconds:  83.82898449897766
block number:  243 Start-End 24300 24400   time taken in seconds:  83.62070035934448
block number:  244 Start-End 24400 24500   time taken in seconds:  84.78710770606995
block number:  245 Start-End 24500 24600   time taken in seconds:  77.52469277381897
block number:  246 Start-End 24600 24700   time taken in seconds:  81.41496324539185
block number:  247 Start-End 24700 24800   time taken in seconds:  84.2376720905304
block number:  248 Start-End 24800 24900   time taken in seconds:  84.63635420799255
block number:  249 Start-End 24900 25000   time taken in seconds:  84.97120523452759
block number:  250 Start-End 25000 25100   time taken in seconds:  86.47402429580688
block number:  251 Start-End 25100 25200   time taken in seconds:  83.72050142288208
block number:  252 Start-End 25200 25300   time taken in seconds:  85.32629704475403
block number:  253 Start-End 25300 25400   time taken in seconds:  89.35187339782715
block number:  254 Start-End 25400 25500   time taken in seconds:  83.78288745880127
block number:  255 Start-End 25500 25600   time taken in seconds:  82.63408398628235
block number:  256 Start-End 25600 25700   time taken in seconds:  85.30822086334229
block number:  257 Start-End 25700 25800   time taken in seconds:  95.80611228942871
block number:  258 Start-End 25800 25900   time taken in seconds:  90.90565013885498
block number:  259 Start-End 25900 26000   time taken in seconds:  80.87355828285217
block number:  260 Start-End 26000 26100   time taken in seconds:  86.49838376045227
block number:  261 Start-End 26100 26200   time taken in seconds:  87.01658463478088
block number:  262 Start-End 26200 26300   time taken in seconds:  94.45925974845886
block number:  263 Start-End 26300 26400   time taken in seconds:  95.166424036026
block number:  264 Start-End 26400 26500   time taken in seconds:  91.8913164138794
block number:  265 Start-End 26500 26600   time taken in seconds:  88.26639723777771
block number:  266 Start-End 26600 26700   time taken in seconds:  95.08103847503662
block number:  267 Start-End 26700 26800   time taken in seconds:  89.16452097892761
block number:  268 Start-End 26800 26900   time taken in seconds:  100.6111147403717
block number:  269 Start-End 26900 27000   time taken in seconds:  101.19139766693115
block number:  270 Start-End 27000 27100   time taken in seconds:  96.01916813850403
block number:  271 Start-End 27100 27200   time taken in seconds:  136.58446598052979
block number:  272 Start-End 27200 27300   time taken in seconds:  90.80507922172546
block number:  273 Start-End 27300 27400   time taken in seconds:  84.92533946037292
block number:  274 Start-End 27400 27500   time taken in seconds:  89.97200059890747
block number:  275 Start-End 27500 27600   time taken in seconds:  89.36654019355774
block number:  276 Start-End 27600 27700   time taken in seconds:  84.42083692550659
block number:  277 Start-End 27700 27800   time taken in seconds:  85.81062889099121
block number:  278 Start-End 27800 27900   time taken in seconds:  81.01140117645264
block number:  279 Start-End 27900 28000   time taken in seconds:  88.0470449924469
block number:  280 Start-End 28000 28100   time taken in seconds:  82.2490508556366
block number:  281 Start-End 28100 28200   time taken in seconds:  87.1316282749176
block number:  282 Start-End 28200 28300   time taken in seconds:  87.62403964996338
block number:  283 Start-End 28300 28400   time taken in seconds:  81.95199656486511
block number:  284 Start-End 28400 28500   time taken in seconds:  85.69661474227905
block number:  285 Start-End 28500 28600   time taken in seconds:  78.14534592628479
block number:  286 Start-End 28600 28700   time taken in seconds:  82.16770696640015
block number:  287 Start-End 28700 28800   time taken in seconds:  77.43834710121155
block number:  288 Start-End 28800 28900   time taken in seconds:  90.70717406272888
block number:  289 Start-End 28900 29000   time taken in seconds:  87.15738940238953
block number:  290 Start-End 29000 29100   time taken in seconds:  81.24579787254333
block number:  291 Start-End 29100 29200   time taken in seconds:  87.90251684188843
block number:  292 Start-End 29200 29300   time taken in seconds:  85.14639639854431
block number:  293 Start-End 29300 29400   time taken in seconds:  90.03705763816833
block number:  294 Start-End 29400 29500   time taken in seconds:  85.78297448158264
block number:  295 Start-End 29500 29600   time taken in seconds:  84.51563858985901
block number:  296 Start-End 29600 29700   time taken in seconds:  83.52896904945374
block number:  297 Start-End 29700 29800   time taken in seconds:  86.4388484954834
block number:  298 Start-End 29800 29900   time taken in seconds:  88.84864902496338
block number:  299 Start-End 29900 30000   time taken in seconds:  88.39807629585266
block number:  300 Start-End 30000 30100   time taken in seconds:  80.39270257949829
block number:  301 Start-End 30100 30200   time taken in seconds:  84.37261700630188
block number:  302 Start-End 30200 30300   time taken in seconds:  87.29872155189514
block number:  303 Start-End 30300 30400   time taken in seconds:  82.15469908714294
block number:  304 Start-End 30400 30500   time taken in seconds:  87.15524387359619
block number:  305 Start-End 30500 30600   time taken in seconds:  81.2525007724762
block number:  306 Start-End 30600 30700   time taken in seconds:  92.75850033760071
block number:  307 Start-End 30700 30800   time taken in seconds:  83.7707359790802
block number:  308 Start-End 30800 30900   time taken in seconds:  77.19461107254028
block number:  309 Start-End 30900 31000   time taken in seconds:  78.55770635604858
block number:  310 Start-End 31000 31100   time taken in seconds:  85.50766277313232
block number:  311 Start-End 31100 31200   time taken in seconds:  76.13780760765076
block number:  312 Start-End 31200 31300   time taken in seconds:  85.12560391426086
block number:  313 Start-End 31300 31400   time taken in seconds:  79.5214831829071
block number:  314 Start-End 31400 31500   time taken in seconds:  75.51991391181946
block number:  315 Start-End 31500 31600   time taken in seconds:  79.14008378982544
block number:  316 Start-End 31600 31700   time taken in seconds:  76.51576852798462
block number:  317 Start-End 31700 31800   time taken in seconds:  76.81003022193909
block number:  318 Start-End 31800 31900   time taken in seconds:  79.33287334442139
block number:  319 Start-End 31900 32000   time taken in seconds:  83.09682035446167
block number:  320 Start-End 32000 32100   time taken in seconds:  83.02306914329529
block number:  321 Start-End 32100 32200   time taken in seconds:  79.40322756767273
block number:  322 Start-End 32200 32300   time taken in seconds:  81.90541315078735
block number:  323 Start-End 32300 32400   time taken in seconds:  74.5139799118042
block number:  324 Start-End 32400 32500   time taken in seconds:  79.97331881523132
block number:  325 Start-End 32500 32600   time taken in seconds:  80.16003608703613
block number:  326 Start-End 32600 32700   time taken in seconds:  77.42661309242249
block number:  327 Start-End 32700 32800   time taken in seconds:  78.10240960121155
block number:  328 Start-End 32800 32900   time taken in seconds:  80.21817660331726
block number:  329 Start-End 32900 33000   time taken in seconds:  82.27372932434082
block number:  330 Start-End 33000 33100   time taken in seconds:  80.18040299415588
block number:  331 Start-End 33100 33200   time taken in seconds:  73.76951932907104
block number:  332 Start-End 33200 33300   time taken in seconds:  79.67904663085938
block number:  333 Start-End 33300 33400   time taken in seconds:  84.09881091117859
block number:  334 Start-End 33400 33500   time taken in seconds:  80.13920545578003
block number:  335 Start-End 33500 33600   time taken in seconds:  74.21132111549377
block number:  336 Start-End 33600 33700   time taken in seconds:  81.96591639518738
block number:  337 Start-End 33700 33800   time taken in seconds:  83.90515518188477
block number:  338 Start-End 33800 33900   time taken in seconds:  79.78321433067322
block number:  339 Start-End 33900 34000   time taken in seconds:  75.47349429130554
block number:  340 Start-End 34000 34100   time taken in seconds:  79.64634251594543
block number:  341 Start-End 34100 34200   time taken in seconds:  78.23528671264648
block number:  342 Start-End 34200 34300   time taken in seconds:  83.1209192276001
block number:  343 Start-End 34300 34400   time taken in seconds:  79.26270341873169
block number:  344 Start-End 34400 34500   time taken in seconds:  87.08555793762207
block number:  345 Start-End 34500 34600   time taken in seconds:  77.90742754936218
block number:  346 Start-End 34600 34700   time taken in seconds:  77.87091588973999
block number:  347 Start-End 34700 34800   time taken in seconds:  83.98466992378235
block number:  348 Start-End 34800 34900   time taken in seconds:  79.84477996826172
block number:  349 Start-End 34900 35000   time taken in seconds:  82.35472345352173
block number:  350 Start-End 35000 35100   time taken in seconds:  82.0132360458374
block number:  351 Start-End 35100 35200   time taken in seconds:  82.80660581588745
block number:  352 Start-End 35200 35300   time taken in seconds:  75.04652142524719
block number:  353 Start-End 35300 35400   time taken in seconds:  80.67245054244995
block number:  354 Start-End 35400 35500   time taken in seconds:  75.69062519073486
block number:  355 Start-End 35500 35600   time taken in seconds:  83.24691700935364
block number:  356 Start-End 35600 35700   time taken in seconds:  78.02413368225098
block number:  357 Start-End 35700 35800   time taken in seconds:  80.5351734161377
block number:  358 Start-End 35800 35900   time taken in seconds:  84.93115568161011
block number:  359 Start-End 35900 36000   time taken in seconds:  84.83928155899048
block number:  360 Start-End 36000 36100   time taken in seconds:  84.82321906089783
block number:  361 Start-End 36100 36200   time taken in seconds:  83.49822735786438
block number:  362 Start-End 36200 36300   time taken in seconds:  92.08497500419617
block number:  363 Start-End 36300 36400   time taken in seconds:  92.9161446094513
block number:  364 Start-End 36400 36500   time taken in seconds:  94.8062391281128
block number:  365 Start-End 36500 36600   time taken in seconds:  86.03392243385315
block number:  366 Start-End 36600 36700   time taken in seconds:  88.86168575286865
block number:  367 Start-End 36700 36800   time taken in seconds:  88.74657893180847
block number:  368 Start-End 36800 36900   time taken in seconds:  83.9885733127594
block number:  369 Start-End 36900 37000   time taken in seconds:  81.32959342002869
block number:  370 Start-End 37000 37100   time taken in seconds:  82.46421813964844
block number:  371 Start-End 37100 37200   time taken in seconds:  79.7116687297821
block number:  372 Start-End 37200 37300   time taken in seconds:  80.44440937042236
block number:  373 Start-End 37300 37400   time taken in seconds:  80.84550023078918
block number:  374 Start-End 37400 37500   time taken in seconds:  75.75096940994263
block number:  375 Start-End 37500 37600   time taken in seconds:  81.31092047691345
block number:  376 Start-End 37600 37700   time taken in seconds:  82.34699511528015
block number:  377 Start-End 37700 37800   time taken in seconds:  81.3035876750946
block number:  378 Start-End 37800 37900   time taken in seconds:  81.45223927497864
block number:  379 Start-End 37900 38000   time taken in seconds:  85.7525463104248
block number:  380 Start-End 38000 38100   time taken in seconds:  80.86384749412537
block number:  381 Start-End 38100 38200   time taken in seconds:  83.42511057853699
block number:  382 Start-End 38200 38300   time taken in seconds:  75.71583819389343
block number:  383 Start-End 38300 38400   time taken in seconds:  77.99752712249756
block number:  384 Start-End 38400 38500   time taken in seconds:  77.70648384094238
block number:  385 Start-End 38500 38600   time taken in seconds:  85.4001693725586
block number:  386 Start-End 38600 38700   time taken in seconds:  78.88495969772339
block number:  387 Start-End 38700 38800   time taken in seconds:  80.73687291145325
block number:  388 Start-End 38800 38900   time taken in seconds:  85.19690465927124
block number:  389 Start-End 38900 39000   time taken in seconds:  82.64535021781921
block number:  390 Start-End 39000 39100   time taken in seconds:  80.9719660282135
block number:  391 Start-End 39100 39200   time taken in seconds:  84.19529867172241
block number:  392 Start-End 39200 39300   time taken in seconds:  81.10892915725708
block number:  393 Start-End 39300 39400   time taken in seconds:  81.24256825447083
block number:  394 Start-End 39400 39500   time taken in seconds:  88.62460708618164
block number:  395 Start-End 39500 39600   time taken in seconds:  76.91195583343506
block number:  396 Start-End 39600 39700   time taken in seconds:  85.84851431846619
block number:  397 Start-End 39700 39800   time taken in seconds:  76.98405003547668
block number:  398 Start-End 39800 39900   time taken in seconds:  80.2647635936737
block number:  399 Start-End 39900 40000   time taken in seconds:  84.5855360031128
block number:  400 Start-End 40000 40100   time taken in seconds:  82.47585201263428
block number:  401 Start-End 40100 40200   time taken in seconds:  81.57284235954285
block number:  402 Start-End 40200 40300   time taken in seconds:  81.31954431533813
block number:  403 Start-End 40300 40400   time taken in seconds:  83.23122000694275
block number:  404 Start-End 40400 40500   time taken in seconds:  80.35881686210632
block number:  405 Start-End 40500 40600   time taken in seconds:  87.12065124511719
block number:  406 Start-End 40600 40700   time taken in seconds:  85.08734059333801
block number:  407 Start-End 40700 40800   time taken in seconds:  85.53110432624817
block number:  408 Start-End 40800 40900   time taken in seconds:  86.08517909049988
block number:  409 Start-End 40900 41000   time taken in seconds:  92.34449100494385
block number:  410 Start-End 41000 41100   time taken in seconds:  81.8897340297699
block number:  411 Start-End 41100 41200   time taken in seconds:  76.89656257629395
block number:  412 Start-End 41200 41300   time taken in seconds:  78.24962949752808
block number:  413 Start-End 41300 41400   time taken in seconds:  79.28684663772583
block number:  414 Start-End 41400 41500   time taken in seconds:  78.90543508529663
block number:  415 Start-End 41500 41600   time taken in seconds:  80.82539939880371
block number:  416 Start-End 41600 41700   time taken in seconds:  82.97270369529724
block number:  417 Start-End 41700 41800   time taken in seconds:  82.86603569984436
block number:  418 Start-End 41800 41900   time taken in seconds:  86.63835406303406
block number:  419 Start-End 41900 42000   time taken in seconds:  83.72143006324768
block number:  420 Start-End 42000 42100   time taken in seconds:  84.94124674797058
block number:  421 Start-End 42100 42200   time taken in seconds:  77.55550789833069
block number:  422 Start-End 42200 42300   time taken in seconds:  91.13547658920288
block number:  423 Start-End 42300 42400   time taken in seconds:  84.04182457923889
block number:  424 Start-End 42400 42500   time taken in seconds:  92.3963508605957
block number:  425 Start-End 42500 42600   time taken in seconds:  87.99310255050659
block number:  426 Start-End 42600 42700   time taken in seconds:  81.5239474773407
block number:  427 Start-End 42700 42800   time taken in seconds:  84.13801002502441
block number:  428 Start-End 42800 42900   time taken in seconds:  93.79559516906738
block number:  429 Start-End 42900 43000   time taken in seconds:  82.45147371292114
block number:  430 Start-End 43000 43100   time taken in seconds:  88.20816969871521
block number:  431 Start-End 43100 43200   time taken in seconds:  89.55592393875122
block number:  432 Start-End 43200 43300   time taken in seconds:  87.94686079025269
block number:  433 Start-End 43300 43400   time taken in seconds:  83.95339131355286
block number:  434 Start-End 43400 43500   time taken in seconds:  85.4313416481018
block number:  435 Start-End 43500 43600   time taken in seconds:  85.61020612716675
block number:  436 Start-End 43600 43700   time taken in seconds:  80.29788827896118
block number:  437 Start-End 43700 43800   time taken in seconds:  82.98414754867554
block number:  438 Start-End 43800 43900   time taken in seconds:  82.53805804252625
block number:  439 Start-End 43900 44000   time taken in seconds:  83.51039099693298
block number:  440 Start-End 44000 44100   time taken in seconds:  87.28267455101013
block number:  441 Start-End 44100 44200   time taken in seconds:  86.8785879611969
block number:  442 Start-End 44200 44300   time taken in seconds:  79.76462841033936
block number:  443 Start-End 44300 44400   time taken in seconds:  81.42679166793823
block number:  444 Start-End 44400 44500   time taken in seconds:  83.32597994804382
block number:  445 Start-End 44500 44600   time taken in seconds:  80.09163904190063
block number:  446 Start-End 44600 44700   time taken in seconds:  86.89913010597229
block number:  447 Start-End 44700 44800   time taken in seconds:  81.32311010360718
block number:  448 Start-End 44800 44900   time taken in seconds:  80.0469286441803
block number:  449 Start-End 44900 45000   time taken in seconds:  85.36727666854858
block number:  450 Start-End 45000 45100   time taken in seconds:  86.1797227859497
block number:  451 Start-End 45100 45200   time taken in seconds:  91.224928855896
block number:  452 Start-End 45200 45300   time taken in seconds:  83.75818634033203
block number:  453 Start-End 45300 45400   time taken in seconds:  92.81408166885376
block number:  454 Start-End 45400 45500   time taken in seconds:  82.70940899848938
block number:  455 Start-End 45500 45600   time taken in seconds:  83.13946652412415
block number:  456 Start-End 45600 45700   time taken in seconds:  87.58677649497986
block number:  457 Start-End 45700 45800   time taken in seconds:  87.82552576065063
block number:  458 Start-End 45800 45900   time taken in seconds:  84.9272027015686
block number:  459 Start-End 45900 46000   time taken in seconds:  85.10261511802673
block number:  460 Start-End 46000 46100   time taken in seconds:  87.44445300102234
block number:  461 Start-End 46100 46200   time taken in seconds:  81.07891941070557
block number:  462 Start-End 46200 46300   time taken in seconds:  86.89051914215088
block number:  463 Start-End 46300 46400   time taken in seconds:  84.24105381965637
block number:  464 Start-End 46400 46500   time taken in seconds:  88.49930167198181
block number:  465 Start-End 46500 46600   time taken in seconds:  84.24425339698792
block number:  466 Start-End 46600 46700   time taken in seconds:  89.93383288383484
block number:  467 Start-End 46700 46800   time taken in seconds:  83.82699728012085
block number:  468 Start-End 46800 46900   time taken in seconds:  85.8762948513031
block number:  469 Start-End 46900 47000   time taken in seconds:  81.52002143859863
block number:  470 Start-End 47000 47100   time taken in seconds:  93.10745859146118
block number:  471 Start-End 47100 47200   time taken in seconds:  91.08635020256042
block number:  472 Start-End 47200 47300   time taken in seconds:  89.21048426628113
block number:  473 Start-End 47300 47400   time taken in seconds:  86.77676606178284
block number:  474 Start-End 47400 47500   time taken in seconds:  82.85828924179077
block number:  475 Start-End 47500 47600   time taken in seconds:  82.0798134803772
block number:  476 Start-End 47600 47700   time taken in seconds:  78.30405044555664
block number:  477 Start-End 47700 47800   time taken in seconds:  81.50694537162781
block number:  478 Start-End 47800 47900   time taken in seconds:  81.51562643051147
block number:  479 Start-End 47900 48000   time taken in seconds:  81.60219764709473
block number:  480 Start-End 48000 48100   time taken in seconds:  77.23252654075623
block number:  481 Start-End 48100 48200   time taken in seconds:  80.96133470535278
block number:  482 Start-End 48200 48300   time taken in seconds:  78.06945443153381
block number:  483 Start-End 48300 48400   time taken in seconds:  83.62528896331787
block number:  484 Start-End 48400 48500   time taken in seconds:  80.91579842567444
block number:  485 Start-End 48500 48600   time taken in seconds:  86.23843765258789
block number:  486 Start-End 48600 48700   time taken in seconds:  79.35389041900635
block number:  487 Start-End 48700 48800   time taken in seconds:  82.6621823310852
block number:  488 Start-End 48800 48900   time taken in seconds:  80.93931078910828
block number:  489 Start-End 48900 49000   time taken in seconds:  83.13817143440247
block number:  490 Start-End 49000 49100   time taken in seconds:  83.01868176460266
block number:  491 Start-End 49100 49200   time taken in seconds:  77.48204302787781
block number:  492 Start-End 49200 49300   time taken in seconds:  80.97064208984375
block number:  493 Start-End 49300 49400   time taken in seconds:  82.98489999771118
block number:  494 Start-End 49400 49500   time taken in seconds:  86.20114135742188
block number:  495 Start-End 49500 49600   time taken in seconds:  85.49135875701904
block number:  496 Start-End 49600 49700   time taken in seconds:  87.42344260215759
block number:  497 Start-End 49700 49800   time taken in seconds:  83.79414415359497
block number:  498 Start-End 49800 49900   time taken in seconds:  84.16825938224792
block number:  499 Start-End 49900 50000   time taken in seconds:  80.63032031059265
block number:  500 Start-End 50000 50100   time taken in seconds:  76.13101005554199
block number:  501 Start-End 50100 50200   time taken in seconds:  79.05524682998657
block number:  502 Start-End 50200 50300   time taken in seconds:  77.89971661567688
block number:  503 Start-End 50300 50400   time taken in seconds:  76.96257853507996
block number:  504 Start-End 50400 50500   time taken in seconds:  78.83855509757996
block number:  505 Start-End 50500 50600   time taken in seconds:  77.84824705123901
block number:  506 Start-End 50600 50700   time taken in seconds:  81.24825596809387
block number:  507 Start-End 50700 50800   time taken in seconds:  78.779226064682
block number:  508 Start-End 50800 50900   time taken in seconds:  79.14435291290283
block number:  509 Start-End 50900 51000   time taken in seconds:  76.72896981239319
block number:  510 Start-End 51000 51100   time taken in seconds:  77.99920105934143
block number:  511 Start-End 51100 51200   time taken in seconds:  76.28101015090942
block number:  512 Start-End 51200 51300   time taken in seconds:  82.9234402179718
block number:  513 Start-End 51300 51400   time taken in seconds:  79.9147138595581
block number:  514 Start-End 51400 51500   time taken in seconds:  83.47789311408997
block number:  515 Start-End 51500 51600   time taken in seconds:  83.97043681144714
block number:  516 Start-End 51600 51700   time taken in seconds:  81.01780128479004
block number:  517 Start-End 51700 51800   time taken in seconds:  82.13514018058777
block number:  518 Start-End 51800 51900   time taken in seconds:  75.49840545654297
block number:  519 Start-End 51900 52000   time taken in seconds:  78.87257218360901
block number:  520 Start-End 52000 52100   time taken in seconds:  82.47101402282715
block number:  521 Start-End 52100 52200   time taken in seconds:  80.64914059638977
block number:  522 Start-End 52200 52300   time taken in seconds:  81.68897342681885
block number:  523 Start-End 52300 52400   time taken in seconds:  82.71900486946106
block number:  524 Start-End 52400 52500   time taken in seconds:  78.95932292938232
block number:  525 Start-End 52500 52600   time taken in seconds:  81.6867003440857
block number:  526 Start-End 52600 52700   time taken in seconds:  75.44619369506836
block number:  527 Start-End 52700 52800   time taken in seconds:  80.57545971870422
block number:  528 Start-End 52800 52900   time taken in seconds:  87.45732045173645
block number:  529 Start-End 52900 53000   time taken in seconds:  78.4756178855896
block number:  530 Start-End 53000 53100   time taken in seconds:  76.83371186256409
block number:  531 Start-End 53100 53200   time taken in seconds:  78.59338569641113
block number:  532 Start-End 53200 53300   time taken in seconds:  85.44382643699646
block number:  533 Start-End 53300 53400   time taken in seconds:  79.2253954410553
block number:  534 Start-End 53400 53500   time taken in seconds:  83.66910076141357
block number:  535 Start-End 53500 53600   time taken in seconds:  76.51217555999756
block number:  536 Start-End 53600 53700   time taken in seconds:  81.4054524898529
block number:  537 Start-End 53700 53800   time taken in seconds:  79.22626233100891
block number:  538 Start-End 53800 53900   time taken in seconds:  83.03238463401794
block number:  539 Start-End 53900 54000   time taken in seconds:  84.1344804763794
block number:  540 Start-End 54000 54100   time taken in seconds:  87.35289788246155
block number:  541 Start-End 54100 54200   time taken in seconds:  85.75593543052673
block number:  542 Start-End 54200 54300   time taken in seconds:  83.98565697669983
block number:  543 Start-End 54300 54400   time taken in seconds:  86.45573735237122
block number:  544 Start-End 54400 54500   time taken in seconds:  83.03445982933044
block number:  545 Start-End 54500 54600   time taken in seconds:  85.57078790664673
block number:  546 Start-End 54600 54700   time taken in seconds:  83.83024430274963
block number:  547 Start-End 54700 54800   time taken in seconds:  78.7071681022644
block number:  548 Start-End 54800 54900   time taken in seconds:  80.53515791893005
block number:  549 Start-End 54900 55000   time taken in seconds:  92.03596544265747
block number:  550 Start-End 55000 55100   time taken in seconds:  78.84786987304688
block number:  551 Start-End 55100 55200   time taken in seconds:  83.94166827201843
block number:  552 Start-End 55200 55300   time taken in seconds:  78.7723159790039
block number:  553 Start-End 55300 55400   time taken in seconds:  79.1833107471466
block number:  554 Start-End 55400 55500   time taken in seconds:  78.20909833908081
block number:  555 Start-End 55500 55600   time taken in seconds:  92.62629652023315
block number:  556 Start-End 55600 55700   time taken in seconds:  80.33137035369873
block number:  557 Start-End 55700 55800   time taken in seconds:  83.92302966117859
block number:  558 Start-End 55800 55900   time taken in seconds:  86.99641728401184
block number:  559 Start-End 55900 56000   time taken in seconds:  78.82092094421387
block number:  560 Start-End 56000 56100   time taken in seconds:  84.52123379707336
block number:  561 Start-End 56100 56200   time taken in seconds:  86.2948682308197
block number:  562 Start-End 56200 56300   time taken in seconds:  87.02323579788208
block number:  563 Start-End 56300 56400   time taken in seconds:  85.18499207496643
block number:  564 Start-End 56400 56500   time taken in seconds:  91.56244134902954
block number:  565 Start-End 56500 56600   time taken in seconds:  85.9727554321289
block number:  566 Start-End 56600 56700   time taken in seconds:  85.01088571548462
block number:  567 Start-End 56700 56800   time taken in seconds:  82.8510992527008
block number:  568 Start-End 56800 56900   time taken in seconds:  80.32381963729858
block number:  569 Start-End 56900 57000   time taken in seconds:  84.88691639900208
block number:  570 Start-End 57000 57100   time taken in seconds:  80.64447784423828
block number:  571 Start-End 57100 57200   time taken in seconds:  89.45002841949463
block number:  572 Start-End 57200 57300   time taken in seconds:  81.82358884811401
block number:  573 Start-End 57300 57400   time taken in seconds:  89.01942753791809
block number:  574 Start-End 57400 57500   time taken in seconds:  81.46656394004822
block number:  575 Start-End 57500 57600   time taken in seconds:  82.17660617828369
block number:  576 Start-End 57600 None   time taken in seconds:  30.492820024490356
Number of samples after bg: 466 
Number of temp files written 653
Time taken for concatenating temp files 11122.112153291702
Data shape after read:	x:(752604, 60, 10, 20)	y:(752604,)	wts:(752604,)
Data shape after format:	x:(752604, 10, 20, 60, 1)	y:(752604,)
Time taken in minutes  1039.5742755095164
