Data cut None
Type of data:	 regular
11359 8616
Type:  sig
Number of blocks 114
block number:  0 Start-End 0 100   time taken in seconds:  23.555370092391968
block number:  1 Start-End 100 200   time taken in seconds:  23.226605892181396
block number:  2 Start-End 200 300   time taken in seconds:  22.226210832595825
block number:  3 Start-End 300 400   time taken in seconds:  21.162758827209473
block number:  4 Start-End 400 500   time taken in seconds:  21.27039861679077
block number:  5 Start-End 500 600   time taken in seconds:  20.764129161834717
block number:  6 Start-End 600 700   time taken in seconds:  22.284807920455933
block number:  7 Start-End 700 800   time taken in seconds:  23.747873783111572
block number:  8 Start-End 800 900   time taken in seconds:  21.159858465194702
block number:  9 Start-End 900 1000   time taken in seconds:  20.83838152885437
block number:  10 Start-End 1000 1100   time taken in seconds:  22.68277859687805
block number:  11 Start-End 1100 1200   time taken in seconds:  23.003474235534668
block number:  12 Start-End 1200 1300   time taken in seconds:  22.780757427215576
block number:  13 Start-End 1300 1400   time taken in seconds:  18.87431836128235
block number:  14 Start-End 1400 1500   time taken in seconds:  22.916795015335083
block number:  15 Start-End 1500 1600   time taken in seconds:  20.896610975265503
block number:  16 Start-End 1600 1700   time taken in seconds:  21.600294589996338
block number:  17 Start-End 1700 1800   time taken in seconds:  20.416882276535034
block number:  18 Start-End 1800 1900   time taken in seconds:  23.485053300857544
block number:  19 Start-End 1900 2000   time taken in seconds:  21.496142625808716
block number:  20 Start-End 2000 2100   time taken in seconds:  24.421512126922607
block number:  21 Start-End 2100 2200   time taken in seconds:  21.38987398147583
block number:  22 Start-End 2200 2300   time taken in seconds:  20.786558628082275
block number:  23 Start-End 2300 2400   time taken in seconds:  24.396453619003296
block number:  24 Start-End 2400 2500   time taken in seconds:  21.483957052230835
block number:  25 Start-End 2500 2600   time taken in seconds:  19.869782209396362
block number:  26 Start-End 2600 2700   time taken in seconds:  20.637073278427124
block number:  27 Start-End 2700 2800   time taken in seconds:  23.05376124382019
block number:  28 Start-End 2800 2900   time taken in seconds:  23.16165018081665
block number:  29 Start-End 2900 3000   time taken in seconds:  23.173754930496216
block number:  30 Start-End 3000 3100   time taken in seconds:  20.427613496780396
block number:  31 Start-End 3100 3200   time taken in seconds:  21.846938610076904
block number:  32 Start-End 3200 3300   time taken in seconds:  21.426917791366577
block number:  33 Start-End 3300 3400   time taken in seconds:  21.62940263748169
block number:  34 Start-End 3400 3500   time taken in seconds:  21.643028259277344
block number:  35 Start-End 3500 3600   time taken in seconds:  20.527027368545532
block number:  36 Start-End 3600 3700   time taken in seconds:  22.206397533416748
block number:  37 Start-End 3700 3800   time taken in seconds:  23.05102300643921
block number:  38 Start-End 3800 3900   time taken in seconds:  20.727031230926514
block number:  39 Start-End 3900 4000   time taken in seconds:  23.160646677017212
block number:  40 Start-End 4000 4100   time taken in seconds:  22.64013147354126
block number:  41 Start-End 4100 4200   time taken in seconds:  22.433343410491943
block number:  42 Start-End 4200 4300   time taken in seconds:  22.69857954978943
block number:  43 Start-End 4300 4400   time taken in seconds:  21.132570266723633
block number:  44 Start-End 4400 4500   time taken in seconds:  19.610844373703003
block number:  45 Start-End 4500 4600   time taken in seconds:  23.523868560791016
block number:  46 Start-End 4600 4700   time taken in seconds:  22.670228481292725
block number:  47 Start-End 4700 4800   time taken in seconds:  19.856006383895874
block number:  48 Start-End 4800 4900   time taken in seconds:  22.488250494003296
block number:  49 Start-End 4900 5000   time taken in seconds:  22.657639741897583
block number:  50 Start-End 5000 5100   time taken in seconds:  24.011229276657104
block number:  51 Start-End 5100 5200   time taken in seconds:  19.539790391921997
block number:  52 Start-End 5200 5300   time taken in seconds:  23.18299150466919
block number:  53 Start-End 5300 5400   time taken in seconds:  22.73323130607605
block number:  54 Start-End 5400 5500   time taken in seconds:  20.650400400161743
block number:  55 Start-End 5500 5600   time taken in seconds:  22.398401975631714
block number:  56 Start-End 5600 5700   time taken in seconds:  19.538690090179443
block number:  57 Start-End 5700 5800   time taken in seconds:  22.73892593383789
block number:  58 Start-End 5800 5900   time taken in seconds:  18.82852792739868
block number:  59 Start-End 5900 6000   time taken in seconds:  23.78806233406067
block number:  60 Start-End 6000 6100   time taken in seconds:  20.951839685440063
block number:  61 Start-End 6100 6200   time taken in seconds:  23.091084241867065
block number:  62 Start-End 6200 6300   time taken in seconds:  22.271726369857788
block number:  63 Start-End 6300 6400   time taken in seconds:  21.042897701263428
block number:  64 Start-End 6400 6500   time taken in seconds:  22.16815447807312
block number:  65 Start-End 6500 6600   time taken in seconds:  23.1858389377594
block number:  66 Start-End 6600 6700   time taken in seconds:  21.8077449798584
block number:  67 Start-End 6700 6800   time taken in seconds:  20.47752070426941
block number:  68 Start-End 6800 6900   time taken in seconds:  18.375879287719727
block number:  69 Start-End 6900 7000   time taken in seconds:  21.649185180664062
block number:  70 Start-End 7000 7100   time taken in seconds:  22.502352237701416
block number:  71 Start-End 7100 7200   time taken in seconds:  22.705119132995605
block number:  72 Start-End 7200 7300   time taken in seconds:  20.48774743080139
block number:  73 Start-End 7300 7400   time taken in seconds:  22.96453356742859
block number:  74 Start-End 7400 7500   time taken in seconds:  23.117632627487183
block number:  75 Start-End 7500 7600   time taken in seconds:  20.883829832077026
block number:  76 Start-End 7600 7700   time taken in seconds:  22.88836359977722
block number:  77 Start-End 7700 7800   time taken in seconds:  20.13903284072876
block number:  78 Start-End 7800 7900   time taken in seconds:  20.087881803512573
block number:  79 Start-End 7900 8000   time taken in seconds:  18.565144062042236
block number:  80 Start-End 8000 8100   time taken in seconds:  22.302979707717896
block number:  81 Start-End 8100 8200   time taken in seconds:  20.439523220062256
block number:  82 Start-End 8200 8300   time taken in seconds:  17.86293911933899
block number:  83 Start-End 8300 8400   time taken in seconds:  20.129806518554688
block number:  84 Start-End 8400 8500   time taken in seconds:  19.62468194961548
block number:  85 Start-End 8500 8600   time taken in seconds:  20.37407612800598
block number:  86 Start-End 8600 8700   time taken in seconds:  19.85416841506958
block number:  87 Start-End 8700 8800   time taken in seconds:  20.109993934631348
block number:  88 Start-End 8800 8900   time taken in seconds:  20.00480365753174
block number:  89 Start-End 8900 9000   time taken in seconds:  20.17874312400818
block number:  90 Start-End 9000 9100   time taken in seconds:  19.49832010269165
block number:  91 Start-End 9100 9200   time taken in seconds:  23.30373477935791
block number:  92 Start-End 9200 9300   time taken in seconds:  21.32013487815857
block number:  93 Start-End 9300 9400   time taken in seconds:  19.629132509231567
block number:  94 Start-End 9400 9500   time taken in seconds:  21.312002658843994
block number:  95 Start-End 9500 9600   time taken in seconds:  21.11483645439148
block number:  96 Start-End 9600 9700   time taken in seconds:  20.483546495437622
block number:  97 Start-End 9700 9800   time taken in seconds:  21.133705854415894
block number:  98 Start-End 9800 9900   time taken in seconds:  20.24920654296875
block number:  99 Start-End 9900 10000   time taken in seconds:  19.176955461502075
block number:  100 Start-End 10000 10100   time taken in seconds:  19.745604038238525
block number:  101 Start-End 10100 10200   time taken in seconds:  19.99004864692688
block number:  102 Start-End 10200 10300   time taken in seconds:  20.950286626815796
block number:  103 Start-End 10300 10400   time taken in seconds:  19.510697603225708
block number:  104 Start-End 10400 10500   time taken in seconds:  20.47385573387146
block number:  105 Start-End 10500 10600   time taken in seconds:  21.222903966903687
block number:  106 Start-End 10600 10700   time taken in seconds:  19.55327606201172
block number:  107 Start-End 10700 10800   time taken in seconds:  20.433763027191162
block number:  108 Start-End 10800 10900   time taken in seconds:  21.86686086654663
block number:  109 Start-End 10900 11000   time taken in seconds:  22.095766067504883
block number:  110 Start-End 11000 11100   time taken in seconds:  20.657429218292236
block number:  111 Start-End 11100 11200   time taken in seconds:  20.52170157432556
block number:  112 Start-End 11200 11300   time taken in seconds:  22.15547800064087
block number:  113 Start-End 11300 None   time taken in seconds:  12.34241008758545
Number of samples after sig: 141 
Type:  bg
Number of blocks 87
block number:  0 Start-End 0 100   time taken in seconds:  120.56669354438782
block number:  1 Start-End 100 200   time taken in seconds:  119.61783218383789
block number:  2 Start-End 200 300   time taken in seconds:  114.95067882537842
block number:  3 Start-End 300 400   time taken in seconds:  118.02330112457275
block number:  4 Start-End 400 500   time taken in seconds:  114.46813249588013
block number:  5 Start-End 500 600   time taken in seconds:  120.85754752159119
block number:  6 Start-End 600 700   time taken in seconds:  119.07318019866943
block number:  7 Start-End 700 800   time taken in seconds:  111.12950444221497
block number:  8 Start-End 800 900   time taken in seconds:  119.07508158683777
block number:  9 Start-End 900 1000   time taken in seconds:  113.43328809738159
block number:  10 Start-End 1000 1100   time taken in seconds:  119.26850700378418
block number:  11 Start-End 1100 1200   time taken in seconds:  116.06289052963257
block number:  12 Start-End 1200 1300   time taken in seconds:  120.06541872024536
block number:  13 Start-End 1300 1400   time taken in seconds:  111.89235377311707
block number:  14 Start-End 1400 1500   time taken in seconds:  110.37876892089844
block number:  15 Start-End 1500 1600   time taken in seconds:  106.73658514022827
block number:  16 Start-End 1600 1700   time taken in seconds:  115.77587652206421
block number:  17 Start-End 1700 1800   time taken in seconds:  109.45752954483032
block number:  18 Start-End 1800 1900   time taken in seconds:  104.61184501647949
block number:  19 Start-End 1900 2000   time taken in seconds:  105.07452487945557
block number:  20 Start-End 2000 2100   time taken in seconds:  104.83903932571411
block number:  21 Start-End 2100 2200   time taken in seconds:  101.25510954856873
block number:  22 Start-End 2200 2300   time taken in seconds:  107.46185088157654
block number:  23 Start-End 2300 2400   time taken in seconds:  109.2834267616272
block number:  24 Start-End 2400 2500   time taken in seconds:  104.84572124481201
block number:  25 Start-End 2500 2600   time taken in seconds:  105.67188692092896
block number:  26 Start-End 2600 2700   time taken in seconds:  110.72455286979675
block number:  27 Start-End 2700 2800   time taken in seconds:  106.32453489303589
block number:  28 Start-End 2800 2900   time taken in seconds:  105.09631490707397
block number:  29 Start-End 2900 3000   time taken in seconds:  108.01782178878784
block number:  30 Start-End 3000 3100   time taken in seconds:  104.27835369110107
block number:  31 Start-End 3100 3200   time taken in seconds:  109.75271201133728
block number:  32 Start-End 3200 3300   time taken in seconds:  110.62494826316833
block number:  33 Start-End 3300 3400   time taken in seconds:  104.457195520401
block number:  34 Start-End 3400 3500   time taken in seconds:  109.11119675636292
block number:  35 Start-End 3500 3600   time taken in seconds:  112.67170310020447
block number:  36 Start-End 3600 3700   time taken in seconds:  110.55592393875122
block number:  37 Start-End 3700 3800   time taken in seconds:  114.8859384059906
block number:  38 Start-End 3800 3900   time taken in seconds:  106.60664391517639
block number:  39 Start-End 3900 4000   time taken in seconds:  111.47257232666016
block number:  40 Start-End 4000 4100   time taken in seconds:  103.70535778999329
block number:  41 Start-End 4100 4200   time taken in seconds:  105.83595561981201
block number:  42 Start-End 4200 4300   time taken in seconds:  113.84677577018738
block number:  43 Start-End 4300 4400   time taken in seconds:  109.99029445648193
block number:  44 Start-End 4400 4500   time taken in seconds:  103.98346734046936
block number:  45 Start-End 4500 4600   time taken in seconds:  112.3905577659607
block number:  46 Start-End 4600 4700   time taken in seconds:  108.88008284568787
block number:  47 Start-End 4700 4800   time taken in seconds:  104.06413960456848
block number:  48 Start-End 4800 4900   time taken in seconds:  108.19313263893127
block number:  49 Start-End 4900 5000   time taken in seconds:  114.05673623085022
block number:  50 Start-End 5000 5100   time taken in seconds:  116.02498745918274
block number:  51 Start-End 5100 5200   time taken in seconds:  110.2446448802948
block number:  52 Start-End 5200 5300   time taken in seconds:  110.38286566734314
block number:  53 Start-End 5300 5400   time taken in seconds:  109.95969009399414
block number:  54 Start-End 5400 5500   time taken in seconds:  110.954669713974
block number:  55 Start-End 5500 5600   time taken in seconds:  102.30589604377747
block number:  56 Start-End 5600 5700   time taken in seconds:  110.5488646030426
block number:  57 Start-End 5700 5800   time taken in seconds:  108.07272696495056
block number:  58 Start-End 5800 5900   time taken in seconds:  111.75959420204163
block number:  59 Start-End 5900 6000   time taken in seconds:  114.0072181224823
block number:  60 Start-End 6000 6100   time taken in seconds:  115.65505743026733
block number:  61 Start-End 6100 6200   time taken in seconds:  108.51885747909546
block number:  62 Start-End 6200 6300   time taken in seconds:  110.52299523353577
block number:  63 Start-End 6300 6400   time taken in seconds:  111.80650925636292
block number:  64 Start-End 6400 6500   time taken in seconds:  107.7263548374176
block number:  65 Start-End 6500 6600   time taken in seconds:  111.38536643981934
block number:  66 Start-End 6600 6700   time taken in seconds:  109.89473628997803
block number:  67 Start-End 6700 6800   time taken in seconds:  112.16948509216309
block number:  68 Start-End 6800 6900   time taken in seconds:  111.93174624443054
block number:  69 Start-End 6900 7000   time taken in seconds:  110.71527600288391
block number:  70 Start-End 7000 7100   time taken in seconds:  115.63380432128906
block number:  71 Start-End 7100 7200   time taken in seconds:  114.99275040626526
block number:  72 Start-End 7200 7300   time taken in seconds:  119.07789921760559
block number:  73 Start-End 7300 7400   time taken in seconds:  111.98219847679138
block number:  74 Start-End 7400 7500   time taken in seconds:  115.0857458114624
block number:  75 Start-End 7500 7600   time taken in seconds:  115.86423754692078
block number:  76 Start-End 7600 7700   time taken in seconds:  111.42620468139648
block number:  77 Start-End 7700 7800   time taken in seconds:  118.53845643997192
block number:  78 Start-End 7800 7900   time taken in seconds:  131.20215678215027
block number:  79 Start-End 7900 8000   time taken in seconds:  127.36535406112671
block number:  80 Start-End 8000 8100   time taken in seconds:  125.27529191970825
block number:  81 Start-End 8100 8200   time taken in seconds:  114.11757302284241
block number:  82 Start-End 8200 8300   time taken in seconds:  119.54943990707397
block number:  83 Start-End 8300 8400   time taken in seconds:  118.31952095031738
block number:  84 Start-End 8400 8500   time taken in seconds:  120.38622999191284
block number:  85 Start-End 8500 8600   time taken in seconds:  119.73455786705017
block number:  86 Start-End 8600 None   time taken in seconds:  19.919815063476562
Number of samples after bg: 220 
Number of temp files written 201
Time taken for concatenating temp files 277.6740982532501
Data shape after read:	x:(136262, 60, 10, 20)	y:(136262,)	wts:(136262,)
Data shape after format:	x:(136262, 10, 20, 60, 1)	y:(136262,)
Time taken in minutes  206.57645968198776
Type of data:	 reserved
7593 56748
Type:  sig
Number of blocks 76
block number:  0 Start-End 0 100   time taken in seconds:  19.276060104370117
block number:  1 Start-End 100 200   time taken in seconds:  20.480573415756226
block number:  2 Start-End 200 300   time taken in seconds:  18.627413988113403
block number:  3 Start-End 300 400   time taken in seconds:  19.540870666503906
block number:  4 Start-End 400 500   time taken in seconds:  20.22154426574707
block number:  5 Start-End 500 600   time taken in seconds:  21.02521848678589
block number:  6 Start-End 600 700   time taken in seconds:  19.058125019073486
block number:  7 Start-End 700 800   time taken in seconds:  19.5582857131958
block number:  8 Start-End 800 900   time taken in seconds:  18.6117582321167
block number:  9 Start-End 900 1000   time taken in seconds:  23.176128149032593
block number:  10 Start-End 1000 1100   time taken in seconds:  21.2646586894989
block number:  11 Start-End 1100 1200   time taken in seconds:  21.97344160079956
block number:  12 Start-End 1200 1300   time taken in seconds:  18.958731651306152
block number:  13 Start-End 1300 1400   time taken in seconds:  20.834681272506714
block number:  14 Start-End 1400 1500   time taken in seconds:  20.208482027053833
block number:  15 Start-End 1500 1600   time taken in seconds:  19.126590728759766
block number:  16 Start-End 1600 1700   time taken in seconds:  20.47604727745056
block number:  17 Start-End 1700 1800   time taken in seconds:  21.319926738739014
block number:  18 Start-End 1800 1900   time taken in seconds:  17.566086053848267
block number:  19 Start-End 1900 2000   time taken in seconds:  20.222469806671143
block number:  20 Start-End 2000 2100   time taken in seconds:  19.326806783676147
block number:  21 Start-End 2100 2200   time taken in seconds:  18.74963402748108
block number:  22 Start-End 2200 2300   time taken in seconds:  19.31765079498291
block number:  23 Start-End 2300 2400   time taken in seconds:  19.457761526107788
block number:  24 Start-End 2400 2500   time taken in seconds:  21.819602966308594
block number:  25 Start-End 2500 2600   time taken in seconds:  19.76303791999817
block number:  26 Start-End 2600 2700   time taken in seconds:  20.700677633285522
block number:  27 Start-End 2700 2800   time taken in seconds:  20.023555994033813
block number:  28 Start-End 2800 2900   time taken in seconds:  19.382566928863525
block number:  29 Start-End 2900 3000   time taken in seconds:  19.268397569656372
block number:  30 Start-End 3000 3100   time taken in seconds:  21.637821674346924
block number:  31 Start-End 3100 3200   time taken in seconds:  19.12541627883911
block number:  32 Start-End 3200 3300   time taken in seconds:  21.96677541732788
block number:  33 Start-End 3300 3400   time taken in seconds:  20.439207792282104
block number:  34 Start-End 3400 3500   time taken in seconds:  19.829286098480225
block number:  35 Start-End 3500 3600   time taken in seconds:  19.524556398391724
block number:  36 Start-End 3600 3700   time taken in seconds:  20.352065563201904
block number:  37 Start-End 3700 3800   time taken in seconds:  18.847404956817627
block number:  38 Start-End 3800 3900   time taken in seconds:  22.440491914749146
block number:  39 Start-End 3900 4000   time taken in seconds:  24.63605499267578
block number:  40 Start-End 4000 4100   time taken in seconds:  20.477785348892212
block number:  41 Start-End 4100 4200   time taken in seconds:  19.434362173080444
block number:  42 Start-End 4200 4300   time taken in seconds:  21.816211700439453
block number:  43 Start-End 4300 4400   time taken in seconds:  17.03427505493164
block number:  44 Start-End 4400 4500   time taken in seconds:  19.03653383255005
block number:  45 Start-End 4500 4600   time taken in seconds:  20.080447673797607
block number:  46 Start-End 4600 4700   time taken in seconds:  18.813819646835327
block number:  47 Start-End 4700 4800   time taken in seconds:  18.35706663131714
block number:  48 Start-End 4800 4900   time taken in seconds:  21.092586517333984
block number:  49 Start-End 4900 5000   time taken in seconds:  21.40844440460205
block number:  50 Start-End 5000 5100   time taken in seconds:  19.664822340011597
block number:  51 Start-End 5100 5200   time taken in seconds:  21.45910096168518
block number:  52 Start-End 5200 5300   time taken in seconds:  17.810888290405273
block number:  53 Start-End 5300 5400   time taken in seconds:  23.479851722717285
block number:  54 Start-End 5400 5500   time taken in seconds:  21.080658435821533
block number:  55 Start-End 5500 5600   time taken in seconds:  20.7519850730896
block number:  56 Start-End 5600 5700   time taken in seconds:  20.749313831329346
block number:  57 Start-End 5700 5800   time taken in seconds:  20.388420581817627
block number:  58 Start-End 5800 5900   time taken in seconds:  20.114799976348877
block number:  59 Start-End 5900 6000   time taken in seconds:  19.728278875350952
block number:  60 Start-End 6000 6100   time taken in seconds:  16.837599277496338
block number:  61 Start-End 6100 6200   time taken in seconds:  21.340495109558105
block number:  62 Start-End 6200 6300   time taken in seconds:  20.67662787437439
block number:  63 Start-End 6300 6400   time taken in seconds:  18.13718557357788
block number:  64 Start-End 6400 6500   time taken in seconds:  18.469955444335938
block number:  65 Start-End 6500 6600   time taken in seconds:  18.774877309799194
block number:  66 Start-End 6600 6700   time taken in seconds:  20.33493661880493
block number:  67 Start-End 6700 6800   time taken in seconds:  21.1126389503479
block number:  68 Start-End 6800 6900   time taken in seconds:  19.975228786468506
block number:  69 Start-End 6900 7000   time taken in seconds:  25.376500129699707
block number:  70 Start-End 7000 7100   time taken in seconds:  26.878645658493042
block number:  71 Start-End 7100 7200   time taken in seconds:  23.49104070663452
block number:  72 Start-End 7200 7300   time taken in seconds:  20.443557739257812
block number:  73 Start-End 7300 7400   time taken in seconds:  21.273489952087402
block number:  74 Start-End 7400 7500   time taken in seconds:  18.378909826278687
block number:  75 Start-End 7500 None   time taken in seconds:  18.961753606796265
Number of samples after sig: 233 
Type:  bg
Number of blocks 568
block number:  0 Start-End 0 100   time taken in seconds:  113.98565793037415
block number:  1 Start-End 100 200   time taken in seconds:  117.95865035057068
block number:  2 Start-End 200 300   time taken in seconds:  118.72199821472168
block number:  3 Start-End 300 400   time taken in seconds:  115.62453842163086
block number:  4 Start-End 400 500   time taken in seconds:  112.18822193145752
block number:  5 Start-End 500 600   time taken in seconds:  119.36891150474548
block number:  6 Start-End 600 700   time taken in seconds:  114.74346542358398
block number:  7 Start-End 700 800   time taken in seconds:  117.27976727485657
block number:  8 Start-End 800 900   time taken in seconds:  127.69893860816956
block number:  9 Start-End 900 1000   time taken in seconds:  118.53820943832397
block number:  10 Start-End 1000 1100   time taken in seconds:  121.67222118377686
block number:  11 Start-End 1100 1200   time taken in seconds:  121.10595202445984
block number:  12 Start-End 1200 1300   time taken in seconds:  124.81533432006836
block number:  13 Start-End 1300 1400   time taken in seconds:  120.45168018341064
block number:  14 Start-End 1400 1500   time taken in seconds:  119.47578811645508
block number:  15 Start-End 1500 1600   time taken in seconds:  113.45961165428162
block number:  16 Start-End 1600 1700   time taken in seconds:  114.71879386901855
block number:  17 Start-End 1700 1800   time taken in seconds:  118.26836705207825
block number:  18 Start-End 1800 1900   time taken in seconds:  115.83271026611328
block number:  19 Start-End 1900 2000   time taken in seconds:  123.62318420410156
block number:  20 Start-End 2000 2100   time taken in seconds:  115.17658281326294
block number:  21 Start-End 2100 2200   time taken in seconds:  123.61164784431458
block number:  22 Start-End 2200 2300   time taken in seconds:  116.39897084236145
block number:  23 Start-End 2300 2400   time taken in seconds:  116.48987579345703
block number:  24 Start-End 2400 2500   time taken in seconds:  122.07420372962952
block number:  25 Start-End 2500 2600   time taken in seconds:  122.0684084892273
block number:  26 Start-End 2600 2700   time taken in seconds:  126.30966377258301
block number:  27 Start-End 2700 2800   time taken in seconds:  116.43128633499146
block number:  28 Start-End 2800 2900   time taken in seconds:  123.80556344985962
block number:  29 Start-End 2900 3000   time taken in seconds:  114.05028176307678
block number:  30 Start-End 3000 3100   time taken in seconds:  115.65865397453308
block number:  31 Start-End 3100 3200   time taken in seconds:  111.5300076007843
block number:  32 Start-End 3200 3300   time taken in seconds:  108.93839049339294
block number:  33 Start-End 3300 3400   time taken in seconds:  114.16221451759338
block number:  34 Start-End 3400 3500   time taken in seconds:  112.39669466018677
block number:  35 Start-End 3500 3600   time taken in seconds:  110.89357542991638
block number:  36 Start-End 3600 3700   time taken in seconds:  115.63976621627808
block number:  37 Start-End 3700 3800   time taken in seconds:  112.15683817863464
block number:  38 Start-End 3800 3900   time taken in seconds:  106.7302725315094
block number:  39 Start-End 3900 4000   time taken in seconds:  106.6090817451477
block number:  40 Start-End 4000 4100   time taken in seconds:  112.63682770729065
block number:  41 Start-End 4100 4200   time taken in seconds:  109.58581900596619
block number:  42 Start-End 4200 4300   time taken in seconds:  110.17104244232178
block number:  43 Start-End 4300 4400   time taken in seconds:  111.23401236534119
block number:  44 Start-End 4400 4500   time taken in seconds:  110.5285074710846
block number:  45 Start-End 4500 4600   time taken in seconds:  121.67999458312988
block number:  46 Start-End 4600 4700   time taken in seconds:  106.61614155769348
block number:  47 Start-End 4700 4800   time taken in seconds:  113.34817600250244
block number:  48 Start-End 4800 4900   time taken in seconds:  109.45141553878784
block number:  49 Start-End 4900 5000   time taken in seconds:  104.12683439254761
block number:  50 Start-End 5000 5100   time taken in seconds:  110.48842692375183
block number:  51 Start-End 5100 5200   time taken in seconds:  111.36183047294617
block number:  52 Start-End 5200 5300   time taken in seconds:  112.96111512184143
block number:  53 Start-End 5300 5400   time taken in seconds:  117.50217914581299
block number:  54 Start-End 5400 5500   time taken in seconds:  118.68553900718689
block number:  55 Start-End 5500 5600   time taken in seconds:  112.16392755508423
block number:  56 Start-End 5600 5700   time taken in seconds:  110.36737275123596
block number:  57 Start-End 5700 5800   time taken in seconds:  117.21892738342285
block number:  58 Start-End 5800 5900   time taken in seconds:  120.96594524383545
block number:  59 Start-End 5900 6000   time taken in seconds:  120.11546802520752
block number:  60 Start-End 6000 6100   time taken in seconds:  116.45011281967163
block number:  61 Start-End 6100 6200   time taken in seconds:  123.82319283485413
block number:  62 Start-End 6200 6300   time taken in seconds:  115.70172190666199
block number:  63 Start-End 6300 6400   time taken in seconds:  117.26805186271667
block number:  64 Start-End 6400 6500   time taken in seconds:  121.70641851425171
block number:  65 Start-End 6500 6600   time taken in seconds:  119.76262593269348
block number:  66 Start-End 6600 6700   time taken in seconds:  120.28620290756226
block number:  67 Start-End 6700 6800   time taken in seconds:  119.22953796386719
block number:  68 Start-End 6800 6900   time taken in seconds:  114.49830293655396
block number:  69 Start-End 6900 7000   time taken in seconds:  111.47068881988525
block number:  70 Start-End 7000 7100   time taken in seconds:  126.16829705238342
block number:  71 Start-End 7100 7200   time taken in seconds:  117.41062474250793
block number:  72 Start-End 7200 7300   time taken in seconds:  114.75996780395508
block number:  73 Start-End 7300 7400   time taken in seconds:  113.34994721412659
block number:  74 Start-End 7400 7500   time taken in seconds:  126.43232202529907
block number:  75 Start-End 7500 7600   time taken in seconds:  114.87785816192627
block number:  76 Start-End 7600 7700   time taken in seconds:  124.25594353675842
block number:  77 Start-End 7700 7800   time taken in seconds:  119.4639630317688
block number:  78 Start-End 7800 7900   time taken in seconds:  118.31103134155273
block number:  79 Start-End 7900 8000   time taken in seconds:  120.55854964256287
block number:  80 Start-End 8000 8100   time taken in seconds:  122.23078441619873
block number:  81 Start-End 8100 8200   time taken in seconds:  116.13304138183594
block number:  82 Start-End 8200 8300   time taken in seconds:  115.44266319274902
block number:  83 Start-End 8300 8400   time taken in seconds:  118.28018999099731
block number:  84 Start-End 8400 8500   time taken in seconds:  119.58411383628845
block number:  85 Start-End 8500 8600   time taken in seconds:  118.75798869132996
block number:  86 Start-End 8600 8700   time taken in seconds:  117.38000917434692
block number:  87 Start-End 8700 8800   time taken in seconds:  119.83026194572449
block number:  88 Start-End 8800 8900   time taken in seconds:  116.03081011772156
block number:  89 Start-End 8900 9000   time taken in seconds:  113.41524982452393
block number:  90 Start-End 9000 9100   time taken in seconds:  114.87560796737671
block number:  91 Start-End 9100 9200   time taken in seconds:  117.9148576259613
block number:  92 Start-End 9200 9300   time taken in seconds:  112.56717705726624
block number:  93 Start-End 9300 9400   time taken in seconds:  108.83830571174622
block number:  94 Start-End 9400 9500   time taken in seconds:  108.88263177871704
block number:  95 Start-End 9500 9600   time taken in seconds:  106.79961705207825
block number:  96 Start-End 9600 9700   time taken in seconds:  111.32807421684265
block number:  97 Start-End 9700 9800   time taken in seconds:  107.14371824264526
block number:  98 Start-End 9800 9900   time taken in seconds:  113.17186403274536
block number:  99 Start-End 9900 10000   time taken in seconds:  112.51211714744568
block number:  100 Start-End 10000 10100   time taken in seconds:  104.63993430137634
block number:  101 Start-End 10100 10200   time taken in seconds:  116.54839944839478
block number:  102 Start-End 10200 10300   time taken in seconds:  108.62088108062744
block number:  103 Start-End 10300 10400   time taken in seconds:  103.4225389957428
block number:  104 Start-End 10400 10500   time taken in seconds:  110.61860775947571
block number:  105 Start-End 10500 10600   time taken in seconds:  111.27713871002197
block number:  106 Start-End 10600 10700   time taken in seconds:  104.63289427757263
block number:  107 Start-End 10700 10800   time taken in seconds:  113.41784954071045
block number:  108 Start-End 10800 10900   time taken in seconds:  116.3705506324768
block number:  109 Start-End 10900 11000   time taken in seconds:  110.44579648971558
block number:  110 Start-End 11000 11100   time taken in seconds:  107.68291664123535
block number:  111 Start-End 11100 11200   time taken in seconds:  108.55191850662231
block number:  112 Start-End 11200 11300   time taken in seconds:  105.57149815559387
block number:  113 Start-End 11300 11400   time taken in seconds:  110.96564149856567
block number:  114 Start-End 11400 11500   time taken in seconds:  115.67742967605591
block number:  115 Start-End 11500 11600   time taken in seconds:  115.3184335231781
block number:  116 Start-End 11600 11700   time taken in seconds:  115.10414338111877
block number:  117 Start-End 11700 11800   time taken in seconds:  109.51128458976746
block number:  118 Start-End 11800 11900   time taken in seconds:  107.16466069221497
block number:  119 Start-End 11900 12000   time taken in seconds:  113.500741481781
block number:  120 Start-End 12000 12100   time taken in seconds:  111.74238586425781
block number:  121 Start-End 12100 12200   time taken in seconds:  112.10811066627502
block number:  122 Start-End 12200 12300   time taken in seconds:  112.65052008628845
block number:  123 Start-End 12300 12400   time taken in seconds:  119.91371583938599
block number:  124 Start-End 12400 12500   time taken in seconds:  118.62829208374023
block number:  125 Start-End 12500 12600   time taken in seconds:  112.87060284614563
block number:  126 Start-End 12600 12700   time taken in seconds:  113.60725116729736
block number:  127 Start-End 12700 12800   time taken in seconds:  110.16901326179504
block number:  128 Start-End 12800 12900   time taken in seconds:  111.19177484512329
block number:  129 Start-End 12900 13000   time taken in seconds:  110.56032013893127
block number:  130 Start-End 13000 13100   time taken in seconds:  110.10459327697754
block number:  131 Start-End 13100 13200   time taken in seconds:  111.28362584114075
block number:  132 Start-End 13200 13300   time taken in seconds:  115.37659668922424
block number:  133 Start-End 13300 13400   time taken in seconds:  117.62252235412598
block number:  134 Start-End 13400 13500   time taken in seconds:  114.01440358161926
block number:  135 Start-End 13500 13600   time taken in seconds:  109.32518911361694
block number:  136 Start-End 13600 13700   time taken in seconds:  109.3903477191925
block number:  137 Start-End 13700 13800   time taken in seconds:  112.56829905509949
block number:  138 Start-End 13800 13900   time taken in seconds:  112.56622338294983
block number:  139 Start-End 13900 14000   time taken in seconds:  116.72318482398987
block number:  140 Start-End 14000 14100   time taken in seconds:  113.18785858154297
block number:  141 Start-End 14100 14200   time taken in seconds:  107.32732939720154
block number:  142 Start-End 14200 14300   time taken in seconds:  108.32444548606873
block number:  143 Start-End 14300 14400   time taken in seconds:  117.5416944026947
block number:  144 Start-End 14400 14500   time taken in seconds:  114.8033812046051
block number:  145 Start-End 14500 14600   time taken in seconds:  122.41616940498352
block number:  146 Start-End 14600 14700   time taken in seconds:  117.17602157592773
block number:  147 Start-End 14700 14800   time taken in seconds:  116.84150290489197
block number:  148 Start-End 14800 14900   time taken in seconds:  124.17325139045715
block number:  149 Start-End 14900 15000   time taken in seconds:  125.64382696151733
block number:  150 Start-End 15000 15100   time taken in seconds:  112.42426109313965
block number:  151 Start-End 15100 15200   time taken in seconds:  120.54931402206421
block number:  152 Start-End 15200 15300   time taken in seconds:  114.31450009346008
block number:  153 Start-End 15300 15400   time taken in seconds:  124.95120930671692
block number:  154 Start-End 15400 15500   time taken in seconds:  117.9569628238678
block number:  155 Start-End 15500 15600   time taken in seconds:  119.38579082489014
block number:  156 Start-End 15600 15700   time taken in seconds:  117.73322606086731
block number:  157 Start-End 15700 15800   time taken in seconds:  121.75298810005188
block number:  158 Start-End 15800 15900   time taken in seconds:  112.33547973632812
block number:  159 Start-End 15900 16000   time taken in seconds:  117.39800357818604
block number:  160 Start-End 16000 16100   time taken in seconds:  118.11300945281982
block number:  161 Start-End 16100 16200   time taken in seconds:  115.8790054321289
block number:  162 Start-End 16200 16300   time taken in seconds:  119.42842268943787
block number:  163 Start-End 16300 16400   time taken in seconds:  108.40110540390015
block number:  164 Start-End 16400 16500   time taken in seconds:  120.78983640670776
block number:  165 Start-End 16500 16600   time taken in seconds:  117.11957383155823
block number:  166 Start-End 16600 16700   time taken in seconds:  112.89745593070984
block number:  167 Start-End 16700 16800   time taken in seconds:  118.8026351928711
block number:  168 Start-End 16800 16900   time taken in seconds:  116.48231506347656
block number:  169 Start-End 16900 17000   time taken in seconds:  114.78999090194702
block number:  170 Start-End 17000 17100   time taken in seconds:  125.15178894996643
block number:  171 Start-End 17100 17200   time taken in seconds:  117.42241621017456
block number:  172 Start-End 17200 17300   time taken in seconds:  110.48920941352844
block number:  173 Start-End 17300 17400   time taken in seconds:  115.29843997955322
block number:  174 Start-End 17400 17500   time taken in seconds:  110.08502197265625
block number:  175 Start-End 17500 17600   time taken in seconds:  112.97252988815308
block number:  176 Start-End 17600 17700   time taken in seconds:  117.62222194671631
block number:  177 Start-End 17700 17800   time taken in seconds:  113.07836484909058
block number:  178 Start-End 17800 17900   time taken in seconds:  116.65179228782654
block number:  179 Start-End 17900 18000   time taken in seconds:  114.94337010383606
block number:  180 Start-End 18000 18100   time taken in seconds:  118.84191918373108
block number:  181 Start-End 18100 18200   time taken in seconds:  118.57165837287903
block number:  182 Start-End 18200 18300   time taken in seconds:  115.49130892753601
block number:  183 Start-End 18300 18400   time taken in seconds:  116.00697231292725
block number:  184 Start-End 18400 18500   time taken in seconds:  116.4166190624237
block number:  185 Start-End 18500 18600   time taken in seconds:  115.08656215667725
block number:  186 Start-End 18600 18700   time taken in seconds:  117.63811087608337
block number:  187 Start-End 18700 18800   time taken in seconds:  115.18139505386353
block number:  188 Start-End 18800 18900   time taken in seconds:  117.18906283378601
block number:  189 Start-End 18900 19000   time taken in seconds:  123.34846067428589
block number:  190 Start-End 19000 19100   time taken in seconds:  110.00694584846497
block number:  191 Start-End 19100 19200   time taken in seconds:  122.49810242652893
block number:  192 Start-End 19200 19300   time taken in seconds:  122.00200772285461
block number:  193 Start-End 19300 19400   time taken in seconds:  118.76967239379883
block number:  194 Start-End 19400 19500   time taken in seconds:  115.4721429347992
block number:  195 Start-End 19500 19600   time taken in seconds:  115.83852434158325
block number:  196 Start-End 19600 19700   time taken in seconds:  116.54296898841858
block number:  197 Start-End 19700 19800   time taken in seconds:  118.93319606781006
block number:  198 Start-End 19800 19900   time taken in seconds:  124.11894226074219
block number:  199 Start-End 19900 20000   time taken in seconds:  112.24035954475403
block number:  200 Start-End 20000 20100   time taken in seconds:  113.40670895576477
block number:  201 Start-End 20100 20200   time taken in seconds:  128.0960078239441
block number:  202 Start-End 20200 20300   time taken in seconds:  124.16049718856812
block number:  203 Start-End 20300 20400   time taken in seconds:  118.4860942363739
block number:  204 Start-End 20400 20500   time taken in seconds:  120.54526853561401
block number:  205 Start-End 20500 20600   time taken in seconds:  115.6191017627716
block number:  206 Start-End 20600 20700   time taken in seconds:  122.19927430152893
block number:  207 Start-End 20700 20800   time taken in seconds:  120.87036681175232
block number:  208 Start-End 20800 20900   time taken in seconds:  117.18809795379639
block number:  209 Start-End 20900 21000   time taken in seconds:  116.75086712837219
block number:  210 Start-End 21000 21100   time taken in seconds:  114.7363691329956
block number:  211 Start-End 21100 21200   time taken in seconds:  118.22511982917786
block number:  212 Start-End 21200 21300   time taken in seconds:  121.97049713134766
block number:  213 Start-End 21300 21400   time taken in seconds:  118.1863112449646
block number:  214 Start-End 21400 21500   time taken in seconds:  123.83905816078186
block number:  215 Start-End 21500 21600   time taken in seconds:  117.59453248977661
block number:  216 Start-End 21600 21700   time taken in seconds:  119.92113304138184
block number:  217 Start-End 21700 21800   time taken in seconds:  106.93557000160217
block number:  218 Start-End 21800 21900   time taken in seconds:  115.51329493522644
block number:  219 Start-End 21900 22000   time taken in seconds:  118.11198019981384
block number:  220 Start-End 22000 22100   time taken in seconds:  110.28203272819519
block number:  221 Start-End 22100 22200   time taken in seconds:  121.92128443717957
block number:  222 Start-End 22200 22300   time taken in seconds:  124.27659153938293
block number:  223 Start-End 22300 22400   time taken in seconds:  117.11706852912903
block number:  224 Start-End 22400 22500   time taken in seconds:  112.53553795814514
block number:  225 Start-End 22500 22600   time taken in seconds:  115.81629514694214
block number:  226 Start-End 22600 22700   time taken in seconds:  119.75470685958862
block number:  227 Start-End 22700 22800   time taken in seconds:  117.89457058906555
block number:  228 Start-End 22800 22900   time taken in seconds:  113.23743629455566
block number:  229 Start-End 22900 23000   time taken in seconds:  114.75221848487854
block number:  230 Start-End 23000 23100   time taken in seconds:  119.14417576789856
block number:  231 Start-End 23100 23200   time taken in seconds:  118.74417614936829
block number:  232 Start-End 23200 23300   time taken in seconds:  115.2430808544159
block number:  233 Start-End 23300 23400   time taken in seconds:  117.58960056304932
block number:  234 Start-End 23400 23500   time taken in seconds:  113.2810127735138
block number:  235 Start-End 23500 23600   time taken in seconds:  115.64709329605103
block number:  236 Start-End 23600 23700   time taken in seconds:  123.62591052055359
block number:  237 Start-End 23700 23800   time taken in seconds:  118.47916889190674
block number:  238 Start-End 23800 23900   time taken in seconds:  110.75320196151733
block number:  239 Start-End 23900 24000   time taken in seconds:  110.79193687438965
block number:  240 Start-End 24000 24100   time taken in seconds:  119.30857443809509
block number:  241 Start-End 24100 24200   time taken in seconds:  120.90838146209717
block number:  242 Start-End 24200 24300   time taken in seconds:  119.14965319633484
block number:  243 Start-End 24300 24400   time taken in seconds:  128.0714955329895
block number:  244 Start-End 24400 24500   time taken in seconds:  127.80257868766785
block number:  245 Start-End 24500 24600   time taken in seconds:  129.55139303207397
block number:  246 Start-End 24600 24700   time taken in seconds:  117.83690571784973
block number:  247 Start-End 24700 24800   time taken in seconds:  110.9438533782959
block number:  248 Start-End 24800 24900   time taken in seconds:  109.47526049613953
block number:  249 Start-End 24900 25000   time taken in seconds:  105.29351162910461
block number:  250 Start-End 25000 25100   time taken in seconds:  113.68342232704163
block number:  251 Start-End 25100 25200   time taken in seconds:  101.75699162483215
block number:  252 Start-End 25200 25300   time taken in seconds:  110.40246343612671
block number:  253 Start-End 25300 25400   time taken in seconds:  113.07174730300903
block number:  254 Start-End 25400 25500   time taken in seconds:  114.47987818717957
block number:  255 Start-End 25500 25600   time taken in seconds:  100.66328072547913
block number:  256 Start-End 25600 25700   time taken in seconds:  103.75033807754517
block number:  257 Start-End 25700 25800   time taken in seconds:  108.48191165924072
block number:  258 Start-End 25800 25900   time taken in seconds:  106.53463053703308
block number:  259 Start-End 25900 26000   time taken in seconds:  119.87035512924194
block number:  260 Start-End 26000 26100   time taken in seconds:  109.52616906166077
block number:  261 Start-End 26100 26200   time taken in seconds:  110.20820689201355
block number:  262 Start-End 26200 26300   time taken in seconds:  131.1732566356659
block number:  263 Start-End 26300 26400   time taken in seconds:  117.89742255210876
block number:  264 Start-End 26400 26500   time taken in seconds:  116.79788541793823
block number:  265 Start-End 26500 26600   time taken in seconds:  129.71244645118713
block number:  266 Start-End 26600 26700   time taken in seconds:  126.1574375629425
block number:  267 Start-End 26700 26800   time taken in seconds:  121.47821831703186
block number:  268 Start-End 26800 26900   time taken in seconds:  124.17177128791809
block number:  269 Start-End 26900 27000   time taken in seconds:  115.85485625267029
block number:  270 Start-End 27000 27100   time taken in seconds:  125.74727296829224
block number:  271 Start-End 27100 27200   time taken in seconds:  121.29206109046936
block number:  272 Start-End 27200 27300   time taken in seconds:  121.89678406715393
block number:  273 Start-End 27300 27400   time taken in seconds:  120.54088163375854
block number:  274 Start-End 27400 27500   time taken in seconds:  118.68508219718933
block number:  275 Start-End 27500 27600   time taken in seconds:  123.04418206214905
block number:  276 Start-End 27600 27700   time taken in seconds:  119.2656409740448
block number:  277 Start-End 27700 27800   time taken in seconds:  125.16457056999207
block number:  278 Start-End 27800 27900   time taken in seconds:  125.50683665275574
block number:  279 Start-End 27900 28000   time taken in seconds:  124.14135932922363
block number:  280 Start-End 28000 28100   time taken in seconds:  122.6908175945282
block number:  281 Start-End 28100 28200   time taken in seconds:  122.19097709655762
block number:  282 Start-End 28200 28300   time taken in seconds:  121.8273401260376
block number:  283 Start-End 28300 28400   time taken in seconds:  117.85377383232117
block number:  284 Start-End 28400 28500   time taken in seconds:  123.78890991210938
block number:  285 Start-End 28500 28600   time taken in seconds:  124.57561111450195
block number:  286 Start-End 28600 28700   time taken in seconds:  117.34756469726562
block number:  287 Start-End 28700 28800   time taken in seconds:  118.26956248283386
block number:  288 Start-End 28800 28900   time taken in seconds:  121.9030122756958
block number:  289 Start-End 28900 29000   time taken in seconds:  129.38625168800354
block number:  290 Start-End 29000 29100   time taken in seconds:  126.65876770019531
block number:  291 Start-End 29100 29200   time taken in seconds:  115.1977801322937
block number:  292 Start-End 29200 29300   time taken in seconds:  117.93982744216919
block number:  293 Start-End 29300 29400   time taken in seconds:  116.21765351295471
block number:  294 Start-End 29400 29500   time taken in seconds:  109.54646611213684
block number:  295 Start-End 29500 29600   time taken in seconds:  113.41462755203247
block number:  296 Start-End 29600 29700   time taken in seconds:  105.24858021736145
block number:  297 Start-End 29700 29800   time taken in seconds:  105.25888633728027
block number:  298 Start-End 29800 29900   time taken in seconds:  113.84357810020447
block number:  299 Start-End 29900 30000   time taken in seconds:  109.5702257156372
block number:  300 Start-End 30000 30100   time taken in seconds:  111.71133685112
block number:  301 Start-End 30100 30200   time taken in seconds:  118.13708662986755
block number:  302 Start-End 30200 30300   time taken in seconds:  118.39681386947632
block number:  303 Start-End 30300 30400   time taken in seconds:  112.16423273086548
block number:  304 Start-End 30400 30500   time taken in seconds:  103.5573582649231
block number:  305 Start-End 30500 30600   time taken in seconds:  112.94884300231934
block number:  306 Start-End 30600 30700   time taken in seconds:  106.63469886779785
block number:  307 Start-End 30700 30800   time taken in seconds:  106.6299319267273
block number:  308 Start-End 30800 30900   time taken in seconds:  124.47148489952087
block number:  309 Start-End 30900 31000   time taken in seconds:  119.94468855857849
block number:  310 Start-End 31000 31100   time taken in seconds:  115.2879991531372
block number:  311 Start-End 31100 31200   time taken in seconds:  121.32067537307739
block number:  312 Start-End 31200 31300   time taken in seconds:  114.51585412025452
block number:  313 Start-End 31300 31400   time taken in seconds:  115.54121661186218
block number:  314 Start-End 31400 31500   time taken in seconds:  130.5196545124054
block number:  315 Start-End 31500 31600   time taken in seconds:  128.00168585777283
block number:  316 Start-End 31600 31700   time taken in seconds:  116.53545069694519
block number:  317 Start-End 31700 31800   time taken in seconds:  115.31029558181763
block number:  318 Start-End 31800 31900   time taken in seconds:  109.76078534126282
block number:  319 Start-End 31900 32000   time taken in seconds:  113.76890254020691
block number:  320 Start-End 32000 32100   time taken in seconds:  111.73295021057129
block number:  321 Start-End 32100 32200   time taken in seconds:  109.67425227165222
block number:  322 Start-End 32200 32300   time taken in seconds:  116.29639482498169
block number:  323 Start-End 32300 32400   time taken in seconds:  124.69003391265869
block number:  324 Start-End 32400 32500   time taken in seconds:  120.38917970657349
block number:  325 Start-End 32500 32600   time taken in seconds:  131.0505027770996
block number:  326 Start-End 32600 32700   time taken in seconds:  123.50505638122559
block number:  327 Start-End 32700 32800   time taken in seconds:  123.39549446105957
block number:  328 Start-End 32800 32900   time taken in seconds:  117.59493041038513
block number:  329 Start-End 32900 33000   time taken in seconds:  114.03934669494629
block number:  330 Start-End 33000 33100   time taken in seconds:  108.80735921859741
block number:  331 Start-End 33100 33200   time taken in seconds:  121.36357307434082
block number:  332 Start-End 33200 33300   time taken in seconds:  120.5850601196289
block number:  333 Start-End 33300 33400   time taken in seconds:  111.94251561164856
block number:  334 Start-End 33400 33500   time taken in seconds:  109.81927990913391
block number:  335 Start-End 33500 33600   time taken in seconds:  105.68114757537842
block number:  336 Start-End 33600 33700   time taken in seconds:  108.24431729316711
block number:  337 Start-End 33700 33800   time taken in seconds:  107.6229465007782
block number:  338 Start-End 33800 33900   time taken in seconds:  107.15763521194458
block number:  339 Start-End 33900 34000   time taken in seconds:  123.53469848632812
block number:  340 Start-End 34000 34100   time taken in seconds:  115.68720960617065
block number:  341 Start-End 34100 34200   time taken in seconds:  117.51543307304382
block number:  342 Start-End 34200 34300   time taken in seconds:  111.6721179485321
block number:  343 Start-End 34300 34400   time taken in seconds:  114.8098635673523
block number:  344 Start-End 34400 34500   time taken in seconds:  114.8591570854187
block number:  345 Start-End 34500 34600   time taken in seconds:  126.16860818862915
block number:  346 Start-End 34600 34700   time taken in seconds:  120.29873251914978
block number:  347 Start-End 34700 34800   time taken in seconds:  111.06439447402954
block number:  348 Start-End 34800 34900   time taken in seconds:  112.57657885551453
block number:  349 Start-End 34900 35000   time taken in seconds:  113.00026035308838
block number:  350 Start-End 35000 35100   time taken in seconds:  122.08326601982117
block number:  351 Start-End 35100 35200   time taken in seconds:  106.88240313529968
block number:  352 Start-End 35200 35300   time taken in seconds:  110.31409311294556
block number:  353 Start-End 35300 35400   time taken in seconds:  118.87954187393188
block number:  354 Start-End 35400 35500   time taken in seconds:  120.77196598052979
block number:  355 Start-End 35500 35600   time taken in seconds:  117.58272433280945
block number:  356 Start-End 35600 35700   time taken in seconds:  118.40484476089478
block number:  357 Start-End 35700 35800   time taken in seconds:  116.18957734107971
block number:  358 Start-End 35800 35900   time taken in seconds:  113.03766584396362
block number:  359 Start-End 35900 36000   time taken in seconds:  121.75748419761658
block number:  360 Start-End 36000 36100   time taken in seconds:  115.61863541603088
block number:  361 Start-End 36100 36200   time taken in seconds:  113.99305510520935
block number:  362 Start-End 36200 36300   time taken in seconds:  121.0310869216919
block number:  363 Start-End 36300 36400   time taken in seconds:  118.35949039459229
block number:  364 Start-End 36400 36500   time taken in seconds:  112.11842465400696
block number:  365 Start-End 36500 36600   time taken in seconds:  117.74704718589783
block number:  366 Start-End 36600 36700   time taken in seconds:  114.2794017791748
block number:  367 Start-End 36700 36800   time taken in seconds:  118.68220043182373
block number:  368 Start-End 36800 36900   time taken in seconds:  109.1922550201416
block number:  369 Start-End 36900 37000   time taken in seconds:  113.13639402389526
block number:  370 Start-End 37000 37100   time taken in seconds:  118.30356335639954
block number:  371 Start-End 37100 37200   time taken in seconds:  116.5195803642273
block number:  372 Start-End 37200 37300   time taken in seconds:  112.01844596862793
block number:  373 Start-End 37300 37400   time taken in seconds:  122.92293572425842
block number:  374 Start-End 37400 37500   time taken in seconds:  112.93791270256042
block number:  375 Start-End 37500 37600   time taken in seconds:  120.04181218147278
block number:  376 Start-End 37600 37700   time taken in seconds:  112.09694838523865
block number:  377 Start-End 37700 37800   time taken in seconds:  109.26512145996094
block number:  378 Start-End 37800 37900   time taken in seconds:  108.00061869621277
block number:  379 Start-End 37900 38000   time taken in seconds:  119.28729224205017
block number:  380 Start-End 38000 38100   time taken in seconds:  113.23639583587646
block number:  381 Start-End 38100 38200   time taken in seconds:  111.63942432403564
block number:  382 Start-End 38200 38300   time taken in seconds:  118.6277015209198
block number:  383 Start-End 38300 38400   time taken in seconds:  117.61857461929321
block number:  384 Start-End 38400 38500   time taken in seconds:  111.95624375343323
block number:  385 Start-End 38500 38600   time taken in seconds:  118.3284764289856
block number:  386 Start-End 38600 38700   time taken in seconds:  109.98471784591675
block number:  387 Start-End 38700 38800   time taken in seconds:  120.9693534374237
block number:  388 Start-End 38800 38900   time taken in seconds:  112.05389285087585
block number:  389 Start-End 38900 39000   time taken in seconds:  116.51361441612244
block number:  390 Start-End 39000 39100   time taken in seconds:  115.00143814086914
block number:  391 Start-End 39100 39200   time taken in seconds:  112.69042181968689
block number:  392 Start-End 39200 39300   time taken in seconds:  111.07802963256836
block number:  393 Start-End 39300 39400   time taken in seconds:  109.19150376319885
block number:  394 Start-End 39400 39500   time taken in seconds:  116.26939535140991
block number:  395 Start-End 39500 39600   time taken in seconds:  107.02148604393005
block number:  396 Start-End 39600 39700   time taken in seconds:  117.34407329559326
block number:  397 Start-End 39700 39800   time taken in seconds:  119.73414421081543
block number:  398 Start-End 39800 39900   time taken in seconds:  111.60690927505493
block number:  399 Start-End 39900 40000   time taken in seconds:  122.56046986579895
block number:  400 Start-End 40000 40100   time taken in seconds:  117.77743434906006
block number:  401 Start-End 40100 40200   time taken in seconds:  115.68037295341492
block number:  402 Start-End 40200 40300   time taken in seconds:  119.70513272285461
block number:  403 Start-End 40300 40400   time taken in seconds:  122.28709840774536
block number:  404 Start-End 40400 40500   time taken in seconds:  114.92933011054993
block number:  405 Start-End 40500 40600   time taken in seconds:  120.34516501426697
block number:  406 Start-End 40600 40700   time taken in seconds:  126.92732858657837
block number:  407 Start-End 40700 40800   time taken in seconds:  131.0595850944519
block number:  408 Start-End 40800 40900   time taken in seconds:  137.1962969303131
block number:  409 Start-End 40900 41000   time taken in seconds:  137.02480602264404
block number:  410 Start-End 41000 41100   time taken in seconds:  138.3763496875763
block number:  411 Start-End 41100 41200   time taken in seconds:  131.83172583580017
block number:  412 Start-End 41200 41300   time taken in seconds:  126.15962743759155
block number:  413 Start-End 41300 41400   time taken in seconds:  136.13639330863953
block number:  414 Start-End 41400 41500   time taken in seconds:  136.29304122924805
block number:  415 Start-End 41500 41600   time taken in seconds:  125.57203483581543
block number:  416 Start-End 41600 41700   time taken in seconds:  131.6823980808258
block number:  417 Start-End 41700 41800   time taken in seconds:  130.19549584388733
block number:  418 Start-End 41800 41900   time taken in seconds:  143.99500107765198
block number:  419 Start-End 41900 42000   time taken in seconds:  125.42099070549011
block number:  420 Start-End 42000 42100   time taken in seconds:  129.28979420661926
block number:  421 Start-End 42100 42200   time taken in seconds:  132.97276091575623
block number:  422 Start-End 42200 42300   time taken in seconds:  132.35298871994019
block number:  423 Start-End 42300 42400   time taken in seconds:  126.75356030464172
block number:  424 Start-End 42400 42500   time taken in seconds:  137.79375290870667
block number:  425 Start-End 42500 42600   time taken in seconds:  131.13924193382263
block number:  426 Start-End 42600 42700   time taken in seconds:  132.67149567604065
block number:  427 Start-End 42700 42800   time taken in seconds:  124.66388845443726
block number:  428 Start-End 42800 42900   time taken in seconds:  129.08962321281433
block number:  429 Start-End 42900 43000   time taken in seconds:  116.32689452171326
block number:  430 Start-End 43000 43100   time taken in seconds:  120.60934400558472
block number:  431 Start-End 43100 43200   time taken in seconds:  127.07056832313538
block number:  432 Start-End 43200 43300   time taken in seconds:  122.39330816268921
block number:  433 Start-End 43300 43400   time taken in seconds:  121.585200548172
block number:  434 Start-End 43400 43500   time taken in seconds:  122.31763339042664
block number:  435 Start-End 43500 43600   time taken in seconds:  122.78205895423889
block number:  436 Start-End 43600 43700   time taken in seconds:  114.8025712966919
block number:  437 Start-End 43700 43800   time taken in seconds:  120.8747570514679
block number:  438 Start-End 43800 43900   time taken in seconds:  119.12460470199585
block number:  439 Start-End 43900 44000   time taken in seconds:  119.67951726913452
block number:  440 Start-End 44000 44100   time taken in seconds:  120.8153760433197
block number:  441 Start-End 44100 44200   time taken in seconds:  117.07502007484436
block number:  442 Start-End 44200 44300   time taken in seconds:  123.5942747592926
block number:  443 Start-End 44300 44400   time taken in seconds:  122.67560172080994
block number:  444 Start-End 44400 44500   time taken in seconds:  124.10962581634521
block number:  445 Start-End 44500 44600   time taken in seconds:  123.95056533813477
block number:  446 Start-End 44600 44700   time taken in seconds:  124.16621780395508
block number:  447 Start-End 44700 44800   time taken in seconds:  121.40301179885864
block number:  448 Start-End 44800 44900   time taken in seconds:  119.59338092803955
block number:  449 Start-End 44900 45000   time taken in seconds:  128.22830533981323
block number:  450 Start-End 45000 45100   time taken in seconds:  123.12615180015564
block number:  451 Start-End 45100 45200   time taken in seconds:  132.66864657402039
block number:  452 Start-End 45200 45300   time taken in seconds:  122.12947082519531
block number:  453 Start-End 45300 45400   time taken in seconds:  120.87717890739441
block number:  454 Start-End 45400 45500   time taken in seconds:  130.0886960029602
block number:  455 Start-End 45500 45600   time taken in seconds:  120.89074945449829
block number:  456 Start-End 45600 45700   time taken in seconds:  125.60658693313599
block number:  457 Start-End 45700 45800   time taken in seconds:  122.2824227809906
block number:  458 Start-End 45800 45900   time taken in seconds:  120.99535369873047
block number:  459 Start-End 45900 46000   time taken in seconds:  120.26700639724731
block number:  460 Start-End 46000 46100   time taken in seconds:  122.82246279716492
block number:  461 Start-End 46100 46200   time taken in seconds:  116.09048533439636
block number:  462 Start-End 46200 46300   time taken in seconds:  115.09082698822021
block number:  463 Start-End 46300 46400   time taken in seconds:  121.24398422241211
block number:  464 Start-End 46400 46500   time taken in seconds:  123.73085975646973
block number:  465 Start-End 46500 46600   time taken in seconds:  116.08245611190796
block number:  466 Start-End 46600 46700   time taken in seconds:  118.66941905021667
block number:  467 Start-End 46700 46800   time taken in seconds:  120.9250807762146
block number:  468 Start-End 46800 46900   time taken in seconds:  115.67624139785767
block number:  469 Start-End 46900 47000   time taken in seconds:  114.31475472450256
block number:  470 Start-End 47000 47100   time taken in seconds:  121.25456547737122
block number:  471 Start-End 47100 47200   time taken in seconds:  124.63894295692444
block number:  472 Start-End 47200 47300   time taken in seconds:  115.69581031799316
block number:  473 Start-End 47300 47400   time taken in seconds:  113.98665928840637
block number:  474 Start-End 47400 47500   time taken in seconds:  113.9265067577362
block number:  475 Start-End 47500 47600   time taken in seconds:  115.8530502319336
block number:  476 Start-End 47600 47700   time taken in seconds:  119.62038922309875
block number:  477 Start-End 47700 47800   time taken in seconds:  122.59052729606628
block number:  478 Start-End 47800 47900   time taken in seconds:  118.54844427108765
block number:  479 Start-End 47900 48000   time taken in seconds:  116.62062883377075
block number:  480 Start-End 48000 48100   time taken in seconds:  127.8115918636322
block number:  481 Start-End 48100 48200   time taken in seconds:  111.91260099411011
block number:  482 Start-End 48200 48300   time taken in seconds:  119.87781262397766
block number:  483 Start-End 48300 48400   time taken in seconds:  122.94312024116516
block number:  484 Start-End 48400 48500   time taken in seconds:  121.77427053451538
block number:  485 Start-End 48500 48600   time taken in seconds:  129.93166971206665
block number:  486 Start-End 48600 48700   time taken in seconds:  126.24378871917725
block number:  487 Start-End 48700 48800   time taken in seconds:  121.92693901062012
block number:  488 Start-End 48800 48900   time taken in seconds:  133.50848197937012
block number:  489 Start-End 48900 49000   time taken in seconds:  133.79589581489563
block number:  490 Start-End 49000 49100   time taken in seconds:  130.2318046092987
block number:  491 Start-End 49100 49200   time taken in seconds:  120.08010768890381
block number:  492 Start-End 49200 49300   time taken in seconds:  120.80657029151917
block number:  493 Start-End 49300 49400   time taken in seconds:  118.35654735565186
block number:  494 Start-End 49400 49500   time taken in seconds:  117.93808031082153
block number:  495 Start-End 49500 49600   time taken in seconds:  111.13694763183594
block number:  496 Start-End 49600 49700   time taken in seconds:  116.53566122055054
block number:  497 Start-End 49700 49800   time taken in seconds:  117.46498131752014
block number:  498 Start-End 49800 49900   time taken in seconds:  118.9774055480957
block number:  499 Start-End 49900 50000   time taken in seconds:  128.0922727584839
block number:  500 Start-End 50000 50100   time taken in seconds:  120.87145113945007
block number:  501 Start-End 50100 50200   time taken in seconds:  118.61702537536621
block number:  502 Start-End 50200 50300   time taken in seconds:  112.81913328170776
block number:  503 Start-End 50300 50400   time taken in seconds:  117.13869023323059
block number:  504 Start-End 50400 50500   time taken in seconds:  117.81873536109924
block number:  505 Start-End 50500 50600   time taken in seconds:  116.75633144378662
block number:  506 Start-End 50600 50700   time taken in seconds:  120.79281949996948
block number:  507 Start-End 50700 50800   time taken in seconds:  117.43666434288025
block number:  508 Start-End 50800 50900   time taken in seconds:  116.69585275650024
block number:  509 Start-End 50900 51000   time taken in seconds:  116.18390560150146
block number:  510 Start-End 51000 51100   time taken in seconds:  115.87819623947144
block number:  511 Start-End 51100 51200   time taken in seconds:  115.82428741455078
block number:  512 Start-End 51200 51300   time taken in seconds:  118.82046175003052
block number:  513 Start-End 51300 51400   time taken in seconds:  110.22191596031189
block number:  514 Start-End 51400 51500   time taken in seconds:  124.99915480613708
block number:  515 Start-End 51500 51600   time taken in seconds:  130.5377082824707
block number:  516 Start-End 51600 51700   time taken in seconds:  129.4039797782898
block number:  517 Start-End 51700 51800   time taken in seconds:  124.59270930290222
block number:  518 Start-End 51800 51900   time taken in seconds:  123.54688334465027
block number:  519 Start-End 51900 52000   time taken in seconds:  127.49258494377136
block number:  520 Start-End 52000 52100   time taken in seconds:  141.17958545684814
block number:  521 Start-End 52100 52200   time taken in seconds:  133.36997079849243
block number:  522 Start-End 52200 52300   time taken in seconds:  130.8979856967926
block number:  523 Start-End 52300 52400   time taken in seconds:  132.85489082336426
block number:  524 Start-End 52400 52500   time taken in seconds:  137.494038105011
block number:  525 Start-End 52500 52600   time taken in seconds:  130.27879643440247
block number:  526 Start-End 52600 52700   time taken in seconds:  129.51735401153564
block number:  527 Start-End 52700 52800   time taken in seconds:  125.14824080467224
block number:  528 Start-End 52800 52900   time taken in seconds:  129.57582879066467
block number:  529 Start-End 52900 53000   time taken in seconds:  135.20913338661194
block number:  530 Start-End 53000 53100   time taken in seconds:  130.45017290115356
block number:  531 Start-End 53100 53200   time taken in seconds:  128.09932565689087
block number:  532 Start-End 53200 53300   time taken in seconds:  136.90371656417847
block number:  533 Start-End 53300 53400   time taken in seconds:  134.40481448173523
block number:  534 Start-End 53400 53500   time taken in seconds:  117.71959972381592
block number:  535 Start-End 53500 53600   time taken in seconds:  118.13053703308105
block number:  536 Start-End 53600 53700   time taken in seconds:  116.05758666992188
block number:  537 Start-End 53700 53800   time taken in seconds:  125.74145436286926
block number:  538 Start-End 53800 53900   time taken in seconds:  110.46117544174194
block number:  539 Start-End 53900 54000   time taken in seconds:  108.74048709869385
block number:  540 Start-End 54000 54100   time taken in seconds:  121.90696573257446
block number:  541 Start-End 54100 54200   time taken in seconds:  122.63399267196655
block number:  542 Start-End 54200 54300   time taken in seconds:  115.38764190673828
block number:  543 Start-End 54300 54400   time taken in seconds:  114.26235747337341
block number:  544 Start-End 54400 54500   time taken in seconds:  115.62981486320496
block number:  545 Start-End 54500 54600   time taken in seconds:  112.73500537872314
block number:  546 Start-End 54600 54700   time taken in seconds:  122.40345478057861
block number:  547 Start-End 54700 54800   time taken in seconds:  116.36290621757507
block number:  548 Start-End 54800 54900   time taken in seconds:  113.84826755523682
block number:  549 Start-End 54900 55000   time taken in seconds:  113.22735714912415
block number:  550 Start-End 55000 55100   time taken in seconds:  109.14068055152893
block number:  551 Start-End 55100 55200   time taken in seconds:  116.0454638004303
block number:  552 Start-End 55200 55300   time taken in seconds:  124.19721865653992
block number:  553 Start-End 55300 55400   time taken in seconds:  117.45813369750977
block number:  554 Start-End 55400 55500   time taken in seconds:  116.1644606590271
block number:  555 Start-End 55500 55600   time taken in seconds:  120.43182635307312
block number:  556 Start-End 55600 55700   time taken in seconds:  127.25745368003845
block number:  557 Start-End 55700 55800   time taken in seconds:  123.72609996795654
block number:  558 Start-End 55800 55900   time taken in seconds:  115.49479842185974
block number:  559 Start-End 55900 56000   time taken in seconds:  119.658278465271
block number:  560 Start-End 56000 56100   time taken in seconds:  117.76395177841187
block number:  561 Start-End 56100 56200   time taken in seconds:  126.83097076416016
block number:  562 Start-End 56200 56300   time taken in seconds:  123.12340140342712
block number:  563 Start-End 56300 56400   time taken in seconds:  120.79932117462158
block number:  564 Start-End 56400 56500   time taken in seconds:  126.19752526283264
block number:  565 Start-End 56500 56600   time taken in seconds:  128.56580519676208
block number:  566 Start-End 56600 56700   time taken in seconds:  117.84906387329102
block number:  567 Start-End 56700 None   time taken in seconds:  61.73570895195007
Number of samples after bg: 630 
Number of temp files written 644
Time taken for concatenating temp files 10713.260552883148
Data shape after read:	x:(741139, 60, 10, 20)	y:(741139,)	wts:(741139,)
Data shape after format:	x:(741139, 10, 20, 60, 1)	y:(741139,)
Time taken in minutes  1322.8105754335722
