Data cut hesse
Type of data:	 regular
11361 10384
Type:  sig
Number of blocks 114
block number:  0 Start-End 0 100   time taken in seconds:  15.788830757141113
block number:  1 Start-End 100 200   time taken in seconds:  16.969655990600586
block number:  2 Start-End 200 300   time taken in seconds:  16.172775983810425
block number:  3 Start-End 300 400   time taken in seconds:  14.34880542755127
block number:  4 Start-End 400 500   time taken in seconds:  14.326293230056763
block number:  5 Start-End 500 600   time taken in seconds:  15.29533839225769
block number:  6 Start-End 600 700   time taken in seconds:  16.043240070343018
block number:  7 Start-End 700 800   time taken in seconds:  15.291413307189941
block number:  8 Start-End 800 900   time taken in seconds:  14.640703201293945
block number:  9 Start-End 900 1000   time taken in seconds:  14.925652027130127
block number:  10 Start-End 1000 1100   time taken in seconds:  16.819825410842896
block number:  11 Start-End 1100 1200   time taken in seconds:  15.573367834091187
block number:  12 Start-End 1200 1300   time taken in seconds:  14.84531569480896
block number:  13 Start-End 1300 1400   time taken in seconds:  13.004359006881714
block number:  14 Start-End 1400 1500   time taken in seconds:  15.098611116409302
block number:  15 Start-End 1500 1600   time taken in seconds:  14.848260879516602
block number:  16 Start-End 1600 1700   time taken in seconds:  14.621771574020386
block number:  17 Start-End 1700 1800   time taken in seconds:  12.865766763687134
block number:  18 Start-End 1800 1900   time taken in seconds:  15.575716257095337
block number:  19 Start-End 1900 2000   time taken in seconds:  14.381573677062988
block number:  20 Start-End 2000 2100   time taken in seconds:  16.010838508605957
block number:  21 Start-End 2100 2200   time taken in seconds:  14.621723175048828
block number:  22 Start-End 2200 2300   time taken in seconds:  14.625336408615112
block number:  23 Start-End 2300 2400   time taken in seconds:  16.469057321548462
block number:  24 Start-End 2400 2500   time taken in seconds:  15.536145448684692
block number:  25 Start-End 2500 2600   time taken in seconds:  13.792685747146606
block number:  26 Start-End 2600 2700   time taken in seconds:  13.955613613128662
block number:  27 Start-End 2700 2800   time taken in seconds:  15.756277322769165
block number:  28 Start-End 2800 2900   time taken in seconds:  15.857018232345581
block number:  29 Start-End 2900 3000   time taken in seconds:  16.011144399642944
block number:  30 Start-End 3000 3100   time taken in seconds:  14.592519760131836
block number:  31 Start-End 3100 3200   time taken in seconds:  15.561030626296997
block number:  32 Start-End 3200 3300   time taken in seconds:  14.058949708938599
block number:  33 Start-End 3300 3400   time taken in seconds:  15.240108728408813
block number:  34 Start-End 3400 3500   time taken in seconds:  16.173162937164307
block number:  35 Start-End 3500 3600   time taken in seconds:  14.811536073684692
block number:  36 Start-End 3600 3700   time taken in seconds:  14.982567071914673
block number:  37 Start-End 3700 3800   time taken in seconds:  15.261615991592407
block number:  38 Start-End 3800 3900   time taken in seconds:  14.212626695632935
block number:  39 Start-End 3900 4000   time taken in seconds:  16.459071159362793
block number:  40 Start-End 4000 4100   time taken in seconds:  16.76945471763611
block number:  41 Start-End 4100 4200   time taken in seconds:  15.461576700210571
block number:  42 Start-End 4200 4300   time taken in seconds:  16.162410974502563
block number:  43 Start-End 4300 4400   time taken in seconds:  15.691030979156494
block number:  44 Start-End 4400 4500   time taken in seconds:  15.034610986709595
block number:  45 Start-End 4500 4600   time taken in seconds:  17.354644536972046
block number:  46 Start-End 4600 4700   time taken in seconds:  16.832268238067627
block number:  47 Start-End 4700 4800   time taken in seconds:  15.65385890007019
block number:  48 Start-End 4800 4900   time taken in seconds:  17.146049976348877
block number:  49 Start-End 4900 5000   time taken in seconds:  16.733182191848755
block number:  50 Start-End 5000 5100   time taken in seconds:  17.188241004943848
block number:  51 Start-End 5100 5200   time taken in seconds:  14.19676399230957
block number:  52 Start-End 5200 5300   time taken in seconds:  16.675509691238403
block number:  53 Start-End 5300 5400   time taken in seconds:  15.379124164581299
block number:  54 Start-End 5400 5500   time taken in seconds:  14.554782629013062
block number:  55 Start-End 5500 5600   time taken in seconds:  15.92548680305481
block number:  56 Start-End 5600 5700   time taken in seconds:  13.709354162216187
block number:  57 Start-End 5700 5800   time taken in seconds:  16.094626665115356
block number:  58 Start-End 5800 5900   time taken in seconds:  14.883776664733887
block number:  59 Start-End 5900 6000   time taken in seconds:  17.958221197128296
block number:  60 Start-End 6000 6100   time taken in seconds:  14.954519271850586
block number:  61 Start-End 6100 6200   time taken in seconds:  18.079282522201538
block number:  62 Start-End 6200 6300   time taken in seconds:  16.368656396865845
block number:  63 Start-End 6300 6400   time taken in seconds:  15.29795241355896
block number:  64 Start-End 6400 6500   time taken in seconds:  15.918141841888428
block number:  65 Start-End 6500 6600   time taken in seconds:  17.690550804138184
block number:  66 Start-End 6600 6700   time taken in seconds:  14.757107973098755
block number:  67 Start-End 6700 6800   time taken in seconds:  14.635676383972168
block number:  68 Start-End 6800 6900   time taken in seconds:  13.825343608856201
block number:  69 Start-End 6900 7000   time taken in seconds:  16.039095640182495
block number:  70 Start-End 7000 7100   time taken in seconds:  15.936230659484863
block number:  71 Start-End 7100 7200   time taken in seconds:  16.3766028881073
block number:  72 Start-End 7200 7300   time taken in seconds:  14.999369859695435
block number:  73 Start-End 7300 7400   time taken in seconds:  16.788532495498657
block number:  74 Start-End 7400 7500   time taken in seconds:  15.187034845352173
block number:  75 Start-End 7500 7600   time taken in seconds:  13.829553842544556
block number:  76 Start-End 7600 7700   time taken in seconds:  15.485302209854126
block number:  77 Start-End 7700 7800   time taken in seconds:  13.411571264266968
block number:  78 Start-End 7800 7900   time taken in seconds:  12.956470489501953
block number:  79 Start-End 7900 8000   time taken in seconds:  12.779964208602905
block number:  80 Start-End 8000 8100   time taken in seconds:  15.998026371002197
block number:  81 Start-End 8100 8200   time taken in seconds:  15.2809739112854
block number:  82 Start-End 8200 8300   time taken in seconds:  13.245213747024536
block number:  83 Start-End 8300 8400   time taken in seconds:  14.586320638656616
block number:  84 Start-End 8400 8500   time taken in seconds:  15.150798320770264
block number:  85 Start-End 8500 8600   time taken in seconds:  14.767544746398926
block number:  86 Start-End 8600 8700   time taken in seconds:  14.29230809211731
block number:  87 Start-End 8700 8800   time taken in seconds:  14.634192943572998
block number:  88 Start-End 8800 8900   time taken in seconds:  14.552976608276367
block number:  89 Start-End 8900 9000   time taken in seconds:  14.45157766342163
block number:  90 Start-End 9000 9100   time taken in seconds:  14.203206300735474
block number:  91 Start-End 9100 9200   time taken in seconds:  15.826538324356079
block number:  92 Start-End 9200 9300   time taken in seconds:  15.249648332595825
block number:  93 Start-End 9300 9400   time taken in seconds:  13.64198637008667
block number:  94 Start-End 9400 9500   time taken in seconds:  15.62360429763794
block number:  95 Start-End 9500 9600   time taken in seconds:  15.564382791519165
block number:  96 Start-End 9600 9700   time taken in seconds:  14.03839898109436
block number:  97 Start-End 9700 9800   time taken in seconds:  15.888627290725708
block number:  98 Start-End 9800 9900   time taken in seconds:  15.559160232543945
block number:  99 Start-End 9900 10000   time taken in seconds:  14.238207578659058
block number:  100 Start-End 10000 10100   time taken in seconds:  14.479562044143677
block number:  101 Start-End 10100 10200   time taken in seconds:  15.522349119186401
block number:  102 Start-End 10200 10300   time taken in seconds:  15.51194453239441
block number:  103 Start-End 10300 10400   time taken in seconds:  14.90606951713562
block number:  104 Start-End 10400 10500   time taken in seconds:  15.523390054702759
block number:  105 Start-End 10500 10600   time taken in seconds:  15.753121852874756
block number:  106 Start-End 10600 10700   time taken in seconds:  14.233084440231323
block number:  107 Start-End 10700 10800   time taken in seconds:  15.146587610244751
block number:  108 Start-End 10800 10900   time taken in seconds:  16.204312324523926
block number:  109 Start-End 10900 11000   time taken in seconds:  16.197200536727905
block number:  110 Start-End 11000 11100   time taken in seconds:  14.498318672180176
block number:  111 Start-End 11100 11200   time taken in seconds:  14.590113162994385
block number:  112 Start-End 11200 11300   time taken in seconds:  16.067570209503174
block number:  113 Start-End 11300 None   time taken in seconds:  9.42184567451477
Number of samples after sig: 144 
Type:  bg
Number of blocks 104
block number:  0 Start-End 0 100   time taken in seconds:  80.76141905784607
block number:  1 Start-End 100 200   time taken in seconds:  72.18808031082153
block number:  2 Start-End 200 300   time taken in seconds:  69.04188370704651
block number:  3 Start-End 300 400   time taken in seconds:  62.35118746757507
block number:  4 Start-End 400 500   time taken in seconds:  74.76502060890198
block number:  5 Start-End 500 600   time taken in seconds:  69.34269881248474
block number:  6 Start-End 600 700   time taken in seconds:  74.05804133415222
block number:  7 Start-End 700 800   time taken in seconds:  76.93565702438354
block number:  8 Start-End 800 900   time taken in seconds:  65.80943322181702
block number:  9 Start-End 900 1000   time taken in seconds:  68.6633198261261
block number:  10 Start-End 1000 1100   time taken in seconds:  72.50094985961914
block number:  11 Start-End 1100 1200   time taken in seconds:  65.82302522659302
block number:  12 Start-End 1200 1300   time taken in seconds:  65.66500401496887
block number:  13 Start-End 1300 1400   time taken in seconds:  73.19213223457336
block number:  14 Start-End 1400 1500   time taken in seconds:  73.45560121536255
block number:  15 Start-End 1500 1600   time taken in seconds:  75.97146368026733
block number:  16 Start-End 1600 1700   time taken in seconds:  69.13508009910583
block number:  17 Start-End 1700 1800   time taken in seconds:  73.82475209236145
block number:  18 Start-End 1800 1900   time taken in seconds:  75.73327803611755
block number:  19 Start-End 1900 2000   time taken in seconds:  70.53304982185364
block number:  20 Start-End 2000 2100   time taken in seconds:  74.14578294754028
block number:  21 Start-End 2100 2200   time taken in seconds:  71.62452030181885
block number:  22 Start-End 2200 2300   time taken in seconds:  73.51843619346619
block number:  23 Start-End 2300 2400   time taken in seconds:  67.470534324646
block number:  24 Start-End 2400 2500   time taken in seconds:  62.422072887420654
block number:  25 Start-End 2500 2600   time taken in seconds:  71.60204029083252
block number:  26 Start-End 2600 2700   time taken in seconds:  68.92072939872742
block number:  27 Start-End 2700 2800   time taken in seconds:  73.95675373077393
block number:  28 Start-End 2800 2900   time taken in seconds:  68.89307737350464
block number:  29 Start-End 2900 3000   time taken in seconds:  69.05072927474976
block number:  30 Start-End 3000 3100   time taken in seconds:  71.02942681312561
block number:  31 Start-End 3100 3200   time taken in seconds:  71.55006003379822
block number:  32 Start-End 3200 3300   time taken in seconds:  73.47560858726501
block number:  33 Start-End 3300 3400   time taken in seconds:  67.02667021751404
block number:  34 Start-End 3400 3500   time taken in seconds:  65.1247410774231
block number:  35 Start-End 3500 3600   time taken in seconds:  81.82463765144348
block number:  36 Start-End 3600 3700   time taken in seconds:  69.65261936187744
block number:  37 Start-End 3700 3800   time taken in seconds:  77.10981726646423
block number:  38 Start-End 3800 3900   time taken in seconds:  74.6070306301117
block number:  39 Start-End 3900 4000   time taken in seconds:  73.41456937789917
block number:  40 Start-End 4000 4100   time taken in seconds:  76.34271240234375
block number:  41 Start-End 4100 4200   time taken in seconds:  72.47970652580261
block number:  42 Start-End 4200 4300   time taken in seconds:  69.89822626113892
block number:  43 Start-End 4300 4400   time taken in seconds:  78.49238538742065
block number:  44 Start-End 4400 4500   time taken in seconds:  72.57230353355408
block number:  45 Start-End 4500 4600   time taken in seconds:  69.75638914108276
block number:  46 Start-End 4600 4700   time taken in seconds:  70.79774856567383
block number:  47 Start-End 4700 4800   time taken in seconds:  75.8831696510315
block number:  48 Start-End 4800 4900   time taken in seconds:  60.03497815132141
block number:  49 Start-End 4900 5000   time taken in seconds:  65.47595691680908
block number:  50 Start-End 5000 5100   time taken in seconds:  68.21570348739624
block number:  51 Start-End 5100 5200   time taken in seconds:  72.5251407623291
block number:  52 Start-End 5200 5300   time taken in seconds:  70.24665236473083
block number:  53 Start-End 5300 5400   time taken in seconds:  70.70457673072815
block number:  54 Start-End 5400 5500   time taken in seconds:  67.92075753211975
block number:  55 Start-End 5500 5600   time taken in seconds:  72.7244119644165
block number:  56 Start-End 5600 5700   time taken in seconds:  74.6281259059906
block number:  57 Start-End 5700 5800   time taken in seconds:  66.27277660369873
block number:  58 Start-End 5800 5900   time taken in seconds:  75.77455472946167
block number:  59 Start-End 5900 6000   time taken in seconds:  68.9465901851654
block number:  60 Start-End 6000 6100   time taken in seconds:  69.97084641456604
block number:  61 Start-End 6100 6200   time taken in seconds:  75.10739517211914
block number:  62 Start-End 6200 6300   time taken in seconds:  71.3776524066925
block number:  63 Start-End 6300 6400   time taken in seconds:  71.53423309326172
block number:  64 Start-End 6400 6500   time taken in seconds:  73.75600242614746
block number:  65 Start-End 6500 6600   time taken in seconds:  70.59023022651672
block number:  66 Start-End 6600 6700   time taken in seconds:  62.95262551307678
block number:  67 Start-End 6700 6800   time taken in seconds:  72.56151151657104
block number:  68 Start-End 6800 6900   time taken in seconds:  71.98703861236572
block number:  69 Start-End 6900 7000   time taken in seconds:  71.83221292495728
block number:  70 Start-End 7000 7100   time taken in seconds:  71.52324771881104
block number:  71 Start-End 7100 7200   time taken in seconds:  79.93930792808533
block number:  72 Start-End 7200 7300   time taken in seconds:  75.94250917434692
block number:  73 Start-End 7300 7400   time taken in seconds:  69.5021460056305
block number:  74 Start-End 7400 7500   time taken in seconds:  75.5740385055542
block number:  75 Start-End 7500 7600   time taken in seconds:  72.53008842468262
block number:  76 Start-End 7600 7700   time taken in seconds:  71.05176067352295
block number:  77 Start-End 7700 7800   time taken in seconds:  69.09911632537842
block number:  78 Start-End 7800 7900   time taken in seconds:  72.3079297542572
block number:  79 Start-End 7900 8000   time taken in seconds:  69.54864144325256
block number:  80 Start-End 8000 8100   time taken in seconds:  71.4929928779602
block number:  81 Start-End 8100 8200   time taken in seconds:  74.44584274291992
block number:  82 Start-End 8200 8300   time taken in seconds:  68.08700227737427
block number:  83 Start-End 8300 8400   time taken in seconds:  71.1225996017456
block number:  84 Start-End 8400 8500   time taken in seconds:  75.50193428993225
block number:  85 Start-End 8500 8600   time taken in seconds:  68.16043090820312
block number:  86 Start-End 8600 8700   time taken in seconds:  78.83157658576965
block number:  87 Start-End 8700 8800   time taken in seconds:  71.01183247566223
block number:  88 Start-End 8800 8900   time taken in seconds:  66.76219129562378
block number:  89 Start-End 8900 9000   time taken in seconds:  70.9241030216217
block number:  90 Start-End 9000 9100   time taken in seconds:  72.72049069404602
block number:  91 Start-End 9100 9200   time taken in seconds:  74.15411639213562
block number:  92 Start-End 9200 9300   time taken in seconds:  70.87013483047485
block number:  93 Start-End 9300 9400   time taken in seconds:  61.23901176452637
block number:  94 Start-End 9400 9500   time taken in seconds:  70.48472952842712
block number:  95 Start-End 9500 9600   time taken in seconds:  71.47381114959717
block number:  96 Start-End 9600 9700   time taken in seconds:  78.94215083122253
block number:  97 Start-End 9700 9800   time taken in seconds:  69.78594589233398
block number:  98 Start-End 9800 9900   time taken in seconds:  68.45773267745972
block number:  99 Start-End 9900 10000   time taken in seconds:  72.29026889801025
block number:  100 Start-End 10000 10100   time taken in seconds:  66.42767524719238
block number:  101 Start-End 10100 10200   time taken in seconds:  70.6517870426178
block number:  102 Start-End 10200 10300   time taken in seconds:  68.8510856628418
block number:  103 Start-End 10300 None   time taken in seconds:  56.965524435043335
Number of samples after bg: 872 
Number of temp files written 218
Time taken for concatenating temp files 339.9420759677887
Data shape after read:	x:(136066, 60, 10, 20)	y:(136066,)	wts:(136066,)
Data shape after format:	x:(136066, 10, 20, 60, 1)	y:(136066,)
Time taken in minutes  158.2681731303533
Type of data:	 reserved
7593 57635
Type:  sig
Number of blocks 76
block number:  0 Start-End 0 100   time taken in seconds:  14.140688419342041
block number:  1 Start-End 100 200   time taken in seconds:  15.131953001022339
block number:  2 Start-End 200 300   time taken in seconds:  13.861809015274048
block number:  3 Start-End 300 400   time taken in seconds:  14.79419469833374
block number:  4 Start-End 400 500   time taken in seconds:  14.510965347290039
block number:  5 Start-End 500 600   time taken in seconds:  15.240004777908325
block number:  6 Start-End 600 700   time taken in seconds:  14.265583753585815
block number:  7 Start-End 700 800   time taken in seconds:  14.870933055877686
block number:  8 Start-End 800 900   time taken in seconds:  13.3458571434021
block number:  9 Start-End 900 1000   time taken in seconds:  16.240253925323486
block number:  10 Start-End 1000 1100   time taken in seconds:  16.543699026107788
block number:  11 Start-End 1100 1200   time taken in seconds:  16.16631817817688
block number:  12 Start-End 1200 1300   time taken in seconds:  13.728627443313599
block number:  13 Start-End 1300 1400   time taken in seconds:  15.770434617996216
block number:  14 Start-End 1400 1500   time taken in seconds:  15.244712114334106
block number:  15 Start-End 1500 1600   time taken in seconds:  14.084310531616211
block number:  16 Start-End 1600 1700   time taken in seconds:  14.748570203781128
block number:  17 Start-End 1700 1800   time taken in seconds:  15.97519302368164
block number:  18 Start-End 1800 1900   time taken in seconds:  12.91423511505127
block number:  19 Start-End 1900 2000   time taken in seconds:  14.892418384552002
block number:  20 Start-End 2000 2100   time taken in seconds:  14.478036642074585
block number:  21 Start-End 2100 2200   time taken in seconds:  14.30216383934021
block number:  22 Start-End 2200 2300   time taken in seconds:  14.3415687084198
block number:  23 Start-End 2300 2400   time taken in seconds:  14.056721210479736
block number:  24 Start-End 2400 2500   time taken in seconds:  15.777643203735352
block number:  25 Start-End 2500 2600   time taken in seconds:  14.756964445114136
block number:  26 Start-End 2600 2700   time taken in seconds:  15.512642621994019
block number:  27 Start-End 2700 2800   time taken in seconds:  14.143548727035522
block number:  28 Start-End 2800 2900   time taken in seconds:  14.12815809249878
block number:  29 Start-End 2900 3000   time taken in seconds:  14.853029727935791
block number:  30 Start-End 3000 3100   time taken in seconds:  17.230290412902832
block number:  31 Start-End 3100 3200   time taken in seconds:  14.012302875518799
block number:  32 Start-End 3200 3300   time taken in seconds:  16.47751498222351
block number:  33 Start-End 3300 3400   time taken in seconds:  15.9754638671875
block number:  34 Start-End 3400 3500   time taken in seconds:  14.969889640808105
block number:  35 Start-End 3500 3600   time taken in seconds:  14.595398664474487
block number:  36 Start-End 3600 3700   time taken in seconds:  15.305763006210327
block number:  37 Start-End 3700 3800   time taken in seconds:  14.203078269958496
block number:  38 Start-End 3800 3900   time taken in seconds:  17.038103818893433
block number:  39 Start-End 3900 4000   time taken in seconds:  17.117827892303467
block number:  40 Start-End 4000 4100   time taken in seconds:  14.412134170532227
block number:  41 Start-End 4100 4200   time taken in seconds:  14.166808605194092
block number:  42 Start-End 4200 4300   time taken in seconds:  15.421294450759888
block number:  43 Start-End 4300 4400   time taken in seconds:  12.424558401107788
block number:  44 Start-End 4400 4500   time taken in seconds:  14.382774353027344
block number:  45 Start-End 4500 4600   time taken in seconds:  15.27651071548462
block number:  46 Start-End 4600 4700   time taken in seconds:  14.113592386245728
block number:  47 Start-End 4700 4800   time taken in seconds:  13.201346397399902
block number:  48 Start-End 4800 4900   time taken in seconds:  15.73514986038208
block number:  49 Start-End 4900 5000   time taken in seconds:  16.214253425598145
block number:  50 Start-End 5000 5100   time taken in seconds:  14.43195915222168
block number:  51 Start-End 5100 5200   time taken in seconds:  16.236340284347534
block number:  52 Start-End 5200 5300   time taken in seconds:  13.97490406036377
block number:  53 Start-End 5300 5400   time taken in seconds:  17.814802408218384
block number:  54 Start-End 5400 5500   time taken in seconds:  15.838183164596558
block number:  55 Start-End 5500 5600   time taken in seconds:  14.701194763183594
block number:  56 Start-End 5600 5700   time taken in seconds:  14.970483541488647
block number:  57 Start-End 5700 5800   time taken in seconds:  14.982142686843872
block number:  58 Start-End 5800 5900   time taken in seconds:  14.703325033187866
block number:  59 Start-End 5900 6000   time taken in seconds:  13.937512397766113
block number:  60 Start-End 6000 6100   time taken in seconds:  12.095718383789062
block number:  61 Start-End 6100 6200   time taken in seconds:  15.857831001281738
block number:  62 Start-End 6200 6300   time taken in seconds:  15.130517721176147
block number:  63 Start-End 6300 6400   time taken in seconds:  12.868924856185913
block number:  64 Start-End 6400 6500   time taken in seconds:  13.492205142974854
block number:  65 Start-End 6500 6600   time taken in seconds:  14.073356628417969
block number:  66 Start-End 6600 6700   time taken in seconds:  14.647202730178833
block number:  67 Start-End 6700 6800   time taken in seconds:  15.311338186264038
block number:  68 Start-End 6800 6900   time taken in seconds:  14.089597702026367
block number:  69 Start-End 6900 7000   time taken in seconds:  15.70515513420105
block number:  70 Start-End 7000 7100   time taken in seconds:  17.66404151916504
block number:  71 Start-End 7100 7200   time taken in seconds:  15.614670991897583
block number:  72 Start-End 7200 7300   time taken in seconds:  13.66543197631836
block number:  73 Start-End 7300 7400   time taken in seconds:  14.824632167816162
block number:  74 Start-End 7400 7500   time taken in seconds:  13.701972723007202
block number:  75 Start-End 7500 None   time taken in seconds:  14.836608171463013
Number of samples after sig: 233 
Type:  bg
Number of blocks 577
block number:  0 Start-End 0 100   time taken in seconds:  83.32388854026794
block number:  1 Start-End 100 200   time taken in seconds:  86.41938543319702
block number:  2 Start-End 200 300   time taken in seconds:  90.52693510055542
block number:  3 Start-End 300 400   time taken in seconds:  90.32238364219666
block number:  4 Start-End 400 500   time taken in seconds:  84.8907675743103
block number:  5 Start-End 500 600   time taken in seconds:  88.22621989250183
block number:  6 Start-End 600 700   time taken in seconds:  86.08269715309143
block number:  7 Start-End 700 800   time taken in seconds:  83.7176742553711
block number:  8 Start-End 800 900   time taken in seconds:  78.68322134017944
block number:  9 Start-End 900 1000   time taken in seconds:  82.70898413658142
block number:  10 Start-End 1000 1100   time taken in seconds:  91.99778127670288
block number:  11 Start-End 1100 1200   time taken in seconds:  89.27618098258972
block number:  12 Start-End 1200 1300   time taken in seconds:  88.26943492889404
block number:  13 Start-End 1300 1400   time taken in seconds:  87.01754522323608
block number:  14 Start-End 1400 1500   time taken in seconds:  91.0039587020874
block number:  15 Start-End 1500 1600   time taken in seconds:  84.62218880653381
block number:  16 Start-End 1600 1700   time taken in seconds:  81.89750289916992
block number:  17 Start-End 1700 1800   time taken in seconds:  83.58203840255737
block number:  18 Start-End 1800 1900   time taken in seconds:  82.60174369812012
block number:  19 Start-End 1900 2000   time taken in seconds:  88.98141407966614
block number:  20 Start-End 2000 2100   time taken in seconds:  87.39379715919495
block number:  21 Start-End 2100 2200   time taken in seconds:  88.00836372375488
block number:  22 Start-End 2200 2300   time taken in seconds:  86.13945651054382
block number:  23 Start-End 2300 2400   time taken in seconds:  88.67596912384033
block number:  24 Start-End 2400 2500   time taken in seconds:  90.57998085021973
block number:  25 Start-End 2500 2600   time taken in seconds:  91.58039093017578
block number:  26 Start-End 2600 2700   time taken in seconds:  94.71465349197388
block number:  27 Start-End 2700 2800   time taken in seconds:  85.53410935401917
block number:  28 Start-End 2800 2900   time taken in seconds:  90.46556496620178
block number:  29 Start-End 2900 3000   time taken in seconds:  88.40880870819092
block number:  30 Start-End 3000 3100   time taken in seconds:  81.2319233417511
block number:  31 Start-End 3100 3200   time taken in seconds:  89.27104568481445
block number:  32 Start-End 3200 3300   time taken in seconds:  87.28270149230957
block number:  33 Start-End 3300 3400   time taken in seconds:  88.87582349777222
block number:  34 Start-End 3400 3500   time taken in seconds:  88.29786229133606
block number:  35 Start-End 3500 3600   time taken in seconds:  85.93454766273499
block number:  36 Start-End 3600 3700   time taken in seconds:  91.5234887599945
block number:  37 Start-End 3700 3800   time taken in seconds:  87.0377471446991
block number:  38 Start-End 3800 3900   time taken in seconds:  88.3968117237091
block number:  39 Start-End 3900 4000   time taken in seconds:  86.71484756469727
block number:  40 Start-End 4000 4100   time taken in seconds:  86.84030079841614
block number:  41 Start-End 4100 4200   time taken in seconds:  84.73027229309082
block number:  42 Start-End 4200 4300   time taken in seconds:  81.78215670585632
block number:  43 Start-End 4300 4400   time taken in seconds:  90.40963983535767
block number:  44 Start-End 4400 4500   time taken in seconds:  90.29837036132812
block number:  45 Start-End 4500 4600   time taken in seconds:  86.56314301490784
block number:  46 Start-End 4600 4700   time taken in seconds:  88.75049138069153
block number:  47 Start-End 4700 4800   time taken in seconds:  83.53759503364563
block number:  48 Start-End 4800 4900   time taken in seconds:  88.39772176742554
block number:  49 Start-End 4900 5000   time taken in seconds:  82.73448538780212
block number:  50 Start-End 5000 5100   time taken in seconds:  85.38644242286682
block number:  51 Start-End 5100 5200   time taken in seconds:  92.0819833278656
block number:  52 Start-End 5200 5300   time taken in seconds:  87.78375625610352
block number:  53 Start-End 5300 5400   time taken in seconds:  86.32237935066223
block number:  54 Start-End 5400 5500   time taken in seconds:  85.73243808746338
block number:  55 Start-End 5500 5600   time taken in seconds:  85.11725878715515
block number:  56 Start-End 5600 5700   time taken in seconds:  81.54295039176941
block number:  57 Start-End 5700 5800   time taken in seconds:  84.07226872444153
block number:  58 Start-End 5800 5900   time taken in seconds:  88.09991216659546
block number:  59 Start-End 5900 6000   time taken in seconds:  87.57788729667664
block number:  60 Start-End 6000 6100   time taken in seconds:  87.4771876335144
block number:  61 Start-End 6100 6200   time taken in seconds:  89.73942470550537
block number:  62 Start-End 6200 6300   time taken in seconds:  97.67752575874329
block number:  63 Start-End 6300 6400   time taken in seconds:  89.44235110282898
block number:  64 Start-End 6400 6500   time taken in seconds:  86.7655656337738
block number:  65 Start-End 6500 6600   time taken in seconds:  90.5640778541565
block number:  66 Start-End 6600 6700   time taken in seconds:  88.94603180885315
block number:  67 Start-End 6700 6800   time taken in seconds:  92.35100317001343
block number:  68 Start-End 6800 6900   time taken in seconds:  92.00356912612915
block number:  69 Start-End 6900 7000   time taken in seconds:  86.66709041595459
block number:  70 Start-End 7000 7100   time taken in seconds:  86.9029393196106
block number:  71 Start-End 7100 7200   time taken in seconds:  94.03267288208008
block number:  72 Start-End 7200 7300   time taken in seconds:  93.0765929222107
block number:  73 Start-End 7300 7400   time taken in seconds:  85.34059762954712
block number:  74 Start-End 7400 7500   time taken in seconds:  92.1102135181427
block number:  75 Start-End 7500 7600   time taken in seconds:  97.97698640823364
block number:  76 Start-End 7600 7700   time taken in seconds:  93.37057161331177
block number:  77 Start-End 7700 7800   time taken in seconds:  101.50763773918152
block number:  78 Start-End 7800 7900   time taken in seconds:  98.09289956092834
block number:  79 Start-End 7900 8000   time taken in seconds:  95.25764203071594
block number:  80 Start-End 8000 8100   time taken in seconds:  94.39151000976562
block number:  81 Start-End 8100 8200   time taken in seconds:  97.09070348739624
block number:  82 Start-End 8200 8300   time taken in seconds:  89.88511681556702
block number:  83 Start-End 8300 8400   time taken in seconds:  88.15456819534302
block number:  84 Start-End 8400 8500   time taken in seconds:  86.50098085403442
block number:  85 Start-End 8500 8600   time taken in seconds:  88.32254433631897
block number:  86 Start-End 8600 8700   time taken in seconds:  91.14504981040955
block number:  87 Start-End 8700 8800   time taken in seconds:  93.31318998336792
block number:  88 Start-End 8800 8900   time taken in seconds:  97.08086156845093
block number:  89 Start-End 8900 9000   time taken in seconds:  88.84277772903442
block number:  90 Start-End 9000 9100   time taken in seconds:  93.20602107048035
block number:  91 Start-End 9100 9200   time taken in seconds:  90.81456565856934
block number:  92 Start-End 9200 9300   time taken in seconds:  92.95770382881165
block number:  93 Start-End 9300 9400   time taken in seconds:  86.39047241210938
block number:  94 Start-End 9400 9500   time taken in seconds:  91.91085243225098
block number:  95 Start-End 9500 9600   time taken in seconds:  87.99296307563782
block number:  96 Start-End 9600 9700   time taken in seconds:  90.27638912200928
block number:  97 Start-End 9700 9800   time taken in seconds:  91.57043695449829
block number:  98 Start-End 9800 9900   time taken in seconds:  89.7731020450592
block number:  99 Start-End 9900 10000   time taken in seconds:  98.0393750667572
block number:  100 Start-End 10000 10100   time taken in seconds:  92.41229844093323
block number:  101 Start-End 10100 10200   time taken in seconds:  91.25783228874207
block number:  102 Start-End 10200 10300   time taken in seconds:  85.75073099136353
block number:  103 Start-End 10300 10400   time taken in seconds:  92.10577297210693
block number:  104 Start-End 10400 10500   time taken in seconds:  84.55941081047058
block number:  105 Start-End 10500 10600   time taken in seconds:  85.20117235183716
block number:  106 Start-End 10600 10700   time taken in seconds:  94.14261317253113
block number:  107 Start-End 10700 10800   time taken in seconds:  95.13548183441162
block number:  108 Start-End 10800 10900   time taken in seconds:  93.73366475105286
block number:  109 Start-End 10900 11000   time taken in seconds:  97.1775918006897
block number:  110 Start-End 11000 11100   time taken in seconds:  93.91192126274109
block number:  111 Start-End 11100 11200   time taken in seconds:  100.70236492156982
block number:  112 Start-End 11200 11300   time taken in seconds:  88.88548231124878
block number:  113 Start-End 11300 11400   time taken in seconds:  91.34649229049683
block number:  114 Start-End 11400 11500   time taken in seconds:  92.16867232322693
block number:  115 Start-End 11500 11600   time taken in seconds:  90.47180104255676
block number:  116 Start-End 11600 11700   time taken in seconds:  99.18443274497986
block number:  117 Start-End 11700 11800   time taken in seconds:  98.78667044639587
block number:  118 Start-End 11800 11900   time taken in seconds:  93.02348017692566
block number:  119 Start-End 11900 12000   time taken in seconds:  87.95142555236816
block number:  120 Start-End 12000 12100   time taken in seconds:  89.68510699272156
block number:  121 Start-End 12100 12200   time taken in seconds:  96.47298264503479
block number:  122 Start-End 12200 12300   time taken in seconds:  88.17994928359985
block number:  123 Start-End 12300 12400   time taken in seconds:  94.56830906867981
block number:  124 Start-End 12400 12500   time taken in seconds:  88.46698093414307
block number:  125 Start-End 12500 12600   time taken in seconds:  95.34608101844788
block number:  126 Start-End 12600 12700   time taken in seconds:  96.41810250282288
block number:  127 Start-End 12700 12800   time taken in seconds:  93.02326941490173
block number:  128 Start-End 12800 12900   time taken in seconds:  91.85653328895569
block number:  129 Start-End 12900 13000   time taken in seconds:  91.31228470802307
block number:  130 Start-End 13000 13100   time taken in seconds:  91.41161036491394
block number:  131 Start-End 13100 13200   time taken in seconds:  89.28914451599121
block number:  132 Start-End 13200 13300   time taken in seconds:  87.59650492668152
block number:  133 Start-End 13300 13400   time taken in seconds:  85.42128372192383
block number:  134 Start-End 13400 13500   time taken in seconds:  90.4388337135315
block number:  135 Start-End 13500 13600   time taken in seconds:  97.95294737815857
block number:  136 Start-End 13600 13700   time taken in seconds:  93.8324544429779
block number:  137 Start-End 13700 13800   time taken in seconds:  87.41779255867004
block number:  138 Start-End 13800 13900   time taken in seconds:  88.25227308273315
block number:  139 Start-End 13900 14000   time taken in seconds:  93.59254312515259
block number:  140 Start-End 14000 14100   time taken in seconds:  94.8566358089447
block number:  141 Start-End 14100 14200   time taken in seconds:  93.99088144302368
block number:  142 Start-End 14200 14300   time taken in seconds:  90.48525428771973
block number:  143 Start-End 14300 14400   time taken in seconds:  87.49121308326721
block number:  144 Start-End 14400 14500   time taken in seconds:  90.86589741706848
block number:  145 Start-End 14500 14600   time taken in seconds:  94.4676079750061
block number:  146 Start-End 14600 14700   time taken in seconds:  95.72668719291687
block number:  147 Start-End 14700 14800   time taken in seconds:  85.94698810577393
block number:  148 Start-End 14800 14900   time taken in seconds:  92.3790864944458
block number:  149 Start-End 14900 15000   time taken in seconds:  87.73242449760437
block number:  150 Start-End 15000 15100   time taken in seconds:  92.3309977054596
block number:  151 Start-End 15100 15200   time taken in seconds:  92.84382009506226
block number:  152 Start-End 15200 15300   time taken in seconds:  85.9624719619751
block number:  153 Start-End 15300 15400   time taken in seconds:  89.781094789505
block number:  154 Start-End 15400 15500   time taken in seconds:  89.61556673049927
block number:  155 Start-End 15500 15600   time taken in seconds:  94.70612502098083
block number:  156 Start-End 15600 15700   time taken in seconds:  92.291508436203
block number:  157 Start-End 15700 15800   time taken in seconds:  91.05730843544006
block number:  158 Start-End 15800 15900   time taken in seconds:  90.75905728340149
block number:  159 Start-End 15900 16000   time taken in seconds:  97.05890321731567
block number:  160 Start-End 16000 16100   time taken in seconds:  85.57072257995605
block number:  161 Start-End 16100 16200   time taken in seconds:  89.48318696022034
block number:  162 Start-End 16200 16300   time taken in seconds:  86.44005465507507
block number:  163 Start-End 16300 16400   time taken in seconds:  84.42591047286987
block number:  164 Start-End 16400 16500   time taken in seconds:  89.57631301879883
block number:  165 Start-End 16500 16600   time taken in seconds:  83.35244035720825
block number:  166 Start-End 16600 16700   time taken in seconds:  89.95289516448975
block number:  167 Start-End 16700 16800   time taken in seconds:  85.80257415771484
block number:  168 Start-End 16800 16900   time taken in seconds:  79.64289736747742
block number:  169 Start-End 16900 17000   time taken in seconds:  92.26533603668213
block number:  170 Start-End 17000 17100   time taken in seconds:  89.5928783416748
block number:  171 Start-End 17100 17200   time taken in seconds:  88.02069759368896
block number:  172 Start-End 17200 17300   time taken in seconds:  88.80208992958069
block number:  173 Start-End 17300 17400   time taken in seconds:  93.42705917358398
block number:  174 Start-End 17400 17500   time taken in seconds:  86.67250919342041
block number:  175 Start-End 17500 17600   time taken in seconds:  86.47110247612
block number:  176 Start-End 17600 17700   time taken in seconds:  90.57488012313843
block number:  177 Start-End 17700 17800   time taken in seconds:  84.54378199577332
block number:  178 Start-End 17800 17900   time taken in seconds:  91.82424306869507
block number:  179 Start-End 17900 18000   time taken in seconds:  88.42066526412964
block number:  180 Start-End 18000 18100   time taken in seconds:  93.17660760879517
block number:  181 Start-End 18100 18200   time taken in seconds:  83.85803031921387
block number:  182 Start-End 18200 18300   time taken in seconds:  94.18034434318542
block number:  183 Start-End 18300 18400   time taken in seconds:  93.78532123565674
block number:  184 Start-End 18400 18500   time taken in seconds:  89.6114935874939
block number:  185 Start-End 18500 18600   time taken in seconds:  93.31565189361572
block number:  186 Start-End 18600 18700   time taken in seconds:  88.81639003753662
block number:  187 Start-End 18700 18800   time taken in seconds:  88.13156366348267
block number:  188 Start-End 18800 18900   time taken in seconds:  90.07679080963135
block number:  189 Start-End 18900 19000   time taken in seconds:  90.84275221824646
block number:  190 Start-End 19000 19100   time taken in seconds:  83.91833114624023
block number:  191 Start-End 19100 19200   time taken in seconds:  83.19053936004639
block number:  192 Start-End 19200 19300   time taken in seconds:  88.32756543159485
block number:  193 Start-End 19300 19400   time taken in seconds:  82.05245208740234
block number:  194 Start-End 19400 19500   time taken in seconds:  86.09195518493652
block number:  195 Start-End 19500 19600   time taken in seconds:  83.92062520980835
block number:  196 Start-End 19600 19700   time taken in seconds:  79.29545044898987
block number:  197 Start-End 19700 19800   time taken in seconds:  81.40573692321777
block number:  198 Start-End 19800 19900   time taken in seconds:  83.1759512424469
block number:  199 Start-End 19900 20000   time taken in seconds:  80.12616801261902
block number:  200 Start-End 20000 20100   time taken in seconds:  87.3849287033081
block number:  201 Start-End 20100 20200   time taken in seconds:  84.16601252555847
block number:  202 Start-End 20200 20300   time taken in seconds:  79.43898963928223
block number:  203 Start-End 20300 20400   time taken in seconds:  79.99099969863892
block number:  204 Start-End 20400 20500   time taken in seconds:  86.3272385597229
block number:  205 Start-End 20500 20600   time taken in seconds:  88.47418546676636
block number:  206 Start-End 20600 20700   time taken in seconds:  85.20225238800049
block number:  207 Start-End 20700 20800   time taken in seconds:  83.89671492576599
block number:  208 Start-End 20800 20900   time taken in seconds:  86.02524924278259
block number:  209 Start-End 20900 21000   time taken in seconds:  88.55637502670288
block number:  210 Start-End 21000 21100   time taken in seconds:  89.49633264541626
block number:  211 Start-End 21100 21200   time taken in seconds:  83.26341700553894
block number:  212 Start-End 21200 21300   time taken in seconds:  82.9882071018219
block number:  213 Start-End 21300 21400   time taken in seconds:  80.38456201553345
block number:  214 Start-End 21400 21500   time taken in seconds:  83.56312870979309
block number:  215 Start-End 21500 21600   time taken in seconds:  88.93202662467957
block number:  216 Start-End 21600 21700   time taken in seconds:  82.08098840713501
block number:  217 Start-End 21700 21800   time taken in seconds:  90.64515686035156
block number:  218 Start-End 21800 21900   time taken in seconds:  84.02203965187073
block number:  219 Start-End 21900 22000   time taken in seconds:  83.36096239089966
block number:  220 Start-End 22000 22100   time taken in seconds:  76.59931111335754
block number:  221 Start-End 22100 22200   time taken in seconds:  84.62978553771973
block number:  222 Start-End 22200 22300   time taken in seconds:  84.12701940536499
block number:  223 Start-End 22300 22400   time taken in seconds:  79.43079972267151
block number:  224 Start-End 22400 22500   time taken in seconds:  86.15581059455872
block number:  225 Start-End 22500 22600   time taken in seconds:  86.77470636367798
block number:  226 Start-End 22600 22700   time taken in seconds:  86.13226962089539
block number:  227 Start-End 22700 22800   time taken in seconds:  79.89925527572632
block number:  228 Start-End 22800 22900   time taken in seconds:  83.53994798660278
block number:  229 Start-End 22900 23000   time taken in seconds:  82.297776222229
block number:  230 Start-End 23000 23100   time taken in seconds:  86.49136686325073
block number:  231 Start-End 23100 23200   time taken in seconds:  82.42343997955322
block number:  232 Start-End 23200 23300   time taken in seconds:  81.14841604232788
block number:  233 Start-End 23300 23400   time taken in seconds:  87.21592235565186
block number:  234 Start-End 23400 23500   time taken in seconds:  86.86082410812378
block number:  235 Start-End 23500 23600   time taken in seconds:  84.16947603225708
block number:  236 Start-End 23600 23700   time taken in seconds:  83.57350134849548
block number:  237 Start-End 23700 23800   time taken in seconds:  80.80600786209106
block number:  238 Start-End 23800 23900   time taken in seconds:  86.93326139450073
block number:  239 Start-End 23900 24000   time taken in seconds:  86.76314926147461
block number:  240 Start-End 24000 24100   time taken in seconds:  84.27437162399292
block number:  241 Start-End 24100 24200   time taken in seconds:  82.98384237289429
block number:  242 Start-End 24200 24300   time taken in seconds:  80.65774202346802
block number:  243 Start-End 24300 24400   time taken in seconds:  85.50858283042908
block number:  244 Start-End 24400 24500   time taken in seconds:  83.38656663894653
block number:  245 Start-End 24500 24600   time taken in seconds:  76.63598465919495
block number:  246 Start-End 24600 24700   time taken in seconds:  84.72582149505615
block number:  247 Start-End 24700 24800   time taken in seconds:  86.59382367134094
block number:  248 Start-End 24800 24900   time taken in seconds:  85.58322858810425
block number:  249 Start-End 24900 25000   time taken in seconds:  84.09997725486755
block number:  250 Start-End 25000 25100   time taken in seconds:  86.3070080280304
block number:  251 Start-End 25100 25200   time taken in seconds:  81.00035977363586
block number:  252 Start-End 25200 25300   time taken in seconds:  82.63082814216614
block number:  253 Start-End 25300 25400   time taken in seconds:  84.87448334693909
block number:  254 Start-End 25400 25500   time taken in seconds:  84.19372367858887
block number:  255 Start-End 25500 25600   time taken in seconds:  77.59737157821655
block number:  256 Start-End 25600 25700   time taken in seconds:  83.92421793937683
block number:  257 Start-End 25700 25800   time taken in seconds:  90.44215297698975
block number:  258 Start-End 25800 25900   time taken in seconds:  86.21776962280273
block number:  259 Start-End 25900 26000   time taken in seconds:  77.60442018508911
block number:  260 Start-End 26000 26100   time taken in seconds:  78.55643820762634
block number:  261 Start-End 26100 26200   time taken in seconds:  79.43689823150635
block number:  262 Start-End 26200 26300   time taken in seconds:  80.5942063331604
block number:  263 Start-End 26300 26400   time taken in seconds:  88.07279825210571
block number:  264 Start-End 26400 26500   time taken in seconds:  84.28315019607544
block number:  265 Start-End 26500 26600   time taken in seconds:  82.07141852378845
block number:  266 Start-End 26600 26700   time taken in seconds:  86.75399374961853
block number:  267 Start-End 26700 26800   time taken in seconds:  78.66452884674072
block number:  268 Start-End 26800 26900   time taken in seconds:  85.75888991355896
block number:  269 Start-End 26900 27000   time taken in seconds:  91.08823013305664
block number:  270 Start-End 27000 27100   time taken in seconds:  88.71442222595215
block number:  271 Start-End 27100 27200   time taken in seconds:  84.1556978225708
block number:  272 Start-End 27200 27300   time taken in seconds:  89.20611047744751
block number:  273 Start-End 27300 27400   time taken in seconds:  81.10212135314941
block number:  274 Start-End 27400 27500   time taken in seconds:  88.97225999832153
block number:  275 Start-End 27500 27600   time taken in seconds:  87.64307165145874
block number:  276 Start-End 27600 27700   time taken in seconds:  86.83822584152222
block number:  277 Start-End 27700 27800   time taken in seconds:  84.41464519500732
block number:  278 Start-End 27800 27900   time taken in seconds:  83.23883271217346
block number:  279 Start-End 27900 28000   time taken in seconds:  85.29986548423767
block number:  280 Start-End 28000 28100   time taken in seconds:  80.51015377044678
block number:  281 Start-End 28100 28200   time taken in seconds:  84.02618527412415
block number:  282 Start-End 28200 28300   time taken in seconds:  85.96790528297424
block number:  283 Start-End 28300 28400   time taken in seconds:  85.2743968963623
block number:  284 Start-End 28400 28500   time taken in seconds:  85.4199686050415
block number:  285 Start-End 28500 28600   time taken in seconds:  82.19933986663818
block number:  286 Start-End 28600 28700   time taken in seconds:  84.38056802749634
block number:  287 Start-End 28700 28800   time taken in seconds:  80.61972498893738
block number:  288 Start-End 28800 28900   time taken in seconds:  87.44137668609619
block number:  289 Start-End 28900 29000   time taken in seconds:  85.53352999687195
block number:  290 Start-End 29000 29100   time taken in seconds:  83.40428376197815
block number:  291 Start-End 29100 29200   time taken in seconds:  85.15971994400024
block number:  292 Start-End 29200 29300   time taken in seconds:  83.0464768409729
block number:  293 Start-End 29300 29400   time taken in seconds:  84.50425338745117
block number:  294 Start-End 29400 29500   time taken in seconds:  83.852210521698
block number:  295 Start-End 29500 29600   time taken in seconds:  80.37068057060242
block number:  296 Start-End 29600 29700   time taken in seconds:  84.10131621360779
block number:  297 Start-End 29700 29800   time taken in seconds:  81.4644455909729
block number:  298 Start-End 29800 29900   time taken in seconds:  84.62386107444763
block number:  299 Start-End 29900 30000   time taken in seconds:  80.02381539344788
block number:  300 Start-End 30000 30100   time taken in seconds:  80.98460817337036
block number:  301 Start-End 30100 30200   time taken in seconds:  83.79386258125305
block number:  302 Start-End 30200 30300   time taken in seconds:  84.89228439331055
block number:  303 Start-End 30300 30400   time taken in seconds:  81.97637796401978
block number:  304 Start-End 30400 30500   time taken in seconds:  81.37417006492615
block number:  305 Start-End 30500 30600   time taken in seconds:  80.64706587791443
block number:  306 Start-End 30600 30700   time taken in seconds:  84.42823004722595
block number:  307 Start-End 30700 30800   time taken in seconds:  86.29400873184204
block number:  308 Start-End 30800 30900   time taken in seconds:  76.22289609909058
block number:  309 Start-End 30900 31000   time taken in seconds:  83.1178891658783
block number:  310 Start-End 31000 31100   time taken in seconds:  84.43779635429382
block number:  311 Start-End 31100 31200   time taken in seconds:  75.79442834854126
block number:  312 Start-End 31200 31300   time taken in seconds:  87.85991287231445
block number:  313 Start-End 31300 31400   time taken in seconds:  84.86232542991638
block number:  314 Start-End 31400 31500   time taken in seconds:  79.80183124542236
block number:  315 Start-End 31500 31600   time taken in seconds:  80.35032439231873
block number:  316 Start-End 31600 31700   time taken in seconds:  77.7855064868927
block number:  317 Start-End 31700 31800   time taken in seconds:  83.0166871547699
block number:  318 Start-End 31800 31900   time taken in seconds:  79.57950234413147
block number:  319 Start-End 31900 32000   time taken in seconds:  83.40332102775574
block number:  320 Start-End 32000 32100   time taken in seconds:  88.11708164215088
block number:  321 Start-End 32100 32200   time taken in seconds:  82.23112678527832
block number:  322 Start-End 32200 32300   time taken in seconds:  81.37451481819153
block number:  323 Start-End 32300 32400   time taken in seconds:  77.98066353797913
block number:  324 Start-End 32400 32500   time taken in seconds:  79.587641954422
block number:  325 Start-End 32500 32600   time taken in seconds:  84.73849177360535
block number:  326 Start-End 32600 32700   time taken in seconds:  83.97379851341248
block number:  327 Start-End 32700 32800   time taken in seconds:  82.76577425003052
block number:  328 Start-End 32800 32900   time taken in seconds:  84.06131529808044
block number:  329 Start-End 32900 33000   time taken in seconds:  84.95947885513306
block number:  330 Start-End 33000 33100   time taken in seconds:  83.79672360420227
block number:  331 Start-End 33100 33200   time taken in seconds:  76.64657759666443
block number:  332 Start-End 33200 33300   time taken in seconds:  83.53740930557251
block number:  333 Start-End 33300 33400   time taken in seconds:  87.76026821136475
block number:  334 Start-End 33400 33500   time taken in seconds:  85.11027121543884
block number:  335 Start-End 33500 33600   time taken in seconds:  77.1975359916687
block number:  336 Start-End 33600 33700   time taken in seconds:  86.63680911064148
block number:  337 Start-End 33700 33800   time taken in seconds:  85.95192432403564
block number:  338 Start-End 33800 33900   time taken in seconds:  81.86920619010925
block number:  339 Start-End 33900 34000   time taken in seconds:  79.14645171165466
block number:  340 Start-End 34000 34100   time taken in seconds:  79.2765257358551
block number:  341 Start-End 34100 34200   time taken in seconds:  78.4933831691742
block number:  342 Start-End 34200 34300   time taken in seconds:  79.47715616226196
block number:  343 Start-End 34300 34400   time taken in seconds:  79.87644743919373
block number:  344 Start-End 34400 34500   time taken in seconds:  88.15018606185913
block number:  345 Start-End 34500 34600   time taken in seconds:  79.29929280281067
block number:  346 Start-End 34600 34700   time taken in seconds:  77.60804986953735
block number:  347 Start-End 34700 34800   time taken in seconds:  80.99593925476074
block number:  348 Start-End 34800 34900   time taken in seconds:  82.21425700187683
block number:  349 Start-End 34900 35000   time taken in seconds:  83.32469058036804
block number:  350 Start-End 35000 35100   time taken in seconds:  87.03225326538086
block number:  351 Start-End 35100 35200   time taken in seconds:  84.9624376296997
block number:  352 Start-End 35200 35300   time taken in seconds:  79.4481303691864
block number:  353 Start-End 35300 35400   time taken in seconds:  83.2699511051178
block number:  354 Start-End 35400 35500   time taken in seconds:  94.10251331329346
block number:  355 Start-End 35500 35600   time taken in seconds:  93.57741141319275
block number:  356 Start-End 35600 35700   time taken in seconds:  82.19419860839844
block number:  357 Start-End 35700 35800   time taken in seconds:  81.21830987930298
block number:  358 Start-End 35800 35900   time taken in seconds:  78.59480142593384
block number:  359 Start-End 35900 36000   time taken in seconds:  85.3874204158783
block number:  360 Start-End 36000 36100   time taken in seconds:  81.80092740058899
block number:  361 Start-End 36100 36200   time taken in seconds:  89.46703362464905
block number:  362 Start-End 36200 36300   time taken in seconds:  86.13821816444397
block number:  363 Start-End 36300 36400   time taken in seconds:  84.62383484840393
block number:  364 Start-End 36400 36500   time taken in seconds:  86.74455571174622
block number:  365 Start-End 36500 36600   time taken in seconds:  86.74994325637817
block number:  366 Start-End 36600 36700   time taken in seconds:  85.49426198005676
block number:  367 Start-End 36700 36800   time taken in seconds:  87.13551473617554
block number:  368 Start-End 36800 36900   time taken in seconds:  87.61273765563965
block number:  369 Start-End 36900 37000   time taken in seconds:  85.99458265304565
block number:  370 Start-End 37000 37100   time taken in seconds:  87.02862739562988
block number:  371 Start-End 37100 37200   time taken in seconds:  87.05559778213501
block number:  372 Start-End 37200 37300   time taken in seconds:  88.46689581871033
block number:  373 Start-End 37300 37400   time taken in seconds:  87.50426626205444
block number:  374 Start-End 37400 37500   time taken in seconds:  88.35121536254883
block number:  375 Start-End 37500 37600   time taken in seconds:  88.71701884269714
block number:  376 Start-End 37600 37700   time taken in seconds:  93.87814784049988
block number:  377 Start-End 37700 37800   time taken in seconds:  90.94539618492126
block number:  378 Start-End 37800 37900   time taken in seconds:  91.34308862686157
block number:  379 Start-End 37900 38000   time taken in seconds:  94.69281816482544
block number:  380 Start-End 38000 38100   time taken in seconds:  91.34126877784729
block number:  381 Start-End 38100 38200   time taken in seconds:  96.36556506156921
block number:  382 Start-End 38200 38300   time taken in seconds:  89.43813800811768
block number:  383 Start-End 38300 38400   time taken in seconds:  90.73873591423035
block number:  384 Start-End 38400 38500   time taken in seconds:  84.30473899841309
block number:  385 Start-End 38500 38600   time taken in seconds:  94.68274140357971
block number:  386 Start-End 38600 38700   time taken in seconds:  87.03043365478516
block number:  387 Start-End 38700 38800   time taken in seconds:  86.90871715545654
block number:  388 Start-End 38800 38900   time taken in seconds:  89.33065867424011
block number:  389 Start-End 38900 39000   time taken in seconds:  93.8648431301117
block number:  390 Start-End 39000 39100   time taken in seconds:  87.71072602272034
block number:  391 Start-End 39100 39200   time taken in seconds:  95.57333588600159
block number:  392 Start-End 39200 39300   time taken in seconds:  92.05734729766846
block number:  393 Start-End 39300 39400   time taken in seconds:  95.98570656776428
block number:  394 Start-End 39400 39500   time taken in seconds:  88.19581580162048
block number:  395 Start-End 39500 39600   time taken in seconds:  85.5675220489502
block number:  396 Start-End 39600 39700   time taken in seconds:  92.16081547737122
block number:  397 Start-End 39700 39800   time taken in seconds:  87.74922108650208
block number:  398 Start-End 39800 39900   time taken in seconds:  89.80086898803711
block number:  399 Start-End 39900 40000   time taken in seconds:  90.02067804336548
block number:  400 Start-End 40000 40100   time taken in seconds:  93.10486245155334
block number:  401 Start-End 40100 40200   time taken in seconds:  86.7408435344696
block number:  402 Start-End 40200 40300   time taken in seconds:  91.28052949905396
block number:  403 Start-End 40300 40400   time taken in seconds:  91.6035647392273
block number:  404 Start-End 40400 40500   time taken in seconds:  89.95810222625732
block number:  405 Start-End 40500 40600   time taken in seconds:  90.42369651794434
block number:  406 Start-End 40600 40700   time taken in seconds:  92.80709838867188
block number:  407 Start-End 40700 40800   time taken in seconds:  86.55424237251282
block number:  408 Start-End 40800 40900   time taken in seconds:  93.55947518348694
block number:  409 Start-End 40900 41000   time taken in seconds:  96.39684462547302
block number:  410 Start-End 41000 41100   time taken in seconds:  91.23222589492798
block number:  411 Start-End 41100 41200   time taken in seconds:  90.21485805511475
block number:  412 Start-End 41200 41300   time taken in seconds:  85.02076077461243
block number:  413 Start-End 41300 41400   time taken in seconds:  83.57918572425842
block number:  414 Start-End 41400 41500   time taken in seconds:  84.00673818588257
block number:  415 Start-End 41500 41600   time taken in seconds:  89.67517471313477
block number:  416 Start-End 41600 41700   time taken in seconds:  93.76837635040283
block number:  417 Start-End 41700 41800   time taken in seconds:  93.22754716873169
block number:  418 Start-End 41800 41900   time taken in seconds:  91.32130694389343
block number:  419 Start-End 41900 42000   time taken in seconds:  90.46125364303589
block number:  420 Start-End 42000 42100   time taken in seconds:  88.05794858932495
block number:  421 Start-End 42100 42200   time taken in seconds:  87.33015990257263
block number:  422 Start-End 42200 42300   time taken in seconds:  92.85517311096191
block number:  423 Start-End 42300 42400   time taken in seconds:  91.43198084831238
block number:  424 Start-End 42400 42500   time taken in seconds:  91.41427850723267
block number:  425 Start-End 42500 42600   time taken in seconds:  96.90122032165527
block number:  426 Start-End 42600 42700   time taken in seconds:  90.73982286453247
block number:  427 Start-End 42700 42800   time taken in seconds:  92.54993605613708
block number:  428 Start-End 42800 42900   time taken in seconds:  96.93199801445007
block number:  429 Start-End 42900 43000   time taken in seconds:  87.67565703392029
block number:  430 Start-End 43000 43100   time taken in seconds:  96.2180609703064
block number:  431 Start-End 43100 43200   time taken in seconds:  92.40641593933105
block number:  432 Start-End 43200 43300   time taken in seconds:  95.22473859786987
block number:  433 Start-End 43300 43400   time taken in seconds:  90.03243970870972
block number:  434 Start-End 43400 43500   time taken in seconds:  93.28451943397522
block number:  435 Start-End 43500 43600   time taken in seconds:  92.39755463600159
block number:  436 Start-End 43600 43700   time taken in seconds:  89.32867217063904
block number:  437 Start-End 43700 43800   time taken in seconds:  89.63353562355042
block number:  438 Start-End 43800 43900   time taken in seconds:  90.82411456108093
block number:  439 Start-End 43900 44000   time taken in seconds:  91.05034255981445
block number:  440 Start-End 44000 44100   time taken in seconds:  92.68831753730774
block number:  441 Start-End 44100 44200   time taken in seconds:  88.70761251449585
block number:  442 Start-End 44200 44300   time taken in seconds:  84.72033619880676
block number:  443 Start-End 44300 44400   time taken in seconds:  87.37127614021301
block number:  444 Start-End 44400 44500   time taken in seconds:  88.1134934425354
block number:  445 Start-End 44500 44600   time taken in seconds:  88.99374103546143
block number:  446 Start-End 44600 44700   time taken in seconds:  90.55081582069397
block number:  447 Start-End 44700 44800   time taken in seconds:  91.14702153205872
block number:  448 Start-End 44800 44900   time taken in seconds:  87.54847526550293
block number:  449 Start-End 44900 45000   time taken in seconds:  89.94226169586182
block number:  450 Start-End 45000 45100   time taken in seconds:  87.97110223770142
block number:  451 Start-End 45100 45200   time taken in seconds:  94.4431746006012
block number:  452 Start-End 45200 45300   time taken in seconds:  88.69956302642822
block number:  453 Start-End 45300 45400   time taken in seconds:  94.4633150100708
block number:  454 Start-End 45400 45500   time taken in seconds:  86.62478828430176
block number:  455 Start-End 45500 45600   time taken in seconds:  85.15715026855469
block number:  456 Start-End 45600 45700   time taken in seconds:  91.71873450279236
block number:  457 Start-End 45700 45800   time taken in seconds:  88.01791310310364
block number:  458 Start-End 45800 45900   time taken in seconds:  88.71352887153625
block number:  459 Start-End 45900 46000   time taken in seconds:  84.67357063293457
block number:  460 Start-End 46000 46100   time taken in seconds:  91.39127945899963
block number:  461 Start-End 46100 46200   time taken in seconds:  86.35846710205078
block number:  462 Start-End 46200 46300   time taken in seconds:  88.62399792671204
block number:  463 Start-End 46300 46400   time taken in seconds:  82.9731023311615
block number:  464 Start-End 46400 46500   time taken in seconds:  89.14387941360474
block number:  465 Start-End 46500 46600   time taken in seconds:  87.65991044044495
block number:  466 Start-End 46600 46700   time taken in seconds:  84.77814197540283
block number:  467 Start-End 46700 46800   time taken in seconds:  83.34820866584778
block number:  468 Start-End 46800 46900   time taken in seconds:  81.59718418121338
block number:  469 Start-End 46900 47000   time taken in seconds:  84.08512210845947
block number:  470 Start-End 47000 47100   time taken in seconds:  90.344402551651
block number:  471 Start-End 47100 47200   time taken in seconds:  87.39539217948914
block number:  472 Start-End 47200 47300   time taken in seconds:  81.47606015205383
block number:  473 Start-End 47300 47400   time taken in seconds:  88.4305055141449
block number:  474 Start-End 47400 47500   time taken in seconds:  85.87311792373657
block number:  475 Start-End 47500 47600   time taken in seconds:  85.3768937587738
block number:  476 Start-End 47600 47700   time taken in seconds:  76.97969269752502
block number:  477 Start-End 47700 47800   time taken in seconds:  84.476726770401
block number:  478 Start-End 47800 47900   time taken in seconds:  85.70277762413025
block number:  479 Start-End 47900 48000   time taken in seconds:  91.12423348426819
block number:  480 Start-End 48000 48100   time taken in seconds:  80.6804187297821
block number:  481 Start-End 48100 48200   time taken in seconds:  84.98447227478027
block number:  482 Start-End 48200 48300   time taken in seconds:  84.62274527549744
block number:  483 Start-End 48300 48400   time taken in seconds:  85.93209838867188
block number:  484 Start-End 48400 48500   time taken in seconds:  82.49654769897461
block number:  485 Start-End 48500 48600   time taken in seconds:  83.60006761550903
block number:  486 Start-End 48600 48700   time taken in seconds:  88.23760986328125
block number:  487 Start-End 48700 48800   time taken in seconds:  88.44961166381836
block number:  488 Start-End 48800 48900   time taken in seconds:  85.03995394706726
block number:  489 Start-End 48900 49000   time taken in seconds:  83.10212898254395
block number:  490 Start-End 49000 49100   time taken in seconds:  91.25678420066833
block number:  491 Start-End 49100 49200   time taken in seconds:  81.8220145702362
block number:  492 Start-End 49200 49300   time taken in seconds:  86.45073437690735
block number:  493 Start-End 49300 49400   time taken in seconds:  82.52207851409912
block number:  494 Start-End 49400 49500   time taken in seconds:  87.21952199935913
block number:  495 Start-End 49500 49600   time taken in seconds:  84.50648713111877
block number:  496 Start-End 49600 49700   time taken in seconds:  89.82840871810913
block number:  497 Start-End 49700 49800   time taken in seconds:  86.38033270835876
block number:  498 Start-End 49800 49900   time taken in seconds:  83.60466885566711
block number:  499 Start-End 49900 50000   time taken in seconds:  85.45191216468811
block number:  500 Start-End 50000 50100   time taken in seconds:  81.6510021686554
block number:  501 Start-End 50100 50200   time taken in seconds:  86.25565910339355
block number:  502 Start-End 50200 50300   time taken in seconds:  83.46566724777222
block number:  503 Start-End 50300 50400   time taken in seconds:  83.84568214416504
block number:  504 Start-End 50400 50500   time taken in seconds:  84.70431113243103
block number:  505 Start-End 50500 50600   time taken in seconds:  84.83970093727112
block number:  506 Start-End 50600 50700   time taken in seconds:  81.77497506141663
block number:  507 Start-End 50700 50800   time taken in seconds:  83.38780164718628
block number:  508 Start-End 50800 50900   time taken in seconds:  86.63612842559814
block number:  509 Start-End 50900 51000   time taken in seconds:  82.52046132087708
block number:  510 Start-End 51000 51100   time taken in seconds:  79.74820899963379
block number:  511 Start-End 51100 51200   time taken in seconds:  80.72962236404419
block number:  512 Start-End 51200 51300   time taken in seconds:  88.02230739593506
block number:  513 Start-End 51300 51400   time taken in seconds:  87.313720703125
block number:  514 Start-End 51400 51500   time taken in seconds:  93.92273473739624
block number:  515 Start-End 51500 51600   time taken in seconds:  84.35795760154724
block number:  516 Start-End 51600 51700   time taken in seconds:  84.15754127502441
block number:  517 Start-End 51700 51800   time taken in seconds:  85.58806610107422
block number:  518 Start-End 51800 51900   time taken in seconds:  81.61664390563965
block number:  519 Start-End 51900 52000   time taken in seconds:  80.63894820213318
block number:  520 Start-End 52000 52100   time taken in seconds:  86.66247415542603
block number:  521 Start-End 52100 52200   time taken in seconds:  83.11820840835571
block number:  522 Start-End 52200 52300   time taken in seconds:  88.30880737304688
block number:  523 Start-End 52300 52400   time taken in seconds:  84.29931688308716
block number:  524 Start-End 52400 52500   time taken in seconds:  79.41203284263611
block number:  525 Start-End 52500 52600   time taken in seconds:  82.7582368850708
block number:  526 Start-End 52600 52700   time taken in seconds:  80.06086111068726
block number:  527 Start-End 52700 52800   time taken in seconds:  80.39330172538757
block number:  528 Start-End 52800 52900   time taken in seconds:  86.21205019950867
block number:  529 Start-End 52900 53000   time taken in seconds:  83.23602652549744
block number:  530 Start-End 53000 53100   time taken in seconds:  84.02102780342102
block number:  531 Start-End 53100 53200   time taken in seconds:  86.28468608856201
block number:  532 Start-End 53200 53300   time taken in seconds:  85.54426598548889
block number:  533 Start-End 53300 53400   time taken in seconds:  85.27873992919922
block number:  534 Start-End 53400 53500   time taken in seconds:  89.37337136268616
block number:  535 Start-End 53500 53600   time taken in seconds:  86.6475715637207
block number:  536 Start-End 53600 53700   time taken in seconds:  89.07944917678833
block number:  537 Start-End 53700 53800   time taken in seconds:  84.43998646736145
block number:  538 Start-End 53800 53900   time taken in seconds:  88.8711519241333
block number:  539 Start-End 53900 54000   time taken in seconds:  107.6376600265503
block number:  540 Start-End 54000 54100   time taken in seconds:  127.80983328819275
block number:  541 Start-End 54100 54200   time taken in seconds:  114.83697271347046
block number:  542 Start-End 54200 54300   time taken in seconds:  122.83274173736572
block number:  543 Start-End 54300 54400   time taken in seconds:  126.78696656227112
block number:  544 Start-End 54400 54500   time taken in seconds:  130.71527671813965
block number:  545 Start-End 54500 54600   time taken in seconds:  122.56043219566345
block number:  546 Start-End 54600 54700   time taken in seconds:  120.32380175590515
block number:  547 Start-End 54700 54800   time taken in seconds:  113.4295506477356
block number:  548 Start-End 54800 54900   time taken in seconds:  127.79144787788391
block number:  549 Start-End 54900 55000   time taken in seconds:  124.38716173171997
block number:  550 Start-End 55000 55100   time taken in seconds:  120.9051821231842
block number:  551 Start-End 55100 55200   time taken in seconds:  128.29311060905457
block number:  552 Start-End 55200 55300   time taken in seconds:  117.84451031684875
block number:  553 Start-End 55300 55400   time taken in seconds:  124.64239811897278
block number:  554 Start-End 55400 55500   time taken in seconds:  123.83328294754028
block number:  555 Start-End 55500 55600   time taken in seconds:  139.23198676109314
block number:  556 Start-End 55600 55700   time taken in seconds:  128.98571753501892
block number:  557 Start-End 55700 55800   time taken in seconds:  127.28847646713257
block number:  558 Start-End 55800 55900   time taken in seconds:  117.9049608707428
block number:  559 Start-End 55900 56000   time taken in seconds:  106.75755429267883
block number:  560 Start-End 56000 56100   time taken in seconds:  123.30422782897949
block number:  561 Start-End 56100 56200   time taken in seconds:  118.87892627716064
block number:  562 Start-End 56200 56300   time taken in seconds:  128.27385234832764
block number:  563 Start-End 56300 56400   time taken in seconds:  118.44626641273499
block number:  564 Start-End 56400 56500   time taken in seconds:  123.23930382728577
block number:  565 Start-End 56500 56600   time taken in seconds:  120.47828698158264
block number:  566 Start-End 56600 56700   time taken in seconds:  121.82564878463745
block number:  567 Start-End 56700 56800   time taken in seconds:  133.0888216495514
block number:  568 Start-End 56800 56900   time taken in seconds:  108.36520433425903
block number:  569 Start-End 56900 57000   time taken in seconds:  111.98937320709229
block number:  570 Start-End 57000 57100   time taken in seconds:  117.87926769256592
block number:  571 Start-End 57100 57200   time taken in seconds:  128.17066597938538
block number:  572 Start-End 57200 57300   time taken in seconds:  121.37823557853699
block number:  573 Start-End 57300 57400   time taken in seconds:  126.3046612739563
block number:  574 Start-End 57400 57500   time taken in seconds:  120.48974442481995
block number:  575 Start-End 57500 57600   time taken in seconds:  119.91099262237549
block number:  576 Start-End 57600 None   time taken in seconds:  34.67156386375427
Number of samples after bg: 466 
Number of temp files written 653
Time taken for concatenating temp files 12254.709340333939
Data shape after read:	x:(752604, 60, 10, 20)	y:(752604,)	wts:(752604,)
Data shape after format:	x:(752604, 10, 20, 60, 1)	y:(752604,)
Time taken in minutes  1084.6234426299732
