Data cut None
Type of data:	 regular
11361 10384
Type:  sig
Number of blocks 114
block number:  0 Start-End 0 100   time taken in seconds:  16.258808374404907
block number:  1 Start-End 100 200   time taken in seconds:  17.76166868209839
block number:  2 Start-End 200 300   time taken in seconds:  17.358800649642944
block number:  3 Start-End 300 400   time taken in seconds:  15.09825348854065
block number:  4 Start-End 400 500   time taken in seconds:  15.658732175827026
block number:  5 Start-End 500 600   time taken in seconds:  16.08565878868103
block number:  6 Start-End 600 700   time taken in seconds:  17.065764665603638
block number:  7 Start-End 700 800   time taken in seconds:  17.171773672103882
block number:  8 Start-End 800 900   time taken in seconds:  15.724133014678955
block number:  9 Start-End 900 1000   time taken in seconds:  15.36189079284668
block number:  10 Start-End 1000 1100   time taken in seconds:  16.672317504882812
block number:  11 Start-End 1100 1200   time taken in seconds:  17.01287865638733
block number:  12 Start-End 1200 1300   time taken in seconds:  16.897488117218018
block number:  13 Start-End 1300 1400   time taken in seconds:  14.19565200805664
block number:  14 Start-End 1400 1500   time taken in seconds:  17.08582353591919
block number:  15 Start-End 1500 1600   time taken in seconds:  15.885367393493652
block number:  16 Start-End 1600 1700   time taken in seconds:  16.29055881500244
block number:  17 Start-End 1700 1800   time taken in seconds:  14.168734312057495
block number:  18 Start-End 1800 1900   time taken in seconds:  18.091063261032104
block number:  19 Start-End 1900 2000   time taken in seconds:  15.921500205993652
block number:  20 Start-End 2000 2100   time taken in seconds:  17.136695384979248
block number:  21 Start-End 2100 2200   time taken in seconds:  15.762532711029053
block number:  22 Start-End 2200 2300   time taken in seconds:  15.36078953742981
block number:  23 Start-End 2300 2400   time taken in seconds:  17.378605842590332
block number:  24 Start-End 2400 2500   time taken in seconds:  16.225886821746826
block number:  25 Start-End 2500 2600   time taken in seconds:  13.993718147277832
block number:  26 Start-End 2600 2700   time taken in seconds:  13.963295936584473
block number:  27 Start-End 2700 2800   time taken in seconds:  16.965880393981934
block number:  28 Start-End 2800 2900   time taken in seconds:  16.957252025604248
block number:  29 Start-End 2900 3000   time taken in seconds:  17.381512880325317
block number:  30 Start-End 3000 3100   time taken in seconds:  14.647061586380005
block number:  31 Start-End 3100 3200   time taken in seconds:  15.21042537689209
block number:  32 Start-End 3200 3300   time taken in seconds:  15.715389013290405
block number:  33 Start-End 3300 3400   time taken in seconds:  15.264709234237671
block number:  34 Start-End 3400 3500   time taken in seconds:  14.28466010093689
block number:  35 Start-End 3500 3600   time taken in seconds:  14.350699663162231
block number:  36 Start-End 3600 3700   time taken in seconds:  15.715750932693481
block number:  37 Start-End 3700 3800   time taken in seconds:  16.922287940979004
block number:  38 Start-End 3800 3900   time taken in seconds:  15.634403467178345
block number:  39 Start-End 3900 4000   time taken in seconds:  16.990105628967285
block number:  40 Start-End 4000 4100   time taken in seconds:  16.76142930984497
block number:  41 Start-End 4100 4200   time taken in seconds:  15.90155816078186
block number:  42 Start-End 4200 4300   time taken in seconds:  16.10668158531189
block number:  43 Start-End 4300 4400   time taken in seconds:  15.102485179901123
block number:  44 Start-End 4400 4500   time taken in seconds:  13.905526638031006
block number:  45 Start-End 4500 4600   time taken in seconds:  17.932938814163208
block number:  46 Start-End 4600 4700   time taken in seconds:  17.71140456199646
block number:  47 Start-End 4700 4800   time taken in seconds:  15.862640619277954
block number:  48 Start-End 4800 4900   time taken in seconds:  22.784547567367554
block number:  49 Start-End 4900 5000   time taken in seconds:  22.74563694000244
block number:  50 Start-End 5000 5100   time taken in seconds:  18.919376611709595
block number:  51 Start-End 5100 5200   time taken in seconds:  14.868387937545776
block number:  52 Start-End 5200 5300   time taken in seconds:  18.387203216552734
block number:  53 Start-End 5300 5400   time taken in seconds:  17.942017793655396
block number:  54 Start-End 5400 5500   time taken in seconds:  15.31215763092041
block number:  55 Start-End 5500 5600   time taken in seconds:  16.504860639572144
block number:  56 Start-End 5600 5700   time taken in seconds:  14.683821678161621
block number:  57 Start-End 5700 5800   time taken in seconds:  18.003855228424072
block number:  58 Start-End 5800 5900   time taken in seconds:  14.577178001403809
block number:  59 Start-End 5900 6000   time taken in seconds:  17.451587677001953
block number:  60 Start-End 6000 6100   time taken in seconds:  15.835752010345459
block number:  61 Start-End 6100 6200   time taken in seconds:  17.347576379776
block number:  62 Start-End 6200 6300   time taken in seconds:  15.763674974441528
block number:  63 Start-End 6300 6400   time taken in seconds:  15.671761512756348
block number:  64 Start-End 6400 6500   time taken in seconds:  15.946980237960815
block number:  65 Start-End 6500 6600   time taken in seconds:  16.916383743286133
block number:  66 Start-End 6600 6700   time taken in seconds:  16.368423223495483
block number:  67 Start-End 6700 6800   time taken in seconds:  14.95199203491211
block number:  68 Start-End 6800 6900   time taken in seconds:  13.307106971740723
block number:  69 Start-End 6900 7000   time taken in seconds:  15.551214456558228
block number:  70 Start-End 7000 7100   time taken in seconds:  16.572617530822754
block number:  71 Start-End 7100 7200   time taken in seconds:  16.28905701637268
block number:  72 Start-End 7200 7300   time taken in seconds:  14.223978996276855
block number:  73 Start-End 7300 7400   time taken in seconds:  16.664645195007324
block number:  74 Start-End 7400 7500   time taken in seconds:  15.639425039291382
block number:  75 Start-End 7500 7600   time taken in seconds:  15.137064695358276
block number:  76 Start-End 7600 7700   time taken in seconds:  15.19275951385498
block number:  77 Start-End 7700 7800   time taken in seconds:  13.136199951171875
block number:  78 Start-End 7800 7900   time taken in seconds:  14.490299940109253
block number:  79 Start-End 7900 8000   time taken in seconds:  12.709936141967773
block number:  80 Start-End 8000 8100   time taken in seconds:  15.896274328231812
block number:  81 Start-End 8100 8200   time taken in seconds:  14.392210960388184
block number:  82 Start-End 8200 8300   time taken in seconds:  13.101505756378174
block number:  83 Start-End 8300 8400   time taken in seconds:  15.605215311050415
block number:  84 Start-End 8400 8500   time taken in seconds:  15.317777395248413
block number:  85 Start-End 8500 8600   time taken in seconds:  14.60430645942688
block number:  86 Start-End 8600 8700   time taken in seconds:  15.605576038360596
block number:  87 Start-End 8700 8800   time taken in seconds:  15.391108989715576
block number:  88 Start-End 8800 8900   time taken in seconds:  14.490622997283936
block number:  89 Start-End 8900 9000   time taken in seconds:  14.953631162643433
block number:  90 Start-End 9000 9100   time taken in seconds:  14.788393020629883
block number:  91 Start-End 9100 9200   time taken in seconds:  16.27228355407715
block number:  92 Start-End 9200 9300   time taken in seconds:  15.486451148986816
block number:  93 Start-End 9300 9400   time taken in seconds:  14.144779920578003
block number:  94 Start-End 9400 9500   time taken in seconds:  15.934111595153809
block number:  95 Start-End 9500 9600   time taken in seconds:  16.549952507019043
block number:  96 Start-End 9600 9700   time taken in seconds:  15.204060792922974
block number:  97 Start-End 9700 9800   time taken in seconds:  16.236551761627197
block number:  98 Start-End 9800 9900   time taken in seconds:  15.71725869178772
block number:  99 Start-End 9900 10000   time taken in seconds:  15.396445035934448
block number:  100 Start-End 10000 10100   time taken in seconds:  15.003222465515137
block number:  101 Start-End 10100 10200   time taken in seconds:  15.305442810058594
block number:  102 Start-End 10200 10300   time taken in seconds:  16.168909311294556
block number:  103 Start-End 10300 10400   time taken in seconds:  15.730608224868774
block number:  104 Start-End 10400 10500   time taken in seconds:  16.042683362960815
block number:  105 Start-End 10500 10600   time taken in seconds:  16.313076496124268
block number:  106 Start-End 10600 10700   time taken in seconds:  15.034282207489014
block number:  107 Start-End 10700 10800   time taken in seconds:  16.40707802772522
block number:  108 Start-End 10800 10900   time taken in seconds:  15.952238321304321
block number:  109 Start-End 10900 11000   time taken in seconds:  16.244420766830444
block number:  110 Start-End 11000 11100   time taken in seconds:  14.533653259277344
block number:  111 Start-End 11100 11200   time taken in seconds:  14.842105865478516
block number:  112 Start-End 11200 11300   time taken in seconds:  16.94173002243042
block number:  113 Start-End 11300 None   time taken in seconds:  9.391234636306763
Number of samples after sig: 144 
Type:  bg
Number of blocks 104
block number:  0 Start-End 0 100   time taken in seconds:  79.96160650253296
block number:  1 Start-End 100 200   time taken in seconds:  74.45536613464355
block number:  2 Start-End 200 300   time taken in seconds:  68.74197697639465
block number:  3 Start-End 300 400   time taken in seconds:  62.021552085876465
block number:  4 Start-End 400 500   time taken in seconds:  74.56487464904785
block number:  5 Start-End 500 600   time taken in seconds:  73.40374803543091
block number:  6 Start-End 600 700   time taken in seconds:  75.02769374847412
block number:  7 Start-End 700 800   time taken in seconds:  79.00087094306946
block number:  8 Start-End 800 900   time taken in seconds:  68.70228505134583
block number:  9 Start-End 900 1000   time taken in seconds:  70.08445715904236
block number:  10 Start-End 1000 1100   time taken in seconds:  72.11002230644226
block number:  11 Start-End 1100 1200   time taken in seconds:  70.87863063812256
block number:  12 Start-End 1200 1300   time taken in seconds:  66.72884798049927
block number:  13 Start-End 1300 1400   time taken in seconds:  73.68780183792114
block number:  14 Start-End 1400 1500   time taken in seconds:  76.90393543243408
block number:  15 Start-End 1500 1600   time taken in seconds:  78.33014011383057
block number:  16 Start-End 1600 1700   time taken in seconds:  72.72548913955688
block number:  17 Start-End 1700 1800   time taken in seconds:  77.7468957901001
block number:  18 Start-End 1800 1900   time taken in seconds:  82.16795563697815
block number:  19 Start-End 1900 2000   time taken in seconds:  72.81728625297546
block number:  20 Start-End 2000 2100   time taken in seconds:  75.35026574134827
block number:  21 Start-End 2100 2200   time taken in seconds:  74.53121066093445
block number:  22 Start-End 2200 2300   time taken in seconds:  75.71528506278992
block number:  23 Start-End 2300 2400   time taken in seconds:  67.74565100669861
block number:  24 Start-End 2400 2500   time taken in seconds:  65.84168004989624
block number:  25 Start-End 2500 2600   time taken in seconds:  78.30911946296692
block number:  26 Start-End 2600 2700   time taken in seconds:  71.07911038398743
block number:  27 Start-End 2700 2800   time taken in seconds:  75.27269339561462
block number:  28 Start-End 2800 2900   time taken in seconds:  71.93871021270752
block number:  29 Start-End 2900 3000   time taken in seconds:  69.87757110595703
block number:  30 Start-End 3000 3100   time taken in seconds:  74.0863687992096
block number:  31 Start-End 3100 3200   time taken in seconds:  72.15212512016296
block number:  32 Start-End 3200 3300   time taken in seconds:  72.38656330108643
block number:  33 Start-End 3300 3400   time taken in seconds:  72.83101963996887
block number:  34 Start-End 3400 3500   time taken in seconds:  66.64035892486572
block number:  35 Start-End 3500 3600   time taken in seconds:  81.1428291797638
block number:  36 Start-End 3600 3700   time taken in seconds:  70.31231832504272
block number:  37 Start-End 3700 3800   time taken in seconds:  83.59056830406189
block number:  38 Start-End 3800 3900   time taken in seconds:  77.18324637413025
block number:  39 Start-End 3900 4000   time taken in seconds:  74.39742398262024
block number:  40 Start-End 4000 4100   time taken in seconds:  76.8366973400116
block number:  41 Start-End 4100 4200   time taken in seconds:  74.73721933364868
block number:  42 Start-End 4200 4300   time taken in seconds:  74.12607598304749
block number:  43 Start-End 4300 4400   time taken in seconds:  80.05691528320312
block number:  44 Start-End 4400 4500   time taken in seconds:  79.26713943481445
block number:  45 Start-End 4500 4600   time taken in seconds:  74.38685178756714
block number:  46 Start-End 4600 4700   time taken in seconds:  70.6018648147583
block number:  47 Start-End 4700 4800   time taken in seconds:  80.50268840789795
block number:  48 Start-End 4800 4900   time taken in seconds:  62.29293870925903
block number:  49 Start-End 4900 5000   time taken in seconds:  69.49072647094727
block number:  50 Start-End 5000 5100   time taken in seconds:  72.82012486457825
block number:  51 Start-End 5100 5200   time taken in seconds:  79.24357843399048
block number:  52 Start-End 5200 5300   time taken in seconds:  71.95140266418457
block number:  53 Start-End 5300 5400   time taken in seconds:  76.86825323104858
block number:  54 Start-End 5400 5500   time taken in seconds:  70.0766031742096
block number:  55 Start-End 5500 5600   time taken in seconds:  72.86803460121155
block number:  56 Start-End 5600 5700   time taken in seconds:  79.04685139656067
block number:  57 Start-End 5700 5800   time taken in seconds:  70.83774137496948
block number:  58 Start-End 5800 5900   time taken in seconds:  78.7055492401123
block number:  59 Start-End 5900 6000   time taken in seconds:  73.80593585968018
block number:  60 Start-End 6000 6100   time taken in seconds:  73.4412751197815
block number:  61 Start-End 6100 6200   time taken in seconds:  77.27046012878418
block number:  62 Start-End 6200 6300   time taken in seconds:  75.14211940765381
block number:  63 Start-End 6300 6400   time taken in seconds:  74.61655783653259
block number:  64 Start-End 6400 6500   time taken in seconds:  76.27941346168518
block number:  65 Start-End 6500 6600   time taken in seconds:  72.84587526321411
block number:  66 Start-End 6600 6700   time taken in seconds:  64.70321393013
block number:  67 Start-End 6700 6800   time taken in seconds:  74.99013543128967
block number:  68 Start-End 6800 6900   time taken in seconds:  76.30274081230164
block number:  69 Start-End 6900 7000   time taken in seconds:  75.62629437446594
block number:  70 Start-End 7000 7100   time taken in seconds:  75.54019379615784
block number:  71 Start-End 7100 7200   time taken in seconds:  80.61603236198425
block number:  72 Start-End 7200 7300   time taken in seconds:  78.96927952766418
block number:  73 Start-End 7300 7400   time taken in seconds:  73.76219391822815
block number:  74 Start-End 7400 7500   time taken in seconds:  77.79116034507751
block number:  75 Start-End 7500 7600   time taken in seconds:  72.81923031806946
block number:  76 Start-End 7600 7700   time taken in seconds:  75.17220211029053
block number:  77 Start-End 7700 7800   time taken in seconds:  73.14641880989075
block number:  78 Start-End 7800 7900   time taken in seconds:  73.77087378501892
block number:  79 Start-End 7900 8000   time taken in seconds:  72.07516932487488
block number:  80 Start-End 8000 8100   time taken in seconds:  76.39773464202881
block number:  81 Start-End 8100 8200   time taken in seconds:  80.92657494544983
block number:  82 Start-End 8200 8300   time taken in seconds:  72.91070079803467
block number:  83 Start-End 8300 8400   time taken in seconds:  75.80277180671692
block number:  84 Start-End 8400 8500   time taken in seconds:  78.06183099746704
block number:  85 Start-End 8500 8600   time taken in seconds:  72.79501485824585
block number:  86 Start-End 8600 8700   time taken in seconds:  84.56077742576599
block number:  87 Start-End 8700 8800   time taken in seconds:  77.24980211257935
block number:  88 Start-End 8800 8900   time taken in seconds:  69.59883832931519
block number:  89 Start-End 8900 9000   time taken in seconds:  75.4782783985138
block number:  90 Start-End 9000 9100   time taken in seconds:  72.87988424301147
block number:  91 Start-End 9100 9200   time taken in seconds:  78.75640726089478
block number:  92 Start-End 9200 9300   time taken in seconds:  74.72210144996643
block number:  93 Start-End 9300 9400   time taken in seconds:  67.30859208106995
block number:  94 Start-End 9400 9500   time taken in seconds:  76.04298901557922
block number:  95 Start-End 9500 9600   time taken in seconds:  73.40296483039856
block number:  96 Start-End 9600 9700   time taken in seconds:  78.90514874458313
block number:  97 Start-End 9700 9800   time taken in seconds:  74.37318301200867
block number:  98 Start-End 9800 9900   time taken in seconds:  71.60456347465515
block number:  99 Start-End 9900 10000   time taken in seconds:  75.70163154602051
block number:  100 Start-End 10000 10100   time taken in seconds:  74.12991189956665
block number:  101 Start-End 10100 10200   time taken in seconds:  78.09574723243713
block number:  102 Start-End 10200 10300   time taken in seconds:  77.49182939529419
block number:  103 Start-End 10300 None   time taken in seconds:  59.97530651092529
Number of samples after bg: 872 
Number of temp files written 218
Time taken for concatenating temp files 378.8210127353668
Data shape after read:	x:(136066, 60, 10, 20)	y:(136066,)	wts:(136066,)
Data shape after format:	x:(136066, 10, 20, 60, 1)	y:(136066,)
Time taken in minutes  165.47906912167866
Type of data:	 reserved
7593 57635
Type:  sig
Number of blocks 76
block number:  0 Start-End 0 100   time taken in seconds:  15.700469732284546
block number:  1 Start-End 100 200   time taken in seconds:  16.708781003952026
block number:  2 Start-End 200 300   time taken in seconds:  15.640151977539062
block number:  3 Start-End 300 400   time taken in seconds:  16.079630613327026
block number:  4 Start-End 400 500   time taken in seconds:  16.33831024169922
block number:  5 Start-End 500 600   time taken in seconds:  17.059163093566895
block number:  6 Start-End 600 700   time taken in seconds:  15.685621500015259
block number:  7 Start-End 700 800   time taken in seconds:  15.88138222694397
block number:  8 Start-End 800 900   time taken in seconds:  15.190542459487915
block number:  9 Start-End 900 1000   time taken in seconds:  17.598461389541626
block number:  10 Start-End 1000 1100   time taken in seconds:  16.86787724494934
block number:  11 Start-End 1100 1200   time taken in seconds:  16.946836233139038
block number:  12 Start-End 1200 1300   time taken in seconds:  14.772112607955933
block number:  13 Start-End 1300 1400   time taken in seconds:  16.287386894226074
block number:  14 Start-End 1400 1500   time taken in seconds:  15.803589582443237
block number:  15 Start-End 1500 1600   time taken in seconds:  15.035830020904541
block number:  16 Start-End 1600 1700   time taken in seconds:  15.714065074920654
block number:  17 Start-End 1700 1800   time taken in seconds:  15.990481853485107
block number:  18 Start-End 1800 1900   time taken in seconds:  13.664066076278687
block number:  19 Start-End 1900 2000   time taken in seconds:  16.512742519378662
block number:  20 Start-End 2000 2100   time taken in seconds:  15.412872552871704
block number:  21 Start-End 2100 2200   time taken in seconds:  14.735056161880493
block number:  22 Start-End 2200 2300   time taken in seconds:  15.373151540756226
block number:  23 Start-End 2300 2400   time taken in seconds:  15.052523136138916
block number:  24 Start-End 2400 2500   time taken in seconds:  16.535155057907104
block number:  25 Start-End 2500 2600   time taken in seconds:  15.107027053833008
block number:  26 Start-End 2600 2700   time taken in seconds:  15.888875007629395
block number:  27 Start-End 2700 2800   time taken in seconds:  15.14262866973877
block number:  28 Start-End 2800 2900   time taken in seconds:  15.276063919067383
block number:  29 Start-End 2900 3000   time taken in seconds:  14.719447374343872
block number:  30 Start-End 3000 3100   time taken in seconds:  16.789390325546265
block number:  31 Start-End 3100 3200   time taken in seconds:  14.745078563690186
block number:  32 Start-End 3200 3300   time taken in seconds:  18.110828161239624
block number:  33 Start-End 3300 3400   time taken in seconds:  15.722612619400024
block number:  34 Start-End 3400 3500   time taken in seconds:  14.722413301467896
block number:  35 Start-End 3500 3600   time taken in seconds:  14.740556955337524
block number:  36 Start-End 3600 3700   time taken in seconds:  15.126800775527954
block number:  37 Start-End 3700 3800   time taken in seconds:  14.675182580947876
block number:  38 Start-End 3800 3900   time taken in seconds:  17.02446222305298
block number:  39 Start-End 3900 4000   time taken in seconds:  18.24627375602722
block number:  40 Start-End 4000 4100   time taken in seconds:  14.999654054641724
block number:  41 Start-End 4100 4200   time taken in seconds:  14.30088996887207
block number:  42 Start-End 4200 4300   time taken in seconds:  16.249868392944336
block number:  43 Start-End 4300 4400   time taken in seconds:  13.351764917373657
block number:  44 Start-End 4400 4500   time taken in seconds:  14.59684681892395
block number:  45 Start-End 4500 4600   time taken in seconds:  15.696713209152222
block number:  46 Start-End 4600 4700   time taken in seconds:  15.151174306869507
block number:  47 Start-End 4700 4800   time taken in seconds:  14.07460331916809
block number:  48 Start-End 4800 4900   time taken in seconds:  15.96139407157898
block number:  49 Start-End 4900 5000   time taken in seconds:  16.39719009399414
block number:  50 Start-End 5000 5100   time taken in seconds:  15.525608777999878
block number:  51 Start-End 5100 5200   time taken in seconds:  16.16877841949463
block number:  52 Start-End 5200 5300   time taken in seconds:  13.296348333358765
block number:  53 Start-End 5300 5400   time taken in seconds:  17.34623408317566
block number:  54 Start-End 5400 5500   time taken in seconds:  15.514655351638794
block number:  55 Start-End 5500 5600   time taken in seconds:  15.459132194519043
block number:  56 Start-End 5600 5700   time taken in seconds:  15.367141008377075
block number:  57 Start-End 5700 5800   time taken in seconds:  15.678634405136108
block number:  58 Start-End 5800 5900   time taken in seconds:  15.431787490844727
block number:  59 Start-End 5900 6000   time taken in seconds:  16.70466423034668
block number:  60 Start-End 6000 6100   time taken in seconds:  13.463751554489136
block number:  61 Start-End 6100 6200   time taken in seconds:  16.420432567596436
block number:  62 Start-End 6200 6300   time taken in seconds:  16.00633931159973
block number:  63 Start-End 6300 6400   time taken in seconds:  14.068674802780151
block number:  64 Start-End 6400 6500   time taken in seconds:  14.594322204589844
block number:  65 Start-End 6500 6600   time taken in seconds:  13.80166244506836
block number:  66 Start-End 6600 6700   time taken in seconds:  15.05749773979187
block number:  67 Start-End 6700 6800   time taken in seconds:  15.54259967803955
block number:  68 Start-End 6800 6900   time taken in seconds:  14.896629810333252
block number:  69 Start-End 6900 7000   time taken in seconds:  16.4822518825531
block number:  70 Start-End 7000 7100   time taken in seconds:  18.32756209373474
block number:  71 Start-End 7100 7200   time taken in seconds:  15.719850778579712
block number:  72 Start-End 7200 7300   time taken in seconds:  14.44580078125
block number:  73 Start-End 7300 7400   time taken in seconds:  16.13543152809143
block number:  74 Start-End 7400 7500   time taken in seconds:  14.08010745048523
block number:  75 Start-End 7500 None   time taken in seconds:  15.28542160987854
Number of samples after sig: 233 
Type:  bg
Number of blocks 577
block number:  0 Start-End 0 100   time taken in seconds:  89.88653707504272
block number:  1 Start-End 100 200   time taken in seconds:  91.84893298149109
block number:  2 Start-End 200 300   time taken in seconds:  91.05232572555542
block number:  3 Start-End 300 400   time taken in seconds:  90.02364659309387
block number:  4 Start-End 400 500   time taken in seconds:  87.61159491539001
block number:  5 Start-End 500 600   time taken in seconds:  89.98829746246338
block number:  6 Start-End 600 700   time taken in seconds:  88.91714596748352
block number:  7 Start-End 700 800   time taken in seconds:  92.38908338546753
block number:  8 Start-End 800 900   time taken in seconds:  87.22952508926392
block number:  9 Start-End 900 1000   time taken in seconds:  87.84037685394287
block number:  10 Start-End 1000 1100   time taken in seconds:  92.92023253440857
block number:  11 Start-End 1100 1200   time taken in seconds:  89.27062559127808
block number:  12 Start-End 1200 1300   time taken in seconds:  93.37439298629761
block number:  13 Start-End 1300 1400   time taken in seconds:  90.25851559638977
block number:  14 Start-End 1400 1500   time taken in seconds:  93.80471777915955
block number:  15 Start-End 1500 1600   time taken in seconds:  88.8626480102539
block number:  16 Start-End 1600 1700   time taken in seconds:  88.07941007614136
block number:  17 Start-End 1700 1800   time taken in seconds:  90.68930006027222
block number:  18 Start-End 1800 1900   time taken in seconds:  86.25695538520813
block number:  19 Start-End 1900 2000   time taken in seconds:  94.95024800300598
block number:  20 Start-End 2000 2100   time taken in seconds:  91.0310709476471
block number:  21 Start-End 2100 2200   time taken in seconds:  91.0849220752716
block number:  22 Start-End 2200 2300   time taken in seconds:  85.09352207183838
block number:  23 Start-End 2300 2400   time taken in seconds:  89.1553807258606
block number:  24 Start-End 2400 2500   time taken in seconds:  89.22517895698547
block number:  25 Start-End 2500 2600   time taken in seconds:  92.43282699584961
block number:  26 Start-End 2600 2700   time taken in seconds:  97.13089942932129
block number:  27 Start-End 2700 2800   time taken in seconds:  89.81419658660889
block number:  28 Start-End 2800 2900   time taken in seconds:  94.95849466323853
block number:  29 Start-End 2900 3000   time taken in seconds:  87.17119646072388
block number:  30 Start-End 3000 3100   time taken in seconds:  89.29587888717651
block number:  31 Start-End 3100 3200   time taken in seconds:  93.58959317207336
block number:  32 Start-End 3200 3300   time taken in seconds:  87.2484200000763
block number:  33 Start-End 3300 3400   time taken in seconds:  91.70428371429443
block number:  34 Start-End 3400 3500   time taken in seconds:  87.80497455596924
block number:  35 Start-End 3500 3600   time taken in seconds:  90.96150612831116
block number:  36 Start-End 3600 3700   time taken in seconds:  92.46984267234802
block number:  37 Start-End 3700 3800   time taken in seconds:  90.47695875167847
block number:  38 Start-End 3800 3900   time taken in seconds:  88.81974864006042
block number:  39 Start-End 3900 4000   time taken in seconds:  83.28106307983398
block number:  40 Start-End 4000 4100   time taken in seconds:  88.33056282997131
block number:  41 Start-End 4100 4200   time taken in seconds:  89.57831406593323
block number:  42 Start-End 4200 4300   time taken in seconds:  87.92700481414795
block number:  43 Start-End 4300 4400   time taken in seconds:  89.91544580459595
block number:  44 Start-End 4400 4500   time taken in seconds:  94.94922041893005
block number:  45 Start-End 4500 4600   time taken in seconds:  88.4582109451294
block number:  46 Start-End 4600 4700   time taken in seconds:  90.64574313163757
block number:  47 Start-End 4700 4800   time taken in seconds:  88.82534265518188
block number:  48 Start-End 4800 4900   time taken in seconds:  92.58639192581177
block number:  49 Start-End 4900 5000   time taken in seconds:  85.21049213409424
block number:  50 Start-End 5000 5100   time taken in seconds:  89.55501079559326
block number:  51 Start-End 5100 5200   time taken in seconds:  90.51088786125183
block number:  52 Start-End 5200 5300   time taken in seconds:  88.98061037063599
block number:  53 Start-End 5300 5400   time taken in seconds:  89.20184350013733
block number:  54 Start-End 5400 5500   time taken in seconds:  90.7323579788208
block number:  55 Start-End 5500 5600   time taken in seconds:  87.57078456878662
block number:  56 Start-End 5600 5700   time taken in seconds:  82.21301436424255
block number:  57 Start-End 5700 5800   time taken in seconds:  85.8986246585846
block number:  58 Start-End 5800 5900   time taken in seconds:  90.259202003479
block number:  59 Start-End 5900 6000   time taken in seconds:  92.67209100723267
block number:  60 Start-End 6000 6100   time taken in seconds:  86.6087908744812
block number:  61 Start-End 6100 6200   time taken in seconds:  85.10340356826782
block number:  62 Start-End 6200 6300   time taken in seconds:  93.63731861114502
block number:  63 Start-End 6300 6400   time taken in seconds:  88.06179451942444
block number:  64 Start-End 6400 6500   time taken in seconds:  87.54968047142029
block number:  65 Start-End 6500 6600   time taken in seconds:  93.41025114059448
block number:  66 Start-End 6600 6700   time taken in seconds:  88.87815546989441
block number:  67 Start-End 6700 6800   time taken in seconds:  91.19092035293579
block number:  68 Start-End 6800 6900   time taken in seconds:  87.54709315299988
block number:  69 Start-End 6900 7000   time taken in seconds:  86.56791377067566
block number:  70 Start-End 7000 7100   time taken in seconds:  85.49505519866943
block number:  71 Start-End 7100 7200   time taken in seconds:  91.58355045318604
block number:  72 Start-End 7200 7300   time taken in seconds:  92.69839406013489
block number:  73 Start-End 7300 7400   time taken in seconds:  85.51104855537415
block number:  74 Start-End 7400 7500   time taken in seconds:  85.9152455329895
block number:  75 Start-End 7500 7600   time taken in seconds:  95.97195529937744
block number:  76 Start-End 7600 7700   time taken in seconds:  88.12269616127014
block number:  77 Start-End 7700 7800   time taken in seconds:  94.43131160736084
block number:  78 Start-End 7800 7900   time taken in seconds:  89.40536856651306
block number:  79 Start-End 7900 8000   time taken in seconds:  90.15743017196655
block number:  80 Start-End 8000 8100   time taken in seconds:  93.39403510093689
block number:  81 Start-End 8100 8200   time taken in seconds:  89.58808898925781
block number:  82 Start-End 8200 8300   time taken in seconds:  88.28225493431091
block number:  83 Start-End 8300 8400   time taken in seconds:  85.33247780799866
block number:  84 Start-End 8400 8500   time taken in seconds:  88.38544201850891
block number:  85 Start-End 8500 8600   time taken in seconds:  90.29135751724243
block number:  86 Start-End 8600 8700   time taken in seconds:  87.67522668838501
block number:  87 Start-End 8700 8800   time taken in seconds:  86.43894171714783
block number:  88 Start-End 8800 8900   time taken in seconds:  90.75367736816406
block number:  89 Start-End 8900 9000   time taken in seconds:  86.68405103683472
block number:  90 Start-End 9000 9100   time taken in seconds:  88.15132308006287
block number:  91 Start-End 9100 9200   time taken in seconds:  92.04447817802429
block number:  92 Start-End 9200 9300   time taken in seconds:  92.33128643035889
block number:  93 Start-End 9300 9400   time taken in seconds:  88.98610830307007
block number:  94 Start-End 9400 9500   time taken in seconds:  90.363365650177
block number:  95 Start-End 9500 9600   time taken in seconds:  87.57296228408813
block number:  96 Start-End 9600 9700   time taken in seconds:  85.9621639251709
block number:  97 Start-End 9700 9800   time taken in seconds:  89.98134064674377
block number:  98 Start-End 9800 9900   time taken in seconds:  87.4221580028534
block number:  99 Start-End 9900 10000   time taken in seconds:  89.54784774780273
block number:  100 Start-End 10000 10100   time taken in seconds:  89.4011664390564
block number:  101 Start-End 10100 10200   time taken in seconds:  88.36645078659058
block number:  102 Start-End 10200 10300   time taken in seconds:  89.43472456932068
block number:  103 Start-End 10300 10400   time taken in seconds:  88.17783331871033
block number:  104 Start-End 10400 10500   time taken in seconds:  88.42265510559082
block number:  105 Start-End 10500 10600   time taken in seconds:  83.83251452445984
block number:  106 Start-End 10600 10700   time taken in seconds:  91.75928163528442
block number:  107 Start-End 10700 10800   time taken in seconds:  86.69353771209717
block number:  108 Start-End 10800 10900   time taken in seconds:  84.54577112197876
block number:  109 Start-End 10900 11000   time taken in seconds:  90.76345586776733
block number:  110 Start-End 11000 11100   time taken in seconds:  86.90137600898743
block number:  111 Start-End 11100 11200   time taken in seconds:  95.44416666030884
block number:  112 Start-End 11200 11300   time taken in seconds:  85.16153931617737
block number:  113 Start-End 11300 11400   time taken in seconds:  88.80169153213501
block number:  114 Start-End 11400 11500   time taken in seconds:  88.58164072036743
block number:  115 Start-End 11500 11600   time taken in seconds:  89.44252061843872
block number:  116 Start-End 11600 11700   time taken in seconds:  91.43731665611267
block number:  117 Start-End 11700 11800   time taken in seconds:  93.44900751113892
block number:  118 Start-End 11800 11900   time taken in seconds:  91.02237367630005
block number:  119 Start-End 11900 12000   time taken in seconds:  87.65659308433533
block number:  120 Start-End 12000 12100   time taken in seconds:  88.4293737411499
block number:  121 Start-End 12100 12200   time taken in seconds:  94.75831651687622
block number:  122 Start-End 12200 12300   time taken in seconds:  86.94370675086975
block number:  123 Start-End 12300 12400   time taken in seconds:  94.17323184013367
block number:  124 Start-End 12400 12500   time taken in seconds:  89.79969787597656
block number:  125 Start-End 12500 12600   time taken in seconds:  93.62007689476013
block number:  126 Start-End 12600 12700   time taken in seconds:  89.8462405204773
block number:  127 Start-End 12700 12800   time taken in seconds:  88.61620116233826
block number:  128 Start-End 12800 12900   time taken in seconds:  88.67038083076477
block number:  129 Start-End 12900 13000   time taken in seconds:  88.02205085754395
block number:  130 Start-End 13000 13100   time taken in seconds:  86.7655725479126
block number:  131 Start-End 13100 13200   time taken in seconds:  84.1893663406372
block number:  132 Start-End 13200 13300   time taken in seconds:  87.19170713424683
block number:  133 Start-End 13300 13400   time taken in seconds:  89.53725409507751
block number:  134 Start-End 13400 13500   time taken in seconds:  91.9779200553894
block number:  135 Start-End 13500 13600   time taken in seconds:  92.58789777755737
block number:  136 Start-End 13600 13700   time taken in seconds:  89.40246176719666
block number:  137 Start-End 13700 13800   time taken in seconds:  89.94652104377747
block number:  138 Start-End 13800 13900   time taken in seconds:  87.9968945980072
block number:  139 Start-End 13900 14000   time taken in seconds:  89.69513845443726
block number:  140 Start-End 14000 14100   time taken in seconds:  89.12104177474976
block number:  141 Start-End 14100 14200   time taken in seconds:  88.51429104804993
block number:  142 Start-End 14200 14300   time taken in seconds:  89.07827305793762
block number:  143 Start-End 14300 14400   time taken in seconds:  82.28905963897705
block number:  144 Start-End 14400 14500   time taken in seconds:  82.77079892158508
block number:  145 Start-End 14500 14600   time taken in seconds:  88.7679374217987
block number:  146 Start-End 14600 14700   time taken in seconds:  88.17087721824646
block number:  147 Start-End 14700 14800   time taken in seconds:  86.21084856987
block number:  148 Start-End 14800 14900   time taken in seconds:  89.49859380722046
block number:  149 Start-End 14900 15000   time taken in seconds:  89.70398020744324
block number:  150 Start-End 15000 15100   time taken in seconds:  89.32386088371277
block number:  151 Start-End 15100 15200   time taken in seconds:  85.54480814933777
block number:  152 Start-End 15200 15300   time taken in seconds:  84.72675895690918
block number:  153 Start-End 15300 15400   time taken in seconds:  88.43979835510254
block number:  154 Start-End 15400 15500   time taken in seconds:  86.68948888778687
block number:  155 Start-End 15500 15600   time taken in seconds:  92.0525233745575
block number:  156 Start-End 15600 15700   time taken in seconds:  90.72271990776062
block number:  157 Start-End 15700 15800   time taken in seconds:  87.76170229911804
block number:  158 Start-End 15800 15900   time taken in seconds:  86.42329788208008
block number:  159 Start-End 15900 16000   time taken in seconds:  92.44296598434448
block number:  160 Start-End 16000 16100   time taken in seconds:  86.78491449356079
block number:  161 Start-End 16100 16200   time taken in seconds:  89.14228224754333
block number:  162 Start-End 16200 16300   time taken in seconds:  90.12582564353943
block number:  163 Start-End 16300 16400   time taken in seconds:  89.44077444076538
block number:  164 Start-End 16400 16500   time taken in seconds:  90.75838232040405
block number:  165 Start-End 16500 16600   time taken in seconds:  89.52648305892944
block number:  166 Start-End 16600 16700   time taken in seconds:  87.87259697914124
block number:  167 Start-End 16700 16800   time taken in seconds:  87.62751746177673
block number:  168 Start-End 16800 16900   time taken in seconds:  85.7195954322815
block number:  169 Start-End 16900 17000   time taken in seconds:  87.83825850486755
block number:  170 Start-End 17000 17100   time taken in seconds:  88.66060948371887
block number:  171 Start-End 17100 17200   time taken in seconds:  88.05091071128845
block number:  172 Start-End 17200 17300   time taken in seconds:  90.10311722755432
block number:  173 Start-End 17300 17400   time taken in seconds:  89.13752031326294
block number:  174 Start-End 17400 17500   time taken in seconds:  85.60917139053345
block number:  175 Start-End 17500 17600   time taken in seconds:  83.16700077056885
block number:  176 Start-End 17600 17700   time taken in seconds:  85.36461305618286
block number:  177 Start-End 17700 17800   time taken in seconds:  84.56387543678284
block number:  178 Start-End 17800 17900   time taken in seconds:  91.26559805870056
block number:  179 Start-End 17900 18000   time taken in seconds:  87.14373016357422
block number:  180 Start-End 18000 18100   time taken in seconds:  88.30305981636047
block number:  181 Start-End 18100 18200   time taken in seconds:  83.27305197715759
block number:  182 Start-End 18200 18300   time taken in seconds:  90.62883734703064
block number:  183 Start-End 18300 18400   time taken in seconds:  86.22304630279541
block number:  184 Start-End 18400 18500   time taken in seconds:  86.12823438644409
block number:  185 Start-End 18500 18600   time taken in seconds:  91.8519971370697
block number:  186 Start-End 18600 18700   time taken in seconds:  86.08123970031738
block number:  187 Start-End 18700 18800   time taken in seconds:  87.07676863670349
block number:  188 Start-End 18800 18900   time taken in seconds:  89.64213299751282
block number:  189 Start-End 18900 19000   time taken in seconds:  91.89456629753113
block number:  190 Start-End 19000 19100   time taken in seconds:  90.17587327957153
block number:  191 Start-End 19100 19200   time taken in seconds:  90.50125169754028
block number:  192 Start-End 19200 19300   time taken in seconds:  92.15523791313171
block number:  193 Start-End 19300 19400   time taken in seconds:  84.66478514671326
block number:  194 Start-End 19400 19500   time taken in seconds:  89.04804396629333
block number:  195 Start-End 19500 19600   time taken in seconds:  90.75136399269104
block number:  196 Start-End 19600 19700   time taken in seconds:  85.31614947319031
block number:  197 Start-End 19700 19800   time taken in seconds:  88.38408613204956
block number:  198 Start-End 19800 19900   time taken in seconds:  88.95233845710754
block number:  199 Start-End 19900 20000   time taken in seconds:  87.43565607070923
block number:  200 Start-End 20000 20100   time taken in seconds:  91.85684180259705
block number:  201 Start-End 20100 20200   time taken in seconds:  90.94691061973572
block number:  202 Start-End 20200 20300   time taken in seconds:  87.75839924812317
block number:  203 Start-End 20300 20400   time taken in seconds:  88.39857363700867
block number:  204 Start-End 20400 20500   time taken in seconds:  91.02513575553894
block number:  205 Start-End 20500 20600   time taken in seconds:  90.71478128433228
block number:  206 Start-End 20600 20700   time taken in seconds:  89.73677659034729
block number:  207 Start-End 20700 20800   time taken in seconds:  85.70991039276123
block number:  208 Start-End 20800 20900   time taken in seconds:  90.51766848564148
block number:  209 Start-End 20900 21000   time taken in seconds:  95.0277247428894
block number:  210 Start-End 21000 21100   time taken in seconds:  92.91470742225647
block number:  211 Start-End 21100 21200   time taken in seconds:  85.34496521949768
block number:  212 Start-End 21200 21300   time taken in seconds:  90.53562021255493
block number:  213 Start-End 21300 21400   time taken in seconds:  89.76995587348938
block number:  214 Start-End 21400 21500   time taken in seconds:  90.65130996704102
block number:  215 Start-End 21500 21600   time taken in seconds:  96.43650913238525
block number:  216 Start-End 21600 21700   time taken in seconds:  91.15854358673096
block number:  217 Start-End 21700 21800   time taken in seconds:  93.05213141441345
block number:  218 Start-End 21800 21900   time taken in seconds:  82.30634355545044
block number:  219 Start-End 21900 22000   time taken in seconds:  91.30084013938904
block number:  220 Start-End 22000 22100   time taken in seconds:  80.89838027954102
block number:  221 Start-End 22100 22200   time taken in seconds:  86.66424179077148
block number:  222 Start-End 22200 22300   time taken in seconds:  90.54990530014038
block number:  223 Start-End 22300 22400   time taken in seconds:  84.56557655334473
block number:  224 Start-End 22400 22500   time taken in seconds:  92.85651993751526
block number:  225 Start-End 22500 22600   time taken in seconds:  95.28650403022766
block number:  226 Start-End 22600 22700   time taken in seconds:  91.89020013809204
block number:  227 Start-End 22700 22800   time taken in seconds:  90.59837007522583
block number:  228 Start-End 22800 22900   time taken in seconds:  88.9037024974823
block number:  229 Start-End 22900 23000   time taken in seconds:  89.59728789329529
block number:  230 Start-End 23000 23100   time taken in seconds:  89.48097896575928
block number:  231 Start-End 23100 23200   time taken in seconds:  89.26648426055908
block number:  232 Start-End 23200 23300   time taken in seconds:  87.52627897262573
block number:  233 Start-End 23300 23400   time taken in seconds:  93.25953388214111
block number:  234 Start-End 23400 23500   time taken in seconds:  92.22036957740784
block number:  235 Start-End 23500 23600   time taken in seconds:  90.33906888961792
block number:  236 Start-End 23600 23700   time taken in seconds:  91.76745128631592
block number:  237 Start-End 23700 23800   time taken in seconds:  88.19757556915283
block number:  238 Start-End 23800 23900   time taken in seconds:  95.18885731697083
block number:  239 Start-End 23900 24000   time taken in seconds:  92.92486333847046
block number:  240 Start-End 24000 24100   time taken in seconds:  90.46306943893433
block number:  241 Start-End 24100 24200   time taken in seconds:  89.9667580127716
block number:  242 Start-End 24200 24300   time taken in seconds:  88.47483444213867
block number:  243 Start-End 24300 24400   time taken in seconds:  94.28206372261047
block number:  244 Start-End 24400 24500   time taken in seconds:  90.19063544273376
block number:  245 Start-End 24500 24600   time taken in seconds:  86.1809573173523
block number:  246 Start-End 24600 24700   time taken in seconds:  90.89775586128235
block number:  247 Start-End 24700 24800   time taken in seconds:  91.2743833065033
block number:  248 Start-End 24800 24900   time taken in seconds:  90.2641851902008
block number:  249 Start-End 24900 25000   time taken in seconds:  89.72938132286072
block number:  250 Start-End 25000 25100   time taken in seconds:  93.67952632904053
block number:  251 Start-End 25100 25200   time taken in seconds:  86.82801556587219
block number:  252 Start-End 25200 25300   time taken in seconds:  93.6251163482666
block number:  253 Start-End 25300 25400   time taken in seconds:  92.79706811904907
block number:  254 Start-End 25400 25500   time taken in seconds:  91.51586079597473
block number:  255 Start-End 25500 25600   time taken in seconds:  87.65496444702148
block number:  256 Start-End 25600 25700   time taken in seconds:  91.0028944015503
block number:  257 Start-End 25700 25800   time taken in seconds:  95.88892841339111
block number:  258 Start-End 25800 25900   time taken in seconds:  96.82894778251648
block number:  259 Start-End 25900 26000   time taken in seconds:  98.53103351593018
block number:  260 Start-End 26000 26100   time taken in seconds:  99.67140650749207
block number:  261 Start-End 26100 26200   time taken in seconds:  104.51287364959717
block number:  262 Start-End 26200 26300   time taken in seconds:  102.71384286880493
block number:  263 Start-End 26300 26400   time taken in seconds:  105.97801756858826
block number:  264 Start-End 26400 26500   time taken in seconds:  106.15196919441223
block number:  265 Start-End 26500 26600   time taken in seconds:  107.59552884101868
block number:  266 Start-End 26600 26700   time taken in seconds:  111.16613459587097
block number:  267 Start-End 26700 26800   time taken in seconds:  91.55225539207458
block number:  268 Start-End 26800 26900   time taken in seconds:  103.98756122589111
block number:  269 Start-End 26900 27000   time taken in seconds:  111.24319076538086
block number:  270 Start-End 27000 27100   time taken in seconds:  106.52458119392395
block number:  271 Start-End 27100 27200   time taken in seconds:  99.518385887146
block number:  272 Start-End 27200 27300   time taken in seconds:  107.5679771900177
block number:  273 Start-End 27300 27400   time taken in seconds:  100.63912034034729
block number:  274 Start-End 27400 27500   time taken in seconds:  108.08754754066467
block number:  275 Start-End 27500 27600   time taken in seconds:  100.26647424697876
block number:  276 Start-End 27600 27700   time taken in seconds:  102.22084379196167
block number:  277 Start-End 27700 27800   time taken in seconds:  104.07005620002747
block number:  278 Start-End 27800 27900   time taken in seconds:  101.70256972312927
block number:  279 Start-End 27900 28000   time taken in seconds:  93.65793108940125
block number:  280 Start-End 28000 28100   time taken in seconds:  96.80284309387207
block number:  281 Start-End 28100 28200   time taken in seconds:  105.88174700737
block number:  282 Start-End 28200 28300   time taken in seconds:  105.74688959121704
block number:  283 Start-End 28300 28400   time taken in seconds:  103.68194198608398
block number:  284 Start-End 28400 28500   time taken in seconds:  97.53268074989319
block number:  285 Start-End 28500 28600   time taken in seconds:  100.77653646469116
block number:  286 Start-End 28600 28700   time taken in seconds:  101.53790497779846
block number:  287 Start-End 28700 28800   time taken in seconds:  97.94285845756531
block number:  288 Start-End 28800 28900   time taken in seconds:  98.37007212638855
block number:  289 Start-End 28900 29000   time taken in seconds:  102.23469877243042
block number:  290 Start-End 29000 29100   time taken in seconds:  103.59320831298828
block number:  291 Start-End 29100 29200   time taken in seconds:  107.29693984985352
block number:  292 Start-End 29200 29300   time taken in seconds:  99.92699098587036
block number:  293 Start-End 29300 29400   time taken in seconds:  105.55635833740234
block number:  294 Start-End 29400 29500   time taken in seconds:  108.77955293655396
block number:  295 Start-End 29500 29600   time taken in seconds:  93.19216108322144
block number:  296 Start-End 29600 29700   time taken in seconds:  95.87523555755615
block number:  297 Start-End 29700 29800   time taken in seconds:  98.66417026519775
block number:  298 Start-End 29800 29900   time taken in seconds:  97.50238275527954
block number:  299 Start-End 29900 30000   time taken in seconds:  94.31665921211243
block number:  300 Start-End 30000 30100   time taken in seconds:  86.27166771888733
block number:  301 Start-End 30100 30200   time taken in seconds:  88.9314181804657
block number:  302 Start-End 30200 30300   time taken in seconds:  96.7195827960968
block number:  303 Start-End 30300 30400   time taken in seconds:  95.968421459198
block number:  304 Start-End 30400 30500   time taken in seconds:  97.56177234649658
block number:  305 Start-End 30500 30600   time taken in seconds:  101.02179646492004
block number:  306 Start-End 30600 30700   time taken in seconds:  103.83766484260559
block number:  307 Start-End 30700 30800   time taken in seconds:  106.70653581619263
block number:  308 Start-End 30800 30900   time taken in seconds:  88.65045022964478
block number:  309 Start-End 30900 31000   time taken in seconds:  87.63787817955017
block number:  310 Start-End 31000 31100   time taken in seconds:  100.40112137794495
block number:  311 Start-End 31100 31200   time taken in seconds:  99.10037350654602
block number:  312 Start-End 31200 31300   time taken in seconds:  110.84362983703613
block number:  313 Start-End 31300 31400   time taken in seconds:  99.7001543045044
block number:  314 Start-End 31400 31500   time taken in seconds:  98.62971997261047
block number:  315 Start-End 31500 31600   time taken in seconds:  96.96273446083069
block number:  316 Start-End 31600 31700   time taken in seconds:  99.97029399871826
block number:  317 Start-End 31700 31800   time taken in seconds:  95.6430892944336
block number:  318 Start-End 31800 31900   time taken in seconds:  93.98752188682556
block number:  319 Start-End 31900 32000   time taken in seconds:  106.9879629611969
block number:  320 Start-End 32000 32100   time taken in seconds:  110.45782566070557
block number:  321 Start-End 32100 32200   time taken in seconds:  105.18123078346252
block number:  322 Start-End 32200 32300   time taken in seconds:  100.3958432674408
block number:  323 Start-End 32300 32400   time taken in seconds:  97.23461174964905
block number:  324 Start-End 32400 32500   time taken in seconds:  105.56771087646484
block number:  325 Start-End 32500 32600   time taken in seconds:  96.4882140159607
block number:  326 Start-End 32600 32700   time taken in seconds:  95.73544812202454
block number:  327 Start-End 32700 32800   time taken in seconds:  103.73526406288147
block number:  328 Start-End 32800 32900   time taken in seconds:  108.45417284965515
block number:  329 Start-End 32900 33000   time taken in seconds:  109.48754930496216
block number:  330 Start-End 33000 33100   time taken in seconds:  108.36362981796265
block number:  331 Start-End 33100 33200   time taken in seconds:  95.7605185508728
block number:  332 Start-End 33200 33300   time taken in seconds:  105.25405812263489
block number:  333 Start-End 33300 33400   time taken in seconds:  101.35498571395874
block number:  334 Start-End 33400 33500   time taken in seconds:  99.64709877967834
block number:  335 Start-End 33500 33600   time taken in seconds:  97.15061283111572
block number:  336 Start-End 33600 33700   time taken in seconds:  108.1234450340271
block number:  337 Start-End 33700 33800   time taken in seconds:  103.39921283721924
block number:  338 Start-End 33800 33900   time taken in seconds:  101.37096667289734
block number:  339 Start-End 33900 34000   time taken in seconds:  96.18238759040833
block number:  340 Start-End 34000 34100   time taken in seconds:  96.93983292579651
block number:  341 Start-End 34100 34200   time taken in seconds:  99.2943012714386
block number:  342 Start-End 34200 34300   time taken in seconds:  87.36707901954651
block number:  343 Start-End 34300 34400   time taken in seconds:  94.62761521339417
block number:  344 Start-End 34400 34500   time taken in seconds:  109.48440480232239
block number:  345 Start-End 34500 34600   time taken in seconds:  94.52793431282043
block number:  346 Start-End 34600 34700   time taken in seconds:  96.49759078025818
block number:  347 Start-End 34700 34800   time taken in seconds:  97.04426836967468
block number:  348 Start-End 34800 34900   time taken in seconds:  98.9308922290802
block number:  349 Start-End 34900 35000   time taken in seconds:  93.29922986030579
block number:  350 Start-End 35000 35100   time taken in seconds:  98.51618838310242
block number:  351 Start-End 35100 35200   time taken in seconds:  102.3747947216034
block number:  352 Start-End 35200 35300   time taken in seconds:  95.43614411354065
block number:  353 Start-End 35300 35400   time taken in seconds:  104.73084306716919
block number:  354 Start-End 35400 35500   time taken in seconds:  85.47912430763245
block number:  355 Start-End 35500 35600   time taken in seconds:  102.4387104511261
block number:  356 Start-End 35600 35700   time taken in seconds:  90.88121175765991
block number:  357 Start-End 35700 35800   time taken in seconds:  96.95007252693176
block number:  358 Start-End 35800 35900   time taken in seconds:  94.94853925704956
block number:  359 Start-End 35900 36000   time taken in seconds:  98.45773696899414
block number:  360 Start-End 36000 36100   time taken in seconds:  98.98270344734192
block number:  361 Start-End 36100 36200   time taken in seconds:  102.95061302185059
block number:  362 Start-End 36200 36300   time taken in seconds:  105.95743823051453
block number:  363 Start-End 36300 36400   time taken in seconds:  94.13824677467346
block number:  364 Start-End 36400 36500   time taken in seconds:  101.12645077705383
block number:  365 Start-End 36500 36600   time taken in seconds:  103.23073387145996
block number:  366 Start-End 36600 36700   time taken in seconds:  104.79757571220398
block number:  367 Start-End 36700 36800   time taken in seconds:  108.25342535972595
block number:  368 Start-End 36800 36900   time taken in seconds:  92.10006093978882
block number:  369 Start-End 36900 37000   time taken in seconds:  99.56791663169861
block number:  370 Start-End 37000 37100   time taken in seconds:  102.50992012023926
block number:  371 Start-End 37100 37200   time taken in seconds:  103.15582966804504
block number:  372 Start-End 37200 37300   time taken in seconds:  100.65670084953308
block number:  373 Start-End 37300 37400   time taken in seconds:  98.28340649604797
block number:  374 Start-End 37400 37500   time taken in seconds:  98.19563484191895
block number:  375 Start-End 37500 37600   time taken in seconds:  100.10243082046509
block number:  376 Start-End 37600 37700   time taken in seconds:  104.9708023071289
block number:  377 Start-End 37700 37800   time taken in seconds:  94.11861276626587
block number:  378 Start-End 37800 37900   time taken in seconds:  107.42835974693298
block number:  379 Start-End 37900 38000   time taken in seconds:  107.88691401481628
block number:  380 Start-End 38000 38100   time taken in seconds:  106.21436882019043
block number:  381 Start-End 38100 38200   time taken in seconds:  95.93670654296875
block number:  382 Start-End 38200 38300   time taken in seconds:  94.2157130241394
block number:  383 Start-End 38300 38400   time taken in seconds:  100.32684850692749
block number:  384 Start-End 38400 38500   time taken in seconds:  95.19037461280823
block number:  385 Start-End 38500 38600   time taken in seconds:  103.59751796722412
block number:  386 Start-End 38600 38700   time taken in seconds:  89.74876761436462
block number:  387 Start-End 38700 38800   time taken in seconds:  102.81611108779907
block number:  388 Start-End 38800 38900   time taken in seconds:  105.3644278049469
block number:  389 Start-End 38900 39000   time taken in seconds:  105.09022068977356
block number:  390 Start-End 39000 39100   time taken in seconds:  86.79430150985718
block number:  391 Start-End 39100 39200   time taken in seconds:  89.3250687122345
block number:  392 Start-End 39200 39300   time taken in seconds:  96.02384495735168
block number:  393 Start-End 39300 39400   time taken in seconds:  110.41667437553406
block number:  394 Start-End 39400 39500   time taken in seconds:  107.21738362312317
block number:  395 Start-End 39500 39600   time taken in seconds:  102.36160516738892
block number:  396 Start-End 39600 39700   time taken in seconds:  105.83718204498291
block number:  397 Start-End 39700 39800   time taken in seconds:  98.05876064300537
block number:  398 Start-End 39800 39900   time taken in seconds:  91.57967877388
block number:  399 Start-End 39900 40000   time taken in seconds:  91.34051895141602
block number:  400 Start-End 40000 40100   time taken in seconds:  95.48860573768616
block number:  401 Start-End 40100 40200   time taken in seconds:  97.24736618995667
block number:  402 Start-End 40200 40300   time taken in seconds:  103.34477877616882
block number:  403 Start-End 40300 40400   time taken in seconds:  107.06228041648865
block number:  404 Start-End 40400 40500   time taken in seconds:  101.44644236564636
block number:  405 Start-End 40500 40600   time taken in seconds:  98.2787835597992
block number:  406 Start-End 40600 40700   time taken in seconds:  99.62275266647339
block number:  407 Start-End 40700 40800   time taken in seconds:  98.86275386810303
block number:  408 Start-End 40800 40900   time taken in seconds:  95.4576678276062
block number:  409 Start-End 40900 41000   time taken in seconds:  101.89954710006714
block number:  410 Start-End 41000 41100   time taken in seconds:  106.53462672233582
block number:  411 Start-End 41100 41200   time taken in seconds:  101.3967432975769
block number:  412 Start-End 41200 41300   time taken in seconds:  97.59572577476501
block number:  413 Start-End 41300 41400   time taken in seconds:  95.62987208366394
block number:  414 Start-End 41400 41500   time taken in seconds:  101.03436827659607
block number:  415 Start-End 41500 41600   time taken in seconds:  102.39262890815735
block number:  416 Start-End 41600 41700   time taken in seconds:  95.7639787197113
block number:  417 Start-End 41700 41800   time taken in seconds:  95.86583542823792
block number:  418 Start-End 41800 41900   time taken in seconds:  100.80833745002747
block number:  419 Start-End 41900 42000   time taken in seconds:  104.8053560256958
block number:  420 Start-End 42000 42100   time taken in seconds:  103.91564154624939
block number:  421 Start-End 42100 42200   time taken in seconds:  97.36905550956726
block number:  422 Start-End 42200 42300   time taken in seconds:  108.18336915969849
block number:  423 Start-End 42300 42400   time taken in seconds:  106.43075370788574
block number:  424 Start-End 42400 42500   time taken in seconds:  108.80015993118286
block number:  425 Start-End 42500 42600   time taken in seconds:  96.67372226715088
block number:  426 Start-End 42600 42700   time taken in seconds:  94.92257452011108
block number:  427 Start-End 42700 42800   time taken in seconds:  103.63248562812805
block number:  428 Start-End 42800 42900   time taken in seconds:  112.05897665023804
block number:  429 Start-End 42900 43000   time taken in seconds:  96.88640189170837
block number:  430 Start-End 43000 43100   time taken in seconds:  102.56991314888
block number:  431 Start-End 43100 43200   time taken in seconds:  107.41479086875916
block number:  432 Start-End 43200 43300   time taken in seconds:  110.94336867332458
block number:  433 Start-End 43300 43400   time taken in seconds:  98.06405067443848
block number:  434 Start-End 43400 43500   time taken in seconds:  94.9330620765686
block number:  435 Start-End 43500 43600   time taken in seconds:  101.4690420627594
block number:  436 Start-End 43600 43700   time taken in seconds:  102.6543939113617
block number:  437 Start-End 43700 43800   time taken in seconds:  103.22633051872253
block number:  438 Start-End 43800 43900   time taken in seconds:  101.38245224952698
block number:  439 Start-End 43900 44000   time taken in seconds:  85.88364696502686
block number:  440 Start-End 44000 44100   time taken in seconds:  99.51304793357849
block number:  441 Start-End 44100 44200   time taken in seconds:  104.0077736377716
block number:  442 Start-End 44200 44300   time taken in seconds:  93.8189308643341
block number:  443 Start-End 44300 44400   time taken in seconds:  99.26825022697449
block number:  444 Start-End 44400 44500   time taken in seconds:  98.71820735931396
block number:  445 Start-End 44500 44600   time taken in seconds:  101.58163928985596
block number:  446 Start-End 44600 44700   time taken in seconds:  102.67463946342468
block number:  447 Start-End 44700 44800   time taken in seconds:  103.70445275306702
block number:  448 Start-End 44800 44900   time taken in seconds:  91.74950337409973
block number:  449 Start-End 44900 45000   time taken in seconds:  93.82651877403259
block number:  450 Start-End 45000 45100   time taken in seconds:  104.22084665298462
block number:  451 Start-End 45100 45200   time taken in seconds:  106.29318881034851
block number:  452 Start-End 45200 45300   time taken in seconds:  105.387122631073
block number:  453 Start-End 45300 45400   time taken in seconds:  106.57305216789246
block number:  454 Start-End 45400 45500   time taken in seconds:  104.90381813049316
block number:  455 Start-End 45500 45600   time taken in seconds:  100.90321183204651
block number:  456 Start-End 45600 45700   time taken in seconds:  105.84781217575073
block number:  457 Start-End 45700 45800   time taken in seconds:  101.32858395576477
block number:  458 Start-End 45800 45900   time taken in seconds:  98.1095142364502
block number:  459 Start-End 45900 46000   time taken in seconds:  102.91096878051758
block number:  460 Start-End 46000 46100   time taken in seconds:  104.1032223701477
block number:  461 Start-End 46100 46200   time taken in seconds:  100.48671317100525
block number:  462 Start-End 46200 46300   time taken in seconds:  96.67032170295715
block number:  463 Start-End 46300 46400   time taken in seconds:  103.15025687217712
block number:  464 Start-End 46400 46500   time taken in seconds:  104.84441137313843
block number:  465 Start-End 46500 46600   time taken in seconds:  101.39071416854858
block number:  466 Start-End 46600 46700   time taken in seconds:  92.36230754852295
block number:  467 Start-End 46700 46800   time taken in seconds:  98.21851873397827
block number:  468 Start-End 46800 46900   time taken in seconds:  97.90741896629333
block number:  469 Start-End 46900 47000   time taken in seconds:  98.7344183921814
block number:  470 Start-End 47000 47100   time taken in seconds:  101.81592345237732
block number:  471 Start-End 47100 47200   time taken in seconds:  97.73291206359863
block number:  472 Start-End 47200 47300   time taken in seconds:  95.90504240989685
block number:  473 Start-End 47300 47400   time taken in seconds:  106.37506747245789
block number:  474 Start-End 47400 47500   time taken in seconds:  108.7811348438263
block number:  475 Start-End 47500 47600   time taken in seconds:  98.06057333946228
block number:  476 Start-End 47600 47700   time taken in seconds:  98.9275393486023
block number:  477 Start-End 47700 47800   time taken in seconds:  103.4744062423706
block number:  478 Start-End 47800 47900   time taken in seconds:  96.12742328643799
block number:  479 Start-End 47900 48000   time taken in seconds:  93.18901944160461
block number:  480 Start-End 48000 48100   time taken in seconds:  92.9203131198883
block number:  481 Start-End 48100 48200   time taken in seconds:  96.23050260543823
block number:  482 Start-End 48200 48300   time taken in seconds:  102.2615556716919
block number:  483 Start-End 48300 48400   time taken in seconds:  105.09089779853821
block number:  484 Start-End 48400 48500   time taken in seconds:  101.83642315864563
block number:  485 Start-End 48500 48600   time taken in seconds:  107.21222639083862
block number:  486 Start-End 48600 48700   time taken in seconds:  96.14709091186523
block number:  487 Start-End 48700 48800   time taken in seconds:  107.4984781742096
block number:  488 Start-End 48800 48900   time taken in seconds:  94.27614784240723
block number:  489 Start-End 48900 49000   time taken in seconds:  95.79043102264404
block number:  490 Start-End 49000 49100   time taken in seconds:  112.97749781608582
block number:  491 Start-End 49100 49200   time taken in seconds:  101.01982617378235
block number:  492 Start-End 49200 49300   time taken in seconds:  108.12339043617249
block number:  493 Start-End 49300 49400   time taken in seconds:  93.30308294296265
block number:  494 Start-End 49400 49500   time taken in seconds:  100.47676348686218
block number:  495 Start-End 49500 49600   time taken in seconds:  102.57193231582642
block number:  496 Start-End 49600 49700   time taken in seconds:  107.1372902393341
block number:  497 Start-End 49700 49800   time taken in seconds:  104.61224913597107
block number:  498 Start-End 49800 49900   time taken in seconds:  91.12193846702576
block number:  499 Start-End 49900 50000   time taken in seconds:  105.78226613998413
block number:  500 Start-End 50000 50100   time taken in seconds:  100.17791724205017
block number:  501 Start-End 50100 50200   time taken in seconds:  104.51981830596924
block number:  502 Start-End 50200 50300   time taken in seconds:  89.54928040504456
block number:  503 Start-End 50300 50400   time taken in seconds:  95.33328127861023
block number:  504 Start-End 50400 50500   time taken in seconds:  102.33784651756287
block number:  505 Start-End 50500 50600   time taken in seconds:  99.42618417739868
block number:  506 Start-End 50600 50700   time taken in seconds:  91.41386771202087
block number:  507 Start-End 50700 50800   time taken in seconds:  88.22327160835266
block number:  508 Start-End 50800 50900   time taken in seconds:  105.18345260620117
block number:  509 Start-End 50900 51000   time taken in seconds:  103.17063403129578
block number:  510 Start-End 51000 51100   time taken in seconds:  98.36983013153076
block number:  511 Start-End 51100 51200   time taken in seconds:  91.5048189163208
block number:  512 Start-End 51200 51300   time taken in seconds:  103.74558615684509
block number:  513 Start-End 51300 51400   time taken in seconds:  108.03676104545593
block number:  514 Start-End 51400 51500   time taken in seconds:  104.35987949371338
block number:  515 Start-End 51500 51600   time taken in seconds:  88.87960362434387
block number:  516 Start-End 51600 51700   time taken in seconds:  104.14915680885315
block number:  517 Start-End 51700 51800   time taken in seconds:  106.65666246414185
block number:  518 Start-End 51800 51900   time taken in seconds:  96.99850869178772
block number:  519 Start-End 51900 52000   time taken in seconds:  93.52268815040588
block number:  520 Start-End 52000 52100   time taken in seconds:  92.68556237220764
block number:  521 Start-End 52100 52200   time taken in seconds:  86.87375593185425
block number:  522 Start-End 52200 52300   time taken in seconds:  93.59181118011475
block number:  523 Start-End 52300 52400   time taken in seconds:  89.66788840293884
block number:  524 Start-End 52400 52500   time taken in seconds:  87.91757559776306
block number:  525 Start-End 52500 52600   time taken in seconds:  84.16967940330505
block number:  526 Start-End 52600 52700   time taken in seconds:  82.44073247909546
block number:  527 Start-End 52700 52800   time taken in seconds:  84.80508255958557
block number:  528 Start-End 52800 52900   time taken in seconds:  92.00602984428406
block number:  529 Start-End 52900 53000   time taken in seconds:  86.69707250595093
block number:  530 Start-End 53000 53100   time taken in seconds:  87.16795372962952
block number:  531 Start-End 53100 53200   time taken in seconds:  89.4867434501648
block number:  532 Start-End 53200 53300   time taken in seconds:  89.0836877822876
block number:  533 Start-End 53300 53400   time taken in seconds:  87.1255042552948
block number:  534 Start-End 53400 53500   time taken in seconds:  89.387615442276
block number:  535 Start-End 53500 53600   time taken in seconds:  83.92317843437195
block number:  536 Start-End 53600 53700   time taken in seconds:  86.54332423210144
block number:  537 Start-End 53700 53800   time taken in seconds:  83.6778347492218
block number:  538 Start-End 53800 53900   time taken in seconds:  88.58314490318298
block number:  539 Start-End 53900 54000   time taken in seconds:  88.2586817741394
block number:  540 Start-End 54000 54100   time taken in seconds:  91.19753241539001
block number:  541 Start-End 54100 54200   time taken in seconds:  87.15049934387207
block number:  542 Start-End 54200 54300   time taken in seconds:  90.97124528884888
block number:  543 Start-End 54300 54400   time taken in seconds:  85.35373067855835
block number:  544 Start-End 54400 54500   time taken in seconds:  92.01579999923706
block number:  545 Start-End 54500 54600   time taken in seconds:  89.76766109466553
block number:  546 Start-End 54600 54700   time taken in seconds:  90.72051906585693
block number:  547 Start-End 54700 54800   time taken in seconds:  79.14838743209839
block number:  548 Start-End 54800 54900   time taken in seconds:  87.76727676391602
block number:  549 Start-End 54900 55000   time taken in seconds:  96.23724484443665
block number:  550 Start-End 55000 55100   time taken in seconds:  87.52729296684265
block number:  551 Start-End 55100 55200   time taken in seconds:  86.74760580062866
block number:  552 Start-End 55200 55300   time taken in seconds:  93.3617033958435
block number:  553 Start-End 55300 55400   time taken in seconds:  89.40738534927368
block number:  554 Start-End 55400 55500   time taken in seconds:  85.95704078674316
block number:  555 Start-End 55500 55600   time taken in seconds:  92.4276020526886
block number:  556 Start-End 55600 55700   time taken in seconds:  87.63954329490662
block number:  557 Start-End 55700 55800   time taken in seconds:  91.32564902305603
block number:  558 Start-End 55800 55900   time taken in seconds:  86.11582040786743
block number:  559 Start-End 55900 56000   time taken in seconds:  85.09549164772034
block number:  560 Start-End 56000 56100   time taken in seconds:  90.43120527267456
block number:  561 Start-End 56100 56200   time taken in seconds:  90.5924744606018
block number:  562 Start-End 56200 56300   time taken in seconds:  85.6031322479248
block number:  563 Start-End 56300 56400   time taken in seconds:  88.41626763343811
block number:  564 Start-End 56400 56500   time taken in seconds:  90.46532988548279
block number:  565 Start-End 56500 56600   time taken in seconds:  89.14841032028198
block number:  566 Start-End 56600 56700   time taken in seconds:  87.39160633087158
block number:  567 Start-End 56700 56800   time taken in seconds:  83.67881178855896
block number:  568 Start-End 56800 56900   time taken in seconds:  81.63009023666382
block number:  569 Start-End 56900 57000   time taken in seconds:  81.99962139129639
block number:  570 Start-End 57000 57100   time taken in seconds:  81.84838438034058
block number:  571 Start-End 57100 57200   time taken in seconds:  79.18415141105652
block number:  572 Start-End 57200 57300   time taken in seconds:  78.07414436340332
block number:  573 Start-End 57300 57400   time taken in seconds:  85.72983121871948
block number:  574 Start-End 57400 57500   time taken in seconds:  86.89867639541626
block number:  575 Start-End 57500 57600   time taken in seconds:  87.24365234375
block number:  576 Start-End 57600 None   time taken in seconds:  31.959129333496094
Number of samples after bg: 466 
Number of temp files written 653
Time taken for concatenating temp files 9373.501634120941
Data shape after read:	x:(752604, 60, 10, 20)	y:(752604,)	wts:(752604,)
Data shape after format:	x:(752604, 10, 20, 60, 1)	y:(752604,)
Time taken in minutes  1082.7679756561915
