Data cut None
Type of data:	 regular
11361 10384
Type:  sig
Number of blocks 114
block number:  0 Start-End 0 100   time taken in seconds:  15.560656309127808
block number:  1 Start-End 100 200   time taken in seconds:  15.039745569229126
block number:  2 Start-End 200 300   time taken in seconds:  14.599870681762695
block number:  3 Start-End 300 400   time taken in seconds:  13.762873888015747
block number:  4 Start-End 400 500   time taken in seconds:  14.137531042098999
block number:  5 Start-End 500 600   time taken in seconds:  14.472598791122437
block number:  6 Start-End 600 700   time taken in seconds:  14.155698776245117
block number:  7 Start-End 700 800   time taken in seconds:  14.32214069366455
block number:  8 Start-End 800 900   time taken in seconds:  13.680155277252197
block number:  9 Start-End 900 1000   time taken in seconds:  14.190928936004639
block number:  10 Start-End 1000 1100   time taken in seconds:  14.989571571350098
block number:  11 Start-End 1100 1200   time taken in seconds:  14.326644659042358
block number:  12 Start-End 1200 1300   time taken in seconds:  15.227532863616943
block number:  13 Start-End 1300 1400   time taken in seconds:  12.498514413833618
block number:  14 Start-End 1400 1500   time taken in seconds:  15.407398700714111
block number:  15 Start-End 1500 1600   time taken in seconds:  14.47048807144165
block number:  16 Start-End 1600 1700   time taken in seconds:  14.012730121612549
block number:  17 Start-End 1700 1800   time taken in seconds:  12.496378183364868
block number:  18 Start-End 1800 1900   time taken in seconds:  15.066264629364014
block number:  19 Start-End 1900 2000   time taken in seconds:  14.588137149810791
block number:  20 Start-End 2000 2100   time taken in seconds:  15.390318632125854
block number:  21 Start-End 2100 2200   time taken in seconds:  13.210820436477661
block number:  22 Start-End 2200 2300   time taken in seconds:  13.083007097244263
block number:  23 Start-End 2300 2400   time taken in seconds:  16.00049901008606
block number:  24 Start-End 2400 2500   time taken in seconds:  15.089650630950928
block number:  25 Start-End 2500 2600   time taken in seconds:  12.671742677688599
block number:  26 Start-End 2600 2700   time taken in seconds:  12.479168891906738
block number:  27 Start-End 2700 2800   time taken in seconds:  14.301189184188843
block number:  28 Start-End 2800 2900   time taken in seconds:  14.464373111724854
block number:  29 Start-End 2900 3000   time taken in seconds:  15.597415685653687
block number:  30 Start-End 3000 3100   time taken in seconds:  12.830015659332275
block number:  31 Start-End 3100 3200   time taken in seconds:  13.341540813446045
block number:  32 Start-End 3200 3300   time taken in seconds:  13.087880373001099
block number:  33 Start-End 3300 3400   time taken in seconds:  13.982170104980469
block number:  34 Start-End 3400 3500   time taken in seconds:  14.284956216812134
block number:  35 Start-End 3500 3600   time taken in seconds:  13.145175457000732
block number:  36 Start-End 3600 3700   time taken in seconds:  14.098108530044556
block number:  37 Start-End 3700 3800   time taken in seconds:  14.75433897972107
block number:  38 Start-End 3800 3900   time taken in seconds:  13.622950077056885
block number:  39 Start-End 3900 4000   time taken in seconds:  15.372730493545532
block number:  40 Start-End 4000 4100   time taken in seconds:  15.170376300811768
block number:  41 Start-End 4100 4200   time taken in seconds:  15.643556118011475
block number:  42 Start-End 4200 4300   time taken in seconds:  15.273075103759766
block number:  43 Start-End 4300 4400   time taken in seconds:  14.17073655128479
block number:  44 Start-End 4400 4500   time taken in seconds:  13.452709197998047
block number:  45 Start-End 4500 4600   time taken in seconds:  15.401885271072388
block number:  46 Start-End 4600 4700   time taken in seconds:  14.599613428115845
block number:  47 Start-End 4700 4800   time taken in seconds:  13.130409240722656
block number:  48 Start-End 4800 4900   time taken in seconds:  15.212821960449219
block number:  49 Start-End 4900 5000   time taken in seconds:  15.108094692230225
block number:  50 Start-End 5000 5100   time taken in seconds:  15.86696743965149
block number:  51 Start-End 5100 5200   time taken in seconds:  12.90802812576294
block number:  52 Start-End 5200 5300   time taken in seconds:  15.034032344818115
block number:  53 Start-End 5300 5400   time taken in seconds:  16.58737850189209
block number:  54 Start-End 5400 5500   time taken in seconds:  14.660494565963745
block number:  55 Start-End 5500 5600   time taken in seconds:  15.151289463043213
block number:  56 Start-End 5600 5700   time taken in seconds:  12.59096384048462
block number:  57 Start-End 5700 5800   time taken in seconds:  15.496212244033813
block number:  58 Start-End 5800 5900   time taken in seconds:  14.022942543029785
block number:  59 Start-End 5900 6000   time taken in seconds:  16.516294240951538
block number:  60 Start-End 6000 6100   time taken in seconds:  13.889114379882812
block number:  61 Start-End 6100 6200   time taken in seconds:  14.853031396865845
block number:  62 Start-End 6200 6300   time taken in seconds:  14.809592962265015
block number:  63 Start-End 6300 6400   time taken in seconds:  14.778140783309937
block number:  64 Start-End 6400 6500   time taken in seconds:  13.83108925819397
block number:  65 Start-End 6500 6600   time taken in seconds:  15.414615392684937
block number:  66 Start-End 6600 6700   time taken in seconds:  13.727657079696655
block number:  67 Start-End 6700 6800   time taken in seconds:  14.3219313621521
block number:  68 Start-End 6800 6900   time taken in seconds:  13.66737961769104
block number:  69 Start-End 6900 7000   time taken in seconds:  13.96840214729309
block number:  70 Start-End 7000 7100   time taken in seconds:  14.49517011642456
block number:  71 Start-End 7100 7200   time taken in seconds:  14.37007188796997
block number:  72 Start-End 7200 7300   time taken in seconds:  13.705328464508057
block number:  73 Start-End 7300 7400   time taken in seconds:  15.823784828186035
block number:  74 Start-End 7400 7500   time taken in seconds:  14.369804620742798
block number:  75 Start-End 7500 7600   time taken in seconds:  12.923905611038208
block number:  76 Start-End 7600 7700   time taken in seconds:  14.131174802780151
block number:  77 Start-End 7700 7800   time taken in seconds:  12.100257635116577
block number:  78 Start-End 7800 7900   time taken in seconds:  12.279825210571289
block number:  79 Start-End 7900 8000   time taken in seconds:  12.128742456436157
block number:  80 Start-End 8000 8100   time taken in seconds:  15.0029878616333
block number:  81 Start-End 8100 8200   time taken in seconds:  13.320219039916992
block number:  82 Start-End 8200 8300   time taken in seconds:  11.86965036392212
block number:  83 Start-End 8300 8400   time taken in seconds:  13.64960789680481
block number:  84 Start-End 8400 8500   time taken in seconds:  14.231307744979858
block number:  85 Start-End 8500 8600   time taken in seconds:  13.954734086990356
block number:  86 Start-End 8600 8700   time taken in seconds:  14.735982656478882
block number:  87 Start-End 8700 8800   time taken in seconds:  14.05827784538269
block number:  88 Start-End 8800 8900   time taken in seconds:  13.34827208518982
block number:  89 Start-End 8900 9000   time taken in seconds:  14.448734045028687
block number:  90 Start-End 9000 9100   time taken in seconds:  14.916089534759521
block number:  91 Start-End 9100 9200   time taken in seconds:  17.382279634475708
block number:  92 Start-End 9200 9300   time taken in seconds:  15.105722427368164
block number:  93 Start-End 9300 9400   time taken in seconds:  13.418742179870605
block number:  94 Start-End 9400 9500   time taken in seconds:  15.71853256225586
block number:  95 Start-End 9500 9600   time taken in seconds:  16.6395583152771
block number:  96 Start-End 9600 9700   time taken in seconds:  15.042720317840576
block number:  97 Start-End 9700 9800   time taken in seconds:  15.073619842529297
block number:  98 Start-End 9800 9900   time taken in seconds:  14.328270673751831
block number:  99 Start-End 9900 10000   time taken in seconds:  14.813562870025635
block number:  100 Start-End 10000 10100   time taken in seconds:  14.528133392333984
block number:  101 Start-End 10100 10200   time taken in seconds:  15.17488169670105
block number:  102 Start-End 10200 10300   time taken in seconds:  15.614045858383179
block number:  103 Start-End 10300 10400   time taken in seconds:  14.519074201583862
block number:  104 Start-End 10400 10500   time taken in seconds:  14.759191751480103
block number:  105 Start-End 10500 10600   time taken in seconds:  15.027822971343994
block number:  106 Start-End 10600 10700   time taken in seconds:  14.148641347885132
block number:  107 Start-End 10700 10800   time taken in seconds:  15.816115856170654
block number:  108 Start-End 10800 10900   time taken in seconds:  17.11249041557312
block number:  109 Start-End 10900 11000   time taken in seconds:  17.031540632247925
block number:  110 Start-End 11000 11100   time taken in seconds:  15.529478311538696
block number:  111 Start-End 11100 11200   time taken in seconds:  16.009775638580322
block number:  112 Start-End 11200 11300   time taken in seconds:  17.299947261810303
block number:  113 Start-End 11300 None   time taken in seconds:  10.379146814346313
Number of samples after sig: 144 
Type:  bg
Number of blocks 104
block number:  0 Start-End 0 100   time taken in seconds:  81.7188355922699
block number:  1 Start-End 100 200   time taken in seconds:  75.72810554504395
block number:  2 Start-End 200 300   time taken in seconds:  70.87687468528748
block number:  3 Start-End 300 400   time taken in seconds:  62.50262951850891
block number:  4 Start-End 400 500   time taken in seconds:  68.10254669189453
block number:  5 Start-End 500 600   time taken in seconds:  68.60228824615479
block number:  6 Start-End 600 700   time taken in seconds:  67.60609006881714
block number:  7 Start-End 700 800   time taken in seconds:  72.48901104927063
block number:  8 Start-End 800 900   time taken in seconds:  63.664467096328735
block number:  9 Start-End 900 1000   time taken in seconds:  78.06332230567932
block number:  10 Start-End 1000 1100   time taken in seconds:  78.09240221977234
block number:  11 Start-End 1100 1200   time taken in seconds:  74.75063681602478
block number:  12 Start-End 1200 1300   time taken in seconds:  69.97248840332031
block number:  13 Start-End 1300 1400   time taken in seconds:  76.3146424293518
block number:  14 Start-End 1400 1500   time taken in seconds:  77.33804726600647
block number:  15 Start-End 1500 1600   time taken in seconds:  81.94604420661926
block number:  16 Start-End 1600 1700   time taken in seconds:  74.21108150482178
block number:  17 Start-End 1700 1800   time taken in seconds:  78.68980312347412
block number:  18 Start-End 1800 1900   time taken in seconds:  80.88435578346252
block number:  19 Start-End 1900 2000   time taken in seconds:  76.62903070449829
block number:  20 Start-End 2000 2100   time taken in seconds:  78.69324827194214
block number:  21 Start-End 2100 2200   time taken in seconds:  78.32137966156006
block number:  22 Start-End 2200 2300   time taken in seconds:  79.08702778816223
block number:  23 Start-End 2300 2400   time taken in seconds:  79.87764763832092
block number:  24 Start-End 2400 2500   time taken in seconds:  69.93868827819824
block number:  25 Start-End 2500 2600   time taken in seconds:  81.64511680603027
block number:  26 Start-End 2600 2700   time taken in seconds:  76.09872460365295
block number:  27 Start-End 2700 2800   time taken in seconds:  82.85039186477661
block number:  28 Start-End 2800 2900   time taken in seconds:  77.95268440246582
block number:  29 Start-End 2900 3000   time taken in seconds:  74.72693037986755
block number:  30 Start-End 3000 3100   time taken in seconds:  80.61143803596497
block number:  31 Start-End 3100 3200   time taken in seconds:  79.50931549072266
block number:  32 Start-End 3200 3300   time taken in seconds:  79.84477281570435
block number:  33 Start-End 3300 3400   time taken in seconds:  76.83548045158386
block number:  34 Start-End 3400 3500   time taken in seconds:  72.4857177734375
block number:  35 Start-End 3500 3600   time taken in seconds:  86.81536483764648
block number:  36 Start-End 3600 3700   time taken in seconds:  73.085045337677
block number:  37 Start-End 3700 3800   time taken in seconds:  82.317622423172
block number:  38 Start-End 3800 3900   time taken in seconds:  82.35546159744263
block number:  39 Start-End 3900 4000   time taken in seconds:  77.5480432510376
block number:  40 Start-End 4000 4100   time taken in seconds:  80.96201729774475
block number:  41 Start-End 4100 4200   time taken in seconds:  78.11433029174805
block number:  42 Start-End 4200 4300   time taken in seconds:  75.17521142959595
block number:  43 Start-End 4300 4400   time taken in seconds:  80.44364023208618
block number:  44 Start-End 4400 4500   time taken in seconds:  81.42537522315979
block number:  45 Start-End 4500 4600   time taken in seconds:  79.68698906898499
block number:  46 Start-End 4600 4700   time taken in seconds:  77.35419034957886
block number:  47 Start-End 4700 4800   time taken in seconds:  85.12394070625305
block number:  48 Start-End 4800 4900   time taken in seconds:  65.39966821670532
block number:  49 Start-End 4900 5000   time taken in seconds:  75.99149465560913
block number:  50 Start-End 5000 5100   time taken in seconds:  76.05751729011536
block number:  51 Start-End 5100 5200   time taken in seconds:  81.13120484352112
block number:  52 Start-End 5200 5300   time taken in seconds:  75.06736516952515
block number:  53 Start-End 5300 5400   time taken in seconds:  77.9865574836731
block number:  54 Start-End 5400 5500   time taken in seconds:  71.47958397865295
block number:  55 Start-End 5500 5600   time taken in seconds:  76.66890835762024
block number:  56 Start-End 5600 5700   time taken in seconds:  81.58365416526794
block number:  57 Start-End 5700 5800   time taken in seconds:  73.46047329902649
block number:  58 Start-End 5800 5900   time taken in seconds:  83.47647333145142
block number:  59 Start-End 5900 6000   time taken in seconds:  77.74358057975769
block number:  60 Start-End 6000 6100   time taken in seconds:  77.62969040870667
block number:  61 Start-End 6100 6200   time taken in seconds:  81.86633586883545
block number:  62 Start-End 6200 6300   time taken in seconds:  78.97649335861206
block number:  63 Start-End 6300 6400   time taken in seconds:  79.68276166915894
block number:  64 Start-End 6400 6500   time taken in seconds:  79.84162092208862
block number:  65 Start-End 6500 6600   time taken in seconds:  75.82013821601868
block number:  66 Start-End 6600 6700   time taken in seconds:  68.70418047904968
block number:  67 Start-End 6700 6800   time taken in seconds:  78.42834258079529
block number:  68 Start-End 6800 6900   time taken in seconds:  77.36577415466309
block number:  69 Start-End 6900 7000   time taken in seconds:  78.09582352638245
block number:  70 Start-End 7000 7100   time taken in seconds:  80.56270408630371
block number:  71 Start-End 7100 7200   time taken in seconds:  85.04777789115906
block number:  72 Start-End 7200 7300   time taken in seconds:  83.23087573051453
block number:  73 Start-End 7300 7400   time taken in seconds:  78.20328640937805
block number:  74 Start-End 7400 7500   time taken in seconds:  81.25517511367798
block number:  75 Start-End 7500 7600   time taken in seconds:  82.0330970287323
block number:  76 Start-End 7600 7700   time taken in seconds:  83.87107014656067
block number:  77 Start-End 7700 7800   time taken in seconds:  79.98913407325745
block number:  78 Start-End 7800 7900   time taken in seconds:  82.5603301525116
block number:  79 Start-End 7900 8000   time taken in seconds:  80.2066707611084
block number:  80 Start-End 8000 8100   time taken in seconds:  84.45204854011536
block number:  81 Start-End 8100 8200   time taken in seconds:  85.55390620231628
block number:  82 Start-End 8200 8300   time taken in seconds:  76.51428055763245
block number:  83 Start-End 8300 8400   time taken in seconds:  83.6950056552887
block number:  84 Start-End 8400 8500   time taken in seconds:  86.39288926124573
block number:  85 Start-End 8500 8600   time taken in seconds:  77.48195600509644
block number:  86 Start-End 8600 8700   time taken in seconds:  88.60840129852295
block number:  87 Start-End 8700 8800   time taken in seconds:  80.8942084312439
block number:  88 Start-End 8800 8900   time taken in seconds:  73.91344904899597
block number:  89 Start-End 8900 9000   time taken in seconds:  77.85741853713989
block number:  90 Start-End 9000 9100   time taken in seconds:  77.31864929199219
block number:  91 Start-End 9100 9200   time taken in seconds:  81.89251136779785
block number:  92 Start-End 9200 9300   time taken in seconds:  76.3338360786438
block number:  93 Start-End 9300 9400   time taken in seconds:  70.01895523071289
block number:  94 Start-End 9400 9500   time taken in seconds:  81.18646335601807
block number:  95 Start-End 9500 9600   time taken in seconds:  80.4485673904419
block number:  96 Start-End 9600 9700   time taken in seconds:  89.16356778144836
block number:  97 Start-End 9700 9800   time taken in seconds:  79.00825548171997
block number:  98 Start-End 9800 9900   time taken in seconds:  79.89519834518433
block number:  99 Start-End 9900 10000   time taken in seconds:  80.89080333709717
block number:  100 Start-End 10000 10100   time taken in seconds:  77.44366645812988
block number:  101 Start-End 10100 10200   time taken in seconds:  82.13738346099854
block number:  102 Start-End 10200 10300   time taken in seconds:  81.03833436965942
block number:  103 Start-End 10300 None   time taken in seconds:  66.36072063446045
Number of samples after bg: 872 
Number of temp files written 218
Time taken for concatenating temp files 574.5378232002258
Data shape after read:	x:(136066, 60, 10, 20)	y:(136066,)	wts:(136066,)
Data shape after format:	x:(136066, 10, 20, 60, 1)	y:(136066,)
Time taken in minutes  172.50008120536805
Type of data:	 reserved
7593 57635
Type:  sig
Number of blocks 76
block number:  0 Start-End 0 100   time taken in seconds:  16.03635048866272
block number:  1 Start-End 100 200   time taken in seconds:  18.007822513580322
block number:  2 Start-End 200 300   time taken in seconds:  16.117710828781128
block number:  3 Start-End 300 400   time taken in seconds:  17.7003653049469
block number:  4 Start-End 400 500   time taken in seconds:  17.66288685798645
block number:  5 Start-End 500 600   time taken in seconds:  18.070385694503784
block number:  6 Start-End 600 700   time taken in seconds:  16.511875867843628
block number:  7 Start-End 700 800   time taken in seconds:  16.878435611724854
block number:  8 Start-End 800 900   time taken in seconds:  15.090677261352539
block number:  9 Start-End 900 1000   time taken in seconds:  18.354912519454956
block number:  10 Start-End 1000 1100   time taken in seconds:  18.331766843795776
block number:  11 Start-End 1100 1200   time taken in seconds:  17.99122190475464
block number:  12 Start-End 1200 1300   time taken in seconds:  15.634981870651245
block number:  13 Start-End 1300 1400   time taken in seconds:  17.3213210105896
block number:  14 Start-End 1400 1500   time taken in seconds:  16.936522006988525
block number:  15 Start-End 1500 1600   time taken in seconds:  16.325730562210083
block number:  16 Start-End 1600 1700   time taken in seconds:  16.63987708091736
block number:  17 Start-End 1700 1800   time taken in seconds:  17.34050488471985
block number:  18 Start-End 1800 1900   time taken in seconds:  14.44461703300476
block number:  19 Start-End 1900 2000   time taken in seconds:  17.174171209335327
block number:  20 Start-End 2000 2100   time taken in seconds:  17.19526481628418
block number:  21 Start-End 2100 2200   time taken in seconds:  16.04584240913391
block number:  22 Start-End 2200 2300   time taken in seconds:  16.882946491241455
block number:  23 Start-End 2300 2400   time taken in seconds:  16.82254719734192
block number:  24 Start-End 2400 2500   time taken in seconds:  18.031655311584473
block number:  25 Start-End 2500 2600   time taken in seconds:  17.106151580810547
block number:  26 Start-End 2600 2700   time taken in seconds:  17.52795124053955
block number:  27 Start-End 2700 2800   time taken in seconds:  16.366456747055054
block number:  28 Start-End 2800 2900   time taken in seconds:  16.381325483322144
block number:  29 Start-End 2900 3000   time taken in seconds:  16.425979137420654
block number:  30 Start-End 3000 3100   time taken in seconds:  18.29605770111084
block number:  31 Start-End 3100 3200   time taken in seconds:  15.539403438568115
block number:  32 Start-End 3200 3300   time taken in seconds:  18.475642681121826
block number:  33 Start-End 3300 3400   time taken in seconds:  17.45278263092041
block number:  34 Start-End 3400 3500   time taken in seconds:  16.427620887756348
block number:  35 Start-End 3500 3600   time taken in seconds:  15.735429048538208
block number:  36 Start-End 3600 3700   time taken in seconds:  17.217336177825928
block number:  37 Start-End 3700 3800   time taken in seconds:  15.785835981369019
block number:  38 Start-End 3800 3900   time taken in seconds:  18.935529708862305
block number:  39 Start-End 3900 4000   time taken in seconds:  20.19194722175598
block number:  40 Start-End 4000 4100   time taken in seconds:  16.55506730079651
block number:  41 Start-End 4100 4200   time taken in seconds:  15.993869066238403
block number:  42 Start-End 4200 4300   time taken in seconds:  18.896207809448242
block number:  43 Start-End 4300 4400   time taken in seconds:  14.413742303848267
block number:  44 Start-End 4400 4500   time taken in seconds:  15.941077947616577
block number:  45 Start-End 4500 4600   time taken in seconds:  17.22179412841797
block number:  46 Start-End 4600 4700   time taken in seconds:  15.880292654037476
block number:  47 Start-End 4700 4800   time taken in seconds:  15.546489953994751
block number:  48 Start-End 4800 4900   time taken in seconds:  18.644834280014038
block number:  49 Start-End 4900 5000   time taken in seconds:  17.77970266342163
block number:  50 Start-End 5000 5100   time taken in seconds:  16.31237244606018
block number:  51 Start-End 5100 5200   time taken in seconds:  17.682177543640137
block number:  52 Start-End 5200 5300   time taken in seconds:  14.942574501037598
block number:  53 Start-End 5300 5400   time taken in seconds:  18.879274129867554
block number:  54 Start-End 5400 5500   time taken in seconds:  17.23627471923828
block number:  55 Start-End 5500 5600   time taken in seconds:  17.13306713104248
block number:  56 Start-End 5600 5700   time taken in seconds:  16.876060724258423
block number:  57 Start-End 5700 5800   time taken in seconds:  16.449782609939575
block number:  58 Start-End 5800 5900   time taken in seconds:  16.44667410850525
block number:  59 Start-End 5900 6000   time taken in seconds:  16.50392985343933
block number:  60 Start-End 6000 6100   time taken in seconds:  13.975342512130737
block number:  61 Start-End 6100 6200   time taken in seconds:  17.706371784210205
block number:  62 Start-End 6200 6300   time taken in seconds:  16.807457208633423
block number:  63 Start-End 6300 6400   time taken in seconds:  15.450146436691284
block number:  64 Start-End 6400 6500   time taken in seconds:  15.227340698242188
block number:  65 Start-End 6500 6600   time taken in seconds:  15.205089092254639
block number:  66 Start-End 6600 6700   time taken in seconds:  16.810739278793335
block number:  67 Start-End 6700 6800   time taken in seconds:  17.23907160758972
block number:  68 Start-End 6800 6900   time taken in seconds:  16.05268144607544
block number:  69 Start-End 6900 7000   time taken in seconds:  18.228590965270996
block number:  70 Start-End 7000 7100   time taken in seconds:  20.797964334487915
block number:  71 Start-End 7100 7200   time taken in seconds:  18.22709059715271
block number:  72 Start-End 7200 7300   time taken in seconds:  15.631716012954712
block number:  73 Start-End 7300 7400   time taken in seconds:  17.606571674346924
block number:  74 Start-End 7400 7500   time taken in seconds:  15.611263275146484
block number:  75 Start-End 7500 None   time taken in seconds:  16.251802682876587
Number of samples after sig: 233 
Type:  bg
Number of blocks 577
block number:  0 Start-End 0 100   time taken in seconds:  93.56084942817688
block number:  1 Start-End 100 200   time taken in seconds:  96.84772419929504
block number:  2 Start-End 200 300   time taken in seconds:  98.35985517501831
block number:  3 Start-End 300 400   time taken in seconds:  98.37559461593628
block number:  4 Start-End 400 500   time taken in seconds:  93.11658143997192
block number:  5 Start-End 500 600   time taken in seconds:  96.39228510856628
block number:  6 Start-End 600 700   time taken in seconds:  94.0696313381195
block number:  7 Start-End 700 800   time taken in seconds:  96.61571216583252
block number:  8 Start-End 800 900   time taken in seconds:  90.90819120407104
block number:  9 Start-End 900 1000   time taken in seconds:  93.20912623405457
block number:  10 Start-End 1000 1100   time taken in seconds:  97.71013402938843
block number:  11 Start-End 1100 1200   time taken in seconds:  95.52496123313904
block number:  12 Start-End 1200 1300   time taken in seconds:  99.8052568435669
block number:  13 Start-End 1300 1400   time taken in seconds:  96.01909947395325
block number:  14 Start-End 1400 1500   time taken in seconds:  95.85418963432312
block number:  15 Start-End 1500 1600   time taken in seconds:  92.80531883239746
block number:  16 Start-End 1600 1700   time taken in seconds:  93.24834489822388
block number:  17 Start-End 1700 1800   time taken in seconds:  95.1919515132904
block number:  18 Start-End 1800 1900   time taken in seconds:  91.4252519607544
block number:  19 Start-End 1900 2000   time taken in seconds:  97.85920119285583
block number:  20 Start-End 2000 2100   time taken in seconds:  98.74007320404053
block number:  21 Start-End 2100 2200   time taken in seconds:  97.85996723175049
block number:  22 Start-End 2200 2300   time taken in seconds:  100.13303852081299
block number:  23 Start-End 2300 2400   time taken in seconds:  93.33719372749329
block number:  24 Start-End 2400 2500   time taken in seconds:  96.91941261291504
block number:  25 Start-End 2500 2600   time taken in seconds:  98.78035879135132
block number:  26 Start-End 2600 2700   time taken in seconds:  99.19947504997253
block number:  27 Start-End 2700 2800   time taken in seconds:  92.27023005485535
block number:  28 Start-End 2800 2900   time taken in seconds:  97.52101230621338
block number:  29 Start-End 2900 3000   time taken in seconds:  91.78896856307983
block number:  30 Start-End 3000 3100   time taken in seconds:  92.23013067245483
block number:  31 Start-End 3100 3200   time taken in seconds:  98.36789751052856
block number:  32 Start-End 3200 3300   time taken in seconds:  91.09435057640076
block number:  33 Start-End 3300 3400   time taken in seconds:  95.6825578212738
block number:  34 Start-End 3400 3500   time taken in seconds:  93.51702666282654
block number:  35 Start-End 3500 3600   time taken in seconds:  93.03271055221558
block number:  36 Start-End 3600 3700   time taken in seconds:  96.36037278175354
block number:  37 Start-End 3700 3800   time taken in seconds:  94.72014665603638
block number:  38 Start-End 3800 3900   time taken in seconds:  94.54343152046204
block number:  39 Start-End 3900 4000   time taken in seconds:  87.2919979095459
block number:  40 Start-End 4000 4100   time taken in seconds:  91.51214098930359
block number:  41 Start-End 4100 4200   time taken in seconds:  91.57709860801697
block number:  42 Start-End 4200 4300   time taken in seconds:  90.4973258972168
block number:  43 Start-End 4300 4400   time taken in seconds:  93.54377675056458
block number:  44 Start-End 4400 4500   time taken in seconds:  97.19398522377014
block number:  45 Start-End 4500 4600   time taken in seconds:  92.77207612991333
block number:  46 Start-End 4600 4700   time taken in seconds:  99.12348699569702
block number:  47 Start-End 4700 4800   time taken in seconds:  93.14184427261353
block number:  48 Start-End 4800 4900   time taken in seconds:  95.2492835521698
block number:  49 Start-End 4900 5000   time taken in seconds:  91.0910096168518
block number:  50 Start-End 5000 5100   time taken in seconds:  92.61266469955444
block number:  51 Start-End 5100 5200   time taken in seconds:  96.34413242340088
block number:  52 Start-End 5200 5300   time taken in seconds:  94.68955397605896
block number:  53 Start-End 5300 5400   time taken in seconds:  95.5758626461029
block number:  54 Start-End 5400 5500   time taken in seconds:  96.70806956291199
block number:  55 Start-End 5500 5600   time taken in seconds:  90.73077964782715
block number:  56 Start-End 5600 5700   time taken in seconds:  85.44445824623108
block number:  57 Start-End 5700 5800   time taken in seconds:  87.84686589241028
block number:  58 Start-End 5800 5900   time taken in seconds:  93.5606141090393
block number:  59 Start-End 5900 6000   time taken in seconds:  96.85900282859802
block number:  60 Start-End 6000 6100   time taken in seconds:  93.72394943237305
block number:  61 Start-End 6100 6200   time taken in seconds:  90.57251691818237
block number:  62 Start-End 6200 6300   time taken in seconds:  97.3734803199768
block number:  63 Start-End 6300 6400   time taken in seconds:  91.72231531143188
block number:  64 Start-End 6400 6500   time taken in seconds:  92.74302935600281
block number:  65 Start-End 6500 6600   time taken in seconds:  98.05476236343384
block number:  66 Start-End 6600 6700   time taken in seconds:  93.29409217834473
block number:  67 Start-End 6700 6800   time taken in seconds:  94.28386855125427
block number:  68 Start-End 6800 6900   time taken in seconds:  92.52398180961609
block number:  69 Start-End 6900 7000   time taken in seconds:  89.78493905067444
block number:  70 Start-End 7000 7100   time taken in seconds:  89.971519947052
block number:  71 Start-End 7100 7200   time taken in seconds:  96.84541535377502
block number:  72 Start-End 7200 7300   time taken in seconds:  97.03428888320923
block number:  73 Start-End 7300 7400   time taken in seconds:  90.41249537467957
block number:  74 Start-End 7400 7500   time taken in seconds:  89.14735007286072
block number:  75 Start-End 7500 7600   time taken in seconds:  100.82950830459595
block number:  76 Start-End 7600 7700   time taken in seconds:  91.2193648815155
block number:  77 Start-End 7700 7800   time taken in seconds:  97.01744270324707
block number:  78 Start-End 7800 7900   time taken in seconds:  92.50742292404175
block number:  79 Start-End 7900 8000   time taken in seconds:  92.8225769996643
block number:  80 Start-End 8000 8100   time taken in seconds:  94.03932762145996
block number:  81 Start-End 8100 8200   time taken in seconds:  93.91139841079712
block number:  82 Start-End 8200 8300   time taken in seconds:  90.81916570663452
block number:  83 Start-End 8300 8400   time taken in seconds:  88.91119480133057
block number:  84 Start-End 8400 8500   time taken in seconds:  92.63949060440063
block number:  85 Start-End 8500 8600   time taken in seconds:  94.4509437084198
block number:  86 Start-End 8600 8700   time taken in seconds:  94.19156241416931
block number:  87 Start-End 8700 8800   time taken in seconds:  91.42727375030518
block number:  88 Start-End 8800 8900   time taken in seconds:  95.54756426811218
block number:  89 Start-End 8900 9000   time taken in seconds:  89.1016776561737
block number:  90 Start-End 9000 9100   time taken in seconds:  91.58759999275208
block number:  91 Start-End 9100 9200   time taken in seconds:  94.23075556755066
block number:  92 Start-End 9200 9300   time taken in seconds:  95.8375391960144
block number:  93 Start-End 9300 9400   time taken in seconds:  93.69175553321838
block number:  94 Start-End 9400 9500   time taken in seconds:  93.50682616233826
block number:  95 Start-End 9500 9600   time taken in seconds:  92.96957588195801
block number:  96 Start-End 9600 9700   time taken in seconds:  92.80782771110535
block number:  97 Start-End 9700 9800   time taken in seconds:  90.39593410491943
block number:  98 Start-End 9800 9900   time taken in seconds:  90.08691763877869
block number:  99 Start-End 9900 10000   time taken in seconds:  92.05770063400269
block number:  100 Start-End 10000 10100   time taken in seconds:  94.60252380371094
block number:  101 Start-End 10100 10200   time taken in seconds:  92.70953464508057
block number:  102 Start-End 10200 10300   time taken in seconds:  90.74369835853577
block number:  103 Start-End 10300 10400   time taken in seconds:  94.49399876594543
block number:  104 Start-End 10400 10500   time taken in seconds:  93.61733484268188
block number:  105 Start-End 10500 10600   time taken in seconds:  85.56263947486877
block number:  106 Start-End 10600 10700   time taken in seconds:  97.45962357521057
block number:  107 Start-End 10700 10800   time taken in seconds:  90.62644171714783
block number:  108 Start-End 10800 10900   time taken in seconds:  90.93168258666992
block number:  109 Start-End 10900 11000   time taken in seconds:  99.215656042099
block number:  110 Start-End 11000 11100   time taken in seconds:  99.84813594818115
block number:  111 Start-End 11100 11200   time taken in seconds:  99.5217547416687
block number:  112 Start-End 11200 11300   time taken in seconds:  88.25951814651489
block number:  113 Start-End 11300 11400   time taken in seconds:  93.18092465400696
block number:  114 Start-End 11400 11500   time taken in seconds:  91.75856637954712
block number:  115 Start-End 11500 11600   time taken in seconds:  92.19608497619629
block number:  116 Start-End 11600 11700   time taken in seconds:  96.20271563529968
block number:  117 Start-End 11700 11800   time taken in seconds:  98.57699227333069
block number:  118 Start-End 11800 11900   time taken in seconds:  94.11328148841858
block number:  119 Start-End 11900 12000   time taken in seconds:  91.75474214553833
block number:  120 Start-End 12000 12100   time taken in seconds:  89.06492352485657
block number:  121 Start-End 12100 12200   time taken in seconds:  96.27485203742981
block number:  122 Start-End 12200 12300   time taken in seconds:  88.9549822807312
block number:  123 Start-End 12300 12400   time taken in seconds:  97.92121076583862
block number:  124 Start-End 12400 12500   time taken in seconds:  92.56524443626404
block number:  125 Start-End 12500 12600   time taken in seconds:  97.16658449172974
block number:  126 Start-End 12600 12700   time taken in seconds:  97.54076790809631
block number:  127 Start-End 12700 12800   time taken in seconds:  93.34186363220215
block number:  128 Start-End 12800 12900   time taken in seconds:  95.10928249359131
block number:  129 Start-End 12900 13000   time taken in seconds:  91.09881520271301
block number:  130 Start-End 13000 13100   time taken in seconds:  91.09218573570251
block number:  131 Start-End 13100 13200   time taken in seconds:  90.0785562992096
block number:  132 Start-End 13200 13300   time taken in seconds:  90.44695663452148
block number:  133 Start-End 13300 13400   time taken in seconds:  89.46076321601868
block number:  134 Start-End 13400 13500   time taken in seconds:  91.9516294002533
block number:  135 Start-End 13500 13600   time taken in seconds:  97.31123971939087
block number:  136 Start-End 13600 13700   time taken in seconds:  92.89147424697876
block number:  137 Start-End 13700 13800   time taken in seconds:  86.99733686447144
block number:  138 Start-End 13800 13900   time taken in seconds:  89.40767073631287
block number:  139 Start-End 13900 14000   time taken in seconds:  90.9790723323822
block number:  140 Start-End 14000 14100   time taken in seconds:  90.71916580200195
block number:  141 Start-End 14100 14200   time taken in seconds:  94.58289575576782
block number:  142 Start-End 14200 14300   time taken in seconds:  93.53836393356323
block number:  143 Start-End 14300 14400   time taken in seconds:  87.5268542766571
block number:  144 Start-End 14400 14500   time taken in seconds:  89.09440994262695
block number:  145 Start-End 14500 14600   time taken in seconds:  94.28292894363403
block number:  146 Start-End 14600 14700   time taken in seconds:  94.20757579803467
block number:  147 Start-End 14700 14800   time taken in seconds:  90.77160787582397
block number:  148 Start-End 14800 14900   time taken in seconds:  92.21848058700562
block number:  149 Start-End 14900 15000   time taken in seconds:  90.07035565376282
block number:  150 Start-End 15000 15100   time taken in seconds:  97.91274166107178
block number:  151 Start-End 15100 15200   time taken in seconds:  96.7426118850708
block number:  152 Start-End 15200 15300   time taken in seconds:  91.64613842964172
block number:  153 Start-End 15300 15400   time taken in seconds:  95.1842200756073
block number:  154 Start-End 15400 15500   time taken in seconds:  91.86348009109497
block number:  155 Start-End 15500 15600   time taken in seconds:  96.91022253036499
block number:  156 Start-End 15600 15700   time taken in seconds:  98.097815990448
block number:  157 Start-End 15700 15800   time taken in seconds:  94.26745676994324
block number:  158 Start-End 15800 15900   time taken in seconds:  93.65001082420349
block number:  159 Start-End 15900 16000   time taken in seconds:  95.92173981666565
block number:  160 Start-End 16000 16100   time taken in seconds:  93.91789221763611
block number:  161 Start-End 16100 16200   time taken in seconds:  100.01001286506653
block number:  162 Start-End 16200 16300   time taken in seconds:  99.3671703338623
block number:  163 Start-End 16300 16400   time taken in seconds:  94.23655390739441
block number:  164 Start-End 16400 16500   time taken in seconds:  93.8177011013031
block number:  165 Start-End 16500 16600   time taken in seconds:  92.56268835067749
block number:  166 Start-End 16600 16700   time taken in seconds:  92.3388032913208
block number:  167 Start-End 16700 16800   time taken in seconds:  92.06103372573853
block number:  168 Start-End 16800 16900   time taken in seconds:  88.47852659225464
block number:  169 Start-End 16900 17000   time taken in seconds:  95.49130129814148
block number:  170 Start-End 17000 17100   time taken in seconds:  91.31982398033142
block number:  171 Start-End 17100 17200   time taken in seconds:  91.66074347496033
block number:  172 Start-End 17200 17300   time taken in seconds:  94.43882775306702
block number:  173 Start-End 17300 17400   time taken in seconds:  94.19339299201965
block number:  174 Start-End 17400 17500   time taken in seconds:  88.50988006591797
block number:  175 Start-End 17500 17600   time taken in seconds:  87.02847504615784
block number:  176 Start-End 17600 17700   time taken in seconds:  90.50493907928467
block number:  177 Start-End 17700 17800   time taken in seconds:  86.4477527141571
block number:  178 Start-End 17800 17900   time taken in seconds:  93.29249095916748
block number:  179 Start-End 17900 18000   time taken in seconds:  89.17434620857239
block number:  180 Start-End 18000 18100   time taken in seconds:  91.86894655227661
block number:  181 Start-End 18100 18200   time taken in seconds:  84.57928967475891
block number:  182 Start-End 18200 18300   time taken in seconds:  96.03341364860535
block number:  183 Start-End 18300 18400   time taken in seconds:  93.76771235466003
block number:  184 Start-End 18400 18500   time taken in seconds:  93.01836347579956
block number:  185 Start-End 18500 18600   time taken in seconds:  94.59703063964844
block number:  186 Start-End 18600 18700   time taken in seconds:  88.80540180206299
block number:  187 Start-End 18700 18800   time taken in seconds:  90.81349158287048
block number:  188 Start-End 18800 18900   time taken in seconds:  93.31154561042786
block number:  189 Start-End 18900 19000   time taken in seconds:  94.03175401687622
block number:  190 Start-End 19000 19100   time taken in seconds:  93.58321595191956
block number:  191 Start-End 19100 19200   time taken in seconds:  93.23392248153687
block number:  192 Start-End 19200 19300   time taken in seconds:  94.85848140716553
block number:  193 Start-End 19300 19400   time taken in seconds:  88.06823945045471
block number:  194 Start-End 19400 19500   time taken in seconds:  95.5307891368866
block number:  195 Start-End 19500 19600   time taken in seconds:  94.32880520820618
block number:  196 Start-End 19600 19700   time taken in seconds:  90.73476338386536
block number:  197 Start-End 19700 19800   time taken in seconds:  95.62623906135559
block number:  198 Start-End 19800 19900   time taken in seconds:  97.7750985622406
block number:  199 Start-End 19900 20000   time taken in seconds:  95.01659965515137
block number:  200 Start-End 20000 20100   time taken in seconds:  99.15604567527771
block number:  201 Start-End 20100 20200   time taken in seconds:  101.5946753025055
block number:  202 Start-End 20200 20300   time taken in seconds:  94.04498434066772
block number:  203 Start-End 20300 20400   time taken in seconds:  94.41938877105713
block number:  204 Start-End 20400 20500   time taken in seconds:  102.5696427822113
block number:  205 Start-End 20500 20600   time taken in seconds:  97.5989100933075
block number:  206 Start-End 20600 20700   time taken in seconds:  94.61424851417542
block number:  207 Start-End 20700 20800   time taken in seconds:  92.52609324455261
block number:  208 Start-End 20800 20900   time taken in seconds:  92.7231457233429
block number:  209 Start-End 20900 21000   time taken in seconds:  96.56387710571289
block number:  210 Start-End 21000 21100   time taken in seconds:  93.28613567352295
block number:  211 Start-End 21100 21200   time taken in seconds:  89.86404514312744
block number:  212 Start-End 21200 21300   time taken in seconds:  92.38705229759216
block number:  213 Start-End 21300 21400   time taken in seconds:  90.60976982116699
block number:  214 Start-End 21400 21500   time taken in seconds:  91.60859298706055
block number:  215 Start-End 21500 21600   time taken in seconds:  96.62398099899292
block number:  216 Start-End 21600 21700   time taken in seconds:  91.2452642917633
block number:  217 Start-End 21700 21800   time taken in seconds:  97.68860483169556
block number:  218 Start-End 21800 21900   time taken in seconds:  90.4476671218872
block number:  219 Start-End 21900 22000   time taken in seconds:  96.41121649742126
block number:  220 Start-End 22000 22100   time taken in seconds:  84.81015658378601
block number:  221 Start-End 22100 22200   time taken in seconds:  93.45272946357727
block number:  222 Start-End 22200 22300   time taken in seconds:  91.26434874534607
block number:  223 Start-End 22300 22400   time taken in seconds:  88.6016833782196
block number:  224 Start-End 22400 22500   time taken in seconds:  94.96387720108032
block number:  225 Start-End 22500 22600   time taken in seconds:  96.82860445976257
block number:  226 Start-End 22600 22700   time taken in seconds:  94.65981316566467
block number:  227 Start-End 22700 22800   time taken in seconds:  89.16300129890442
block number:  228 Start-End 22800 22900   time taken in seconds:  91.63085079193115
block number:  229 Start-End 22900 23000   time taken in seconds:  90.60628843307495
block number:  230 Start-End 23000 23100   time taken in seconds:  92.33104968070984
block number:  231 Start-End 23100 23200   time taken in seconds:  90.54351711273193
block number:  232 Start-End 23200 23300   time taken in seconds:  89.30630803108215
block number:  233 Start-End 23300 23400   time taken in seconds:  98.89705610275269
block number:  234 Start-End 23400 23500   time taken in seconds:  95.22028303146362
block number:  235 Start-End 23500 23600   time taken in seconds:  94.63247013092041
block number:  236 Start-End 23600 23700   time taken in seconds:  95.13586449623108
block number:  237 Start-End 23700 23800   time taken in seconds:  90.17797517776489
block number:  238 Start-End 23800 23900   time taken in seconds:  98.39533877372742
block number:  239 Start-End 23900 24000   time taken in seconds:  96.0438494682312
block number:  240 Start-End 24000 24100   time taken in seconds:  92.94217228889465
block number:  241 Start-End 24100 24200   time taken in seconds:  93.10237288475037
block number:  242 Start-End 24200 24300   time taken in seconds:  89.80357146263123
block number:  243 Start-End 24300 24400   time taken in seconds:  94.18118786811829
block number:  244 Start-End 24400 24500   time taken in seconds:  93.53992128372192
block number:  245 Start-End 24500 24600   time taken in seconds:  87.29120063781738
block number:  246 Start-End 24600 24700   time taken in seconds:  93.29512548446655
block number:  247 Start-End 24700 24800   time taken in seconds:  95.79381561279297
block number:  248 Start-End 24800 24900   time taken in seconds:  94.76293754577637
block number:  249 Start-End 24900 25000   time taken in seconds:  93.64370441436768
block number:  250 Start-End 25000 25100   time taken in seconds:  97.10714030265808
block number:  251 Start-End 25100 25200   time taken in seconds:  90.4004008769989
block number:  252 Start-End 25200 25300   time taken in seconds:  94.9762852191925
block number:  253 Start-End 25300 25400   time taken in seconds:  94.2439455986023
block number:  254 Start-End 25400 25500   time taken in seconds:  93.26771593093872
block number:  255 Start-End 25500 25600   time taken in seconds:  88.45515584945679
block number:  256 Start-End 25600 25700   time taken in seconds:  93.59800791740417
block number:  257 Start-End 25700 25800   time taken in seconds:  97.96570825576782
block number:  258 Start-End 25800 25900   time taken in seconds:  95.03367328643799
block number:  259 Start-End 25900 26000   time taken in seconds:  84.02196550369263
block number:  260 Start-End 26000 26100   time taken in seconds:  88.36219120025635
block number:  261 Start-End 26100 26200   time taken in seconds:  91.86825466156006
block number:  262 Start-End 26200 26300   time taken in seconds:  89.94868755340576
block number:  263 Start-End 26300 26400   time taken in seconds:  99.96727871894836
block number:  264 Start-End 26400 26500   time taken in seconds:  94.8110830783844
block number:  265 Start-End 26500 26600   time taken in seconds:  93.00933980941772
block number:  266 Start-End 26600 26700   time taken in seconds:  96.3729259967804
block number:  267 Start-End 26700 26800   time taken in seconds:  89.96992301940918
block number:  268 Start-End 26800 26900   time taken in seconds:  95.66376328468323
block number:  269 Start-End 26900 27000   time taken in seconds:  102.56875538825989
block number:  270 Start-End 27000 27100   time taken in seconds:  97.6195125579834
block number:  271 Start-End 27100 27200   time taken in seconds:  93.36102604866028
block number:  272 Start-End 27200 27300   time taken in seconds:  94.73428702354431
block number:  273 Start-End 27300 27400   time taken in seconds:  90.20697331428528
block number:  274 Start-End 27400 27500   time taken in seconds:  95.5447187423706
block number:  275 Start-End 27500 27600   time taken in seconds:  95.91260981559753
block number:  276 Start-End 27600 27700   time taken in seconds:  94.32593822479248
block number:  277 Start-End 27700 27800   time taken in seconds:  93.58474040031433
block number:  278 Start-End 27800 27900   time taken in seconds:  90.93931603431702
block number:  279 Start-End 27900 28000   time taken in seconds:  92.91712021827698
block number:  280 Start-End 28000 28100   time taken in seconds:  90.18536496162415
block number:  281 Start-End 28100 28200   time taken in seconds:  94.89222741127014
block number:  282 Start-End 28200 28300   time taken in seconds:  94.03212356567383
block number:  283 Start-End 28300 28400   time taken in seconds:  95.6536979675293
block number:  284 Start-End 28400 28500   time taken in seconds:  93.11066436767578
block number:  285 Start-End 28500 28600   time taken in seconds:  92.25650906562805
block number:  286 Start-End 28600 28700   time taken in seconds:  90.7996473312378
block number:  287 Start-End 28700 28800   time taken in seconds:  88.20372676849365
block number:  288 Start-End 28800 28900   time taken in seconds:  99.02886629104614
block number:  289 Start-End 28900 29000   time taken in seconds:  92.65276980400085
block number:  290 Start-End 29000 29100   time taken in seconds:  91.22089171409607
block number:  291 Start-End 29100 29200   time taken in seconds:  95.16578507423401
block number:  292 Start-End 29200 29300   time taken in seconds:  93.31227970123291
block number:  293 Start-End 29300 29400   time taken in seconds:  95.3142580986023
block number:  294 Start-End 29400 29500   time taken in seconds:  96.31622338294983
block number:  295 Start-End 29500 29600   time taken in seconds:  85.98530316352844
block number:  296 Start-End 29600 29700   time taken in seconds:  95.04066491127014
block number:  297 Start-End 29700 29800   time taken in seconds:  91.67231750488281
block number:  298 Start-End 29800 29900   time taken in seconds:  92.22775602340698
block number:  299 Start-End 29900 30000   time taken in seconds:  92.17811560630798
block number:  300 Start-End 30000 30100   time taken in seconds:  90.39684557914734
block number:  301 Start-End 30100 30200   time taken in seconds:  94.46215271949768
block number:  302 Start-End 30200 30300   time taken in seconds:  94.99738550186157
block number:  303 Start-End 30300 30400   time taken in seconds:  96.11988568305969
block number:  304 Start-End 30400 30500   time taken in seconds:  93.70527601242065
block number:  305 Start-End 30500 30600   time taken in seconds:  90.48687863349915
block number:  306 Start-End 30600 30700   time taken in seconds:  93.30415344238281
block number:  307 Start-End 30700 30800   time taken in seconds:  94.86931610107422
block number:  308 Start-End 30800 30900   time taken in seconds:  83.57183742523193
block number:  309 Start-End 30900 31000   time taken in seconds:  91.84169507026672
block number:  310 Start-End 31000 31100   time taken in seconds:  96.23972034454346
block number:  311 Start-End 31100 31200   time taken in seconds:  89.60588335990906
block number:  312 Start-End 31200 31300   time taken in seconds:  99.82482624053955
block number:  313 Start-End 31300 31400   time taken in seconds:  93.22585797309875
block number:  314 Start-End 31400 31500   time taken in seconds:  90.41536808013916
block number:  315 Start-End 31500 31600   time taken in seconds:  90.3126974105835
block number:  316 Start-End 31600 31700   time taken in seconds:  89.42447710037231
block number:  317 Start-End 31700 31800   time taken in seconds:  93.69352602958679
block number:  318 Start-End 31800 31900   time taken in seconds:  93.88485360145569
block number:  319 Start-End 31900 32000   time taken in seconds:  95.64951419830322
block number:  320 Start-End 32000 32100   time taken in seconds:  99.77226042747498
block number:  321 Start-End 32100 32200   time taken in seconds:  91.93909072875977
block number:  322 Start-End 32200 32300   time taken in seconds:  92.62630987167358
block number:  323 Start-End 32300 32400   time taken in seconds:  87.41335773468018
block number:  324 Start-End 32400 32500   time taken in seconds:  95.23432803153992
block number:  325 Start-End 32500 32600   time taken in seconds:  95.03069043159485
block number:  326 Start-End 32600 32700   time taken in seconds:  92.52490520477295
block number:  327 Start-End 32700 32800   time taken in seconds:  92.08628249168396
block number:  328 Start-End 32800 32900   time taken in seconds:  93.76884508132935
block number:  329 Start-End 32900 33000   time taken in seconds:  99.39715480804443
block number:  330 Start-End 33000 33100   time taken in seconds:  94.72946405410767
block number:  331 Start-End 33100 33200   time taken in seconds:  90.97619771957397
block number:  332 Start-End 33200 33300   time taken in seconds:  94.38434529304504
block number:  333 Start-End 33300 33400   time taken in seconds:  97.72704672813416
block number:  334 Start-End 33400 33500   time taken in seconds:  95.10846543312073
block number:  335 Start-End 33500 33600   time taken in seconds:  87.39339256286621
block number:  336 Start-End 33600 33700   time taken in seconds:  96.98428010940552
block number:  337 Start-End 33700 33800   time taken in seconds:  96.18615698814392
block number:  338 Start-End 33800 33900   time taken in seconds:  92.30364203453064
block number:  339 Start-End 33900 34000   time taken in seconds:  87.88176202774048
block number:  340 Start-End 34000 34100   time taken in seconds:  88.10304570198059
block number:  341 Start-End 34100 34200   time taken in seconds:  92.12992715835571
block number:  342 Start-End 34200 34300   time taken in seconds:  90.4678909778595
block number:  343 Start-End 34300 34400   time taken in seconds:  89.51756477355957
block number:  344 Start-End 34400 34500   time taken in seconds:  98.4725296497345
block number:  345 Start-End 34500 34600   time taken in seconds:  90.35576915740967
block number:  346 Start-End 34600 34700   time taken in seconds:  90.4633195400238
block number:  347 Start-End 34700 34800   time taken in seconds:  93.95306038856506
block number:  348 Start-End 34800 34900   time taken in seconds:  93.23493385314941
block number:  349 Start-End 34900 35000   time taken in seconds:  92.71277856826782
block number:  350 Start-End 35000 35100   time taken in seconds:  97.62755131721497
block number:  351 Start-End 35100 35200   time taken in seconds:  97.71687483787537
block number:  352 Start-End 35200 35300   time taken in seconds:  91.88456058502197
block number:  353 Start-End 35300 35400   time taken in seconds:  93.05709719657898
block number:  354 Start-End 35400 35500   time taken in seconds:  90.53327560424805
block number:  355 Start-End 35500 35600   time taken in seconds:  93.67088437080383
block number:  356 Start-End 35600 35700   time taken in seconds:  87.13400340080261
block number:  357 Start-End 35700 35800   time taken in seconds:  91.59145998954773
block number:  358 Start-End 35800 35900   time taken in seconds:  90.92122006416321
block number:  359 Start-End 35900 36000   time taken in seconds:  98.01056957244873
block number:  360 Start-End 36000 36100   time taken in seconds:  91.65013766288757
block number:  361 Start-End 36100 36200   time taken in seconds:  96.09159874916077
block number:  362 Start-End 36200 36300   time taken in seconds:  93.74905323982239
block number:  363 Start-End 36300 36400   time taken in seconds:  94.73550796508789
block number:  364 Start-End 36400 36500   time taken in seconds:  93.98499155044556
block number:  365 Start-End 36500 36600   time taken in seconds:  92.6193835735321
block number:  366 Start-End 36600 36700   time taken in seconds:  91.92656064033508
block number:  367 Start-End 36700 36800   time taken in seconds:  97.14275288581848
block number:  368 Start-End 36800 36900   time taken in seconds:  92.19197154045105
block number:  369 Start-End 36900 37000   time taken in seconds:  89.94388222694397
block number:  370 Start-End 37000 37100   time taken in seconds:  92.48080801963806
block number:  371 Start-End 37100 37200   time taken in seconds:  89.98673868179321
block number:  372 Start-End 37200 37300   time taken in seconds:  95.01695919036865
block number:  373 Start-End 37300 37400   time taken in seconds:  92.49441123008728
block number:  374 Start-End 37400 37500   time taken in seconds:  90.51420259475708
block number:  375 Start-End 37500 37600   time taken in seconds:  91.52493858337402
block number:  376 Start-End 37600 37700   time taken in seconds:  97.47861075401306
block number:  377 Start-End 37700 37800   time taken in seconds:  95.16968870162964
block number:  378 Start-End 37800 37900   time taken in seconds:  94.02855372428894
block number:  379 Start-End 37900 38000   time taken in seconds:  98.08973026275635
block number:  380 Start-End 38000 38100   time taken in seconds:  94.5803050994873
block number:  381 Start-End 38100 38200   time taken in seconds:  97.56111717224121
block number:  382 Start-End 38200 38300   time taken in seconds:  91.78383445739746
block number:  383 Start-End 38300 38400   time taken in seconds:  92.53683495521545
block number:  384 Start-End 38400 38500   time taken in seconds:  88.07906603813171
block number:  385 Start-End 38500 38600   time taken in seconds:  97.09661388397217
block number:  386 Start-End 38600 38700   time taken in seconds:  92.26240825653076
block number:  387 Start-End 38700 38800   time taken in seconds:  92.58385157585144
block number:  388 Start-End 38800 38900   time taken in seconds:  95.13873338699341
block number:  389 Start-End 38900 39000   time taken in seconds:  93.32718014717102
block number:  390 Start-End 39000 39100   time taken in seconds:  90.64854574203491
block number:  391 Start-End 39100 39200   time taken in seconds:  98.73412489891052
block number:  392 Start-End 39200 39300   time taken in seconds:  92.64736127853394
block number:  393 Start-End 39300 39400   time taken in seconds:  99.60529398918152
block number:  394 Start-End 39400 39500   time taken in seconds:  94.53131079673767
block number:  395 Start-End 39500 39600   time taken in seconds:  91.00162672996521
block number:  396 Start-End 39600 39700   time taken in seconds:  98.90832781791687
block number:  397 Start-End 39700 39800   time taken in seconds:  91.49697995185852
block number:  398 Start-End 39800 39900   time taken in seconds:  93.38970065116882
block number:  399 Start-End 39900 40000   time taken in seconds:  93.36235523223877
block number:  400 Start-End 40000 40100   time taken in seconds:  97.58595967292786
block number:  401 Start-End 40100 40200   time taken in seconds:  90.56499671936035
block number:  402 Start-End 40200 40300   time taken in seconds:  94.64038348197937
block number:  403 Start-End 40300 40400   time taken in seconds:  92.24954867362976
block number:  404 Start-End 40400 40500   time taken in seconds:  92.26208996772766
block number:  405 Start-End 40500 40600   time taken in seconds:  95.3104600906372
block number:  406 Start-End 40600 40700   time taken in seconds:  94.16208004951477
block number:  407 Start-End 40700 40800   time taken in seconds:  89.7132363319397
block number:  408 Start-End 40800 40900   time taken in seconds:  95.21038031578064
block number:  409 Start-End 40900 41000   time taken in seconds:  99.53264665603638
block number:  410 Start-End 41000 41100   time taken in seconds:  94.73809480667114
block number:  411 Start-End 41100 41200   time taken in seconds:  90.8916392326355
block number:  412 Start-End 41200 41300   time taken in seconds:  99.07163429260254
block number:  413 Start-End 41300 41400   time taken in seconds:  91.72923231124878
block number:  414 Start-End 41400 41500   time taken in seconds:  91.70674800872803
block number:  415 Start-End 41500 41600   time taken in seconds:  94.00391864776611
block number:  416 Start-End 41600 41700   time taken in seconds:  94.13065838813782
block number:  417 Start-End 41700 41800   time taken in seconds:  95.16269135475159
block number:  418 Start-End 41800 41900   time taken in seconds:  95.92803287506104
block number:  419 Start-End 41900 42000   time taken in seconds:  97.23253607749939
block number:  420 Start-End 42000 42100   time taken in seconds:  93.25158643722534
block number:  421 Start-End 42100 42200   time taken in seconds:  88.66092586517334
block number:  422 Start-End 42200 42300   time taken in seconds:  98.19224810600281
block number:  423 Start-End 42300 42400   time taken in seconds:  93.60592603683472
block number:  424 Start-End 42400 42500   time taken in seconds:  97.91953253746033
block number:  425 Start-End 42500 42600   time taken in seconds:  100.2666699886322
block number:  426 Start-End 42600 42700   time taken in seconds:  91.97486519813538
block number:  427 Start-End 42700 42800   time taken in seconds:  94.66204690933228
block number:  428 Start-End 42800 42900   time taken in seconds:  100.87802529335022
block number:  429 Start-End 42900 43000   time taken in seconds:  90.28607988357544
block number:  430 Start-End 43000 43100   time taken in seconds:  97.66689586639404
block number:  431 Start-End 43100 43200   time taken in seconds:  96.75205063819885
block number:  432 Start-End 43200 43300   time taken in seconds:  98.49987983703613
block number:  433 Start-End 43300 43400   time taken in seconds:  92.29371786117554
block number:  434 Start-End 43400 43500   time taken in seconds:  94.33677554130554
block number:  435 Start-End 43500 43600   time taken in seconds:  94.81641507148743
block number:  436 Start-End 43600 43700   time taken in seconds:  93.1153359413147
block number:  437 Start-End 43700 43800   time taken in seconds:  94.15271925926208
block number:  438 Start-End 43800 43900   time taken in seconds:  93.05668783187866
block number:  439 Start-End 43900 44000   time taken in seconds:  92.50476908683777
block number:  440 Start-End 44000 44100   time taken in seconds:  94.6778016090393
block number:  441 Start-End 44100 44200   time taken in seconds:  94.68274879455566
block number:  442 Start-End 44200 44300   time taken in seconds:  86.3501787185669
block number:  443 Start-End 44300 44400   time taken in seconds:  91.58884477615356
block number:  444 Start-End 44400 44500   time taken in seconds:  91.24226641654968
block number:  445 Start-End 44500 44600   time taken in seconds:  89.85310673713684
block number:  446 Start-End 44600 44700   time taken in seconds:  95.49727392196655
block number:  447 Start-End 44700 44800   time taken in seconds:  97.28271150588989
block number:  448 Start-End 44800 44900   time taken in seconds:  92.19948625564575
block number:  449 Start-End 44900 45000   time taken in seconds:  92.98141884803772
block number:  450 Start-End 45000 45100   time taken in seconds:  94.25950717926025
block number:  451 Start-End 45100 45200   time taken in seconds:  97.73012232780457
block number:  452 Start-End 45200 45300   time taken in seconds:  97.73825287818909
block number:  453 Start-End 45300 45400   time taken in seconds:  99.53512692451477
block number:  454 Start-End 45400 45500   time taken in seconds:  96.72459816932678
block number:  455 Start-End 45500 45600   time taken in seconds:  92.37795972824097
block number:  456 Start-End 45600 45700   time taken in seconds:  98.13493824005127
block number:  457 Start-End 45700 45800   time taken in seconds:  94.70657229423523
block number:  458 Start-End 45800 45900   time taken in seconds:  98.12856125831604
block number:  459 Start-End 45900 46000   time taken in seconds:  93.86210870742798
block number:  460 Start-End 46000 46100   time taken in seconds:  100.8340220451355
block number:  461 Start-End 46100 46200   time taken in seconds:  92.37341570854187
block number:  462 Start-End 46200 46300   time taken in seconds:  95.20831203460693
block number:  463 Start-End 46300 46400   time taken in seconds:  96.49827313423157
block number:  464 Start-End 46400 46500   time taken in seconds:  95.62555766105652
block number:  465 Start-End 46500 46600   time taken in seconds:  99.15154123306274
block number:  466 Start-End 46600 46700   time taken in seconds:  94.25728678703308
block number:  467 Start-End 46700 46800   time taken in seconds:  91.68559288978577
block number:  468 Start-End 46800 46900   time taken in seconds:  86.28527498245239
block number:  469 Start-End 46900 47000   time taken in seconds:  91.96022415161133
block number:  470 Start-End 47000 47100   time taken in seconds:  96.91951775550842
block number:  471 Start-End 47100 47200   time taken in seconds:  98.32030272483826
block number:  472 Start-End 47200 47300   time taken in seconds:  90.77482008934021
block number:  473 Start-End 47300 47400   time taken in seconds:  98.86176466941833
block number:  474 Start-End 47400 47500   time taken in seconds:  97.88084244728088
block number:  475 Start-End 47500 47600   time taken in seconds:  97.75842666625977
block number:  476 Start-End 47600 47700   time taken in seconds:  88.77962517738342
block number:  477 Start-End 47700 47800   time taken in seconds:  94.64606189727783
block number:  478 Start-End 47800 47900   time taken in seconds:  95.00777840614319
block number:  479 Start-End 47900 48000   time taken in seconds:  92.5516836643219
block number:  480 Start-End 48000 48100   time taken in seconds:  89.56606340408325
block number:  481 Start-End 48100 48200   time taken in seconds:  90.83525514602661
block number:  482 Start-End 48200 48300   time taken in seconds:  93.08619737625122
block number:  483 Start-End 48300 48400   time taken in seconds:  97.45603656768799
block number:  484 Start-End 48400 48500   time taken in seconds:  97.02653002738953
block number:  485 Start-End 48500 48600   time taken in seconds:  98.80847024917603
block number:  486 Start-End 48600 48700   time taken in seconds:  94.18305087089539
block number:  487 Start-End 48700 48800   time taken in seconds:  97.91017079353333
block number:  488 Start-End 48800 48900   time taken in seconds:  96.85719704627991
block number:  489 Start-End 48900 49000   time taken in seconds:  95.70014095306396
block number:  490 Start-End 49000 49100   time taken in seconds:  101.71797609329224
block number:  491 Start-End 49100 49200   time taken in seconds:  94.07750701904297
block number:  492 Start-End 49200 49300   time taken in seconds:  97.7959840297699
block number:  493 Start-End 49300 49400   time taken in seconds:  93.11636710166931
block number:  494 Start-End 49400 49500   time taken in seconds:  97.96598887443542
block number:  495 Start-End 49500 49600   time taken in seconds:  96.3587646484375
block number:  496 Start-End 49600 49700   time taken in seconds:  101.54317045211792
block number:  497 Start-End 49700 49800   time taken in seconds:  99.4804949760437
block number:  498 Start-End 49800 49900   time taken in seconds:  93.64935612678528
block number:  499 Start-End 49900 50000   time taken in seconds:  98.40784192085266
block number:  500 Start-End 50000 50100   time taken in seconds:  90.66667819023132
block number:  501 Start-End 50100 50200   time taken in seconds:  94.87413263320923
block number:  502 Start-End 50200 50300   time taken in seconds:  92.92876362800598
block number:  503 Start-End 50300 50400   time taken in seconds:  91.7021496295929
block number:  504 Start-End 50400 50500   time taken in seconds:  94.1358482837677
block number:  505 Start-End 50500 50600   time taken in seconds:  94.62530565261841
block number:  506 Start-End 50600 50700   time taken in seconds:  93.026784658432
block number:  507 Start-End 50700 50800   time taken in seconds:  92.96776223182678
block number:  508 Start-End 50800 50900   time taken in seconds:  94.75949287414551
block number:  509 Start-End 50900 51000   time taken in seconds:  92.37388110160828
block number:  510 Start-End 51000 51100   time taken in seconds:  92.85102891921997
block number:  511 Start-End 51100 51200   time taken in seconds:  90.88171625137329
block number:  512 Start-End 51200 51300   time taken in seconds:  95.47612714767456
block number:  513 Start-End 51300 51400   time taken in seconds:  98.40917778015137
block number:  514 Start-End 51400 51500   time taken in seconds:  96.50125527381897
block number:  515 Start-End 51500 51600   time taken in seconds:  99.46648240089417
block number:  516 Start-End 51600 51700   time taken in seconds:  92.88815307617188
block number:  517 Start-End 51700 51800   time taken in seconds:  99.44324898719788
block number:  518 Start-End 51800 51900   time taken in seconds:  88.91036057472229
block number:  519 Start-End 51900 52000   time taken in seconds:  96.28942465782166
block number:  520 Start-End 52000 52100   time taken in seconds:  98.41022324562073
block number:  521 Start-End 52100 52200   time taken in seconds:  92.74006843566895
block number:  522 Start-End 52200 52300   time taken in seconds:  97.63545036315918
block number:  523 Start-End 52300 52400   time taken in seconds:  96.84687376022339
block number:  524 Start-End 52400 52500   time taken in seconds:  96.48014688491821
block number:  525 Start-End 52500 52600   time taken in seconds:  93.13457107543945
block number:  526 Start-End 52600 52700   time taken in seconds:  95.13799262046814
block number:  527 Start-End 52700 52800   time taken in seconds:  92.24459028244019
block number:  528 Start-End 52800 52900   time taken in seconds:  102.23993754386902
block number:  529 Start-End 52900 53000   time taken in seconds:  93.46297121047974
block number:  530 Start-End 53000 53100   time taken in seconds:  98.6680817604065
block number:  531 Start-End 53100 53200   time taken in seconds:  97.47442674636841
block number:  532 Start-End 53200 53300   time taken in seconds:  102.56366610527039
block number:  533 Start-End 53300 53400   time taken in seconds:  96.37888431549072
block number:  534 Start-End 53400 53500   time taken in seconds:  98.51398372650146
block number:  535 Start-End 53500 53600   time taken in seconds:  91.1159131526947
block number:  536 Start-End 53600 53700   time taken in seconds:  96.48237919807434
block number:  537 Start-End 53700 53800   time taken in seconds:  95.36739993095398
block number:  538 Start-End 53800 53900   time taken in seconds:  99.04127430915833
block number:  539 Start-End 53900 54000   time taken in seconds:  96.285728931427
block number:  540 Start-End 54000 54100   time taken in seconds:  98.13487148284912
block number:  541 Start-End 54100 54200   time taken in seconds:  99.48488664627075
block number:  542 Start-End 54200 54300   time taken in seconds:  98.28784608840942
block number:  543 Start-End 54300 54400   time taken in seconds:  97.44923281669617
block number:  544 Start-End 54400 54500   time taken in seconds:  96.86915946006775
block number:  545 Start-End 54500 54600   time taken in seconds:  96.83821511268616
block number:  546 Start-End 54600 54700   time taken in seconds:  97.15203404426575
block number:  547 Start-End 54700 54800   time taken in seconds:  89.84343409538269
block number:  548 Start-End 54800 54900   time taken in seconds:  98.13818407058716
block number:  549 Start-End 54900 55000   time taken in seconds:  105.826740026474
block number:  550 Start-End 55000 55100   time taken in seconds:  95.31551933288574
block number:  551 Start-End 55100 55200   time taken in seconds:  97.56804156303406
block number:  552 Start-End 55200 55300   time taken in seconds:  96.88467311859131
block number:  553 Start-End 55300 55400   time taken in seconds:  97.7496566772461
block number:  554 Start-End 55400 55500   time taken in seconds:  95.7943696975708
block number:  555 Start-End 55500 55600   time taken in seconds:  103.87856459617615
block number:  556 Start-End 55600 55700   time taken in seconds:  100.12230968475342
block number:  557 Start-End 55700 55800   time taken in seconds:  101.25796747207642
block number:  558 Start-End 55800 55900   time taken in seconds:  98.37195110321045
block number:  559 Start-End 55900 56000   time taken in seconds:  93.57413339614868
block number:  560 Start-End 56000 56100   time taken in seconds:  102.4120602607727
block number:  561 Start-End 56100 56200   time taken in seconds:  102.34301447868347
block number:  562 Start-End 56200 56300   time taken in seconds:  97.65679335594177
block number:  563 Start-End 56300 56400   time taken in seconds:  110.14862847328186
block number:  564 Start-End 56400 56500   time taken in seconds:  98.1782808303833
block number:  565 Start-End 56500 56600   time taken in seconds:  96.84802842140198
block number:  566 Start-End 56600 56700   time taken in seconds:  100.58443212509155
block number:  567 Start-End 56700 56800   time taken in seconds:  97.24444079399109
block number:  568 Start-End 56800 56900   time taken in seconds:  98.2057249546051
block number:  569 Start-End 56900 57000   time taken in seconds:  92.68531918525696
block number:  570 Start-End 57000 57100   time taken in seconds:  94.76500368118286
block number:  571 Start-End 57100 57200   time taken in seconds:  93.37984323501587
block number:  572 Start-End 57200 57300   time taken in seconds:  89.89808964729309
block number:  573 Start-End 57300 57400   time taken in seconds:  95.83024001121521
block number:  574 Start-End 57400 57500   time taken in seconds:  96.15716099739075
block number:  575 Start-End 57500 57600   time taken in seconds:  99.06191444396973
block number:  576 Start-End 57600 None   time taken in seconds:  34.05371952056885
Number of samples after bg: 466 
Number of temp files written 653
Time taken for concatenating temp files 13334.206383943558
Data shape after read:	x:(752604, 60, 10, 20)	y:(752604,)	wts:(752604,)
Data shape after format:	x:(752604, 10, 20, 60, 1)	y:(752604,)
Time taken in minutes  1149.0860820531846
