Type of data:	 regular
11361 10384
Type:  sig
Number of blocks 114
block number:  0 Start-End 0 100   time taken in seconds:  15.251389980316162
block number:  1 Start-End 100 200   time taken in seconds:  16.14972448348999
block number:  2 Start-End 200 300   time taken in seconds:  15.463098764419556
block number:  3 Start-End 300 400   time taken in seconds:  14.013160228729248
block number:  4 Start-End 400 500   time taken in seconds:  14.793226957321167
block number:  5 Start-End 500 600   time taken in seconds:  15.043006896972656
block number:  6 Start-End 600 700   time taken in seconds:  15.506884813308716
block number:  7 Start-End 700 800   time taken in seconds:  15.461875438690186
block number:  8 Start-End 800 900   time taken in seconds:  14.008786678314209
block number:  9 Start-End 900 1000   time taken in seconds:  13.313971042633057
block number:  10 Start-End 1000 1100   time taken in seconds:  15.158019065856934
block number:  11 Start-End 1100 1200   time taken in seconds:  15.369916915893555
block number:  12 Start-End 1200 1300   time taken in seconds:  19.709681749343872
block number:  13 Start-End 1300 1400   time taken in seconds:  13.720002174377441
block number:  14 Start-End 1400 1500   time taken in seconds:  17.792067050933838
block number:  15 Start-End 1500 1600   time taken in seconds:  16.60983920097351
block number:  16 Start-End 1600 1700   time taken in seconds:  16.97181797027588
block number:  17 Start-End 1700 1800   time taken in seconds:  15.237233877182007
block number:  18 Start-End 1800 1900   time taken in seconds:  18.082051277160645
block number:  19 Start-End 1900 2000   time taken in seconds:  16.700212001800537
block number:  20 Start-End 2000 2100   time taken in seconds:  17.0807523727417
block number:  21 Start-End 2100 2200   time taken in seconds:  15.026187419891357
block number:  22 Start-End 2200 2300   time taken in seconds:  14.45887279510498
block number:  23 Start-End 2300 2400   time taken in seconds:  17.67361879348755
block number:  24 Start-End 2400 2500   time taken in seconds:  15.497459650039673
block number:  25 Start-End 2500 2600   time taken in seconds:  13.686755895614624
block number:  26 Start-End 2600 2700   time taken in seconds:  14.862492799758911
block number:  27 Start-End 2700 2800   time taken in seconds:  17.890549659729004
block number:  28 Start-End 2800 2900   time taken in seconds:  16.963159322738647
block number:  29 Start-End 2900 3000   time taken in seconds:  16.737764596939087
block number:  30 Start-End 3000 3100   time taken in seconds:  15.12483549118042
block number:  31 Start-End 3100 3200   time taken in seconds:  16.517127752304077
block number:  32 Start-End 3200 3300   time taken in seconds:  15.284215450286865
block number:  33 Start-End 3300 3400   time taken in seconds:  17.44883942604065
block number:  34 Start-End 3400 3500   time taken in seconds:  16.576396703720093
block number:  35 Start-End 3500 3600   time taken in seconds:  15.905160427093506
block number:  36 Start-End 3600 3700   time taken in seconds:  15.802467107772827
block number:  37 Start-End 3700 3800   time taken in seconds:  15.775134086608887
block number:  38 Start-End 3800 3900   time taken in seconds:  16.39487648010254
block number:  39 Start-End 3900 4000   time taken in seconds:  18.177509307861328
block number:  40 Start-End 4000 4100   time taken in seconds:  17.789499044418335
block number:  41 Start-End 4100 4200   time taken in seconds:  16.304145574569702
block number:  42 Start-End 4200 4300   time taken in seconds:  16.96696138381958
block number:  43 Start-End 4300 4400   time taken in seconds:  15.561039209365845
block number:  44 Start-End 4400 4500   time taken in seconds:  15.48395562171936
block number:  45 Start-End 4500 4600   time taken in seconds:  20.317311763763428
block number:  46 Start-End 4600 4700   time taken in seconds:  17.06170153617859
block number:  47 Start-End 4700 4800   time taken in seconds:  16.372677326202393
block number:  48 Start-End 4800 4900   time taken in seconds:  17.324111223220825
block number:  49 Start-End 4900 5000   time taken in seconds:  17.496761322021484
block number:  50 Start-End 5000 5100   time taken in seconds:  18.46131706237793
block number:  51 Start-End 5100 5200   time taken in seconds:  16.143520832061768
block number:  52 Start-End 5200 5300   time taken in seconds:  17.967369079589844
block number:  53 Start-End 5300 5400   time taken in seconds:  17.265114784240723
block number:  54 Start-End 5400 5500   time taken in seconds:  16.008172512054443
block number:  55 Start-End 5500 5600   time taken in seconds:  18.31753921508789
block number:  56 Start-End 5600 5700   time taken in seconds:  15.123007774353027
block number:  57 Start-End 5700 5800   time taken in seconds:  17.135125637054443
block number:  58 Start-End 5800 5900   time taken in seconds:  15.301196575164795
block number:  59 Start-End 5900 6000   time taken in seconds:  19.29842472076416
block number:  60 Start-End 6000 6100   time taken in seconds:  16.67952275276184
block number:  61 Start-End 6100 6200   time taken in seconds:  18.408435344696045
block number:  62 Start-End 6200 6300   time taken in seconds:  17.29769277572632
block number:  63 Start-End 6300 6400   time taken in seconds:  17.29253315925598
block number:  64 Start-End 6400 6500   time taken in seconds:  17.429930210113525
block number:  65 Start-End 6500 6600   time taken in seconds:  18.911503553390503
block number:  66 Start-End 6600 6700   time taken in seconds:  16.995851516723633
block number:  67 Start-End 6700 6800   time taken in seconds:  16.772924184799194
block number:  68 Start-End 6800 6900   time taken in seconds:  15.463094711303711
block number:  69 Start-End 6900 7000   time taken in seconds:  16.773011445999146
block number:  70 Start-End 7000 7100   time taken in seconds:  17.36631441116333
block number:  71 Start-End 7100 7200   time taken in seconds:  19.003249406814575
block number:  72 Start-End 7200 7300   time taken in seconds:  16.455277681350708
block number:  73 Start-End 7300 7400   time taken in seconds:  18.903469562530518
block number:  74 Start-End 7400 7500   time taken in seconds:  17.943208694458008
block number:  75 Start-End 7500 7600   time taken in seconds:  16.93529200553894
block number:  76 Start-End 7600 7700   time taken in seconds:  16.29710078239441
block number:  77 Start-End 7700 7800   time taken in seconds:  14.9068021774292
block number:  78 Start-End 7800 7900   time taken in seconds:  15.230002641677856
block number:  79 Start-End 7900 8000   time taken in seconds:  14.704352617263794
block number:  80 Start-End 8000 8100   time taken in seconds:  17.805047512054443
block number:  81 Start-End 8100 8200   time taken in seconds:  16.0596923828125
block number:  82 Start-End 8200 8300   time taken in seconds:  14.718931198120117
block number:  83 Start-End 8300 8400   time taken in seconds:  15.81500792503357
block number:  84 Start-End 8400 8500   time taken in seconds:  16.071433544158936
block number:  85 Start-End 8500 8600   time taken in seconds:  14.906174898147583
block number:  86 Start-End 8600 8700   time taken in seconds:  15.827477931976318
block number:  87 Start-End 8700 8800   time taken in seconds:  15.269581079483032
block number:  88 Start-End 8800 8900   time taken in seconds:  15.88623571395874
block number:  89 Start-End 8900 9000   time taken in seconds:  15.315802812576294
block number:  90 Start-End 9000 9100   time taken in seconds:  15.779613018035889
block number:  91 Start-End 9100 9200   time taken in seconds:  18.357868432998657
block number:  92 Start-End 9200 9300   time taken in seconds:  17.141942024230957
block number:  93 Start-End 9300 9400   time taken in seconds:  16.577011108398438
block number:  94 Start-End 9400 9500   time taken in seconds:  17.58436942100525
block number:  95 Start-End 9500 9600   time taken in seconds:  19.068821668624878
block number:  96 Start-End 9600 9700   time taken in seconds:  15.746424198150635
block number:  97 Start-End 9700 9800   time taken in seconds:  16.914342403411865
block number:  98 Start-End 9800 9900   time taken in seconds:  18.21421480178833
block number:  99 Start-End 9900 10000   time taken in seconds:  15.510629653930664
block number:  100 Start-End 10000 10100   time taken in seconds:  16.09693670272827
block number:  101 Start-End 10100 10200   time taken in seconds:  17.307703733444214
block number:  102 Start-End 10200 10300   time taken in seconds:  17.643412351608276
block number:  103 Start-End 10300 10400   time taken in seconds:  16.763577222824097
block number:  104 Start-End 10400 10500   time taken in seconds:  16.479817628860474
block number:  105 Start-End 10500 10600   time taken in seconds:  17.888060331344604
block number:  106 Start-End 10600 10700   time taken in seconds:  14.80094027519226
block number:  107 Start-End 10700 10800   time taken in seconds:  17.580413818359375
block number:  108 Start-End 10800 10900   time taken in seconds:  15.676323175430298
block number:  109 Start-End 10900 11000   time taken in seconds:  17.589296102523804
block number:  110 Start-End 11000 11100   time taken in seconds:  16.758946180343628
block number:  111 Start-End 11100 11200   time taken in seconds:  15.55918002128601
block number:  112 Start-End 11200 11300   time taken in seconds:  17.852712392807007
block number:  113 Start-End 11300 None   time taken in seconds:  10.030909538269043
Number of samples after sig: 144 
Type:  bg
Number of blocks 104
block number:  0 Start-End 0 100   time taken in seconds:  85.03615880012512
block number:  1 Start-End 100 200   time taken in seconds:  80.79352712631226
block number:  2 Start-End 200 300   time taken in seconds:  73.47971653938293
block number:  3 Start-End 300 400   time taken in seconds:  66.85573315620422
block number:  4 Start-End 400 500   time taken in seconds:  80.97395730018616
block number:  5 Start-End 500 600   time taken in seconds:  84.4819610118866
block number:  6 Start-End 600 700   time taken in seconds:  77.76469206809998
block number:  7 Start-End 700 800   time taken in seconds:  83.7860279083252
block number:  8 Start-End 800 900   time taken in seconds:  66.39249396324158
block number:  9 Start-End 900 1000   time taken in seconds:  74.59281301498413
block number:  10 Start-End 1000 1100   time taken in seconds:  80.28812026977539
block number:  11 Start-End 1100 1200   time taken in seconds:  72.2527916431427
block number:  12 Start-End 1200 1300   time taken in seconds:  63.87962007522583
block number:  13 Start-End 1300 1400   time taken in seconds:  70.80270457267761
block number:  14 Start-End 1400 1500   time taken in seconds:  69.88756489753723
block number:  15 Start-End 1500 1600   time taken in seconds:  73.64538288116455
block number:  16 Start-End 1600 1700   time taken in seconds:  67.72347855567932
block number:  17 Start-End 1700 1800   time taken in seconds:  71.71222686767578
block number:  18 Start-End 1800 1900   time taken in seconds:  81.30322313308716
block number:  19 Start-End 1900 2000   time taken in seconds:  72.59088468551636
block number:  20 Start-End 2000 2100   time taken in seconds:  68.88212847709656
block number:  21 Start-End 2100 2200   time taken in seconds:  65.32164573669434
block number:  22 Start-End 2200 2300   time taken in seconds:  66.06564903259277
block number:  23 Start-End 2300 2400   time taken in seconds:  60.78603959083557
block number:  24 Start-End 2400 2500   time taken in seconds:  59.46230387687683
block number:  25 Start-End 2500 2600   time taken in seconds:  69.81035208702087
block number:  26 Start-End 2600 2700   time taken in seconds:  66.24526500701904
block number:  27 Start-End 2700 2800   time taken in seconds:  76.8425087928772
block number:  28 Start-End 2800 2900   time taken in seconds:  65.45139813423157
block number:  29 Start-End 2900 3000   time taken in seconds:  67.31047034263611
block number:  30 Start-End 3000 3100   time taken in seconds:  69.00577330589294
block number:  31 Start-End 3100 3200   time taken in seconds:  68.18050265312195
block number:  32 Start-End 3200 3300   time taken in seconds:  71.24381947517395
block number:  33 Start-End 3300 3400   time taken in seconds:  70.2308874130249
block number:  34 Start-End 3400 3500   time taken in seconds:  67.25489735603333
block number:  35 Start-End 3500 3600   time taken in seconds:  84.97119736671448
block number:  36 Start-End 3600 3700   time taken in seconds:  66.9372022151947
block number:  37 Start-End 3700 3800   time taken in seconds:  75.35965585708618
block number:  38 Start-End 3800 3900   time taken in seconds:  75.91965627670288
block number:  39 Start-End 3900 4000   time taken in seconds:  76.53063654899597
block number:  40 Start-End 4000 4100   time taken in seconds:  77.70160102844238
block number:  41 Start-End 4100 4200   time taken in seconds:  74.95495915412903
block number:  42 Start-End 4200 4300   time taken in seconds:  74.18915438652039
block number:  43 Start-End 4300 4400   time taken in seconds:  84.98284482955933
block number:  44 Start-End 4400 4500   time taken in seconds:  85.52690172195435
block number:  45 Start-End 4500 4600   time taken in seconds:  77.46036386489868
block number:  46 Start-End 4600 4700   time taken in seconds:  78.13235425949097
block number:  47 Start-End 4700 4800   time taken in seconds:  78.75168681144714
block number:  48 Start-End 4800 4900   time taken in seconds:  59.791138648986816
block number:  49 Start-End 4900 5000   time taken in seconds:  69.84271597862244
block number:  50 Start-End 5000 5100   time taken in seconds:  74.99770045280457
block number:  51 Start-End 5100 5200   time taken in seconds:  81.63883399963379
block number:  52 Start-End 5200 5300   time taken in seconds:  72.69881677627563
block number:  53 Start-End 5300 5400   time taken in seconds:  75.40269565582275
block number:  54 Start-End 5400 5500   time taken in seconds:  66.66101479530334
block number:  55 Start-End 5500 5600   time taken in seconds:  76.27810597419739
block number:  56 Start-End 5600 5700   time taken in seconds:  76.54994702339172
block number:  57 Start-End 5700 5800   time taken in seconds:  70.78281235694885
block number:  58 Start-End 5800 5900   time taken in seconds:  80.15496754646301
block number:  59 Start-End 5900 6000   time taken in seconds:  72.77078151702881
block number:  60 Start-End 6000 6100   time taken in seconds:  73.53949236869812
block number:  61 Start-End 6100 6200   time taken in seconds:  74.190176486969
block number:  62 Start-End 6200 6300   time taken in seconds:  71.93002414703369
block number:  63 Start-End 6300 6400   time taken in seconds:  69.60868263244629
block number:  64 Start-End 6400 6500   time taken in seconds:  71.81975412368774
block number:  65 Start-End 6500 6600   time taken in seconds:  73.00341820716858
block number:  66 Start-End 6600 6700   time taken in seconds:  64.70463943481445
block number:  67 Start-End 6700 6800   time taken in seconds:  68.09830021858215
block number:  68 Start-End 6800 6900   time taken in seconds:  69.54977536201477
block number:  69 Start-End 6900 7000   time taken in seconds:  69.33423280715942
block number:  70 Start-End 7000 7100   time taken in seconds:  71.74988961219788
block number:  71 Start-End 7100 7200   time taken in seconds:  73.42062854766846
block number:  72 Start-End 7200 7300   time taken in seconds:  71.72208905220032
block number:  73 Start-End 7300 7400   time taken in seconds:  68.28355240821838
block number:  74 Start-End 7400 7500   time taken in seconds:  71.77759504318237
block number:  75 Start-End 7500 7600   time taken in seconds:  69.32181572914124
block number:  76 Start-End 7600 7700   time taken in seconds:  69.5396478176117
block number:  77 Start-End 7700 7800   time taken in seconds:  66.51108884811401
block number:  78 Start-End 7800 7900   time taken in seconds:  67.4520673751831
block number:  79 Start-End 7900 8000   time taken in seconds:  66.45750451087952
block number:  80 Start-End 8000 8100   time taken in seconds:  69.98860692977905
block number:  81 Start-End 8100 8200   time taken in seconds:  73.90505242347717
block number:  82 Start-End 8200 8300   time taken in seconds:  67.29942774772644
block number:  83 Start-End 8300 8400   time taken in seconds:  71.27054166793823
block number:  84 Start-End 8400 8500   time taken in seconds:  73.59522008895874
block number:  85 Start-End 8500 8600   time taken in seconds:  66.59818315505981
block number:  86 Start-End 8600 8700   time taken in seconds:  75.55244278907776
block number:  87 Start-End 8700 8800   time taken in seconds:  70.47478675842285
block number:  88 Start-End 8800 8900   time taken in seconds:  63.41736817359924
block number:  89 Start-End 8900 9000   time taken in seconds:  67.99947619438171
block number:  90 Start-End 9000 9100   time taken in seconds:  66.09548997879028
block number:  91 Start-End 9100 9200   time taken in seconds:  72.10969662666321
block number:  92 Start-End 9200 9300   time taken in seconds:  66.60194396972656
block number:  93 Start-End 9300 9400   time taken in seconds:  61.488362550735474
block number:  94 Start-End 9400 9500   time taken in seconds:  69.48267006874084
block number:  95 Start-End 9500 9600   time taken in seconds:  66.97282457351685
block number:  96 Start-End 9600 9700   time taken in seconds:  74.84453511238098
block number:  97 Start-End 9700 9800   time taken in seconds:  66.02146291732788
block number:  98 Start-End 9800 9900   time taken in seconds:  65.43942785263062
block number:  99 Start-End 9900 10000   time taken in seconds:  68.41884684562683
block number:  100 Start-End 10000 10100   time taken in seconds:  66.80234980583191
block number:  101 Start-End 10100 10200   time taken in seconds:  70.08765363693237
block number:  102 Start-End 10200 10300   time taken in seconds:  69.98667311668396
block number:  103 Start-End 10300 None   time taken in seconds:  57.33107089996338
Number of samples after bg: 872 
Number of temp files written 218
Time taken for concatenating temp files 325.1144118309021
Data shape after read:	x:(136066, 60, 10, 20)	y:(136066,)	wts:(136066,)
Data shape after format:	x:(136066, 10, 20, 60, 1)	y:(136066,)
Time taken in minutes  160.87014583349227
Type of data:	 reserved
7593 57635
Type:  sig
Number of blocks 76
block number:  0 Start-End 0 100   time taken in seconds:  13.884207725524902
block number:  1 Start-End 100 200   time taken in seconds:  15.04534101486206
block number:  2 Start-End 200 300   time taken in seconds:  13.60824465751648
block number:  3 Start-End 300 400   time taken in seconds:  14.190272808074951
block number:  4 Start-End 400 500   time taken in seconds:  15.494290113449097
block number:  5 Start-End 500 600   time taken in seconds:  14.685223579406738
block number:  6 Start-End 600 700   time taken in seconds:  13.265231609344482
block number:  7 Start-End 700 800   time taken in seconds:  13.795804500579834
block number:  8 Start-End 800 900   time taken in seconds:  13.235750913619995
block number:  9 Start-End 900 1000   time taken in seconds:  16.343774795532227
block number:  10 Start-End 1000 1100   time taken in seconds:  14.853657960891724
block number:  11 Start-End 1100 1200   time taken in seconds:  15.167737245559692
block number:  12 Start-End 1200 1300   time taken in seconds:  13.127232074737549
block number:  13 Start-End 1300 1400   time taken in seconds:  15.368186950683594
block number:  14 Start-End 1400 1500   time taken in seconds:  15.166451692581177
block number:  15 Start-End 1500 1600   time taken in seconds:  13.298369407653809
block number:  16 Start-End 1600 1700   time taken in seconds:  14.479072332382202
block number:  17 Start-End 1700 1800   time taken in seconds:  14.887919902801514
block number:  18 Start-End 1800 1900   time taken in seconds:  13.073201417922974
block number:  19 Start-End 1900 2000   time taken in seconds:  14.676063537597656
block number:  20 Start-End 2000 2100   time taken in seconds:  13.954193115234375
block number:  21 Start-End 2100 2200   time taken in seconds:  13.533538579940796
block number:  22 Start-End 2200 2300   time taken in seconds:  14.102098226547241
block number:  23 Start-End 2300 2400   time taken in seconds:  14.548975467681885
block number:  24 Start-End 2400 2500   time taken in seconds:  16.088175296783447
block number:  25 Start-End 2500 2600   time taken in seconds:  13.5560941696167
block number:  26 Start-End 2600 2700   time taken in seconds:  14.37963342666626
block number:  27 Start-End 2700 2800   time taken in seconds:  14.235350608825684
block number:  28 Start-End 2800 2900   time taken in seconds:  14.995963096618652
block number:  29 Start-End 2900 3000   time taken in seconds:  14.128435850143433
block number:  30 Start-End 3000 3100   time taken in seconds:  15.687087059020996
block number:  31 Start-End 3100 3200   time taken in seconds:  14.468100547790527
block number:  32 Start-End 3200 3300   time taken in seconds:  16.808930158615112
block number:  33 Start-End 3300 3400   time taken in seconds:  15.011814832687378
block number:  34 Start-End 3400 3500   time taken in seconds:  14.320010662078857
block number:  35 Start-End 3500 3600   time taken in seconds:  13.588646173477173
block number:  36 Start-End 3600 3700   time taken in seconds:  14.703222274780273
block number:  37 Start-End 3700 3800   time taken in seconds:  14.300782680511475
block number:  38 Start-End 3800 3900   time taken in seconds:  16.691721200942993
block number:  39 Start-End 3900 4000   time taken in seconds:  16.569326400756836
block number:  40 Start-End 4000 4100   time taken in seconds:  15.331473588943481
block number:  41 Start-End 4100 4200   time taken in seconds:  15.293222188949585
block number:  42 Start-End 4200 4300   time taken in seconds:  17.28709101676941
block number:  43 Start-End 4300 4400   time taken in seconds:  13.542234182357788
block number:  44 Start-End 4400 4500   time taken in seconds:  15.150225162506104
block number:  45 Start-End 4500 4600   time taken in seconds:  16.146313428878784
block number:  46 Start-End 4600 4700   time taken in seconds:  13.641928434371948
block number:  47 Start-End 4700 4800   time taken in seconds:  13.096489906311035
block number:  48 Start-End 4800 4900   time taken in seconds:  15.21562385559082
block number:  49 Start-End 4900 5000   time taken in seconds:  15.896655797958374
block number:  50 Start-End 5000 5100   time taken in seconds:  14.287270545959473
block number:  51 Start-End 5100 5200   time taken in seconds:  14.91645336151123
block number:  52 Start-End 5200 5300   time taken in seconds:  12.408210754394531
block number:  53 Start-End 5300 5400   time taken in seconds:  16.52868366241455
block number:  54 Start-End 5400 5500   time taken in seconds:  15.118387699127197
block number:  55 Start-End 5500 5600   time taken in seconds:  14.75922179222107
block number:  56 Start-End 5600 5700   time taken in seconds:  15.22256875038147
block number:  57 Start-End 5700 5800   time taken in seconds:  19.233763456344604
block number:  58 Start-End 5800 5900   time taken in seconds:  19.305119276046753
block number:  59 Start-End 5900 6000   time taken in seconds:  16.408908367156982
block number:  60 Start-End 6000 6100   time taken in seconds:  14.140497922897339
block number:  61 Start-End 6100 6200   time taken in seconds:  17.943586826324463
block number:  62 Start-End 6200 6300   time taken in seconds:  17.136520385742188
block number:  63 Start-End 6300 6400   time taken in seconds:  15.287610292434692
block number:  64 Start-End 6400 6500   time taken in seconds:  16.03982377052307
block number:  65 Start-End 6500 6600   time taken in seconds:  14.274776220321655
block number:  66 Start-End 6600 6700   time taken in seconds:  15.193344831466675
block number:  67 Start-End 6700 6800   time taken in seconds:  15.905962705612183
block number:  68 Start-End 6800 6900   time taken in seconds:  14.075860023498535
block number:  69 Start-End 6900 7000   time taken in seconds:  15.177700996398926
block number:  70 Start-End 7000 7100   time taken in seconds:  17.25099539756775
block number:  71 Start-End 7100 7200   time taken in seconds:  14.994867086410522
block number:  72 Start-End 7200 7300   time taken in seconds:  14.644595384597778
block number:  73 Start-End 7300 7400   time taken in seconds:  14.497683763504028
block number:  74 Start-End 7400 7500   time taken in seconds:  13.09422755241394
block number:  75 Start-End 7500 None   time taken in seconds:  13.766052007675171
Number of samples after sig: 233 
Type:  bg
Number of blocks 577
block number:  0 Start-End 0 100   time taken in seconds:  82.8359739780426
block number:  1 Start-End 100 200   time taken in seconds:  87.1736249923706
block number:  2 Start-End 200 300   time taken in seconds:  82.95295929908752
block number:  3 Start-End 300 400   time taken in seconds:  84.1957778930664
block number:  4 Start-End 400 500   time taken in seconds:  79.24258804321289
block number:  5 Start-End 500 600   time taken in seconds:  85.27183794975281
block number:  6 Start-End 600 700   time taken in seconds:  84.90975689888
block number:  7 Start-End 700 800   time taken in seconds:  92.58800864219666
block number:  8 Start-End 800 900   time taken in seconds:  86.56731534004211
block number:  9 Start-End 900 1000   time taken in seconds:  86.88112092018127
block number:  10 Start-End 1000 1100   time taken in seconds:  89.9367892742157
block number:  11 Start-End 1100 1200   time taken in seconds:  92.60067868232727
block number:  12 Start-End 1200 1300   time taken in seconds:  93.63655424118042
block number:  13 Start-End 1300 1400   time taken in seconds:  84.6402575969696
block number:  14 Start-End 1400 1500   time taken in seconds:  85.65684986114502
block number:  15 Start-End 1500 1600   time taken in seconds:  81.42355918884277
block number:  16 Start-End 1600 1700   time taken in seconds:  81.17380809783936
block number:  17 Start-End 1700 1800   time taken in seconds:  84.53036403656006
block number:  18 Start-End 1800 1900   time taken in seconds:  78.9996075630188
block number:  19 Start-End 1900 2000   time taken in seconds:  87.12674927711487
block number:  20 Start-End 2000 2100   time taken in seconds:  84.86951065063477
block number:  21 Start-End 2100 2200   time taken in seconds:  84.59017777442932
block number:  22 Start-End 2200 2300   time taken in seconds:  79.59997177124023
block number:  23 Start-End 2300 2400   time taken in seconds:  80.19481611251831
block number:  24 Start-End 2400 2500   time taken in seconds:  80.80876731872559
block number:  25 Start-End 2500 2600   time taken in seconds:  85.5468316078186
block number:  26 Start-End 2600 2700   time taken in seconds:  89.6895899772644
block number:  27 Start-End 2700 2800   time taken in seconds:  83.7118890285492
block number:  28 Start-End 2800 2900   time taken in seconds:  88.88192701339722
block number:  29 Start-End 2900 3000   time taken in seconds:  78.80661654472351
block number:  30 Start-End 3000 3100   time taken in seconds:  78.01210498809814
block number:  31 Start-End 3100 3200   time taken in seconds:  87.09536552429199
block number:  32 Start-End 3200 3300   time taken in seconds:  81.03598237037659
block number:  33 Start-End 3300 3400   time taken in seconds:  85.09697890281677
block number:  34 Start-End 3400 3500   time taken in seconds:  84.45711970329285
block number:  35 Start-End 3500 3600   time taken in seconds:  81.91746664047241
block number:  36 Start-End 3600 3700   time taken in seconds:  89.07125163078308
block number:  37 Start-End 3700 3800   time taken in seconds:  87.8712866306305
block number:  38 Start-End 3800 3900   time taken in seconds:  86.22362947463989
block number:  39 Start-End 3900 4000   time taken in seconds:  86.67452025413513
block number:  40 Start-End 4000 4100   time taken in seconds:  91.1833987236023
block number:  41 Start-End 4100 4200   time taken in seconds:  87.25231981277466
block number:  42 Start-End 4200 4300   time taken in seconds:  85.70608186721802
block number:  43 Start-End 4300 4400   time taken in seconds:  90.87063503265381
block number:  44 Start-End 4400 4500   time taken in seconds:  96.58455038070679
block number:  45 Start-End 4500 4600   time taken in seconds:  94.58394622802734
block number:  46 Start-End 4600 4700   time taken in seconds:  95.1036319732666
block number:  47 Start-End 4700 4800   time taken in seconds:  93.78513097763062
block number:  48 Start-End 4800 4900   time taken in seconds:  100.84878420829773
block number:  49 Start-End 4900 5000   time taken in seconds:  92.29087209701538
block number:  50 Start-End 5000 5100   time taken in seconds:  93.87681770324707
block number:  51 Start-End 5100 5200   time taken in seconds:  93.82438373565674
block number:  52 Start-End 5200 5300   time taken in seconds:  97.02169728279114
block number:  53 Start-End 5300 5400   time taken in seconds:  91.8599181175232
block number:  54 Start-End 5400 5500   time taken in seconds:  93.54973125457764
block number:  55 Start-End 5500 5600   time taken in seconds:  91.81691288948059
block number:  56 Start-End 5600 5700   time taken in seconds:  81.82528614997864
block number:  57 Start-End 5700 5800   time taken in seconds:  84.16814875602722
block number:  58 Start-End 5800 5900   time taken in seconds:  93.04724907875061
block number:  59 Start-End 5900 6000   time taken in seconds:  94.26308560371399
block number:  60 Start-End 6000 6100   time taken in seconds:  86.96327948570251
block number:  61 Start-End 6100 6200   time taken in seconds:  87.96032810211182
block number:  62 Start-End 6200 6300   time taken in seconds:  88.91016888618469
block number:  63 Start-End 6300 6400   time taken in seconds:  88.28728318214417
block number:  64 Start-End 6400 6500   time taken in seconds:  87.1904878616333
block number:  65 Start-End 6500 6600   time taken in seconds:  93.21832275390625
block number:  66 Start-End 6600 6700   time taken in seconds:  91.64597702026367
block number:  67 Start-End 6700 6800   time taken in seconds:  91.12596607208252
block number:  68 Start-End 6800 6900   time taken in seconds:  84.90021872520447
block number:  69 Start-End 6900 7000   time taken in seconds:  81.13085293769836
block number:  70 Start-End 7000 7100   time taken in seconds:  86.16002702713013
block number:  71 Start-End 7100 7200   time taken in seconds:  90.65152716636658
block number:  72 Start-End 7200 7300   time taken in seconds:  91.74140930175781
block number:  73 Start-End 7300 7400   time taken in seconds:  89.39915347099304
block number:  74 Start-End 7400 7500   time taken in seconds:  88.03860878944397
block number:  75 Start-End 7500 7600   time taken in seconds:  112.58248853683472
block number:  76 Start-End 7600 7700   time taken in seconds:  89.60501194000244
block number:  77 Start-End 7700 7800   time taken in seconds:  94.57595801353455
block number:  78 Start-End 7800 7900   time taken in seconds:  92.30624485015869
block number:  79 Start-End 7900 8000   time taken in seconds:  93.36508965492249
block number:  80 Start-End 8000 8100   time taken in seconds:  113.72932744026184
block number:  81 Start-End 8100 8200   time taken in seconds:  93.8260509967804
block number:  82 Start-End 8200 8300   time taken in seconds:  92.7064802646637
block number:  83 Start-End 8300 8400   time taken in seconds:  85.15596055984497
block number:  84 Start-End 8400 8500   time taken in seconds:  95.71165251731873
block number:  85 Start-End 8500 8600   time taken in seconds:  86.93107342720032
block number:  86 Start-End 8600 8700   time taken in seconds:  93.67011761665344
block number:  87 Start-End 8700 8800   time taken in seconds:  90.97511267662048
block number:  88 Start-End 8800 8900   time taken in seconds:  91.27706551551819
block number:  89 Start-End 8900 9000   time taken in seconds:  89.8572211265564
block number:  90 Start-End 9000 9100   time taken in seconds:  88.88426351547241
block number:  91 Start-End 9100 9200   time taken in seconds:  96.42126703262329
block number:  92 Start-End 9200 9300   time taken in seconds:  91.84541583061218
block number:  93 Start-End 9300 9400   time taken in seconds:  83.16549301147461
block number:  94 Start-End 9400 9500   time taken in seconds:  85.39078187942505
block number:  95 Start-End 9500 9600   time taken in seconds:  87.78994512557983
block number:  96 Start-End 9600 9700   time taken in seconds:  85.04780626296997
block number:  97 Start-End 9700 9800   time taken in seconds:  87.49262762069702
block number:  98 Start-End 9800 9900   time taken in seconds:  89.85310459136963
block number:  99 Start-End 9900 10000   time taken in seconds:  91.20613431930542
block number:  100 Start-End 10000 10100   time taken in seconds:  89.29859185218811
block number:  101 Start-End 10100 10200   time taken in seconds:  90.23582053184509
block number:  102 Start-End 10200 10300   time taken in seconds:  92.078768491745
block number:  103 Start-End 10300 10400   time taken in seconds:  103.80852699279785
block number:  104 Start-End 10400 10500   time taken in seconds:  104.57985544204712
block number:  105 Start-End 10500 10600   time taken in seconds:  96.67174863815308
block number:  106 Start-End 10600 10700   time taken in seconds:  104.93108701705933
block number:  107 Start-End 10700 10800   time taken in seconds:  101.94594049453735
block number:  108 Start-End 10800 10900   time taken in seconds:  98.23540806770325
block number:  109 Start-End 10900 11000   time taken in seconds:  94.97518301010132
block number:  110 Start-End 11000 11100   time taken in seconds:  96.22459721565247
block number:  111 Start-End 11100 11200   time taken in seconds:  97.31974506378174
block number:  112 Start-End 11200 11300   time taken in seconds:  87.98023915290833
block number:  113 Start-End 11300 11400   time taken in seconds:  90.96682286262512
block number:  114 Start-End 11400 11500   time taken in seconds:  89.18777751922607
block number:  115 Start-End 11500 11600   time taken in seconds:  94.10748767852783
block number:  116 Start-End 11600 11700   time taken in seconds:  94.23798203468323
block number:  117 Start-End 11700 11800   time taken in seconds:  100.69707298278809
block number:  118 Start-End 11800 11900   time taken in seconds:  103.90563774108887
block number:  119 Start-End 11900 12000   time taken in seconds:  95.40648484230042
block number:  120 Start-End 12000 12100   time taken in seconds:  92.74959397315979
block number:  121 Start-End 12100 12200   time taken in seconds:  97.18078327178955
block number:  122 Start-End 12200 12300   time taken in seconds:  89.38970875740051
block number:  123 Start-End 12300 12400   time taken in seconds:  98.77731132507324
block number:  124 Start-End 12400 12500   time taken in seconds:  93.18975067138672
block number:  125 Start-End 12500 12600   time taken in seconds:  95.70220470428467
block number:  126 Start-End 12600 12700   time taken in seconds:  97.0391857624054
block number:  127 Start-End 12700 12800   time taken in seconds:  96.24301075935364
block number:  128 Start-End 12800 12900   time taken in seconds:  90.18040633201599
block number:  129 Start-End 12900 13000   time taken in seconds:  89.81633162498474
block number:  130 Start-End 13000 13100   time taken in seconds:  87.6702675819397
block number:  131 Start-End 13100 13200   time taken in seconds:  84.9724440574646
block number:  132 Start-End 13200 13300   time taken in seconds:  87.80035853385925
block number:  133 Start-End 13300 13400   time taken in seconds:  89.20483660697937
block number:  134 Start-End 13400 13500   time taken in seconds:  89.74620842933655
block number:  135 Start-End 13500 13600   time taken in seconds:  90.93420076370239
block number:  136 Start-End 13600 13700   time taken in seconds:  82.98952293395996
block number:  137 Start-End 13700 13800   time taken in seconds:  76.19626665115356
block number:  138 Start-End 13800 13900   time taken in seconds:  78.73053741455078
block number:  139 Start-End 13900 14000   time taken in seconds:  80.98460459709167
block number:  140 Start-End 14000 14100   time taken in seconds:  81.46988224983215
block number:  141 Start-End 14100 14200   time taken in seconds:  89.71926784515381
block number:  142 Start-End 14200 14300   time taken in seconds:  81.07276153564453
block number:  143 Start-End 14300 14400   time taken in seconds:  76.59430599212646
block number:  144 Start-End 14400 14500   time taken in seconds:  78.27632927894592
block number:  145 Start-End 14500 14600   time taken in seconds:  81.46536874771118
block number:  146 Start-End 14600 14700   time taken in seconds:  82.37665939331055
block number:  147 Start-End 14700 14800   time taken in seconds:  80.57758045196533
block number:  148 Start-End 14800 14900   time taken in seconds:  81.76884865760803
block number:  149 Start-End 14900 15000   time taken in seconds:  81.31255316734314
block number:  150 Start-End 15000 15100   time taken in seconds:  85.11893200874329
block number:  151 Start-End 15100 15200   time taken in seconds:  83.38107252120972
block number:  152 Start-End 15200 15300   time taken in seconds:  78.7270896434784
block number:  153 Start-End 15300 15400   time taken in seconds:  82.4569787979126
block number:  154 Start-End 15400 15500   time taken in seconds:  78.53320097923279
block number:  155 Start-End 15500 15600   time taken in seconds:  85.16692876815796
block number:  156 Start-End 15600 15700   time taken in seconds:  82.66296601295471
block number:  157 Start-End 15700 15800   time taken in seconds:  80.69176292419434
block number:  158 Start-End 15800 15900   time taken in seconds:  82.30633497238159
block number:  159 Start-End 15900 16000   time taken in seconds:  83.89096641540527
block number:  160 Start-End 16000 16100   time taken in seconds:  80.48832273483276
block number:  161 Start-End 16100 16200   time taken in seconds:  82.627938747406
block number:  162 Start-End 16200 16300   time taken in seconds:  81.7294545173645
block number:  163 Start-End 16300 16400   time taken in seconds:  84.9489586353302
block number:  164 Start-End 16400 16500   time taken in seconds:  87.65561246871948
block number:  165 Start-End 16500 16600   time taken in seconds:  80.6104805469513
block number:  166 Start-End 16600 16700   time taken in seconds:  79.14442777633667
block number:  167 Start-End 16700 16800   time taken in seconds:  80.31508684158325
block number:  168 Start-End 16800 16900   time taken in seconds:  78.52039313316345
block number:  169 Start-End 16900 17000   time taken in seconds:  83.32519674301147
block number:  170 Start-End 17000 17100   time taken in seconds:  80.79803824424744
block number:  171 Start-End 17100 17200   time taken in seconds:  80.55041909217834
block number:  172 Start-End 17200 17300   time taken in seconds:  81.2663311958313
block number:  173 Start-End 17300 17400   time taken in seconds:  92.16105818748474
block number:  174 Start-End 17400 17500   time taken in seconds:  79.3089394569397
block number:  175 Start-End 17500 17600   time taken in seconds:  76.26637721061707
block number:  176 Start-End 17600 17700   time taken in seconds:  78.08344745635986
block number:  177 Start-End 17700 17800   time taken in seconds:  75.2245934009552
block number:  178 Start-End 17800 17900   time taken in seconds:  80.20192074775696
block number:  179 Start-End 17900 18000   time taken in seconds:  76.12122631072998
block number:  180 Start-End 18000 18100   time taken in seconds:  79.31760883331299
block number:  181 Start-End 18100 18200   time taken in seconds:  74.92332744598389
block number:  182 Start-End 18200 18300   time taken in seconds:  83.64494204521179
block number:  183 Start-End 18300 18400   time taken in seconds:  81.4537398815155
block number:  184 Start-End 18400 18500   time taken in seconds:  80.55391192436218
block number:  185 Start-End 18500 18600   time taken in seconds:  82.28459978103638
block number:  186 Start-End 18600 18700   time taken in seconds:  80.69916796684265
block number:  187 Start-End 18700 18800   time taken in seconds:  81.57732081413269
block number:  188 Start-End 18800 18900   time taken in seconds:  86.2326557636261
block number:  189 Start-End 18900 19000   time taken in seconds:  83.1115448474884
block number:  190 Start-End 19000 19100   time taken in seconds:  80.95224261283875
block number:  191 Start-End 19100 19200   time taken in seconds:  81.67489743232727
block number:  192 Start-End 19200 19300   time taken in seconds:  84.68181324005127
block number:  193 Start-End 19300 19400   time taken in seconds:  76.42275524139404
block number:  194 Start-End 19400 19500   time taken in seconds:  83.26547694206238
block number:  195 Start-End 19500 19600   time taken in seconds:  80.65383768081665
block number:  196 Start-End 19600 19700   time taken in seconds:  81.73297595977783
block number:  197 Start-End 19700 19800   time taken in seconds:  81.47571873664856
block number:  198 Start-End 19800 19900   time taken in seconds:  82.97664427757263
block number:  199 Start-End 19900 20000   time taken in seconds:  80.08496236801147
block number:  200 Start-End 20000 20100   time taken in seconds:  81.89789247512817
block number:  201 Start-End 20100 20200   time taken in seconds:  80.98697233200073
block number:  202 Start-End 20200 20300   time taken in seconds:  75.038809299469
block number:  203 Start-End 20300 20400   time taken in seconds:  78.16999816894531
block number:  204 Start-End 20400 20500   time taken in seconds:  83.94477033615112
block number:  205 Start-End 20500 20600   time taken in seconds:  83.2473533153534
block number:  206 Start-End 20600 20700   time taken in seconds:  78.51673293113708
block number:  207 Start-End 20700 20800   time taken in seconds:  80.43345880508423
block number:  208 Start-End 20800 20900   time taken in seconds:  79.8189024925232
block number:  209 Start-End 20900 21000   time taken in seconds:  81.6265058517456
block number:  210 Start-End 21000 21100   time taken in seconds:  82.86998200416565
block number:  211 Start-End 21100 21200   time taken in seconds:  78.55238103866577
block number:  212 Start-End 21200 21300   time taken in seconds:  78.37210988998413
block number:  213 Start-End 21300 21400   time taken in seconds:  78.42293620109558
block number:  214 Start-End 21400 21500   time taken in seconds:  79.02288508415222
block number:  215 Start-End 21500 21600   time taken in seconds:  83.33037233352661
block number:  216 Start-End 21600 21700   time taken in seconds:  79.99255871772766
block number:  217 Start-End 21700 21800   time taken in seconds:  84.85226202011108
block number:  218 Start-End 21800 21900   time taken in seconds:  78.40210151672363
block number:  219 Start-End 21900 22000   time taken in seconds:  79.16549825668335
block number:  220 Start-End 22000 22100   time taken in seconds:  72.64953136444092
block number:  221 Start-End 22100 22200   time taken in seconds:  79.97432446479797
block number:  222 Start-End 22200 22300   time taken in seconds:  78.88876032829285
block number:  223 Start-End 22300 22400   time taken in seconds:  76.54735517501831
block number:  224 Start-End 22400 22500   time taken in seconds:  83.10006213188171
block number:  225 Start-End 22500 22600   time taken in seconds:  83.40910148620605
block number:  226 Start-End 22600 22700   time taken in seconds:  81.29802966117859
block number:  227 Start-End 22700 22800   time taken in seconds:  77.4313862323761
block number:  228 Start-End 22800 22900   time taken in seconds:  78.0329532623291
block number:  229 Start-End 22900 23000   time taken in seconds:  80.6179940700531
block number:  230 Start-End 23000 23100   time taken in seconds:  82.6048047542572
block number:  231 Start-End 23100 23200   time taken in seconds:  78.10588550567627
block number:  232 Start-End 23200 23300   time taken in seconds:  77.22244501113892
block number:  233 Start-End 23300 23400   time taken in seconds:  82.11074948310852
block number:  234 Start-End 23400 23500   time taken in seconds:  85.53439903259277
block number:  235 Start-End 23500 23600   time taken in seconds:  87.46177101135254
block number:  236 Start-End 23600 23700   time taken in seconds:  91.16879630088806
block number:  237 Start-End 23700 23800   time taken in seconds:  92.53998303413391
block number:  238 Start-End 23800 23900   time taken in seconds:  99.73678255081177
block number:  239 Start-End 23900 24000   time taken in seconds:  85.25828576087952
block number:  240 Start-End 24000 24100   time taken in seconds:  85.02963328361511
block number:  241 Start-End 24100 24200   time taken in seconds:  82.56848788261414
block number:  242 Start-End 24200 24300   time taken in seconds:  79.77809357643127
block number:  243 Start-End 24300 24400   time taken in seconds:  82.92603874206543
block number:  244 Start-End 24400 24500   time taken in seconds:  89.23198199272156
block number:  245 Start-End 24500 24600   time taken in seconds:  88.07570385932922
block number:  246 Start-End 24600 24700   time taken in seconds:  92.10690021514893
block number:  247 Start-End 24700 24800   time taken in seconds:  86.04890155792236
block number:  248 Start-End 24800 24900   time taken in seconds:  84.90119504928589
block number:  249 Start-End 24900 25000   time taken in seconds:  84.02287530899048
block number:  250 Start-End 25000 25100   time taken in seconds:  85.30722546577454
block number:  251 Start-End 25100 25200   time taken in seconds:  80.14044904708862
block number:  252 Start-End 25200 25300   time taken in seconds:  82.5951316356659
block number:  253 Start-End 25300 25400   time taken in seconds:  82.46396565437317
block number:  254 Start-End 25400 25500   time taken in seconds:  84.41977906227112
block number:  255 Start-End 25500 25600   time taken in seconds:  78.41369080543518
block number:  256 Start-End 25600 25700   time taken in seconds:  85.64822506904602
block number:  257 Start-End 25700 25800   time taken in seconds:  90.64370489120483
block number:  258 Start-End 25800 25900   time taken in seconds:  86.86200523376465
block number:  259 Start-End 25900 26000   time taken in seconds:  78.00524377822876
block number:  260 Start-End 26000 26100   time taken in seconds:  76.14360547065735
block number:  261 Start-End 26100 26200   time taken in seconds:  78.92834615707397
block number:  262 Start-End 26200 26300   time taken in seconds:  84.50813794136047
block number:  263 Start-End 26300 26400   time taken in seconds:  85.74047374725342
block number:  264 Start-End 26400 26500   time taken in seconds:  84.20315384864807
block number:  265 Start-End 26500 26600   time taken in seconds:  81.45339918136597
block number:  266 Start-End 26600 26700   time taken in seconds:  84.57148146629333
block number:  267 Start-End 26700 26800   time taken in seconds:  80.97396039962769
block number:  268 Start-End 26800 26900   time taken in seconds:  82.18378162384033
block number:  269 Start-End 26900 27000   time taken in seconds:  89.42261981964111
block number:  270 Start-End 27000 27100   time taken in seconds:  84.55527234077454
block number:  271 Start-End 27100 27200   time taken in seconds:  79.68214297294617
block number:  272 Start-End 27200 27300   time taken in seconds:  84.12045049667358
block number:  273 Start-End 27300 27400   time taken in seconds:  80.68585920333862
block number:  274 Start-End 27400 27500   time taken in seconds:  83.94683718681335
block number:  275 Start-End 27500 27600   time taken in seconds:  84.8360276222229
block number:  276 Start-End 27600 27700   time taken in seconds:  81.92972564697266
block number:  277 Start-End 27700 27800   time taken in seconds:  78.73086452484131
block number:  278 Start-End 27800 27900   time taken in seconds:  77.01503205299377
block number:  279 Start-End 27900 28000   time taken in seconds:  79.44939947128296
block number:  280 Start-End 28000 28100   time taken in seconds:  77.34287452697754
block number:  281 Start-End 28100 28200   time taken in seconds:  77.45243978500366
block number:  282 Start-End 28200 28300   time taken in seconds:  78.74004650115967
block number:  283 Start-End 28300 28400   time taken in seconds:  77.41382503509521
block number:  284 Start-End 28400 28500   time taken in seconds:  78.01703977584839
block number:  285 Start-End 28500 28600   time taken in seconds:  77.60225319862366
block number:  286 Start-End 28600 28700   time taken in seconds:  77.96332859992981
block number:  287 Start-End 28700 28800   time taken in seconds:  74.71788954734802
block number:  288 Start-End 28800 28900   time taken in seconds:  82.1664924621582
block number:  289 Start-End 28900 29000   time taken in seconds:  77.67944478988647
block number:  290 Start-End 29000 29100   time taken in seconds:  77.7303409576416
block number:  291 Start-End 29100 29200   time taken in seconds:  80.68685412406921
block number:  292 Start-End 29200 29300   time taken in seconds:  79.67880511283875
block number:  293 Start-End 29300 29400   time taken in seconds:  82.00098967552185
block number:  294 Start-End 29400 29500   time taken in seconds:  82.73008370399475
block number:  295 Start-End 29500 29600   time taken in seconds:  74.60412859916687
block number:  296 Start-End 29600 29700   time taken in seconds:  79.48311638832092
block number:  297 Start-End 29700 29800   time taken in seconds:  78.0881679058075
block number:  298 Start-End 29800 29900   time taken in seconds:  80.8302116394043
block number:  299 Start-End 29900 30000   time taken in seconds:  78.55593705177307
block number:  300 Start-End 30000 30100   time taken in seconds:  77.3001606464386
block number:  301 Start-End 30100 30200   time taken in seconds:  82.50827383995056
block number:  302 Start-End 30200 30300   time taken in seconds:  78.7626428604126
block number:  303 Start-End 30300 30400   time taken in seconds:  79.45450735092163
block number:  304 Start-End 30400 30500   time taken in seconds:  78.78695058822632
block number:  305 Start-End 30500 30600   time taken in seconds:  77.10726618766785
block number:  306 Start-End 30600 30700   time taken in seconds:  79.1800651550293
block number:  307 Start-End 30700 30800   time taken in seconds:  81.3882782459259
block number:  308 Start-End 30800 30900   time taken in seconds:  73.66938757896423
block number:  309 Start-End 30900 31000   time taken in seconds:  79.57353162765503
block number:  310 Start-End 31000 31100   time taken in seconds:  83.10335636138916
block number:  311 Start-End 31100 31200   time taken in seconds:  76.52479410171509
block number:  312 Start-End 31200 31300   time taken in seconds:  85.5302164554596
block number:  313 Start-End 31300 31400   time taken in seconds:  81.46024417877197
block number:  314 Start-End 31400 31500   time taken in seconds:  77.28038573265076
block number:  315 Start-End 31500 31600   time taken in seconds:  76.5042736530304
block number:  316 Start-End 31600 31700   time taken in seconds:  79.38927555084229
block number:  317 Start-End 31700 31800   time taken in seconds:  81.0608537197113
block number:  318 Start-End 31800 31900   time taken in seconds:  78.73471665382385
block number:  319 Start-End 31900 32000   time taken in seconds:  76.12066555023193
block number:  320 Start-End 32000 32100   time taken in seconds:  81.78756260871887
block number:  321 Start-End 32100 32200   time taken in seconds:  81.68461608886719
block number:  322 Start-End 32200 32300   time taken in seconds:  74.25950956344604
block number:  323 Start-End 32300 32400   time taken in seconds:  78.67544269561768
block number:  324 Start-End 32400 32500   time taken in seconds:  89.23347973823547
block number:  325 Start-End 32500 32600   time taken in seconds:  89.62659668922424
block number:  326 Start-End 32600 32700   time taken in seconds:  85.06167578697205
block number:  327 Start-End 32700 32800   time taken in seconds:  83.40996742248535
block number:  328 Start-End 32800 32900   time taken in seconds:  84.34026145935059
block number:  329 Start-End 32900 33000   time taken in seconds:  81.73754572868347
block number:  330 Start-End 33000 33100   time taken in seconds:  79.81537771224976
block number:  331 Start-End 33100 33200   time taken in seconds:  74.17122030258179
block number:  332 Start-End 33200 33300   time taken in seconds:  82.73378896713257
block number:  333 Start-End 33300 33400   time taken in seconds:  85.64344716072083
block number:  334 Start-End 33400 33500   time taken in seconds:  84.3516275882721
block number:  335 Start-End 33500 33600   time taken in seconds:  79.0319619178772
block number:  336 Start-End 33600 33700   time taken in seconds:  87.54531669616699
block number:  337 Start-End 33700 33800   time taken in seconds:  85.19224834442139
block number:  338 Start-End 33800 33900   time taken in seconds:  80.63806676864624
block number:  339 Start-End 33900 34000   time taken in seconds:  79.02550196647644
block number:  340 Start-End 34000 34100   time taken in seconds:  82.73869276046753
block number:  341 Start-End 34100 34200   time taken in seconds:  82.40951156616211
block number:  342 Start-End 34200 34300   time taken in seconds:  80.81265997886658
block number:  343 Start-End 34300 34400   time taken in seconds:  81.76577639579773
block number:  344 Start-End 34400 34500   time taken in seconds:  90.74251770973206
block number:  345 Start-End 34500 34600   time taken in seconds:  80.16384673118591
block number:  346 Start-End 34600 34700   time taken in seconds:  83.99600005149841
block number:  347 Start-End 34700 34800   time taken in seconds:  86.94556593894958
block number:  348 Start-End 34800 34900   time taken in seconds:  89.88247394561768
block number:  349 Start-End 34900 35000   time taken in seconds:  89.12787866592407
block number:  350 Start-End 35000 35100   time taken in seconds:  91.49570679664612
block number:  351 Start-End 35100 35200   time taken in seconds:  87.67467784881592
block number:  352 Start-End 35200 35300   time taken in seconds:  85.91411995887756
block number:  353 Start-End 35300 35400   time taken in seconds:  90.84998035430908
block number:  354 Start-End 35400 35500   time taken in seconds:  85.90133619308472
block number:  355 Start-End 35500 35600   time taken in seconds:  85.49464917182922
block number:  356 Start-End 35600 35700   time taken in seconds:  77.45685029029846
block number:  357 Start-End 35700 35800   time taken in seconds:  82.38988614082336
block number:  358 Start-End 35800 35900   time taken in seconds:  81.7338056564331
block number:  359 Start-End 35900 36000   time taken in seconds:  87.33886861801147
block number:  360 Start-End 36000 36100   time taken in seconds:  78.18529009819031
block number:  361 Start-End 36100 36200   time taken in seconds:  80.7681097984314
block number:  362 Start-End 36200 36300   time taken in seconds:  78.72280836105347
block number:  363 Start-End 36300 36400   time taken in seconds:  80.99452805519104
block number:  364 Start-End 36400 36500   time taken in seconds:  79.37172865867615
block number:  365 Start-End 36500 36600   time taken in seconds:  79.20336246490479
block number:  366 Start-End 36600 36700   time taken in seconds:  79.7931342124939
block number:  367 Start-End 36700 36800   time taken in seconds:  95.05237674713135
block number:  368 Start-End 36800 36900   time taken in seconds:  82.60329914093018
block number:  369 Start-End 36900 37000   time taken in seconds:  80.2396867275238
block number:  370 Start-End 37000 37100   time taken in seconds:  84.07227873802185
block number:  371 Start-End 37100 37200   time taken in seconds:  82.00685501098633
block number:  372 Start-End 37200 37300   time taken in seconds:  81.13797283172607
block number:  373 Start-End 37300 37400   time taken in seconds:  81.69801568984985
block number:  374 Start-End 37400 37500   time taken in seconds:  78.77233266830444
block number:  375 Start-End 37500 37600   time taken in seconds:  79.35549688339233
block number:  376 Start-End 37600 37700   time taken in seconds:  84.38451337814331
block number:  377 Start-End 37700 37800   time taken in seconds:  80.77370738983154
block number:  378 Start-End 37800 37900   time taken in seconds:  81.0087628364563
block number:  379 Start-End 37900 38000   time taken in seconds:  82.92805480957031
block number:  380 Start-End 38000 38100   time taken in seconds:  81.72975444793701
block number:  381 Start-End 38100 38200   time taken in seconds:  84.77026510238647
block number:  382 Start-End 38200 38300   time taken in seconds:  78.22250199317932
block number:  383 Start-End 38300 38400   time taken in seconds:  79.85170125961304
block number:  384 Start-End 38400 38500   time taken in seconds:  74.98388838768005
block number:  385 Start-End 38500 38600   time taken in seconds:  82.54583621025085
block number:  386 Start-End 38600 38700   time taken in seconds:  77.23421859741211
block number:  387 Start-End 38700 38800   time taken in seconds:  79.84643030166626
block number:  388 Start-End 38800 38900   time taken in seconds:  81.36989378929138
block number:  389 Start-End 38900 39000   time taken in seconds:  83.20317006111145
block number:  390 Start-End 39000 39100   time taken in seconds:  77.66807627677917
block number:  391 Start-End 39100 39200   time taken in seconds:  83.13913869857788
block number:  392 Start-End 39200 39300   time taken in seconds:  77.82713103294373
block number:  393 Start-End 39300 39400   time taken in seconds:  82.35944175720215
block number:  394 Start-End 39400 39500   time taken in seconds:  80.93588137626648
block number:  395 Start-End 39500 39600   time taken in seconds:  76.90987920761108
block number:  396 Start-End 39600 39700   time taken in seconds:  84.34643530845642
block number:  397 Start-End 39700 39800   time taken in seconds:  78.44432139396667
block number:  398 Start-End 39800 39900   time taken in seconds:  82.0761730670929
block number:  399 Start-End 39900 40000   time taken in seconds:  79.29071426391602
block number:  400 Start-End 40000 40100   time taken in seconds:  82.977046251297
block number:  401 Start-End 40100 40200   time taken in seconds:  77.35273694992065
block number:  402 Start-End 40200 40300   time taken in seconds:  80.99461150169373
block number:  403 Start-End 40300 40400   time taken in seconds:  77.95362544059753
block number:  404 Start-End 40400 40500   time taken in seconds:  79.66798114776611
block number:  405 Start-End 40500 40600   time taken in seconds:  81.46802520751953
block number:  406 Start-End 40600 40700   time taken in seconds:  80.56199049949646
block number:  407 Start-End 40700 40800   time taken in seconds:  77.54664206504822
block number:  408 Start-End 40800 40900   time taken in seconds:  83.7352237701416
block number:  409 Start-End 40900 41000   time taken in seconds:  82.82134985923767
block number:  410 Start-End 41000 41100   time taken in seconds:  80.86287260055542
block number:  411 Start-End 41100 41200   time taken in seconds:  77.08640384674072
block number:  412 Start-End 41200 41300   time taken in seconds:  83.45990562438965
block number:  413 Start-End 41300 41400   time taken in seconds:  83.28827929496765
block number:  414 Start-End 41400 41500   time taken in seconds:  79.82697772979736
block number:  415 Start-End 41500 41600   time taken in seconds:  81.72440004348755
block number:  416 Start-End 41600 41700   time taken in seconds:  80.09430408477783
block number:  417 Start-End 41700 41800   time taken in seconds:  78.96536588668823
block number:  418 Start-End 41800 41900   time taken in seconds:  84.44077229499817
block number:  419 Start-End 41900 42000   time taken in seconds:  81.05033850669861
block number:  420 Start-End 42000 42100   time taken in seconds:  79.1850438117981
block number:  421 Start-End 42100 42200   time taken in seconds:  74.58161067962646
block number:  422 Start-End 42200 42300   time taken in seconds:  82.54676842689514
block number:  423 Start-End 42300 42400   time taken in seconds:  79.0617287158966
block number:  424 Start-End 42400 42500   time taken in seconds:  84.24627542495728
block number:  425 Start-End 42500 42600   time taken in seconds:  85.07513523101807
block number:  426 Start-End 42600 42700   time taken in seconds:  78.12670469284058
block number:  427 Start-End 42700 42800   time taken in seconds:  80.51293802261353
block number:  428 Start-End 42800 42900   time taken in seconds:  85.35327816009521
block number:  429 Start-End 42900 43000   time taken in seconds:  76.66260409355164
block number:  430 Start-End 43000 43100   time taken in seconds:  85.49015498161316
block number:  431 Start-End 43100 43200   time taken in seconds:  81.76974415779114
block number:  432 Start-End 43200 43300   time taken in seconds:  82.82574319839478
block number:  433 Start-End 43300 43400   time taken in seconds:  77.577556848526
block number:  434 Start-End 43400 43500   time taken in seconds:  79.75268125534058
block number:  435 Start-End 43500 43600   time taken in seconds:  81.69596529006958
block number:  436 Start-End 43600 43700   time taken in seconds:  78.04177951812744
block number:  437 Start-End 43700 43800   time taken in seconds:  79.6209146976471
block number:  438 Start-End 43800 43900   time taken in seconds:  78.80927848815918
block number:  439 Start-End 43900 44000   time taken in seconds:  79.5836021900177
block number:  440 Start-End 44000 44100   time taken in seconds:  80.63188171386719
block number:  441 Start-End 44100 44200   time taken in seconds:  79.90917801856995
block number:  442 Start-End 44200 44300   time taken in seconds:  74.01826024055481
block number:  443 Start-End 44300 44400   time taken in seconds:  78.1526300907135
block number:  444 Start-End 44400 44500   time taken in seconds:  77.36778450012207
block number:  445 Start-End 44500 44600   time taken in seconds:  76.36859250068665
block number:  446 Start-End 44600 44700   time taken in seconds:  77.91862487792969
block number:  447 Start-End 44700 44800   time taken in seconds:  80.01733231544495
block number:  448 Start-End 44800 44900   time taken in seconds:  77.57086634635925
block number:  449 Start-End 44900 45000   time taken in seconds:  78.35354709625244
block number:  450 Start-End 45000 45100   time taken in seconds:  82.06894946098328
block number:  451 Start-End 45100 45200   time taken in seconds:  82.90702676773071
block number:  452 Start-End 45200 45300   time taken in seconds:  78.30246996879578
block number:  453 Start-End 45300 45400   time taken in seconds:  81.332679271698
block number:  454 Start-End 45400 45500   time taken in seconds:  78.22052788734436
block number:  455 Start-End 45500 45600   time taken in seconds:  78.15237665176392
block number:  456 Start-End 45600 45700   time taken in seconds:  83.24894762039185
block number:  457 Start-End 45700 45800   time taken in seconds:  78.86362814903259
block number:  458 Start-End 45800 45900   time taken in seconds:  82.11455249786377
block number:  459 Start-End 45900 46000   time taken in seconds:  76.43227481842041
block number:  460 Start-End 46000 46100   time taken in seconds:  82.62452936172485
block number:  461 Start-End 46100 46200   time taken in seconds:  79.4999463558197
block number:  462 Start-End 46200 46300   time taken in seconds:  83.05822515487671
block number:  463 Start-End 46300 46400   time taken in seconds:  79.64883661270142
block number:  464 Start-End 46400 46500   time taken in seconds:  81.13223028182983
block number:  465 Start-End 46500 46600   time taken in seconds:  81.5727002620697
block number:  466 Start-End 46600 46700   time taken in seconds:  81.75611877441406
block number:  467 Start-End 46700 46800   time taken in seconds:  82.00212287902832
block number:  468 Start-End 46800 46900   time taken in seconds:  74.05110669136047
block number:  469 Start-End 46900 47000   time taken in seconds:  77.35108637809753
block number:  470 Start-End 47000 47100   time taken in seconds:  80.96905875205994
block number:  471 Start-End 47100 47200   time taken in seconds:  82.11295986175537
block number:  472 Start-End 47200 47300   time taken in seconds:  76.07957148551941
block number:  473 Start-End 47300 47400   time taken in seconds:  83.18446278572083
block number:  474 Start-End 47400 47500   time taken in seconds:  82.34853005409241
block number:  475 Start-End 47500 47600   time taken in seconds:  79.45065569877625
block number:  476 Start-End 47600 47700   time taken in seconds:  73.06962132453918
block number:  477 Start-End 47700 47800   time taken in seconds:  78.98000955581665
block number:  478 Start-End 47800 47900   time taken in seconds:  79.84899044036865
block number:  479 Start-End 47900 48000   time taken in seconds:  76.88612532615662
block number:  480 Start-End 48000 48100   time taken in seconds:  75.69261074066162
block number:  481 Start-End 48100 48200   time taken in seconds:  78.02353191375732
block number:  482 Start-End 48200 48300   time taken in seconds:  77.33516907691956
block number:  483 Start-End 48300 48400   time taken in seconds:  79.7245020866394
block number:  484 Start-End 48400 48500   time taken in seconds:  80.01650619506836
block number:  485 Start-End 48500 48600   time taken in seconds:  82.02783370018005
block number:  486 Start-End 48600 48700   time taken in seconds:  77.56295990943909
block number:  487 Start-End 48700 48800   time taken in seconds:  81.03449153900146
block number:  488 Start-End 48800 48900   time taken in seconds:  82.6047375202179
block number:  489 Start-End 48900 49000   time taken in seconds:  80.66430354118347
block number:  490 Start-End 49000 49100   time taken in seconds:  82.65354824066162
block number:  491 Start-End 49100 49200   time taken in seconds:  76.04108381271362
block number:  492 Start-End 49200 49300   time taken in seconds:  80.76489663124084
block number:  493 Start-End 49300 49400   time taken in seconds:  76.31239795684814
block number:  494 Start-End 49400 49500   time taken in seconds:  80.27074456214905
block number:  495 Start-End 49500 49600   time taken in seconds:  81.22269034385681
block number:  496 Start-End 49600 49700   time taken in seconds:  84.23621964454651
block number:  497 Start-End 49700 49800   time taken in seconds:  83.04960894584656
block number:  498 Start-End 49800 49900   time taken in seconds:  80.76543545722961
block number:  499 Start-End 49900 50000   time taken in seconds:  80.21348452568054
block number:  500 Start-End 50000 50100   time taken in seconds:  76.06585097312927
block number:  501 Start-End 50100 50200   time taken in seconds:  80.36732816696167
block number:  502 Start-End 50200 50300   time taken in seconds:  77.48159623146057
block number:  503 Start-End 50300 50400   time taken in seconds:  74.94739246368408
block number:  504 Start-End 50400 50500   time taken in seconds:  77.65380907058716
block number:  505 Start-End 50500 50600   time taken in seconds:  80.60236668586731
block number:  506 Start-End 50600 50700   time taken in seconds:  83.72292375564575
block number:  507 Start-End 50700 50800   time taken in seconds:  86.3008120059967
block number:  508 Start-End 50800 50900   time taken in seconds:  85.35210466384888
block number:  509 Start-End 50900 51000   time taken in seconds:  83.02313947677612
block number:  510 Start-End 51000 51100   time taken in seconds:  82.3102285861969
block number:  511 Start-End 51100 51200   time taken in seconds:  81.73241138458252
block number:  512 Start-End 51200 51300   time taken in seconds:  88.50636148452759
block number:  513 Start-End 51300 51400   time taken in seconds:  84.79085111618042
block number:  514 Start-End 51400 51500   time taken in seconds:  84.57314276695251
block number:  515 Start-End 51500 51600   time taken in seconds:  88.70987296104431
block number:  516 Start-End 51600 51700   time taken in seconds:  84.99857497215271
block number:  517 Start-End 51700 51800   time taken in seconds:  85.08223819732666
block number:  518 Start-End 51800 51900   time taken in seconds:  83.52849793434143
block number:  519 Start-End 51900 52000   time taken in seconds:  83.11859011650085
block number:  520 Start-End 52000 52100   time taken in seconds:  88.12107014656067
block number:  521 Start-End 52100 52200   time taken in seconds:  81.0826141834259
block number:  522 Start-End 52200 52300   time taken in seconds:  89.14612436294556
block number:  523 Start-End 52300 52400   time taken in seconds:  86.44457864761353
block number:  524 Start-End 52400 52500   time taken in seconds:  83.28903150558472
block number:  525 Start-End 52500 52600   time taken in seconds:  81.98441410064697
block number:  526 Start-End 52600 52700   time taken in seconds:  78.31206107139587
block number:  527 Start-End 52700 52800   time taken in seconds:  82.55996322631836
block number:  528 Start-End 52800 52900   time taken in seconds:  88.09887742996216
block number:  529 Start-End 52900 53000   time taken in seconds:  83.49754071235657
block number:  530 Start-End 53000 53100   time taken in seconds:  81.7726628780365
block number:  531 Start-End 53100 53200   time taken in seconds:  83.92481398582458
block number:  532 Start-End 53200 53300   time taken in seconds:  87.54889607429504
block number:  533 Start-End 53300 53400   time taken in seconds:  84.5804853439331
block number:  534 Start-End 53400 53500   time taken in seconds:  85.47646069526672
block number:  535 Start-End 53500 53600   time taken in seconds:  80.88328742980957
block number:  536 Start-End 53600 53700   time taken in seconds:  81.45116591453552
block number:  537 Start-End 53700 53800   time taken in seconds:  81.74191999435425
block number:  538 Start-End 53800 53900   time taken in seconds:  86.90558958053589
block number:  539 Start-End 53900 54000   time taken in seconds:  85.6666054725647
block number:  540 Start-End 54000 54100   time taken in seconds:  87.13833808898926
block number:  541 Start-End 54100 54200   time taken in seconds:  82.28362345695496
block number:  542 Start-End 54200 54300   time taken in seconds:  85.21245861053467
block number:  543 Start-End 54300 54400   time taken in seconds:  85.43448996543884
block number:  544 Start-End 54400 54500   time taken in seconds:  84.29537844657898
block number:  545 Start-End 54500 54600   time taken in seconds:  84.72691631317139
block number:  546 Start-End 54600 54700   time taken in seconds:  86.10460424423218
block number:  547 Start-End 54700 54800   time taken in seconds:  76.10032510757446
block number:  548 Start-End 54800 54900   time taken in seconds:  85.56086587905884
block number:  549 Start-End 54900 55000   time taken in seconds:  93.72360396385193
block number:  550 Start-End 55000 55100   time taken in seconds:  83.94656920433044
block number:  551 Start-End 55100 55200   time taken in seconds:  86.56256866455078
block number:  552 Start-End 55200 55300   time taken in seconds:  84.37208461761475
block number:  553 Start-End 55300 55400   time taken in seconds:  84.57747077941895
block number:  554 Start-End 55400 55500   time taken in seconds:  79.69391655921936
block number:  555 Start-End 55500 55600   time taken in seconds:  89.55416178703308
block number:  556 Start-End 55600 55700   time taken in seconds:  85.59992003440857
block number:  557 Start-End 55700 55800   time taken in seconds:  87.63576889038086
block number:  558 Start-End 55800 55900   time taken in seconds:  86.68004512786865
block number:  559 Start-End 55900 56000   time taken in seconds:  85.16016936302185
block number:  560 Start-End 56000 56100   time taken in seconds:  89.18046617507935
block number:  561 Start-End 56100 56200   time taken in seconds:  91.09368133544922
block number:  562 Start-End 56200 56300   time taken in seconds:  85.977783203125
block number:  563 Start-End 56300 56400   time taken in seconds:  88.36643385887146
block number:  564 Start-End 56400 56500   time taken in seconds:  87.50558185577393
block number:  565 Start-End 56500 56600   time taken in seconds:  90.03174638748169
block number:  566 Start-End 56600 56700   time taken in seconds:  87.42327928543091
block number:  567 Start-End 56700 56800   time taken in seconds:  88.67599415779114
block number:  568 Start-End 56800 56900   time taken in seconds:  83.38757848739624
block number:  569 Start-End 56900 57000   time taken in seconds:  84.78324484825134
block number:  570 Start-End 57000 57100   time taken in seconds:  85.85819458961487
block number:  571 Start-End 57100 57200   time taken in seconds:  85.78908634185791
block number:  572 Start-End 57200 57300   time taken in seconds:  83.04104590415955
block number:  573 Start-End 57300 57400   time taken in seconds:  86.9600658416748
block number:  574 Start-End 57400 57500   time taken in seconds:  79.83145141601562
block number:  575 Start-End 57500 57600   time taken in seconds:  79.78202795982361
block number:  576 Start-End 57600 None   time taken in seconds:  29.475147008895874
Number of samples after bg: 466 
Number of temp files written 653
Time taken for concatenating temp files 7819.763025045395
Data shape after read:	x:(752604, 60, 10, 20)	y:(752604,)	wts:(752604,)
Data shape after format:	x:(752604, 10, 20, 60, 1)	y:(752604,)
Time taken in minutes  954.5666378617286
