Data cut None
Type of data:	 regular
11361 10384
Type:  sig
Number of blocks 114
block number:  0 Start-End 0 100   time taken in seconds:  17.773009300231934
block number:  1 Start-End 100 200   time taken in seconds:  18.677387714385986
block number:  2 Start-End 200 300   time taken in seconds:  17.995014429092407
block number:  3 Start-End 300 400   time taken in seconds:  16.19524312019348
block number:  4 Start-End 400 500   time taken in seconds:  16.660507678985596
block number:  5 Start-End 500 600   time taken in seconds:  16.71546983718872
block number:  6 Start-End 600 700   time taken in seconds:  18.143210649490356
block number:  7 Start-End 700 800   time taken in seconds:  17.959473609924316
block number:  8 Start-End 800 900   time taken in seconds:  16.653271675109863
block number:  9 Start-End 900 1000   time taken in seconds:  16.48312544822693
block number:  10 Start-End 1000 1100   time taken in seconds:  17.72133183479309
block number:  11 Start-End 1100 1200   time taken in seconds:  18.34662961959839
block number:  12 Start-End 1200 1300   time taken in seconds:  19.20084571838379
block number:  13 Start-End 1300 1400   time taken in seconds:  15.419204711914062
block number:  14 Start-End 1400 1500   time taken in seconds:  17.884888887405396
block number:  15 Start-End 1500 1600   time taken in seconds:  16.83451509475708
block number:  16 Start-End 1600 1700   time taken in seconds:  16.429528951644897
block number:  17 Start-End 1700 1800   time taken in seconds:  14.782751321792603
block number:  18 Start-End 1800 1900   time taken in seconds:  17.70813488960266
block number:  19 Start-End 1900 2000   time taken in seconds:  16.240934371948242
block number:  20 Start-End 2000 2100   time taken in seconds:  17.76472568511963
block number:  21 Start-End 2100 2200   time taken in seconds:  15.871148824691772
block number:  22 Start-End 2200 2300   time taken in seconds:  15.843196868896484
block number:  23 Start-End 2300 2400   time taken in seconds:  18.364978313446045
block number:  24 Start-End 2400 2500   time taken in seconds:  16.68396782875061
block number:  25 Start-End 2500 2600   time taken in seconds:  14.757209777832031
block number:  26 Start-End 2600 2700   time taken in seconds:  15.056673049926758
block number:  27 Start-End 2700 2800   time taken in seconds:  18.323282957077026
block number:  28 Start-End 2800 2900   time taken in seconds:  18.536176681518555
block number:  29 Start-End 2900 3000   time taken in seconds:  18.5331027507782
block number:  30 Start-End 3000 3100   time taken in seconds:  16.162989377975464
block number:  31 Start-End 3100 3200   time taken in seconds:  16.571321487426758
block number:  32 Start-End 3200 3300   time taken in seconds:  15.792046308517456
block number:  33 Start-End 3300 3400   time taken in seconds:  17.594489336013794
block number:  34 Start-End 3400 3500   time taken in seconds:  17.091618061065674
block number:  35 Start-End 3500 3600   time taken in seconds:  15.674015045166016
block number:  36 Start-End 3600 3700   time taken in seconds:  16.58403515815735
block number:  37 Start-End 3700 3800   time taken in seconds:  18.25421142578125
block number:  38 Start-End 3800 3900   time taken in seconds:  16.589725971221924
block number:  39 Start-End 3900 4000   time taken in seconds:  17.407036066055298
block number:  40 Start-End 4000 4100   time taken in seconds:  18.6825008392334
block number:  41 Start-End 4100 4200   time taken in seconds:  17.470709085464478
block number:  42 Start-End 4200 4300   time taken in seconds:  17.466521739959717
block number:  43 Start-End 4300 4400   time taken in seconds:  16.010812759399414
block number:  44 Start-End 4400 4500   time taken in seconds:  14.869089365005493
block number:  45 Start-End 4500 4600   time taken in seconds:  18.947694540023804
block number:  46 Start-End 4600 4700   time taken in seconds:  17.587462663650513
block number:  47 Start-End 4700 4800   time taken in seconds:  15.677883386611938
block number:  48 Start-End 4800 4900   time taken in seconds:  17.338135957717896
block number:  49 Start-End 4900 5000   time taken in seconds:  17.7831072807312
block number:  50 Start-End 5000 5100   time taken in seconds:  18.8697190284729
block number:  51 Start-End 5100 5200   time taken in seconds:  14.978842496871948
block number:  52 Start-End 5200 5300   time taken in seconds:  17.39511799812317
block number:  53 Start-End 5300 5400   time taken in seconds:  17.19228196144104
block number:  54 Start-End 5400 5500   time taken in seconds:  15.094866037368774
block number:  55 Start-End 5500 5600   time taken in seconds:  17.368505001068115
block number:  56 Start-End 5600 5700   time taken in seconds:  14.510325908660889
block number:  57 Start-End 5700 5800   time taken in seconds:  16.902561902999878
block number:  58 Start-End 5800 5900   time taken in seconds:  15.37789273262024
block number:  59 Start-End 5900 6000   time taken in seconds:  18.738845348358154
block number:  60 Start-End 6000 6100   time taken in seconds:  16.90270233154297
block number:  61 Start-End 6100 6200   time taken in seconds:  18.698634386062622
block number:  62 Start-End 6200 6300   time taken in seconds:  17.72940444946289
block number:  63 Start-End 6300 6400   time taken in seconds:  16.77362370491028
block number:  64 Start-End 6400 6500   time taken in seconds:  16.707589864730835
block number:  65 Start-End 6500 6600   time taken in seconds:  17.87397789955139
block number:  66 Start-End 6600 6700   time taken in seconds:  16.833284378051758
block number:  67 Start-End 6700 6800   time taken in seconds:  16.243324756622314
block number:  68 Start-End 6800 6900   time taken in seconds:  14.59605860710144
block number:  69 Start-End 6900 7000   time taken in seconds:  17.25229573249817
block number:  70 Start-End 7000 7100   time taken in seconds:  18.215818643569946
block number:  71 Start-End 7100 7200   time taken in seconds:  19.104888200759888
block number:  72 Start-End 7200 7300   time taken in seconds:  16.593547582626343
block number:  73 Start-End 7300 7400   time taken in seconds:  18.894965410232544
block number:  74 Start-End 7400 7500   time taken in seconds:  17.988914012908936
block number:  75 Start-End 7500 7600   time taken in seconds:  16.382492303848267
block number:  76 Start-End 7600 7700   time taken in seconds:  18.36001467704773
block number:  77 Start-End 7700 7800   time taken in seconds:  15.327784538269043
block number:  78 Start-End 7800 7900   time taken in seconds:  15.305001020431519
block number:  79 Start-End 7900 8000   time taken in seconds:  14.410790205001831
block number:  80 Start-End 8000 8100   time taken in seconds:  18.071882486343384
block number:  81 Start-End 8100 8200   time taken in seconds:  15.931489706039429
block number:  82 Start-End 8200 8300   time taken in seconds:  14.701639413833618
block number:  83 Start-End 8300 8400   time taken in seconds:  16.46647334098816
block number:  84 Start-End 8400 8500   time taken in seconds:  16.73749828338623
block number:  85 Start-End 8500 8600   time taken in seconds:  16.105314254760742
block number:  86 Start-End 8600 8700   time taken in seconds:  16.572073459625244
block number:  87 Start-End 8700 8800   time taken in seconds:  16.346867561340332
block number:  88 Start-End 8800 8900   time taken in seconds:  16.311707973480225
block number:  89 Start-End 8900 9000   time taken in seconds:  16.190789699554443
block number:  90 Start-End 9000 9100   time taken in seconds:  16.07735300064087
block number:  91 Start-End 9100 9200   time taken in seconds:  17.554112911224365
block number:  92 Start-End 9200 9300   time taken in seconds:  17.702810049057007
block number:  93 Start-End 9300 9400   time taken in seconds:  15.641770839691162
block number:  94 Start-End 9400 9500   time taken in seconds:  17.5518479347229
block number:  95 Start-End 9500 9600   time taken in seconds:  17.52340865135193
block number:  96 Start-End 9600 9700   time taken in seconds:  16.367881059646606
block number:  97 Start-End 9700 9800   time taken in seconds:  18.4036545753479
block number:  98 Start-End 9800 9900   time taken in seconds:  16.410128593444824
block number:  99 Start-End 9900 10000   time taken in seconds:  16.0269033908844
block number:  100 Start-End 10000 10100   time taken in seconds:  16.455687761306763
block number:  101 Start-End 10100 10200   time taken in seconds:  16.396444082260132
block number:  102 Start-End 10200 10300   time taken in seconds:  16.9160099029541
block number:  103 Start-End 10300 10400   time taken in seconds:  15.802719831466675
block number:  104 Start-End 10400 10500   time taken in seconds:  16.328627347946167
block number:  105 Start-End 10500 10600   time taken in seconds:  18.319239854812622
block number:  106 Start-End 10600 10700   time taken in seconds:  15.613578796386719
block number:  107 Start-End 10700 10800   time taken in seconds:  16.855481386184692
block number:  108 Start-End 10800 10900   time taken in seconds:  16.95794987678528
block number:  109 Start-End 10900 11000   time taken in seconds:  18.556349515914917
block number:  110 Start-End 11000 11100   time taken in seconds:  16.160434007644653
block number:  111 Start-End 11100 11200   time taken in seconds:  15.905670404434204
block number:  112 Start-End 11200 11300   time taken in seconds:  17.415894985198975
block number:  113 Start-End 11300 None   time taken in seconds:  10.67255973815918
Number of samples after sig: 144 
Type:  bg
Number of blocks 104
block number:  0 Start-End 0 100   time taken in seconds:  90.39424395561218
block number:  1 Start-End 100 200   time taken in seconds:  81.45500326156616
block number:  2 Start-End 200 300   time taken in seconds:  75.747309923172
block number:  3 Start-End 300 400   time taken in seconds:  68.07980561256409
block number:  4 Start-End 400 500   time taken in seconds:  80.62306833267212
block number:  5 Start-End 500 600   time taken in seconds:  79.2877151966095
block number:  6 Start-End 600 700   time taken in seconds:  82.82112789154053
block number:  7 Start-End 700 800   time taken in seconds:  88.29975962638855
block number:  8 Start-End 800 900   time taken in seconds:  72.40629076957703
block number:  9 Start-End 900 1000   time taken in seconds:  76.05944037437439
block number:  10 Start-End 1000 1100   time taken in seconds:  79.2579607963562
block number:  11 Start-End 1100 1200   time taken in seconds:  76.9724326133728
block number:  12 Start-End 1200 1300   time taken in seconds:  74.09140539169312
block number:  13 Start-End 1300 1400   time taken in seconds:  83.29211354255676
block number:  14 Start-End 1400 1500   time taken in seconds:  80.70797562599182
block number:  15 Start-End 1500 1600   time taken in seconds:  85.04939246177673
block number:  16 Start-End 1600 1700   time taken in seconds:  79.20456743240356
block number:  17 Start-End 1700 1800   time taken in seconds:  81.63177371025085
block number:  18 Start-End 1800 1900   time taken in seconds:  85.90754771232605
block number:  19 Start-End 1900 2000   time taken in seconds:  80.11909031867981
block number:  20 Start-End 2000 2100   time taken in seconds:  81.5299379825592
block number:  21 Start-End 2100 2200   time taken in seconds:  78.7275013923645
block number:  22 Start-End 2200 2300   time taken in seconds:  83.9909291267395
block number:  23 Start-End 2300 2400   time taken in seconds:  74.78326869010925
block number:  24 Start-End 2400 2500   time taken in seconds:  71.67248296737671
block number:  25 Start-End 2500 2600   time taken in seconds:  82.64725399017334
block number:  26 Start-End 2600 2700   time taken in seconds:  76.84150791168213
block number:  27 Start-End 2700 2800   time taken in seconds:  83.31118130683899
block number:  28 Start-End 2800 2900   time taken in seconds:  77.43392372131348
block number:  29 Start-End 2900 3000   time taken in seconds:  75.10900712013245
block number:  30 Start-End 3000 3100   time taken in seconds:  82.07461786270142
block number:  31 Start-End 3100 3200   time taken in seconds:  82.29087281227112
block number:  32 Start-End 3200 3300   time taken in seconds:  84.87844634056091
block number:  33 Start-End 3300 3400   time taken in seconds:  78.16975808143616
block number:  34 Start-End 3400 3500   time taken in seconds:  75.21890449523926
block number:  35 Start-End 3500 3600   time taken in seconds:  92.18148040771484
block number:  36 Start-End 3600 3700   time taken in seconds:  75.02418065071106
block number:  37 Start-End 3700 3800   time taken in seconds:  88.18567538261414
block number:  38 Start-End 3800 3900   time taken in seconds:  84.0224187374115
block number:  39 Start-End 3900 4000   time taken in seconds:  81.20487928390503
block number:  40 Start-End 4000 4100   time taken in seconds:  83.79926872253418
block number:  41 Start-End 4100 4200   time taken in seconds:  80.96557688713074
block number:  42 Start-End 4200 4300   time taken in seconds:  75.58168029785156
block number:  43 Start-End 4300 4400   time taken in seconds:  83.3485336303711
block number:  44 Start-End 4400 4500   time taken in seconds:  85.37747263908386
block number:  45 Start-End 4500 4600   time taken in seconds:  80.96703553199768
block number:  46 Start-End 4600 4700   time taken in seconds:  76.74573945999146
block number:  47 Start-End 4700 4800   time taken in seconds:  88.29896998405457
block number:  48 Start-End 4800 4900   time taken in seconds:  68.91816282272339
block number:  49 Start-End 4900 5000   time taken in seconds:  81.5669367313385
block number:  50 Start-End 5000 5100   time taken in seconds:  81.9813928604126
block number:  51 Start-End 5100 5200   time taken in seconds:  85.17204093933105
block number:  52 Start-End 5200 5300   time taken in seconds:  76.78034996986389
block number:  53 Start-End 5300 5400   time taken in seconds:  84.61726403236389
block number:  54 Start-End 5400 5500   time taken in seconds:  77.52222323417664
block number:  55 Start-End 5500 5600   time taken in seconds:  83.12834167480469
block number:  56 Start-End 5600 5700   time taken in seconds:  89.69754552841187
block number:  57 Start-End 5700 5800   time taken in seconds:  79.5983989238739
block number:  58 Start-End 5800 5900   time taken in seconds:  90.59235715866089
block number:  59 Start-End 5900 6000   time taken in seconds:  80.50943779945374
block number:  60 Start-End 6000 6100   time taken in seconds:  80.63511109352112
block number:  61 Start-End 6100 6200   time taken in seconds:  82.32062911987305
block number:  62 Start-End 6200 6300   time taken in seconds:  79.94725680351257
block number:  63 Start-End 6300 6400   time taken in seconds:  83.43343567848206
block number:  64 Start-End 6400 6500   time taken in seconds:  81.55428075790405
block number:  65 Start-End 6500 6600   time taken in seconds:  80.21510100364685
block number:  66 Start-End 6600 6700   time taken in seconds:  68.93816590309143
block number:  67 Start-End 6700 6800   time taken in seconds:  82.53453803062439
block number:  68 Start-End 6800 6900   time taken in seconds:  82.96727275848389
block number:  69 Start-End 6900 7000   time taken in seconds:  79.71001100540161
block number:  70 Start-End 7000 7100   time taken in seconds:  82.19211769104004
block number:  71 Start-End 7100 7200   time taken in seconds:  84.24800753593445
block number:  72 Start-End 7200 7300   time taken in seconds:  85.97341299057007
block number:  73 Start-End 7300 7400   time taken in seconds:  78.97609353065491
block number:  74 Start-End 7400 7500   time taken in seconds:  83.64474153518677
block number:  75 Start-End 7500 7600   time taken in seconds:  80.4276053905487
block number:  76 Start-End 7600 7700   time taken in seconds:  79.90880036354065
block number:  77 Start-End 7700 7800   time taken in seconds:  78.27367329597473
block number:  78 Start-End 7800 7900   time taken in seconds:  78.30137372016907
block number:  79 Start-End 7900 8000   time taken in seconds:  79.24274230003357
block number:  80 Start-End 8000 8100   time taken in seconds:  83.28299307823181
block number:  81 Start-End 8100 8200   time taken in seconds:  81.24269318580627
block number:  82 Start-End 8200 8300   time taken in seconds:  75.93976998329163
block number:  83 Start-End 8300 8400   time taken in seconds:  80.4329080581665
block number:  84 Start-End 8400 8500   time taken in seconds:  82.22029876708984
block number:  85 Start-End 8500 8600   time taken in seconds:  77.26183819770813
block number:  86 Start-End 8600 8700   time taken in seconds:  85.14266514778137
block number:  87 Start-End 8700 8800   time taken in seconds:  77.62231516838074
block number:  88 Start-End 8800 8900   time taken in seconds:  74.53073740005493
block number:  89 Start-End 8900 9000   time taken in seconds:  77.26399993896484
block number:  90 Start-End 9000 9100   time taken in seconds:  82.35633111000061
block number:  91 Start-End 9100 9200   time taken in seconds:  87.27047991752625
block number:  92 Start-End 9200 9300   time taken in seconds:  85.85832047462463
block number:  93 Start-End 9300 9400   time taken in seconds:  82.04420328140259
block number:  94 Start-End 9400 9500   time taken in seconds:  88.690514087677
block number:  95 Start-End 9500 9600   time taken in seconds:  77.55153322219849
block number:  96 Start-End 9600 9700   time taken in seconds:  87.62424182891846
block number:  97 Start-End 9700 9800   time taken in seconds:  78.02742958068848
block number:  98 Start-End 9800 9900   time taken in seconds:  77.07190871238708
block number:  99 Start-End 9900 10000   time taken in seconds:  79.96605062484741
block number:  100 Start-End 10000 10100   time taken in seconds:  78.51506042480469
block number:  101 Start-End 10100 10200   time taken in seconds:  81.82182788848877
block number:  102 Start-End 10200 10300   time taken in seconds:  80.6519148349762
block number:  103 Start-End 10300 None   time taken in seconds:  64.16875410079956
Number of samples after bg: 872 
Number of temp files written 218
Time taken for concatenating temp files 393.75970697402954
Data shape after read:	x:(136066, 60, 10, 20)	y:(136066,)	wts:(136066,)
Data shape after format:	x:(136066, 10, 20, 60, 1)	y:(136066,)
Time taken in minutes  178.72707227865854
Type of data:	 reserved
7593 57635
Type:  sig
Number of blocks 76
block number:  0 Start-End 0 100   time taken in seconds:  16.318070888519287
block number:  1 Start-End 100 200   time taken in seconds:  17.421635389328003
block number:  2 Start-End 200 300   time taken in seconds:  15.771594762802124
block number:  3 Start-End 300 400   time taken in seconds:  16.407049894332886
block number:  4 Start-End 400 500   time taken in seconds:  16.565550804138184
block number:  5 Start-End 500 600   time taken in seconds:  17.226520538330078
block number:  6 Start-End 600 700   time taken in seconds:  16.12877917289734
block number:  7 Start-End 700 800   time taken in seconds:  16.086517333984375
block number:  8 Start-End 800 900   time taken in seconds:  14.71394968032837
block number:  9 Start-End 900 1000   time taken in seconds:  17.766677856445312
block number:  10 Start-End 1000 1100   time taken in seconds:  18.258591413497925
block number:  11 Start-End 1100 1200   time taken in seconds:  18.200076580047607
block number:  12 Start-End 1200 1300   time taken in seconds:  15.309637784957886
block number:  13 Start-End 1300 1400   time taken in seconds:  16.692137718200684
block number:  14 Start-End 1400 1500   time taken in seconds:  17.215192556381226
block number:  15 Start-End 1500 1600   time taken in seconds:  15.910305738449097
block number:  16 Start-End 1600 1700   time taken in seconds:  16.877060174942017
block number:  17 Start-End 1700 1800   time taken in seconds:  17.146783113479614
block number:  18 Start-End 1800 1900   time taken in seconds:  14.474768161773682
block number:  19 Start-End 1900 2000   time taken in seconds:  17.212682723999023
block number:  20 Start-End 2000 2100   time taken in seconds:  15.993894338607788
block number:  21 Start-End 2100 2200   time taken in seconds:  16.139577865600586
block number:  22 Start-End 2200 2300   time taken in seconds:  16.335259675979614
block number:  23 Start-End 2300 2400   time taken in seconds:  16.91772222518921
block number:  24 Start-End 2400 2500   time taken in seconds:  17.86549425125122
block number:  25 Start-End 2500 2600   time taken in seconds:  16.080461978912354
block number:  26 Start-End 2600 2700   time taken in seconds:  16.99432373046875
block number:  27 Start-End 2700 2800   time taken in seconds:  16.52690839767456
block number:  28 Start-End 2800 2900   time taken in seconds:  15.760881423950195
block number:  29 Start-End 2900 3000   time taken in seconds:  16.066858768463135
block number:  30 Start-End 3000 3100   time taken in seconds:  18.19392681121826
block number:  31 Start-End 3100 3200   time taken in seconds:  15.532644033432007
block number:  32 Start-End 3200 3300   time taken in seconds:  18.600232362747192
block number:  33 Start-End 3300 3400   time taken in seconds:  16.6524019241333
block number:  34 Start-End 3400 3500   time taken in seconds:  16.41867160797119
block number:  35 Start-End 3500 3600   time taken in seconds:  15.837734699249268
block number:  36 Start-End 3600 3700   time taken in seconds:  18.553006649017334
block number:  37 Start-End 3700 3800   time taken in seconds:  15.87137508392334
block number:  38 Start-End 3800 3900   time taken in seconds:  18.52614998817444
block number:  39 Start-End 3900 4000   time taken in seconds:  20.36250376701355
block number:  40 Start-End 4000 4100   time taken in seconds:  16.60228180885315
block number:  41 Start-End 4100 4200   time taken in seconds:  15.888576745986938
block number:  42 Start-End 4200 4300   time taken in seconds:  18.228697776794434
block number:  43 Start-End 4300 4400   time taken in seconds:  14.278949499130249
block number:  44 Start-End 4400 4500   time taken in seconds:  16.30507469177246
block number:  45 Start-End 4500 4600   time taken in seconds:  17.479350566864014
block number:  46 Start-End 4600 4700   time taken in seconds:  15.899394750595093
block number:  47 Start-End 4700 4800   time taken in seconds:  15.138936996459961
block number:  48 Start-End 4800 4900   time taken in seconds:  17.45980668067932
block number:  49 Start-End 4900 5000   time taken in seconds:  18.72582221031189
block number:  50 Start-End 5000 5100   time taken in seconds:  16.50487184524536
block number:  51 Start-End 5100 5200   time taken in seconds:  17.764919996261597
block number:  52 Start-End 5200 5300   time taken in seconds:  14.392164945602417
block number:  53 Start-End 5300 5400   time taken in seconds:  18.83475613594055
block number:  54 Start-End 5400 5500   time taken in seconds:  17.325989961624146
block number:  55 Start-End 5500 5600   time taken in seconds:  16.91139578819275
block number:  56 Start-End 5600 5700   time taken in seconds:  16.795772075653076
block number:  57 Start-End 5700 5800   time taken in seconds:  17.410708904266357
block number:  58 Start-End 5800 5900   time taken in seconds:  16.915224313735962
block number:  59 Start-End 5900 6000   time taken in seconds:  16.448262691497803
block number:  60 Start-End 6000 6100   time taken in seconds:  14.055791139602661
block number:  61 Start-End 6100 6200   time taken in seconds:  17.849671363830566
block number:  62 Start-End 6200 6300   time taken in seconds:  17.08864426612854
block number:  63 Start-End 6300 6400   time taken in seconds:  14.723747491836548
block number:  64 Start-End 6400 6500   time taken in seconds:  15.253167629241943
block number:  65 Start-End 6500 6600   time taken in seconds:  15.16500210762024
block number:  66 Start-End 6600 6700   time taken in seconds:  17.089099884033203
block number:  67 Start-End 6700 6800   time taken in seconds:  17.046701669692993
block number:  68 Start-End 6800 6900   time taken in seconds:  16.42724108695984
block number:  69 Start-End 6900 7000   time taken in seconds:  17.823768854141235
block number:  70 Start-End 7000 7100   time taken in seconds:  20.720125913619995
block number:  71 Start-End 7100 7200   time taken in seconds:  17.564435958862305
block number:  72 Start-End 7200 7300   time taken in seconds:  15.578224182128906
block number:  73 Start-End 7300 7400   time taken in seconds:  17.83048677444458
block number:  74 Start-End 7400 7500   time taken in seconds:  15.359297275543213
block number:  75 Start-End 7500 None   time taken in seconds:  15.8199622631073
Number of samples after sig: 233 
Type:  bg
Number of blocks 577
block number:  0 Start-End 0 100   time taken in seconds:  95.23627305030823
block number:  1 Start-End 100 200   time taken in seconds:  96.70458698272705
block number:  2 Start-End 200 300   time taken in seconds:  99.73943710327148
block number:  3 Start-End 300 400   time taken in seconds:  97.35689377784729
block number:  4 Start-End 400 500   time taken in seconds:  91.13378524780273
block number:  5 Start-End 500 600   time taken in seconds:  97.66068315505981
block number:  6 Start-End 600 700   time taken in seconds:  91.7494695186615
block number:  7 Start-End 700 800   time taken in seconds:  97.17281937599182
block number:  8 Start-End 800 900   time taken in seconds:  89.18827533721924
block number:  9 Start-End 900 1000   time taken in seconds:  93.84854531288147
block number:  10 Start-End 1000 1100   time taken in seconds:  100.98080134391785
block number:  11 Start-End 1100 1200   time taken in seconds:  98.28903341293335
block number:  12 Start-End 1200 1300   time taken in seconds:  105.72687935829163
block number:  13 Start-End 1300 1400   time taken in seconds:  96.55007791519165
block number:  14 Start-End 1400 1500   time taken in seconds:  101.90098166465759
block number:  15 Start-End 1500 1600   time taken in seconds:  93.86653542518616
block number:  16 Start-End 1600 1700   time taken in seconds:  94.54934620857239
block number:  17 Start-End 1700 1800   time taken in seconds:  99.6232967376709
block number:  18 Start-End 1800 1900   time taken in seconds:  92.60211896896362
block number:  19 Start-End 1900 2000   time taken in seconds:  100.5506329536438
block number:  20 Start-End 2000 2100   time taken in seconds:  99.3156213760376
block number:  21 Start-End 2100 2200   time taken in seconds:  100.81431841850281
block number:  22 Start-End 2200 2300   time taken in seconds:  95.04269981384277
block number:  23 Start-End 2300 2400   time taken in seconds:  96.95682859420776
block number:  24 Start-End 2400 2500   time taken in seconds:  100.9320969581604
block number:  25 Start-End 2500 2600   time taken in seconds:  102.91818928718567
block number:  26 Start-End 2600 2700   time taken in seconds:  103.20946884155273
block number:  27 Start-End 2700 2800   time taken in seconds:  94.8271267414093
block number:  28 Start-End 2800 2900   time taken in seconds:  100.9546730518341
block number:  29 Start-End 2900 3000   time taken in seconds:  92.02776384353638
block number:  30 Start-End 3000 3100   time taken in seconds:  91.01247572898865
block number:  31 Start-End 3100 3200   time taken in seconds:  101.51153922080994
block number:  32 Start-End 3200 3300   time taken in seconds:  98.34024810791016
block number:  33 Start-End 3300 3400   time taken in seconds:  108.73665070533752
block number:  34 Start-End 3400 3500   time taken in seconds:  102.46897411346436
block number:  35 Start-End 3500 3600   time taken in seconds:  101.26932191848755
block number:  36 Start-End 3600 3700   time taken in seconds:  107.38445138931274
block number:  37 Start-End 3700 3800   time taken in seconds:  100.6727147102356
block number:  38 Start-End 3800 3900   time taken in seconds:  99.17173099517822
block number:  39 Start-End 3900 4000   time taken in seconds:  94.84350252151489
block number:  40 Start-End 4000 4100   time taken in seconds:  97.83103203773499
block number:  41 Start-End 4100 4200   time taken in seconds:  97.32509469985962
block number:  42 Start-End 4200 4300   time taken in seconds:  96.38229608535767
block number:  43 Start-End 4300 4400   time taken in seconds:  98.61565780639648
block number:  44 Start-End 4400 4500   time taken in seconds:  104.83348417282104
block number:  45 Start-End 4500 4600   time taken in seconds:  98.55434346199036
block number:  46 Start-End 4600 4700   time taken in seconds:  100.83662986755371
block number:  47 Start-End 4700 4800   time taken in seconds:  93.80307054519653
block number:  48 Start-End 4800 4900   time taken in seconds:  93.28694152832031
block number:  49 Start-End 4900 5000   time taken in seconds:  92.63275241851807
block number:  50 Start-End 5000 5100   time taken in seconds:  94.68560934066772
block number:  51 Start-End 5100 5200   time taken in seconds:  92.27573895454407
block number:  52 Start-End 5200 5300   time taken in seconds:  92.6328489780426
block number:  53 Start-End 5300 5400   time taken in seconds:  97.93754887580872
block number:  54 Start-End 5400 5500   time taken in seconds:  99.1146776676178
block number:  55 Start-End 5500 5600   time taken in seconds:  92.71254658699036
block number:  56 Start-End 5600 5700   time taken in seconds:  86.6985912322998
block number:  57 Start-End 5700 5800   time taken in seconds:  95.23695588111877
block number:  58 Start-End 5800 5900   time taken in seconds:  97.82560563087463
block number:  59 Start-End 5900 6000   time taken in seconds:  100.45752501487732
block number:  60 Start-End 6000 6100   time taken in seconds:  95.57904601097107
block number:  61 Start-End 6100 6200   time taken in seconds:  92.62002110481262
block number:  62 Start-End 6200 6300   time taken in seconds:  98.19485783576965
block number:  63 Start-End 6300 6400   time taken in seconds:  96.65804934501648
block number:  64 Start-End 6400 6500   time taken in seconds:  93.93739748001099
block number:  65 Start-End 6500 6600   time taken in seconds:  96.8796079158783
block number:  66 Start-End 6600 6700   time taken in seconds:  92.47749662399292
block number:  67 Start-End 6700 6800   time taken in seconds:  94.31584215164185
block number:  68 Start-End 6800 6900   time taken in seconds:  97.41725277900696
block number:  69 Start-End 6900 7000   time taken in seconds:  90.81849074363708
block number:  70 Start-End 7000 7100   time taken in seconds:  90.71911835670471
block number:  71 Start-End 7100 7200   time taken in seconds:  101.05658435821533
block number:  72 Start-End 7200 7300   time taken in seconds:  97.27668881416321
block number:  73 Start-End 7300 7400   time taken in seconds:  90.68835592269897
block number:  74 Start-End 7400 7500   time taken in seconds:  92.71053814888
block number:  75 Start-End 7500 7600   time taken in seconds:  102.59535193443298
block number:  76 Start-End 7600 7700   time taken in seconds:  95.04492688179016
block number:  77 Start-End 7700 7800   time taken in seconds:  101.32000589370728
block number:  78 Start-End 7800 7900   time taken in seconds:  96.58465933799744
block number:  79 Start-End 7900 8000   time taken in seconds:  95.60921669006348
block number:  80 Start-End 8000 8100   time taken in seconds:  100.30560970306396
block number:  81 Start-End 8100 8200   time taken in seconds:  96.27397203445435
block number:  82 Start-End 8200 8300   time taken in seconds:  93.6894862651825
block number:  83 Start-End 8300 8400   time taken in seconds:  92.17518663406372
block number:  84 Start-End 8400 8500   time taken in seconds:  96.38108086585999
block number:  85 Start-End 8500 8600   time taken in seconds:  94.76875591278076
block number:  86 Start-End 8600 8700   time taken in seconds:  97.40004897117615
block number:  87 Start-End 8700 8800   time taken in seconds:  95.45572757720947
block number:  88 Start-End 8800 8900   time taken in seconds:  99.02259683609009
block number:  89 Start-End 8900 9000   time taken in seconds:  92.58527946472168
block number:  90 Start-End 9000 9100   time taken in seconds:  93.61997103691101
block number:  91 Start-End 9100 9200   time taken in seconds:  100.87454223632812
block number:  92 Start-End 9200 9300   time taken in seconds:  99.39938426017761
block number:  93 Start-End 9300 9400   time taken in seconds:  95.88568687438965
block number:  94 Start-End 9400 9500   time taken in seconds:  99.15847539901733
block number:  95 Start-End 9500 9600   time taken in seconds:  96.64437937736511
block number:  96 Start-End 9600 9700   time taken in seconds:  96.70956587791443
block number:  97 Start-End 9700 9800   time taken in seconds:  95.21680641174316
block number:  98 Start-End 9800 9900   time taken in seconds:  97.19377875328064
block number:  99 Start-End 9900 10000   time taken in seconds:  99.10584282875061
block number:  100 Start-End 10000 10100   time taken in seconds:  100.34152054786682
block number:  101 Start-End 10100 10200   time taken in seconds:  98.44177293777466
block number:  102 Start-End 10200 10300   time taken in seconds:  96.12656855583191
block number:  103 Start-End 10300 10400   time taken in seconds:  98.01438570022583
block number:  104 Start-End 10400 10500   time taken in seconds:  94.74276375770569
block number:  105 Start-End 10500 10600   time taken in seconds:  90.64549851417542
block number:  106 Start-End 10600 10700   time taken in seconds:  101.89766097068787
block number:  107 Start-End 10700 10800   time taken in seconds:  96.0632734298706
block number:  108 Start-End 10800 10900   time taken in seconds:  93.29437637329102
block number:  109 Start-End 10900 11000   time taken in seconds:  104.18895483016968
block number:  110 Start-End 11000 11100   time taken in seconds:  100.65303921699524
block number:  111 Start-End 11100 11200   time taken in seconds:  105.42200231552124
block number:  112 Start-End 11200 11300   time taken in seconds:  93.93102526664734
block number:  113 Start-End 11300 11400   time taken in seconds:  98.25733613967896
block number:  114 Start-End 11400 11500   time taken in seconds:  96.30252885818481
block number:  115 Start-End 11500 11600   time taken in seconds:  95.51313924789429
block number:  116 Start-End 11600 11700   time taken in seconds:  99.33317303657532
block number:  117 Start-End 11700 11800   time taken in seconds:  102.46856212615967
block number:  118 Start-End 11800 11900   time taken in seconds:  99.7905626296997
block number:  119 Start-End 11900 12000   time taken in seconds:  97.176189661026
block number:  120 Start-End 12000 12100   time taken in seconds:  92.88273453712463
block number:  121 Start-End 12100 12200   time taken in seconds:  100.87302565574646
block number:  122 Start-End 12200 12300   time taken in seconds:  93.3001983165741
block number:  123 Start-End 12300 12400   time taken in seconds:  101.81704616546631
block number:  124 Start-End 12400 12500   time taken in seconds:  97.2539632320404
block number:  125 Start-End 12500 12600   time taken in seconds:  102.63255572319031
block number:  126 Start-End 12600 12700   time taken in seconds:  103.60872030258179
block number:  127 Start-End 12700 12800   time taken in seconds:  99.59232091903687
block number:  128 Start-End 12800 12900   time taken in seconds:  99.10714483261108
block number:  129 Start-End 12900 13000   time taken in seconds:  95.54064178466797
block number:  130 Start-End 13000 13100   time taken in seconds:  95.24407935142517
block number:  131 Start-End 13100 13200   time taken in seconds:  95.53625798225403
block number:  132 Start-End 13200 13300   time taken in seconds:  95.27585291862488
block number:  133 Start-End 13300 13400   time taken in seconds:  94.18170237541199
block number:  134 Start-End 13400 13500   time taken in seconds:  92.95339941978455
block number:  135 Start-End 13500 13600   time taken in seconds:  101.530517578125
block number:  136 Start-End 13600 13700   time taken in seconds:  97.76241135597229
block number:  137 Start-End 13700 13800   time taken in seconds:  94.4858193397522
block number:  138 Start-End 13800 13900   time taken in seconds:  95.19681119918823
block number:  139 Start-End 13900 14000   time taken in seconds:  97.36008214950562
block number:  140 Start-End 14000 14100   time taken in seconds:  98.8866548538208
block number:  141 Start-End 14100 14200   time taken in seconds:  99.54514527320862
block number:  142 Start-End 14200 14300   time taken in seconds:  98.35578918457031
block number:  143 Start-End 14300 14400   time taken in seconds:  95.53782534599304
block number:  144 Start-End 14400 14500   time taken in seconds:  97.71326661109924
block number:  145 Start-End 14500 14600   time taken in seconds:  97.14864730834961
block number:  146 Start-End 14600 14700   time taken in seconds:  101.78192567825317
block number:  147 Start-End 14700 14800   time taken in seconds:  96.87920022010803
block number:  148 Start-End 14800 14900   time taken in seconds:  98.76251244544983
block number:  149 Start-End 14900 15000   time taken in seconds:  95.13997054100037
block number:  150 Start-End 15000 15100   time taken in seconds:  102.06304669380188
block number:  151 Start-End 15100 15200   time taken in seconds:  99.00093388557434
block number:  152 Start-End 15200 15300   time taken in seconds:  95.23369145393372
block number:  153 Start-End 15300 15400   time taken in seconds:  100.55548214912415
block number:  154 Start-End 15400 15500   time taken in seconds:  94.38738679885864
block number:  155 Start-End 15500 15600   time taken in seconds:  102.35732817649841
block number:  156 Start-End 15600 15700   time taken in seconds:  102.33641600608826
block number:  157 Start-End 15700 15800   time taken in seconds:  99.90034985542297
block number:  158 Start-End 15800 15900   time taken in seconds:  99.55901670455933
block number:  159 Start-End 15900 16000   time taken in seconds:  99.00577664375305
block number:  160 Start-End 16000 16100   time taken in seconds:  91.70809984207153
block number:  161 Start-End 16100 16200   time taken in seconds:  99.28553438186646
block number:  162 Start-End 16200 16300   time taken in seconds:  96.9067268371582
block number:  163 Start-End 16300 16400   time taken in seconds:  97.03685927391052
block number:  164 Start-End 16400 16500   time taken in seconds:  98.22972321510315
block number:  165 Start-End 16500 16600   time taken in seconds:  94.85467004776001
block number:  166 Start-End 16600 16700   time taken in seconds:  98.2997031211853
block number:  167 Start-End 16700 16800   time taken in seconds:  96.61100888252258
block number:  168 Start-End 16800 16900   time taken in seconds:  92.7246835231781
block number:  169 Start-End 16900 17000   time taken in seconds:  98.39652180671692
block number:  170 Start-End 17000 17100   time taken in seconds:  96.75272870063782
block number:  171 Start-End 17100 17200   time taken in seconds:  100.61106753349304
block number:  172 Start-End 17200 17300   time taken in seconds:  96.31631541252136
block number:  173 Start-End 17300 17400   time taken in seconds:  99.71778655052185
block number:  174 Start-End 17400 17500   time taken in seconds:  94.01455593109131
block number:  175 Start-End 17500 17600   time taken in seconds:  91.3336820602417
block number:  176 Start-End 17600 17700   time taken in seconds:  94.01864957809448
block number:  177 Start-End 17700 17800   time taken in seconds:  92.11519289016724
block number:  178 Start-End 17800 17900   time taken in seconds:  98.1981520652771
block number:  179 Start-End 17900 18000   time taken in seconds:  94.47509670257568
block number:  180 Start-End 18000 18100   time taken in seconds:  99.57010436058044
block number:  181 Start-End 18100 18200   time taken in seconds:  90.47748017311096
block number:  182 Start-End 18200 18300   time taken in seconds:  102.01741147041321
block number:  183 Start-End 18300 18400   time taken in seconds:  99.15653777122498
block number:  184 Start-End 18400 18500   time taken in seconds:  99.69736671447754
block number:  185 Start-End 18500 18600   time taken in seconds:  101.0305826663971
block number:  186 Start-End 18600 18700   time taken in seconds:  94.73268985748291
block number:  187 Start-End 18700 18800   time taken in seconds:  96.01170420646667
block number:  188 Start-End 18800 18900   time taken in seconds:  96.06554508209229
block number:  189 Start-End 18900 19000   time taken in seconds:  100.27632069587708
block number:  190 Start-End 19000 19100   time taken in seconds:  96.6028196811676
block number:  191 Start-End 19100 19200   time taken in seconds:  96.38075256347656
block number:  192 Start-End 19200 19300   time taken in seconds:  97.52914953231812
block number:  193 Start-End 19300 19400   time taken in seconds:  90.60207009315491
block number:  194 Start-End 19400 19500   time taken in seconds:  98.90545320510864
block number:  195 Start-End 19500 19600   time taken in seconds:  96.9440233707428
block number:  196 Start-End 19600 19700   time taken in seconds:  97.10316300392151
block number:  197 Start-End 19700 19800   time taken in seconds:  96.06093001365662
block number:  198 Start-End 19800 19900   time taken in seconds:  95.2381842136383
block number:  199 Start-End 19900 20000   time taken in seconds:  93.47789335250854
block number:  200 Start-End 20000 20100   time taken in seconds:  96.10556650161743
block number:  201 Start-End 20100 20200   time taken in seconds:  95.63742208480835
block number:  202 Start-End 20200 20300   time taken in seconds:  93.46316337585449
block number:  203 Start-End 20300 20400   time taken in seconds:  95.43683815002441
block number:  204 Start-End 20400 20500   time taken in seconds:  102.01790404319763
block number:  205 Start-End 20500 20600   time taken in seconds:  100.87313485145569
block number:  206 Start-End 20600 20700   time taken in seconds:  96.61715745925903
block number:  207 Start-End 20700 20800   time taken in seconds:  96.50795030593872
block number:  208 Start-End 20800 20900   time taken in seconds:  95.67654800415039
block number:  209 Start-End 20900 21000   time taken in seconds:  100.49872756004333
block number:  210 Start-End 21000 21100   time taken in seconds:  97.81749486923218
block number:  211 Start-End 21100 21200   time taken in seconds:  94.31600713729858
block number:  212 Start-End 21200 21300   time taken in seconds:  95.78769111633301
block number:  213 Start-End 21300 21400   time taken in seconds:  93.16998243331909
block number:  214 Start-End 21400 21500   time taken in seconds:  93.29515075683594
block number:  215 Start-End 21500 21600   time taken in seconds:  99.59081506729126
block number:  216 Start-End 21600 21700   time taken in seconds:  96.91444873809814
block number:  217 Start-End 21700 21800   time taken in seconds:  101.85245704650879
block number:  218 Start-End 21800 21900   time taken in seconds:  92.81299638748169
block number:  219 Start-End 21900 22000   time taken in seconds:  98.44702053070068
block number:  220 Start-End 22000 22100   time taken in seconds:  89.83399248123169
block number:  221 Start-End 22100 22200   time taken in seconds:  92.26508593559265
block number:  222 Start-End 22200 22300   time taken in seconds:  94.17328882217407
block number:  223 Start-End 22300 22400   time taken in seconds:  93.39266920089722
block number:  224 Start-End 22400 22500   time taken in seconds:  99.26521158218384
block number:  225 Start-End 22500 22600   time taken in seconds:  100.61054944992065
block number:  226 Start-End 22600 22700   time taken in seconds:  97.693678855896
block number:  227 Start-End 22700 22800   time taken in seconds:  91.25275874137878
block number:  228 Start-End 22800 22900   time taken in seconds:  93.19099617004395
block number:  229 Start-End 22900 23000   time taken in seconds:  93.61956310272217
block number:  230 Start-End 23000 23100   time taken in seconds:  90.5192174911499
block number:  231 Start-End 23100 23200   time taken in seconds:  85.44385123252869
block number:  232 Start-End 23200 23300   time taken in seconds:  91.23702096939087
block number:  233 Start-End 23300 23400   time taken in seconds:  100.3062961101532
block number:  234 Start-End 23400 23500   time taken in seconds:  101.0102391242981
block number:  235 Start-End 23500 23600   time taken in seconds:  97.2009105682373
block number:  236 Start-End 23600 23700   time taken in seconds:  99.33666944503784
block number:  237 Start-End 23700 23800   time taken in seconds:  93.7378158569336
block number:  238 Start-End 23800 23900   time taken in seconds:  98.4908287525177
block number:  239 Start-End 23900 24000   time taken in seconds:  100.6305902004242
block number:  240 Start-End 24000 24100   time taken in seconds:  94.39673566818237
block number:  241 Start-End 24100 24200   time taken in seconds:  94.3761351108551
block number:  242 Start-End 24200 24300   time taken in seconds:  92.02187514305115
block number:  243 Start-End 24300 24400   time taken in seconds:  96.81177425384521
block number:  244 Start-End 24400 24500   time taken in seconds:  93.63151526451111
block number:  245 Start-End 24500 24600   time taken in seconds:  91.6657829284668
block number:  246 Start-End 24600 24700   time taken in seconds:  97.94987177848816
block number:  247 Start-End 24700 24800   time taken in seconds:  97.81440472602844
block number:  248 Start-End 24800 24900   time taken in seconds:  97.32398295402527
block number:  249 Start-End 24900 25000   time taken in seconds:  102.92060899734497
block number:  250 Start-End 25000 25100   time taken in seconds:  104.55304598808289
block number:  251 Start-End 25100 25200   time taken in seconds:  93.59837675094604
block number:  252 Start-End 25200 25300   time taken in seconds:  96.51117658615112
block number:  253 Start-End 25300 25400   time taken in seconds:  101.67061257362366
block number:  254 Start-End 25400 25500   time taken in seconds:  99.96915984153748
block number:  255 Start-End 25500 25600   time taken in seconds:  91.67591691017151
block number:  256 Start-End 25600 25700   time taken in seconds:  97.26859068870544
block number:  257 Start-End 25700 25800   time taken in seconds:  103.79784870147705
block number:  258 Start-End 25800 25900   time taken in seconds:  100.1021740436554
block number:  259 Start-End 25900 26000   time taken in seconds:  86.0431342124939
block number:  260 Start-End 26000 26100   time taken in seconds:  91.6989221572876
block number:  261 Start-End 26100 26200   time taken in seconds:  90.47313809394836
block number:  262 Start-End 26200 26300   time taken in seconds:  94.49402523040771
block number:  263 Start-End 26300 26400   time taken in seconds:  103.50560164451599
block number:  264 Start-End 26400 26500   time taken in seconds:  98.3614399433136
block number:  265 Start-End 26500 26600   time taken in seconds:  99.91943168640137
block number:  266 Start-End 26600 26700   time taken in seconds:  100.17060351371765
block number:  267 Start-End 26700 26800   time taken in seconds:  91.31386995315552
block number:  268 Start-End 26800 26900   time taken in seconds:  93.18867564201355
block number:  269 Start-End 26900 27000   time taken in seconds:  100.10534906387329
block number:  270 Start-End 27000 27100   time taken in seconds:  99.28151845932007
block number:  271 Start-End 27100 27200   time taken in seconds:  94.26756405830383
block number:  272 Start-End 27200 27300   time taken in seconds:  101.77738356590271
block number:  273 Start-End 27300 27400   time taken in seconds:  92.6573851108551
block number:  274 Start-End 27400 27500   time taken in seconds:  99.06300401687622
block number:  275 Start-End 27500 27600   time taken in seconds:  99.17743587493896
block number:  276 Start-End 27600 27700   time taken in seconds:  102.15863561630249
block number:  277 Start-End 27700 27800   time taken in seconds:  92.38837170600891
block number:  278 Start-End 27800 27900   time taken in seconds:  96.11767768859863
block number:  279 Start-End 27900 28000   time taken in seconds:  94.28934049606323
block number:  280 Start-End 28000 28100   time taken in seconds:  93.02303075790405
block number:  281 Start-End 28100 28200   time taken in seconds:  95.32682871818542
block number:  282 Start-End 28200 28300   time taken in seconds:  97.86009049415588
block number:  283 Start-End 28300 28400   time taken in seconds:  95.4334168434143
block number:  284 Start-End 28400 28500   time taken in seconds:  96.28277397155762
block number:  285 Start-End 28500 28600   time taken in seconds:  92.09603238105774
block number:  286 Start-End 28600 28700   time taken in seconds:  92.99797987937927
block number:  287 Start-End 28700 28800   time taken in seconds:  95.19484996795654
block number:  288 Start-End 28800 28900   time taken in seconds:  103.04007625579834
block number:  289 Start-End 28900 29000   time taken in seconds:  98.26049375534058
block number:  290 Start-End 29000 29100   time taken in seconds:  93.7287220954895
block number:  291 Start-End 29100 29200   time taken in seconds:  96.87947845458984
block number:  292 Start-End 29200 29300   time taken in seconds:  96.54109191894531
block number:  293 Start-End 29300 29400   time taken in seconds:  100.44945478439331
block number:  294 Start-End 29400 29500   time taken in seconds:  95.65817284584045
block number:  295 Start-End 29500 29600   time taken in seconds:  88.14309096336365
block number:  296 Start-End 29600 29700   time taken in seconds:  95.52826070785522
block number:  297 Start-End 29700 29800   time taken in seconds:  93.04194593429565
block number:  298 Start-End 29800 29900   time taken in seconds:  95.61791682243347
block number:  299 Start-End 29900 30000   time taken in seconds:  93.84628033638
block number:  300 Start-End 30000 30100   time taken in seconds:  91.77436470985413
block number:  301 Start-End 30100 30200   time taken in seconds:  94.79864501953125
block number:  302 Start-End 30200 30300   time taken in seconds:  96.22741508483887
block number:  303 Start-End 30300 30400   time taken in seconds:  96.16701817512512
block number:  304 Start-End 30400 30500   time taken in seconds:  96.66804075241089
block number:  305 Start-End 30500 30600   time taken in seconds:  94.74545073509216
block number:  306 Start-End 30600 30700   time taken in seconds:  96.99820685386658
block number:  307 Start-End 30700 30800   time taken in seconds:  100.87512946128845
block number:  308 Start-End 30800 30900   time taken in seconds:  86.58306384086609
block number:  309 Start-End 30900 31000   time taken in seconds:  92.76496744155884
block number:  310 Start-End 31000 31100   time taken in seconds:  95.18464255332947
block number:  311 Start-End 31100 31200   time taken in seconds:  90.55110144615173
block number:  312 Start-End 31200 31300   time taken in seconds:  100.38867282867432
block number:  313 Start-End 31300 31400   time taken in seconds:  93.24682140350342
block number:  314 Start-End 31400 31500   time taken in seconds:  89.6686418056488
block number:  315 Start-End 31500 31600   time taken in seconds:  93.09088778495789
block number:  316 Start-End 31600 31700   time taken in seconds:  90.92773127555847
block number:  317 Start-End 31700 31800   time taken in seconds:  92.90780019760132
block number:  318 Start-End 31800 31900   time taken in seconds:  94.67641925811768
block number:  319 Start-End 31900 32000   time taken in seconds:  95.04505491256714
block number:  320 Start-End 32000 32100   time taken in seconds:  97.47725749015808
block number:  321 Start-End 32100 32200   time taken in seconds:  95.36597347259521
block number:  322 Start-End 32200 32300   time taken in seconds:  93.63507628440857
block number:  323 Start-End 32300 32400   time taken in seconds:  89.50424885749817
block number:  324 Start-End 32400 32500   time taken in seconds:  97.60459566116333
block number:  325 Start-End 32500 32600   time taken in seconds:  98.95514249801636
block number:  326 Start-End 32600 32700   time taken in seconds:  100.11687278747559
block number:  327 Start-End 32700 32800   time taken in seconds:  98.64184498786926
block number:  328 Start-End 32800 32900   time taken in seconds:  96.57319927215576
block number:  329 Start-End 32900 33000   time taken in seconds:  100.14193558692932
block number:  330 Start-End 33000 33100   time taken in seconds:  98.77750825881958
block number:  331 Start-End 33100 33200   time taken in seconds:  93.85951638221741
block number:  332 Start-End 33200 33300   time taken in seconds:  97.818430185318
block number:  333 Start-End 33300 33400   time taken in seconds:  102.89175248146057
block number:  334 Start-End 33400 33500   time taken in seconds:  97.61893630027771
block number:  335 Start-End 33500 33600   time taken in seconds:  90.65661787986755
block number:  336 Start-End 33600 33700   time taken in seconds:  98.43044519424438
block number:  337 Start-End 33700 33800   time taken in seconds:  100.33538889884949
block number:  338 Start-End 33800 33900   time taken in seconds:  97.04687905311584
block number:  339 Start-End 33900 34000   time taken in seconds:  92.89002823829651
block number:  340 Start-End 34000 34100   time taken in seconds:  96.376708984375
block number:  341 Start-End 34100 34200   time taken in seconds:  94.19826793670654
block number:  342 Start-End 34200 34300   time taken in seconds:  92.25261282920837
block number:  343 Start-End 34300 34400   time taken in seconds:  92.28192973136902
block number:  344 Start-End 34400 34500   time taken in seconds:  98.21358966827393
block number:  345 Start-End 34500 34600   time taken in seconds:  93.6934187412262
block number:  346 Start-End 34600 34700   time taken in seconds:  97.41689682006836
block number:  347 Start-End 34700 34800   time taken in seconds:  95.2011969089508
block number:  348 Start-End 34800 34900   time taken in seconds:  97.0689926147461
block number:  349 Start-End 34900 35000   time taken in seconds:  95.72366333007812
block number:  350 Start-End 35000 35100   time taken in seconds:  98.7824273109436
block number:  351 Start-End 35100 35200   time taken in seconds:  98.46493196487427
block number:  352 Start-End 35200 35300   time taken in seconds:  94.87237620353699
block number:  353 Start-End 35300 35400   time taken in seconds:  96.14904236793518
block number:  354 Start-End 35400 35500   time taken in seconds:  91.23576140403748
block number:  355 Start-End 35500 35600   time taken in seconds:  98.20708203315735
block number:  356 Start-End 35600 35700   time taken in seconds:  91.25148177146912
block number:  357 Start-End 35700 35800   time taken in seconds:  92.01803255081177
block number:  358 Start-End 35800 35900   time taken in seconds:  94.61084723472595
block number:  359 Start-End 35900 36000   time taken in seconds:  102.2863404750824
block number:  360 Start-End 36000 36100   time taken in seconds:  96.66873145103455
block number:  361 Start-End 36100 36200   time taken in seconds:  98.17491674423218
block number:  362 Start-End 36200 36300   time taken in seconds:  92.42265629768372
block number:  363 Start-End 36300 36400   time taken in seconds:  96.41268944740295
block number:  364 Start-End 36400 36500   time taken in seconds:  96.80156898498535
block number:  365 Start-End 36500 36600   time taken in seconds:  94.4681007862091
block number:  366 Start-End 36600 36700   time taken in seconds:  97.06134796142578
block number:  367 Start-End 36700 36800   time taken in seconds:  100.90805387496948
block number:  368 Start-End 36800 36900   time taken in seconds:  92.28956365585327
block number:  369 Start-End 36900 37000   time taken in seconds:  91.8450095653534
block number:  370 Start-End 37000 37100   time taken in seconds:  94.08084011077881
block number:  371 Start-End 37100 37200   time taken in seconds:  89.80333948135376
block number:  372 Start-End 37200 37300   time taken in seconds:  94.09875845909119
block number:  373 Start-End 37300 37400   time taken in seconds:  92.77920460700989
block number:  374 Start-End 37400 37500   time taken in seconds:  92.17287540435791
block number:  375 Start-End 37500 37600   time taken in seconds:  92.21495008468628
block number:  376 Start-End 37600 37700   time taken in seconds:  98.73870635032654
block number:  377 Start-End 37700 37800   time taken in seconds:  95.61861276626587
block number:  378 Start-End 37800 37900   time taken in seconds:  96.44645571708679
block number:  379 Start-End 37900 38000   time taken in seconds:  100.67093896865845
block number:  380 Start-End 38000 38100   time taken in seconds:  102.75684905052185
block number:  381 Start-End 38100 38200   time taken in seconds:  101.9072813987732
block number:  382 Start-End 38200 38300   time taken in seconds:  94.3791823387146
block number:  383 Start-End 38300 38400   time taken in seconds:  95.88074660301208
block number:  384 Start-End 38400 38500   time taken in seconds:  92.7726502418518
block number:  385 Start-End 38500 38600   time taken in seconds:  99.85848760604858
block number:  386 Start-End 38600 38700   time taken in seconds:  90.244873046875
block number:  387 Start-End 38700 38800   time taken in seconds:  98.06493210792542
block number:  388 Start-End 38800 38900   time taken in seconds:  101.54900312423706
block number:  389 Start-End 38900 39000   time taken in seconds:  101.91668939590454
block number:  390 Start-End 39000 39100   time taken in seconds:  101.9901773929596
block number:  391 Start-End 39100 39200   time taken in seconds:  103.73176598548889
block number:  392 Start-End 39200 39300   time taken in seconds:  96.36527132987976
block number:  393 Start-End 39300 39400   time taken in seconds:  103.39045286178589
block number:  394 Start-End 39400 39500   time taken in seconds:  100.45765089988708
block number:  395 Start-End 39500 39600   time taken in seconds:  95.84882664680481
block number:  396 Start-End 39600 39700   time taken in seconds:  103.24370741844177
block number:  397 Start-End 39700 39800   time taken in seconds:  96.20529127120972
block number:  398 Start-End 39800 39900   time taken in seconds:  98.63899970054626
block number:  399 Start-End 39900 40000   time taken in seconds:  96.59587669372559
block number:  400 Start-End 40000 40100   time taken in seconds:  99.16950058937073
block number:  401 Start-End 40100 40200   time taken in seconds:  92.73032855987549
block number:  402 Start-End 40200 40300   time taken in seconds:  96.3964593410492
block number:  403 Start-End 40300 40400   time taken in seconds:  97.32855176925659
block number:  404 Start-End 40400 40500   time taken in seconds:  97.09667038917542
block number:  405 Start-End 40500 40600   time taken in seconds:  95.80613112449646
block number:  406 Start-End 40600 40700   time taken in seconds:  93.65045809745789
block number:  407 Start-End 40700 40800   time taken in seconds:  91.5489935874939
block number:  408 Start-End 40800 40900   time taken in seconds:  99.26678848266602
block number:  409 Start-End 40900 41000   time taken in seconds:  99.804438829422
block number:  410 Start-End 41000 41100   time taken in seconds:  95.80944776535034
block number:  411 Start-End 41100 41200   time taken in seconds:  94.08791017532349
block number:  412 Start-End 41200 41300   time taken in seconds:  93.01194596290588
block number:  413 Start-End 41300 41400   time taken in seconds:  93.30529832839966
block number:  414 Start-End 41400 41500   time taken in seconds:  95.41926860809326
block number:  415 Start-End 41500 41600   time taken in seconds:  96.75795221328735
block number:  416 Start-End 41600 41700   time taken in seconds:  95.7266263961792
block number:  417 Start-End 41700 41800   time taken in seconds:  94.28597402572632
block number:  418 Start-End 41800 41900   time taken in seconds:  98.18154764175415
block number:  419 Start-End 41900 42000   time taken in seconds:  94.06436586380005
block number:  420 Start-End 42000 42100   time taken in seconds:  95.092768907547
block number:  421 Start-End 42100 42200   time taken in seconds:  87.9484748840332
block number:  422 Start-End 42200 42300   time taken in seconds:  97.93602848052979
block number:  423 Start-End 42300 42400   time taken in seconds:  95.44188356399536
block number:  424 Start-End 42400 42500   time taken in seconds:  99.08263325691223
block number:  425 Start-End 42500 42600   time taken in seconds:  99.38575744628906
block number:  426 Start-End 42600 42700   time taken in seconds:  93.28094244003296
block number:  427 Start-End 42700 42800   time taken in seconds:  95.11680626869202
block number:  428 Start-End 42800 42900   time taken in seconds:  101.39551949501038
block number:  429 Start-End 42900 43000   time taken in seconds:  90.70263504981995
block number:  430 Start-End 43000 43100   time taken in seconds:  100.68452787399292
block number:  431 Start-End 43100 43200   time taken in seconds:  98.02785730361938
block number:  432 Start-End 43200 43300   time taken in seconds:  100.39661312103271
block number:  433 Start-End 43300 43400   time taken in seconds:  93.24550724029541
block number:  434 Start-End 43400 43500   time taken in seconds:  95.306223154068
block number:  435 Start-End 43500 43600   time taken in seconds:  96.1989336013794
block number:  436 Start-End 43600 43700   time taken in seconds:  93.527028799057
block number:  437 Start-End 43700 43800   time taken in seconds:  95.08157014846802
block number:  438 Start-End 43800 43900   time taken in seconds:  95.35939121246338
block number:  439 Start-End 43900 44000   time taken in seconds:  95.93724274635315
block number:  440 Start-End 44000 44100   time taken in seconds:  94.56211757659912
block number:  441 Start-End 44100 44200   time taken in seconds:  95.46135067939758
block number:  442 Start-End 44200 44300   time taken in seconds:  89.7141764163971
block number:  443 Start-End 44300 44400   time taken in seconds:  91.53721904754639
block number:  444 Start-End 44400 44500   time taken in seconds:  89.47184419631958
block number:  445 Start-End 44500 44600   time taken in seconds:  91.15292644500732
block number:  446 Start-End 44600 44700   time taken in seconds:  93.96285200119019
block number:  447 Start-End 44700 44800   time taken in seconds:  94.02256536483765
block number:  448 Start-End 44800 44900   time taken in seconds:  90.85799932479858
block number:  449 Start-End 44900 45000   time taken in seconds:  91.74183917045593
block number:  450 Start-End 45000 45100   time taken in seconds:  95.18977332115173
block number:  451 Start-End 45100 45200   time taken in seconds:  99.59908866882324
block number:  452 Start-End 45200 45300   time taken in seconds:  94.04449272155762
block number:  453 Start-End 45300 45400   time taken in seconds:  95.68650364875793
block number:  454 Start-End 45400 45500   time taken in seconds:  93.55744099617004
block number:  455 Start-End 45500 45600   time taken in seconds:  93.07579278945923
block number:  456 Start-End 45600 45700   time taken in seconds:  97.12003183364868
block number:  457 Start-End 45700 45800   time taken in seconds:  93.90630078315735
block number:  458 Start-End 45800 45900   time taken in seconds:  92.04073166847229
block number:  459 Start-End 45900 46000   time taken in seconds:  89.34510087966919
block number:  460 Start-End 46000 46100   time taken in seconds:  95.9919044971466
block number:  461 Start-End 46100 46200   time taken in seconds:  90.32024455070496
block number:  462 Start-End 46200 46300   time taken in seconds:  94.55207681655884
block number:  463 Start-End 46300 46400   time taken in seconds:  96.14791679382324
block number:  464 Start-End 46400 46500   time taken in seconds:  95.89857411384583
block number:  465 Start-End 46500 46600   time taken in seconds:  97.83970999717712
block number:  466 Start-End 46600 46700   time taken in seconds:  95.93099403381348
block number:  467 Start-End 46700 46800   time taken in seconds:  94.7257080078125
block number:  468 Start-End 46800 46900   time taken in seconds:  90.11712193489075
block number:  469 Start-End 46900 47000   time taken in seconds:  91.61177468299866
block number:  470 Start-End 47000 47100   time taken in seconds:  99.60813689231873
block number:  471 Start-End 47100 47200   time taken in seconds:  100.31755304336548
block number:  472 Start-End 47200 47300   time taken in seconds:  90.02159762382507
block number:  473 Start-End 47300 47400   time taken in seconds:  96.88224506378174
block number:  474 Start-End 47400 47500   time taken in seconds:  98.695072889328
block number:  475 Start-End 47500 47600   time taken in seconds:  96.24650239944458
block number:  476 Start-End 47600 47700   time taken in seconds:  91.07590007781982
block number:  477 Start-End 47700 47800   time taken in seconds:  96.13921284675598
block number:  478 Start-End 47800 47900   time taken in seconds:  98.0831503868103
block number:  479 Start-End 47900 48000   time taken in seconds:  96.64829325675964
block number:  480 Start-End 48000 48100   time taken in seconds:  90.84010434150696
block number:  481 Start-End 48100 48200   time taken in seconds:  90.99012565612793
block number:  482 Start-End 48200 48300   time taken in seconds:  93.18811464309692
block number:  483 Start-End 48300 48400   time taken in seconds:  100.04272890090942
block number:  484 Start-End 48400 48500   time taken in seconds:  93.5102608203888
block number:  485 Start-End 48500 48600   time taken in seconds:  96.114910364151
block number:  486 Start-End 48600 48700   time taken in seconds:  94.51963710784912
block number:  487 Start-End 48700 48800   time taken in seconds:  98.34929394721985
block number:  488 Start-End 48800 48900   time taken in seconds:  97.15706300735474
block number:  489 Start-End 48900 49000   time taken in seconds:  95.94858598709106
block number:  490 Start-End 49000 49100   time taken in seconds:  101.05825805664062
block number:  491 Start-End 49100 49200   time taken in seconds:  89.43509030342102
block number:  492 Start-End 49200 49300   time taken in seconds:  96.27122211456299
block number:  493 Start-End 49300 49400   time taken in seconds:  94.2662262916565
block number:  494 Start-End 49400 49500   time taken in seconds:  95.98999738693237
block number:  495 Start-End 49500 49600   time taken in seconds:  94.44322800636292
block number:  496 Start-End 49600 49700   time taken in seconds:  99.02846908569336
block number:  497 Start-End 49700 49800   time taken in seconds:  99.08093547821045
block number:  498 Start-End 49800 49900   time taken in seconds:  95.36513876914978
block number:  499 Start-End 49900 50000   time taken in seconds:  98.47938847541809
block number:  500 Start-End 50000 50100   time taken in seconds:  93.19435405731201
block number:  501 Start-End 50100 50200   time taken in seconds:  98.69037294387817
block number:  502 Start-End 50200 50300   time taken in seconds:  93.65063071250916
block number:  503 Start-End 50300 50400   time taken in seconds:  90.94610738754272
block number:  504 Start-End 50400 50500   time taken in seconds:  93.33170533180237
block number:  505 Start-End 50500 50600   time taken in seconds:  94.65086460113525
block number:  506 Start-End 50600 50700   time taken in seconds:  94.04690456390381
block number:  507 Start-End 50700 50800   time taken in seconds:  95.39650893211365
block number:  508 Start-End 50800 50900   time taken in seconds:  96.36264109611511
block number:  509 Start-End 50900 51000   time taken in seconds:  91.20068860054016
block number:  510 Start-End 51000 51100   time taken in seconds:  92.89257073402405
block number:  511 Start-End 51100 51200   time taken in seconds:  91.15891122817993
block number:  512 Start-End 51200 51300   time taken in seconds:  99.1055212020874
block number:  513 Start-End 51300 51400   time taken in seconds:  94.41229581832886
block number:  514 Start-End 51400 51500   time taken in seconds:  95.36048030853271
block number:  515 Start-End 51500 51600   time taken in seconds:  95.83111786842346
block number:  516 Start-End 51600 51700   time taken in seconds:  92.72093653678894
block number:  517 Start-End 51700 51800   time taken in seconds:  97.82442903518677
block number:  518 Start-End 51800 51900   time taken in seconds:  94.2234365940094
block number:  519 Start-End 51900 52000   time taken in seconds:  93.21901416778564
block number:  520 Start-End 52000 52100   time taken in seconds:  96.32995557785034
block number:  521 Start-End 52100 52200   time taken in seconds:  90.4313371181488
block number:  522 Start-End 52200 52300   time taken in seconds:  95.73489904403687
block number:  523 Start-End 52300 52400   time taken in seconds:  94.86332607269287
block number:  524 Start-End 52400 52500   time taken in seconds:  92.96862697601318
block number:  525 Start-End 52500 52600   time taken in seconds:  88.58701777458191
block number:  526 Start-End 52600 52700   time taken in seconds:  87.96731400489807
block number:  527 Start-End 52700 52800   time taken in seconds:  91.7192976474762
block number:  528 Start-End 52800 52900   time taken in seconds:  98.37806034088135
block number:  529 Start-End 52900 53000   time taken in seconds:  90.20042848587036
block number:  530 Start-End 53000 53100   time taken in seconds:  92.67198491096497
block number:  531 Start-End 53100 53200   time taken in seconds:  94.281090259552
block number:  532 Start-End 53200 53300   time taken in seconds:  93.57311725616455
block number:  533 Start-End 53300 53400   time taken in seconds:  88.29333639144897
block number:  534 Start-End 53400 53500   time taken in seconds:  90.2017834186554
block number:  535 Start-End 53500 53600   time taken in seconds:  91.1251449584961
block number:  536 Start-End 53600 53700   time taken in seconds:  92.30823040008545
block number:  537 Start-End 53700 53800   time taken in seconds:  92.70802068710327
block number:  538 Start-End 53800 53900   time taken in seconds:  94.08852863311768
block number:  539 Start-End 53900 54000   time taken in seconds:  90.91284108161926
block number:  540 Start-End 54000 54100   time taken in seconds:  96.89426517486572
block number:  541 Start-End 54100 54200   time taken in seconds:  93.60043096542358
block number:  542 Start-End 54200 54300   time taken in seconds:  93.5616102218628
block number:  543 Start-End 54300 54400   time taken in seconds:  93.24752640724182
block number:  544 Start-End 54400 54500   time taken in seconds:  96.17144012451172
block number:  545 Start-End 54500 54600   time taken in seconds:  94.15003657341003
block number:  546 Start-End 54600 54700   time taken in seconds:  94.95666933059692
block number:  547 Start-End 54700 54800   time taken in seconds:  85.81111717224121
block number:  548 Start-End 54800 54900   time taken in seconds:  92.92732977867126
block number:  549 Start-End 54900 55000   time taken in seconds:  98.85987114906311
block number:  550 Start-End 55000 55100   time taken in seconds:  91.80360841751099
block number:  551 Start-End 55100 55200   time taken in seconds:  94.12976288795471
block number:  552 Start-End 55200 55300   time taken in seconds:  95.42049789428711
block number:  553 Start-End 55300 55400   time taken in seconds:  94.70786499977112
block number:  554 Start-End 55400 55500   time taken in seconds:  93.40872478485107
block number:  555 Start-End 55500 55600   time taken in seconds:  97.4607207775116
block number:  556 Start-End 55600 55700   time taken in seconds:  97.51793432235718
block number:  557 Start-End 55700 55800   time taken in seconds:  98.68250727653503
block number:  558 Start-End 55800 55900   time taken in seconds:  94.71444463729858
block number:  559 Start-End 55900 56000   time taken in seconds:  92.81943416595459
block number:  560 Start-End 56000 56100   time taken in seconds:  99.48233270645142
block number:  561 Start-End 56100 56200   time taken in seconds:  100.26135301589966
block number:  562 Start-End 56200 56300   time taken in seconds:  95.14684104919434
block number:  563 Start-End 56300 56400   time taken in seconds:  100.2606189250946
block number:  564 Start-End 56400 56500   time taken in seconds:  95.99647235870361
block number:  565 Start-End 56500 56600   time taken in seconds:  94.80808091163635
block number:  566 Start-End 56600 56700   time taken in seconds:  91.85465264320374
block number:  567 Start-End 56700 56800   time taken in seconds:  98.75251007080078
block number:  568 Start-End 56800 56900   time taken in seconds:  97.36794519424438
block number:  569 Start-End 56900 57000   time taken in seconds:  94.82503271102905
block number:  570 Start-End 57000 57100   time taken in seconds:  94.0130922794342
block number:  571 Start-End 57100 57200   time taken in seconds:  94.31569409370422
block number:  572 Start-End 57200 57300   time taken in seconds:  90.95574355125427
block number:  573 Start-End 57300 57400   time taken in seconds:  94.85883927345276
block number:  574 Start-End 57400 57500   time taken in seconds:  91.10912990570068
block number:  575 Start-End 57500 57600   time taken in seconds:  95.02401375770569
block number:  576 Start-End 57600 None   time taken in seconds:  33.208935022354126
Number of samples after bg: 466 
Number of temp files written 653
Time taken for concatenating temp files 10659.00870847702
Data shape after read:	x:(752604, 60, 10, 20)	y:(752604,)	wts:(752604,)
Data shape after format:	x:(752604, 10, 20, 60, 1)	y:(752604,)
Time taken in minutes  1124.0972622036934
